030805-15:00:08,apps16,0,1072,	TOTAL: 1072
030805-16:00:06,apps16,0,1072,	TOTAL: 1072
030805-17:00:06,apps16,0,1072,	TOTAL: 1072
030805-18:00:07,apps16,0,1072,	TOTAL: 1072
030805-19:00:06,apps16,0,1072,	TOTAL: 1072
030805-20:00:06,apps16,0,1072,	TOTAL: 1072
030805-21:00:06,apps16,0,1072,	TOTAL: 1072
030805-22:00:07,apps16,0,1072,	TOTAL: 1072
030805-23:00:08,apps16,0,1072,	TOTAL: 1072
030905-00:00:07,apps16,0,1072,	TOTAL: 1072
030905-01:00:06,apps16,0,1072,	TOTAL: 1072
030905-02:00:06,apps16,0,1072,	TOTAL: 1072
030905-03:00:07,apps16,0,0,	TOTAL: 0
030905-04:00:06,apps16,0,0,	TOTAL: 0
030905-05:00:08,apps16,0,0,	TOTAL: 0
030905-06:00:06,apps16,0,0,	TOTAL: 0
030905-07:00:09,apps16,0,40,	TOTAL: 40
030905-08:00:12,apps16,0,40,	TOTAL: 40
030905-09:00:11,apps16,0,40,	TOTAL: 40
030905-10:00:10,apps16,0,40,	TOTAL: 40
030905-11:00:10,apps16,0,40,	TOTAL: 40
030905-12:00:10,apps16,0,590,	TOTAL: 590
030905-13:00:09,apps16,0,1076,	TOTAL: 1076
030905-14:00:09,apps16,0,1076,	TOTAL: 1076
030905-15:00:07,apps16,0,1076,	TOTAL: 1076
030905-16:00:06,apps16,0,1076,	TOTAL: 1076
030905-17:00:06,apps16,0,1076,	TOTAL: 1076
030905-18:00:06,apps16,0,1076,	TOTAL: 1076
030905-19:00:06,apps16,0,1076,	TOTAL: 1076
030905-20:00:06,apps16,0,1076,	TOTAL: 1076
030905-21:00:06,apps16,0,1076,	TOTAL: 1076
030905-22:00:07,apps16,0,1076,	TOTAL: 1076
030905-23:00:08,apps16,0,1076,	TOTAL: 1076
031005-00:00:06,apps16,0,1076,	TOTAL: 1076
031005-01:00:06,apps16,0,1076,	TOTAL: 1076
031005-02:00:06,apps16,0,1076,	TOTAL: 1076
031005-03:00:06,apps16,0,0,	TOTAL: 0
031005-04:00:06,apps16,0,0,	TOTAL: 0
031005-05:00:08,apps16,0,0,	TOTAL: 0
031005-06:00:07,apps16,0,0,	TOTAL: 0
031005-07:00:10,apps16,0,44,	TOTAL: 44
031005-08:00:11,apps16,0,44,	TOTAL: 44
031005-09:00:11,apps16,0,44,	TOTAL: 44
031005-10:00:11,apps16,0,44,	TOTAL: 44
031005-11:00:11,apps16,0,44,	TOTAL: 44
031005-12:00:08,apps16,0,1077,	TOTAL: 1077
031005-13:00:07,apps16,0,1077,	TOTAL: 1077
031005-14:00:07,apps16,0,1077,	TOTAL: 1077
031005-15:00:06,apps16,0,1077,	TOTAL: 1077
031005-16:00:07,apps16,0,1077,	TOTAL: 1077
031005-17:00:07,apps16,0,1077,	TOTAL: 1077
031005-18:00:07,apps16,0,1077,	TOTAL: 1077
031005-19:00:06,apps16,0,1077,	TOTAL: 1077
031005-20:00:06,apps16,0,1077,	TOTAL: 1077
031005-21:00:06,apps16,0,1077,	TOTAL: 1077
031005-22:00:07,apps16,0,1077,	TOTAL: 1077
031005-23:00:07,apps16,0,1077,	TOTAL: 1077
031105-00:00:08,apps16,0,1077,	TOTAL: 1077
031105-01:00:08,apps16,0,1077,	TOTAL: 1077
031105-02:00:06,apps16,0,1077,	TOTAL: 1077
031105-03:00:06,apps16,0,0,	TOTAL: 0
031105-04:00:07,apps16,0,0,	TOTAL: 0
031105-05:00:08,apps16,0,0,	TOTAL: 0
031105-06:00:08,apps16,0,0,	TOTAL: 0
031105-07:00:07,apps16,0,41,	TOTAL: 41
031105-08:00:09,apps16,0,41,	TOTAL: 41
031105-09:00:10,apps16,0,41,	TOTAL: 41
031105-10:00:08,apps16,0,41,	TOTAL: 41
031105-11:00:07,apps16,0,41,	TOTAL: 41
031105-12:00:07,apps16,0,41,	TOTAL: 41
031105-13:00:07,apps16,0,41,	TOTAL: 41
031105-14:00:07,apps16,0,41,	TOTAL: 41
031105-15:00:10,apps16,0,41,	TOTAL: 41
031105-16:00:10,apps16,0,41,	TOTAL: 41
031105-17:00:08,apps16,0,41,	TOTAL: 41
031105-18:00:08,apps16,0,108250,	TOTAL: 108250
031105-19:00:33,apps16,0,0,	TOTAL: 0
031105-20:00:07,apps16,0,0,	TOTAL: 0
031105-21:00:07,apps16,0,0,	TOTAL: 0
031105-22:00:09,apps16,0,0,	TOTAL: 0
031105-23:00:36,apps16,0,34,	TOTAL: 34
031205-00:00:19,apps16,0,34,	TOTAL: 34
031205-01:00:16,apps16,0,34,	TOTAL: 34
031205-02:00:07,apps16,0,34,	TOTAL: 34
031205-03:00:07,apps16,0,348477,	TOTAL: 348477
031205-04:00:08,apps16,0,187384,	TOTAL: 187384
031205-05:00:09,apps16,0,0,	TOTAL: 0
031205-06:00:07,apps16,0,0,	TOTAL: 0
031205-07:00:10,apps16,0,0,	TOTAL: 0
031205-08:00:12,apps16,0,29,	TOTAL: 29
031205-09:00:13,apps16,0,29,	TOTAL: 29
031205-10:00:12,apps16,0,29,	TOTAL: 29
031205-11:00:13,apps16,0,29,	TOTAL: 29
031205-12:00:09,apps16,0,29,	TOTAL: 29
031205-13:00:09,apps16,0,29,	TOTAL: 29
031205-14:00:06,apps16,0,1070,	TOTAL: 1070
031205-15:00:07,apps16,0,1070,	TOTAL: 1070
031205-16:00:07,apps16,0,1070,	TOTAL: 1070
031205-17:00:07,apps16,0,1070,	TOTAL: 1070
031205-18:00:06,apps16,0,1070,	TOTAL: 1070
031205-19:00:07,apps16,0,1070,	TOTAL: 1070
031205-20:00:07,apps16,0,1070,	TOTAL: 1070
031205-21:00:06,apps16,0,1070,	TOTAL: 1070
031205-22:00:07,apps16,0,1070,	TOTAL: 1070
031205-23:00:07,apps16,0,1070,	TOTAL: 1070
031305-00:00:07,apps16,0,1070,	TOTAL: 1070
031305-01:00:08,apps16,0,1070,	TOTAL: 1070
031305-02:00:08,apps16,0,1070,	TOTAL: 1070
031305-03:00:07,apps16,0,367524,	TOTAL: 367524
031305-04:00:08,apps16,0,248061,	TOTAL: 248061
031305-05:00:07,apps16,0,38467,	TOTAL: 38467
031305-06:00:07,apps16,0,0,	TOTAL: 0
031305-07:00:08,apps16,0,28,	TOTAL: 28
031305-08:00:18,apps16,0,28,	TOTAL: 28
031305-09:00:15,apps16,0,1044,	TOTAL: 1044
031305-10:00:12,apps16,0,1069,	TOTAL: 1069
031305-11:00:12,apps16,0,1069,	TOTAL: 1069
031305-12:00:11,apps16,0,1069,	TOTAL: 1069
031305-13:00:08,apps16,0,1069,	TOTAL: 1069
031305-14:00:06,apps16,0,1069,	TOTAL: 1069
031305-15:00:06,apps16,0,1069,	TOTAL: 1069
031305-16:00:06,apps16,0,1069,	TOTAL: 1069
031305-17:00:06,apps16,0,1069,	TOTAL: 1069
031305-18:00:06,apps16,0,1069,	TOTAL: 1069
031305-19:00:06,apps16,0,1069,	TOTAL: 1069
031305-20:00:06,apps16,0,1069,	TOTAL: 1069
031305-21:00:07,apps16,0,1069,	TOTAL: 1069
031305-22:00:06,apps16,0,1069,	TOTAL: 1069
031305-23:00:07,apps16,0,1069,	TOTAL: 1069
031405-00:00:09,apps16,0,1069,	TOTAL: 1069
031405-01:00:07,apps16,0,1069,	TOTAL: 1069
031405-02:00:06,apps16,0,1069,	TOTAL: 1069
031405-03:00:06,apps16,0,1069,	TOTAL: 1069
031405-04:00:07,apps16,0,1069,	TOTAL: 1069
031405-05:00:07,apps16,0,1069,	TOTAL: 1069
031405-06:00:08,apps16,0,1069,	TOTAL: 1069
031405-07:00:07,apps16,0,1069,	TOTAL: 1069
031405-08:00:07,apps16,0,1069,	TOTAL: 1069
031405-09:00:08,apps16,0,1069,	TOTAL: 1069
031405-10:00:06,apps16,0,1069,	TOTAL: 1069
031405-11:00:07,apps16,0,1069,	TOTAL: 1069
031405-12:00:07,apps16,0,1069,	TOTAL: 1069
031405-13:00:07,apps16,0,1069,	TOTAL: 1069
031405-14:00:07,apps16,0,1069,	TOTAL: 1069
031405-15:00:07,apps16,0,1069,	TOTAL: 1069
031405-16:00:07,apps16,0,1069,	TOTAL: 1069
031405-17:00:07,apps16,0,1069,	TOTAL: 1069
031405-18:00:07,apps16,0,1069,	TOTAL: 1069
031405-19:00:06,apps16,0,1069,	TOTAL: 1069
031405-20:00:07,apps16,0,1069,	TOTAL: 1069
031405-21:00:08,apps16,0,1069,	TOTAL: 1069
031405-22:00:08,apps16,0,1069,	TOTAL: 1069
031405-23:00:08,apps16,0,1069,	TOTAL: 1069
031505-00:00:07,apps16,0,1069,	TOTAL: 1069
031505-01:00:07,apps16,0,1069,	TOTAL: 1069
031505-02:00:06,apps16,0,1069,	TOTAL: 1069
031505-03:00:07,apps16,0,0,	TOTAL: 0
031505-04:00:08,apps16,0,0,	TOTAL: 0
031505-05:00:08,apps16,0,0,	TOTAL: 0
031505-06:00:06,apps16,0,0,	TOTAL: 0
031505-07:00:10,apps16,0,40,	TOTAL: 40
031505-08:00:09,apps16,0,40,	TOTAL: 40
031505-09:00:13,apps16,0,40,	TOTAL: 40
031505-10:00:13,apps16,0,40,	TOTAL: 40
031505-11:00:10,apps16,0,1077,	TOTAL: 1077
031505-12:00:07,apps16,0,1077,	TOTAL: 1077
031505-13:00:06,apps16,0,1077,	TOTAL: 1077
031505-14:00:06,apps16,0,1077,	TOTAL: 1077
031505-15:00:06,apps16,0,1077,	TOTAL: 1077
031505-16:00:06,apps16,0,1077,	TOTAL: 1077
031505-17:00:07,apps16,0,1077,	TOTAL: 1077
031505-18:00:06,apps16,0,1077,	TOTAL: 1077
031505-19:00:06,apps16,0,1077,	TOTAL: 1077
031505-20:00:06,apps16,0,1077,	TOTAL: 1077
031505-21:00:06,apps16,0,1077,	TOTAL: 1077
031505-22:00:08,apps16,0,1077,	TOTAL: 1077
031505-23:00:07,apps16,0,1077,	TOTAL: 1077
031605-00:00:07,apps16,0,1077,	TOTAL: 1077
031605-01:00:07,apps16,0,1077,	TOTAL: 1077
031605-02:00:06,apps16,0,1077,	TOTAL: 1077
031605-03:00:06,apps16,0,354638,	TOTAL: 354638
031605-04:00:06,apps16,0,242845,	TOTAL: 242845
031605-05:00:07,apps16,0,12817,	TOTAL: 12817
031605-06:00:06,apps16,0,0,	TOTAL: 0
031605-07:00:09,apps16,0,40,	TOTAL: 40
031605-08:00:09,apps16,0,40,	TOTAL: 40
031605-09:00:11,apps16,0,40,	TOTAL: 40
031605-10:00:10,apps16,0,40,	TOTAL: 40
031605-11:00:10,apps16,0,472,	TOTAL: 472
031605-12:00:10,apps16,0,1077,	TOTAL: 1077
031605-13:00:07,apps16,0,1077,	TOTAL: 1077
031605-14:00:06,apps16,0,1077,	TOTAL: 1077
031605-15:00:06,apps16,0,1077,	TOTAL: 1077
031605-16:00:06,apps16,0,1077,	TOTAL: 1077
031605-17:00:06,apps16,0,1077,	TOTAL: 1077
031605-18:00:06,apps16,0,1077,	TOTAL: 1077
031605-19:00:06,apps16,0,1077,	TOTAL: 1077
031605-20:00:07,apps16,0,1077,	TOTAL: 1077
031605-21:00:06,apps16,0,1077,	TOTAL: 1077
031605-22:00:07,apps16,0,1077,	TOTAL: 1077
031605-23:00:07,apps16,0,1077,	TOTAL: 1077
031705-00:00:07,apps16,0,1077,	TOTAL: 1077
031705-01:00:07,apps16,0,1077,	TOTAL: 1077
031705-02:00:06,apps16,0,1077,	TOTAL: 1077
031705-03:00:06,apps16,0,356892,	TOTAL: 356892
031705-04:00:06,apps16,0,258326,	TOTAL: 258326
031705-05:00:07,apps16,0,0,	TOTAL: 0
031705-06:00:07,apps16,0,0,	TOTAL: 0
031705-07:00:08,apps16,0,44,	TOTAL: 44
031705-08:00:09,apps16,0,44,	TOTAL: 44
031705-09:00:13,apps16,0,44,	TOTAL: 44
031705-10:00:10,apps16,0,44,	TOTAL: 44
031705-11:00:13,apps16,0,234,	TOTAL: 234
031705-12:00:10,apps16,0,1078,	TOTAL: 1078
031705-13:00:08,apps16,0,1078,	TOTAL: 1078
031705-14:00:06,apps16,0,1078,	TOTAL: 1078
031705-15:00:06,apps16,0,1078,	TOTAL: 1078
031705-16:00:06,apps16,0,1078,	TOTAL: 1078
031705-17:00:08,apps16,0,1078,	TOTAL: 1078
031705-18:00:07,apps16,0,1078,	TOTAL: 1078
031705-19:00:07,apps16,0,1078,	TOTAL: 1078
031705-20:00:06,apps16,0,1078,	TOTAL: 1078
031705-21:00:07,apps16,0,1078,	TOTAL: 1078
031705-22:00:08,apps16,0,1078,	TOTAL: 1078
031705-23:00:09,apps16,0,1078,	TOTAL: 1078
031805-00:00:08,apps16,0,1078,	TOTAL: 1078
031805-01:00:08,apps16,0,1078,	TOTAL: 1078
031805-02:00:08,apps16,0,1078,	TOTAL: 1078
031805-03:00:07,apps16,0,357755,	TOTAL: 357755
031805-04:00:07,apps16,0,238356,	TOTAL: 238356
031805-05:00:08,apps16,0,38784,	TOTAL: 38784
031805-06:00:08,apps16,0,0,	TOTAL: 0
031805-07:00:08,apps16,0,42,	TOTAL: 42
031805-08:00:10,apps16,0,42,	TOTAL: 42
031805-09:00:10,apps16,0,42,	TOTAL: 42
031805-10:00:10,apps16,0,42,	TOTAL: 42
031805-11:00:10,apps16,0,42,	TOTAL: 42
031805-12:00:11,apps16,0,42,	TOTAL: 42
031805-13:00:10,apps16,0,42,	TOTAL: 42
031805-14:00:08,apps16,0,259,	TOTAL: 259
031805-15:00:06,apps16,0,1077,	TOTAL: 1077
031805-16:00:06,apps16,0,1077,	TOTAL: 1077
031805-17:00:06,apps16,0,1077,	TOTAL: 1077
031805-18:00:06,apps16,0,1077,	TOTAL: 1077
031805-19:00:06,apps16,0,1077,	TOTAL: 1077
031805-20:00:06,apps16,0,1077,	TOTAL: 1077
031805-21:00:07,apps16,0,1077,	TOTAL: 1077
031805-22:00:09,apps16,0,1077,	TOTAL: 1077
031805-23:00:10,apps16,0,1077,	TOTAL: 1077
031905-00:00:09,apps16,0,1077,	TOTAL: 1077
031905-01:00:08,apps16,0,1077,	TOTAL: 1077
031905-02:00:08,apps16,0,1077,	TOTAL: 1077
031905-03:00:08,apps16,0,356661,	TOTAL: 356661
031905-04:00:08,apps16,0,244268,	TOTAL: 244268
031905-05:00:08,apps16,0,0,	TOTAL: 0
031905-06:00:10,apps16,0,0,	TOTAL: 0
031905-07:00:09,apps16,0,42,	TOTAL: 42
031905-08:00:11,apps16,0,42,	TOTAL: 42
031905-09:00:11,apps16,0,42,	TOTAL: 42
031905-10:00:13,apps16,0,42,	TOTAL: 42
031905-11:00:15,apps16,0,765,	TOTAL: 765
031905-12:00:12,apps16,0,1079,	TOTAL: 1079
031905-13:00:11,apps16,0,1079,	TOTAL: 1079
031905-14:00:11,apps16,0,1079,	TOTAL: 1079
031905-15:00:08,apps16,0,1079,	TOTAL: 1079
031905-16:00:08,apps16,0,1079,	TOTAL: 1079
031905-17:00:07,apps16,0,1079,	TOTAL: 1079
031905-18:00:08,apps16,0,1079,	TOTAL: 1079
031905-19:00:07,apps16,0,1079,	TOTAL: 1079
031905-20:00:08,apps16,0,1079,	TOTAL: 1079
031905-21:00:06,apps16,0,1079,	TOTAL: 1079
031905-22:00:09,apps16,0,1079,	TOTAL: 1079
031905-23:00:08,apps16,0,1079,	TOTAL: 1079
032005-00:00:08,apps16,0,1079,	TOTAL: 1079
032005-01:00:07,apps16,0,1079,	TOTAL: 1079
032005-02:00:07,apps16,0,1079,	TOTAL: 1079
032005-03:00:07,apps16,0,351199,	TOTAL: 351199
032005-04:00:07,apps16,0,142707,	TOTAL: 142707
032005-05:00:08,apps16,0,0,	TOTAL: 0
032005-06:00:09,apps16,0,0,	TOTAL: 0
032005-07:00:08,apps16,0,40,	TOTAL: 40
032005-08:00:08,apps16,0,40,	TOTAL: 40
032005-09:00:10,apps16,0,40,	TOTAL: 40
032005-10:00:09,apps16,0,40,	TOTAL: 40
032005-11:00:08,apps16,0,40,	TOTAL: 40
032005-12:00:08,apps16,0,40,	TOTAL: 40
032005-13:00:07,apps16,0,40,	TOTAL: 40
032005-14:00:06,apps16,0,40,	TOTAL: 40
032005-15:00:06,apps16,0,40,	TOTAL: 40
032005-16:00:06,apps16,0,40,	TOTAL: 40
032005-17:00:07,apps16,0,40,	TOTAL: 40
032005-18:00:06,apps16,0,40,	TOTAL: 40
032005-19:00:06,apps16,0,40,	TOTAL: 40
032005-20:00:07,apps16,0,40,	TOTAL: 40
032005-21:00:06,apps16,0,40,	TOTAL: 40
032005-22:00:06,apps16,0,40,	TOTAL: 40
032005-23:00:07,apps16,0,40,	TOTAL: 40
032105-00:00:07,apps16,0,40,	TOTAL: 40
032105-01:00:07,apps16,0,40,	TOTAL: 40
032105-02:00:06,apps16,0,40,	TOTAL: 40
032105-03:00:06,apps16,0,355050,	TOTAL: 355050
032105-04:00:06,apps16,0,232039,	TOTAL: 232039
032105-05:00:06,apps16,0,0,	TOTAL: 0
032105-06:00:06,apps16,0,0,	TOTAL: 0
032105-07:00:08,apps16,0,39,	TOTAL: 39
032105-08:00:11,apps16,0,39,	TOTAL: 39
032105-09:00:11,apps16,0,39,	TOTAL: 39
032105-10:00:11,apps16,0,39,	TOTAL: 39
032105-11:00:12,apps16,0,347,	TOTAL: 347
032105-12:00:10,apps16,0,1076,	TOTAL: 1076
032105-13:00:08,apps16,0,1076,	TOTAL: 1076
032105-14:00:07,apps16,0,1076,	TOTAL: 1076
032105-15:00:06,apps16,0,1076,	TOTAL: 1076
032105-16:00:06,apps16,0,1076,	TOTAL: 1076
032105-17:00:06,apps16,0,1076,	TOTAL: 1076
032105-18:00:06,apps16,0,1076,	TOTAL: 1076
032105-19:00:06,apps16,0,1076,	TOTAL: 1076
032105-20:00:07,apps16,0,1076,	TOTAL: 1076
032105-21:00:06,apps16,0,1076,	TOTAL: 1076
032105-22:00:08,apps16,0,1076,	TOTAL: 1076
032105-23:00:08,apps16,0,1076,	TOTAL: 1076
032205-00:00:08,apps16,0,1076,	TOTAL: 1076
032205-01:00:07,apps16,0,1076,	TOTAL: 1076
032205-02:00:06,apps16,0,1076,	TOTAL: 1076
032205-03:00:07,apps16,0,359313,	TOTAL: 359313
032205-04:00:07,apps16,0,245465,	TOTAL: 245465
032205-05:00:08,apps16,0,0,	TOTAL: 0
032205-06:00:08,apps16,0,0,	TOTAL: 0
032205-07:00:08,apps16,0,42,	TOTAL: 42
032205-08:00:11,apps16,0,42,	TOTAL: 42
032205-09:00:10,apps16,0,42,	TOTAL: 42
032205-10:00:10,apps16,0,42,	TOTAL: 42
032205-11:00:09,apps16,0,173,	TOTAL: 173
032205-12:00:08,apps16,0,1078,	TOTAL: 1078
032205-13:00:07,apps16,0,1078,	TOTAL: 1078
032205-14:00:07,apps16,0,1078,	TOTAL: 1078
032205-15:00:06,apps16,0,1078,	TOTAL: 1078
032205-16:00:06,apps16,0,1078,	TOTAL: 1078
032205-17:00:06,apps16,0,1078,	TOTAL: 1078
032205-18:00:06,apps16,0,1078,	TOTAL: 1078
032205-19:00:06,apps16,0,1078,	TOTAL: 1078
032205-20:00:06,apps16,0,1078,	TOTAL: 1078
032205-21:00:06,apps16,0,1078,	TOTAL: 1078
032205-22:00:08,apps16,0,1078,	TOTAL: 1078
032205-23:00:09,apps16,0,1078,	TOTAL: 1078
032305-00:00:08,apps16,0,1078,	TOTAL: 1078
032305-01:00:08,apps16,0,1078,	TOTAL: 1078
032305-02:00:07,apps16,0,1078,	TOTAL: 1078
032305-03:00:06,apps16,0,0,	TOTAL: 0
032305-04:00:07,apps16,0,0,	TOTAL: 0
032305-05:00:08,apps16,0,0,	TOTAL: 0
032305-06:00:09,apps16,0,0,	TOTAL: 0
032305-07:00:10,apps16,0,40,	TOTAL: 40
032305-08:00:12,apps16,0,40,	TOTAL: 40
032305-09:00:12,apps16,0,40,	TOTAL: 40
032305-10:00:09,apps16,0,274,	TOTAL: 274
032305-11:00:10,apps16,0,1077,	TOTAL: 1077
032305-12:00:08,apps16,0,1077,	TOTAL: 1077
032305-13:00:07,apps16,0,1077,	TOTAL: 1077
032305-14:00:06,apps16,0,1077,	TOTAL: 1077
032305-15:00:06,apps16,0,1077,	TOTAL: 1077
032305-16:00:06,apps16,0,1077,	TOTAL: 1077
032305-17:00:06,apps16,0,1077,	TOTAL: 1077
032305-18:00:07,apps16,0,1077,	TOTAL: 1077
032305-19:00:06,apps16,0,1077,	TOTAL: 1077
032305-20:00:06,apps16,0,1077,	TOTAL: 1077
032305-21:00:06,apps16,0,1077,	TOTAL: 1077
032305-22:00:08,apps16,0,1077,	TOTAL: 1077
032305-23:00:07,apps16,0,1077,	TOTAL: 1077
032405-00:00:07,apps16,0,1077,	TOTAL: 1077
032405-01:00:09,apps16,0,1077,	TOTAL: 1077
032405-02:00:07,apps16,0,1077,	TOTAL: 1077
032405-03:00:06,apps16,0,0,	TOTAL: 0
032405-04:00:07,apps16,0,0,	TOTAL: 0
032405-05:00:09,apps16,0,0,	TOTAL: 0
032405-06:00:10,apps16,0,0,	TOTAL: 0
032405-07:00:10,apps16,0,40,	TOTAL: 40
032405-08:00:13,apps16,0,40,	TOTAL: 40
032405-09:00:11,apps16,0,40,	TOTAL: 40
032405-10:00:11,apps16,0,40,	TOTAL: 40
032405-11:00:12,apps16,0,403,	TOTAL: 403
032405-12:00:10,apps16,0,1077,	TOTAL: 1077
032405-13:00:07,apps16,0,1077,	TOTAL: 1077
032405-14:00:06,apps16,0,1077,	TOTAL: 1077
032405-15:00:06,apps16,0,1077,	TOTAL: 1077
032405-16:00:06,apps16,0,1077,	TOTAL: 1077
032405-17:00:06,apps16,0,1077,	TOTAL: 1077
032405-18:00:06,apps16,0,1077,	TOTAL: 1077
032405-19:00:07,apps16,0,1077,	TOTAL: 1077
032405-20:00:06,apps16,0,1077,	TOTAL: 1077
032405-21:00:06,apps16,0,1077,	TOTAL: 1077
032405-22:00:08,apps16,0,1077,	TOTAL: 1077
032405-23:00:08,apps16,0,1077,	TOTAL: 1077
032505-00:00:07,apps16,0,1077,	TOTAL: 1077
032505-01:00:09,apps16,0,1077,	TOTAL: 1077
032505-02:00:07,apps16,0,1077,	TOTAL: 1077
032505-03:00:07,apps16,0,0,	TOTAL: 0
032505-04:00:08,apps16,0,0,	TOTAL: 0
032505-05:00:09,apps16,0,0,	TOTAL: 0
032505-06:00:09,apps16,0,0,	TOTAL: 0
032505-07:00:10,apps16,0,40,	TOTAL: 40
032505-08:00:13,apps16,0,40,	TOTAL: 40
032505-09:00:12,apps16,0,40,	TOTAL: 40
032505-10:00:10,apps16,0,40,	TOTAL: 40
032505-11:00:11,apps16,0,40,	TOTAL: 40
032505-12:00:11,apps16,0,522,	TOTAL: 522
032505-13:00:08,apps16,0,1077,	TOTAL: 1077
032505-14:00:07,apps16,0,1077,	TOTAL: 1077
032505-15:00:07,apps16,0,1077,	TOTAL: 1077
032505-16:00:07,apps16,0,1077,	TOTAL: 1077
032505-17:00:07,apps16,0,1077,	TOTAL: 1077
032505-18:00:07,apps16,0,1077,	TOTAL: 1077
032505-19:00:07,apps16,0,1077,	TOTAL: 1077
032505-20:00:08,apps16,0,1077,	TOTAL: 1077
032505-21:00:07,apps16,0,1077,	TOTAL: 1077
032505-22:00:09,apps16,0,1077,	TOTAL: 1077
032505-23:00:08,apps16,0,1077,	TOTAL: 1077
032605-00:00:07,apps16,0,1077,	TOTAL: 1077
032605-01:00:07,apps16,0,1077,	TOTAL: 1077
032605-02:00:08,apps16,0,1077,	TOTAL: 1077
032605-03:00:08,apps16,0,363371,	TOTAL: 363371
032605-04:00:07,apps16,0,247897,	TOTAL: 247897
032605-05:00:07,apps16,0,0,	TOTAL: 0
032605-06:00:08,apps16,0,0,	TOTAL: 0
032605-07:00:08,apps16,0,0,	TOTAL: 0
032605-08:00:09,apps16,0,40,	TOTAL: 40
032605-09:00:15,apps16,0,40,	TOTAL: 40
032605-10:00:14,apps16,0,40,	TOTAL: 40
032605-11:00:11,apps16,0,40,	TOTAL: 40
032605-12:00:12,apps16,0,40,	TOTAL: 40
032605-13:00:13,apps16,0,40,	TOTAL: 40
032605-14:00:09,apps16,0,1077,	TOTAL: 1077
032605-15:00:07,apps16,0,1077,	TOTAL: 1077
032605-16:00:07,apps16,0,1077,	TOTAL: 1077
032605-17:00:07,apps16,0,1077,	TOTAL: 1077
032605-18:00:07,apps16,0,1077,	TOTAL: 1077
032605-19:00:07,apps16,0,1077,	TOTAL: 1077
032605-20:00:07,apps16,0,1077,	TOTAL: 1077
032605-21:00:07,apps16,0,1077,	TOTAL: 1077
032605-22:00:08,apps16,0,1077,	TOTAL: 1077
032605-23:00:08,apps16,0,1077,	TOTAL: 1077
032705-00:00:07,apps16,0,1077,	TOTAL: 1077
032705-01:00:08,apps16,0,1077,	TOTAL: 1077
032705-02:00:08,apps16,0,1077,	TOTAL: 1077
032705-03:00:07,apps16,0,358944,	TOTAL: 358944
032705-04:00:09,apps16,0,247700,	TOTAL: 247700
032705-05:00:08,apps16,0,0,	TOTAL: 0
032705-06:00:07,apps16,0,0,	TOTAL: 0
032705-07:00:07,apps16,0,40,	TOTAL: 40
032705-08:00:09,apps16,0,40,	TOTAL: 40
032705-09:00:12,apps16,0,40,	TOTAL: 40
032705-10:00:11,apps16,0,40,	TOTAL: 40
032705-11:00:11,apps16,0,258,	TOTAL: 258
032705-12:00:12,apps16,0,1077,	TOTAL: 1077
032705-13:00:12,apps16,0,1077,	TOTAL: 1077
032705-14:00:10,apps16,0,1077,	TOTAL: 1077
032705-15:00:08,apps16,0,1077,	TOTAL: 1077
032705-16:00:08,apps16,0,1077,	TOTAL: 1077
032705-17:00:07,apps16,0,1077,	TOTAL: 1077
032705-18:00:06,apps16,0,1077,	TOTAL: 1077
032705-19:00:07,apps16,0,1077,	TOTAL: 1077
032705-20:00:07,apps16,0,1077,	TOTAL: 1077
032705-21:00:07,apps16,0,1077,	TOTAL: 1077
032705-22:00:07,apps16,0,1077,	TOTAL: 1077
032705-23:00:07,apps16,0,1077,	TOTAL: 1077
032805-00:00:10,apps16,0,1077,	TOTAL: 1077
032805-01:00:07,apps16,0,1077,	TOTAL: 1077
032805-02:00:06,apps16,0,1077,	TOTAL: 1077
032805-03:00:06,apps16,0,268343,	TOTAL: 268343
032805-04:00:07,apps16,0,58939,	TOTAL: 58939
032805-05:00:08,apps16,0,0,	TOTAL: 0
032805-06:00:08,apps16,0,0,	TOTAL: 0
032805-07:00:11,apps16,0,42,	TOTAL: 42
032805-08:00:11,apps16,0,42,	TOTAL: 42
032805-09:00:10,apps16,0,42,	TOTAL: 42
032805-10:00:10,apps16,0,42,	TOTAL: 42
032805-11:00:12,apps16,0,593,	TOTAL: 593
032805-12:00:08,apps16,0,1078,	TOTAL: 1078
032805-13:00:08,apps16,0,1078,	TOTAL: 1078
032805-14:00:07,apps16,0,1078,	TOTAL: 1078
032805-15:00:06,apps16,0,1078,	TOTAL: 1078
032805-16:00:06,apps16,0,1078,	TOTAL: 1078
032805-17:00:06,apps16,0,1078,	TOTAL: 1078
032805-18:00:06,apps16,0,1078,	TOTAL: 1078
032805-19:00:06,apps16,0,1078,	TOTAL: 1078
032805-20:00:06,apps16,0,1078,	TOTAL: 1078
032805-21:00:06,apps16,0,1078,	TOTAL: 1078
032805-22:00:08,apps16,0,1078,	TOTAL: 1078
032805-23:00:07,apps16,0,1078,	TOTAL: 1078
032905-00:00:08,apps16,0,1078,	TOTAL: 1078
032905-01:00:07,apps16,0,1078,	TOTAL: 1078
032905-02:00:08,apps16,0,1078,	TOTAL: 1078
032905-03:00:08,apps16,0,0,	TOTAL: 0
032905-04:00:08,apps16,0,0,	TOTAL: 0
032905-05:00:08,apps16,0,0,	TOTAL: 0
032905-06:00:09,apps16,0,0,	TOTAL: 0
032905-07:00:12,apps16,0,40,	TOTAL: 40
032905-08:00:11,apps16,0,40,	TOTAL: 40
032905-09:00:11,apps16,0,40,	TOTAL: 40
032905-10:00:13,apps16,0,384,	TOTAL: 384
032905-11:00:11,apps16,0,1077,	TOTAL: 1077
032905-12:00:09,apps16,0,1077,	TOTAL: 1077
032905-13:00:08,apps16,0,1077,	TOTAL: 1077
032905-14:00:06,apps16,0,1077,	TOTAL: 1077
032905-15:00:06,apps16,0,1077,	TOTAL: 1077
032905-16:00:06,apps16,0,1077,	TOTAL: 1077
032905-17:00:07,apps16,0,1077,	TOTAL: 1077
032905-18:00:07,apps16,0,1077,	TOTAL: 1077
032905-19:00:07,apps16,0,1077,	TOTAL: 1077
032905-20:00:07,apps16,0,1077,	TOTAL: 1077
032905-21:00:06,apps16,0,1077,	TOTAL: 1077
032905-22:00:08,apps16,0,1077,	TOTAL: 1077
032905-23:00:09,apps16,0,1077,	TOTAL: 1077
033005-00:00:08,apps16,0,1077,	TOTAL: 1077
033005-01:00:09,apps16,0,1077,	TOTAL: 1077
033005-02:00:07,apps16,0,1077,	TOTAL: 1077
033005-03:00:07,apps16,0,0,	TOTAL: 0
033005-04:00:09,apps16,0,0,	TOTAL: 0
033005-05:00:09,apps16,0,0,	TOTAL: 0
033005-06:00:08,apps16,0,0,	TOTAL: 0
033005-07:00:10,apps16,0,40,	TOTAL: 40
033005-08:00:11,apps16,0,40,	TOTAL: 40
033005-09:00:10,apps16,0,40,	TOTAL: 40
033005-10:00:09,apps16,0,304,	TOTAL: 304
033005-11:00:10,apps16,0,1077,	TOTAL: 1077
033005-12:00:11,apps16,0,1077,	TOTAL: 1077
033005-13:00:09,apps16,0,1077,	TOTAL: 1077
033005-14:00:09,apps16,0,1077,	TOTAL: 1077
033005-15:00:07,apps16,0,1077,	TOTAL: 1077
033005-16:00:06,apps16,0,1077,	TOTAL: 1077
033005-17:00:06,apps16,0,1077,	TOTAL: 1077
033005-18:00:06,apps16,0,1077,	TOTAL: 1077
033005-19:00:06,apps16,0,1077,	TOTAL: 1077
033005-20:00:06,apps16,0,1077,	TOTAL: 1077
033005-21:00:06,apps16,0,1077,	TOTAL: 1077
033005-22:00:08,apps16,0,1077,	TOTAL: 1077
033005-23:00:10,apps16,0,1077,	TOTAL: 1077
033105-00:00:06,apps16,0,1077,	TOTAL: 1077
033105-01:00:06,apps16,0,1077,	TOTAL: 1077
033105-02:00:07,apps16,0,1077,	TOTAL: 1077
033105-03:00:06,apps16,0,0,	TOTAL: 0
033105-04:00:06,apps16,0,0,	TOTAL: 0
033105-05:00:07,apps16,0,0,	TOTAL: 0
033105-06:00:10,apps16,0,0,	TOTAL: 0
033105-07:00:11,apps16,0,40,	TOTAL: 40
033105-08:00:12,apps16,0,40,	TOTAL: 40
033105-09:00:16,apps16,0,40,	TOTAL: 40
033105-10:00:12,apps16,0,259,	TOTAL: 259
033105-11:00:11,apps16,0,1078,	TOTAL: 1078
033105-12:00:08,apps16,0,1078,	TOTAL: 1078
033105-13:00:08,apps16,0,1078,	TOTAL: 1078
033105-14:00:07,apps16,0,1078,	TOTAL: 1078
033105-15:00:06,apps16,0,1078,	TOTAL: 1078
033105-16:00:07,apps16,0,1078,	TOTAL: 1078
033105-17:00:07,apps16,0,1078,	TOTAL: 1078
033105-18:00:06,apps16,0,1078,	TOTAL: 1078
033105-19:00:07,apps16,0,1078,	TOTAL: 1078
033105-20:00:07,apps16,0,1078,	TOTAL: 1078
033105-21:00:07,apps16,0,1078,	TOTAL: 1078
033105-22:00:09,apps16,0,1078,	TOTAL: 1078
033105-23:00:08,apps16,0,1078,	TOTAL: 1078
040105-00:00:08,apps16,0,1078,	TOTAL: 1078
040105-01:00:08,apps16,0,1078,	TOTAL: 1078
040105-02:00:07,apps16,0,1078,	TOTAL: 1078
040105-03:00:07,apps16,0,0,	TOTAL: 0
040105-04:00:06,apps16,0,0,	TOTAL: 0
040105-05:00:09,apps16,0,0,	TOTAL: 0
040105-06:00:08,apps16,0,0,	TOTAL: 0
040105-07:00:11,apps16,0,41,	TOTAL: 41
040105-08:00:13,apps16,0,41,	TOTAL: 41
040105-09:00:13,apps16,0,41,	TOTAL: 41
040105-10:00:12,apps16,0,263,	TOTAL: 263
040105-11:00:12,apps16,0,1079,	TOTAL: 1079
040105-12:00:09,apps16,0,1079,	TOTAL: 1079
040105-13:00:08,apps16,0,1079,	TOTAL: 1079
040105-14:00:07,apps16,0,1079,	TOTAL: 1079
040105-15:00:07,apps16,0,1079,	TOTAL: 1079
040105-16:00:07,apps16,0,1079,	TOTAL: 1079
040105-17:00:08,apps16,0,1079,	TOTAL: 1079
040105-18:00:08,apps16,0,1079,	TOTAL: 1079
040105-19:00:08,apps16,0,1079,	TOTAL: 1079
040105-20:00:07,apps16,0,1079,	TOTAL: 1079
040105-21:00:07,apps16,0,1079,	TOTAL: 1079
040105-22:00:08,apps16,0,1079,	TOTAL: 1079
040105-23:00:10,apps16,0,1079,	TOTAL: 1079
040205-00:00:08,apps16,0,1079,	TOTAL: 1079
040205-01:00:09,apps16,0,1079,	TOTAL: 1079
040205-02:00:09,apps16,0,1079,	TOTAL: 1079
040205-03:00:08,apps16,0,355244,	TOTAL: 355244
040205-04:00:08,apps16,0,243134,	TOTAL: 243134
040205-05:00:09,apps16,0,54629,	TOTAL: 54629
040205-06:00:08,apps16,0,0,	TOTAL: 0
040205-07:00:08,apps16,0,0,	TOTAL: 0
040205-08:00:08,apps16,0,0,	TOTAL: 0
040205-09:00:12,apps16,0,44,	TOTAL: 44
040205-10:00:13,apps16,0,44,	TOTAL: 44
040205-11:00:16,apps16,0,44,	TOTAL: 44
040205-12:00:13,apps16,0,44,	TOTAL: 44
040205-13:00:14,apps16,0,44,	TOTAL: 44
040205-14:00:11,apps16,0,44,	TOTAL: 44
040205-15:00:12,apps16,0,435,	TOTAL: 435
040205-16:00:07,apps16,0,1081,	TOTAL: 1081
040205-17:00:08,apps16,0,1081,	TOTAL: 1081
040205-18:00:07,apps16,0,1081,	TOTAL: 1081
040205-19:00:08,apps16,0,1081,	TOTAL: 1081
040205-20:00:07,apps16,0,1081,	TOTAL: 1081
040205-21:00:07,apps16,0,1081,	TOTAL: 1081
040205-22:00:07,apps16,0,1081,	TOTAL: 1081
040205-23:00:08,apps16,0,1081,	TOTAL: 1081
040305-00:00:08,apps16,0,1081,	TOTAL: 1081
040305-01:00:08,apps16,0,1081,	TOTAL: 1081
040305-03:00:08,apps16,0,1081,	TOTAL: 1081
040305-04:00:08,apps16,0,374103,	TOTAL: 374103
040305-05:00:08,apps16,0,278168,	TOTAL: 278168
040305-06:00:08,apps16,0,70916,	TOTAL: 70916
040305-07:00:07,apps16,0,0,	TOTAL: 0
040305-08:00:09,apps16,0,0,	TOTAL: 0
040305-09:00:14,apps16,0,43,	TOTAL: 43
040305-10:00:18,apps16,0,43,	TOTAL: 43
040305-11:00:13,apps16,0,43,	TOTAL: 43
040305-12:00:12,apps16,0,43,	TOTAL: 43
040305-13:00:14,apps16,0,43,	TOTAL: 43
040305-14:00:13,apps16,0,1080,	TOTAL: 1080
040305-15:00:08,apps16,0,1080,	TOTAL: 1080
040305-16:00:06,apps16,0,1080,	TOTAL: 1080
040305-17:00:07,apps16,0,1080,	TOTAL: 1080
040305-18:00:06,apps16,0,1080,	TOTAL: 1080
040305-19:00:06,apps16,0,1080,	TOTAL: 1080
040305-20:00:07,apps16,0,1080,	TOTAL: 1080
040305-21:00:06,apps16,0,1080,	TOTAL: 1080
040305-22:00:08,apps16,0,1080,	TOTAL: 1080
040305-23:00:07,apps16,0,1080,	TOTAL: 1080
040405-00:00:07,apps16,0,1080,	TOTAL: 1080
040405-01:00:08,apps16,0,1080,	TOTAL: 1080
040405-02:00:07,apps16,0,1080,	TOTAL: 1080
040405-03:00:06,apps16,0,240758,	TOTAL: 240758
040405-04:00:07,apps16,0,31705,	TOTAL: 31705
040405-05:00:07,apps16,0,0,	TOTAL: 0
040405-06:00:07,apps16,0,0,	TOTAL: 0
040405-07:00:11,apps16,0,41,	TOTAL: 41
040405-08:00:12,apps16,0,41,	TOTAL: 41
040405-09:00:10,apps16,0,41,	TOTAL: 41
040405-10:00:12,apps16,0,41,	TOTAL: 41
040405-11:00:12,apps16,0,187,	TOTAL: 187
040405-12:00:08,apps16,0,1079,	TOTAL: 1079
040405-13:00:07,apps16,0,1079,	TOTAL: 1079
040405-14:00:06,apps16,0,1079,	TOTAL: 1079
040405-15:00:07,apps16,0,1079,	TOTAL: 1079
040405-16:00:06,apps16,0,1079,	TOTAL: 1079
040405-17:00:07,apps16,0,1079,	TOTAL: 1079
040405-18:00:07,apps16,0,1079,	TOTAL: 1079
040405-19:00:07,apps16,0,1079,	TOTAL: 1079
040405-20:00:07,apps16,0,1079,	TOTAL: 1079
040405-21:00:07,apps16,0,1079,	TOTAL: 1079
040405-22:00:08,apps16,0,1079,	TOTAL: 1079
040405-23:00:07,apps16,0,1079,	TOTAL: 1079
040505-00:00:06,apps16,0,1079,	TOTAL: 1079
040505-01:00:07,apps16,0,1079,	TOTAL: 1079
040505-02:00:06,apps16,0,1079,	TOTAL: 1079
040505-03:00:07,apps16,0,0,	TOTAL: 0
040505-04:00:07,apps16,0,0,	TOTAL: 0
040505-05:00:07,apps16,0,0,	TOTAL: 0
040505-06:00:08,apps16,0,0,	TOTAL: 0
040505-07:00:07,apps16,0,0,	TOTAL: 0
040505-08:00:08,apps16,0,0,	TOTAL: 0
040505-09:00:06,apps16,0,0,	TOTAL: 0
040505-10:00:06,apps16,0,0,	TOTAL: 0
040505-11:00:07,apps16,0,0,	TOTAL: 0
040505-12:00:07,apps16,0,0,	TOTAL: 0
040505-13:00:08,apps16,0,0,	TOTAL: 0
040505-14:00:07,apps16,0,0,	TOTAL: 0
040505-15:00:07,apps16,0,0,	TOTAL: 0
040505-16:00:06,apps16,0,0,	TOTAL: 0
040505-17:00:07,apps16,0,41,	TOTAL: 41
040505-18:00:08,apps16,0,41,	TOTAL: 41
040505-19:00:07,apps16,0,41,	TOTAL: 41
040505-20:00:07,apps16,0,41,	TOTAL: 41
040505-21:00:07,apps16,0,41,	TOTAL: 41
040505-22:00:07,apps16,0,41,	TOTAL: 41
040505-23:00:07,apps16,0,41,	TOTAL: 41
040605-00:00:08,apps16,0,41,	TOTAL: 41
040605-01:00:07,apps16,0,41,	TOTAL: 41
040605-02:00:09,apps16,0,41,	TOTAL: 41
040605-03:00:07,apps16,0,350908,	TOTAL: 350908
040605-04:00:06,apps16,0,267604,	TOTAL: 267604
040605-05:00:07,apps16,0,142258,	TOTAL: 142258
040605-06:00:08,apps16,0,0,	TOTAL: 0
040605-07:00:07,apps16,0,0,	TOTAL: 0
040605-08:00:08,apps16,0,0,	TOTAL: 0
040605-09:00:15,apps16,0,42,	TOTAL: 42
040605-10:00:11,apps16,0,42,	TOTAL: 42
040605-11:00:11,apps16,0,42,	TOTAL: 42
040605-12:00:13,apps16,0,42,	TOTAL: 42
040605-13:00:09,apps16,0,594,	TOTAL: 594
040605-14:00:08,apps16,0,1079,	TOTAL: 1079
040605-15:00:06,apps16,0,1079,	TOTAL: 1079
040605-16:00:06,apps16,0,1079,	TOTAL: 1079
040605-17:00:07,apps16,0,1079,	TOTAL: 1079
040605-18:00:07,apps16,0,1079,	TOTAL: 1079
040605-19:00:07,apps16,0,1079,	TOTAL: 1079
040605-20:00:07,apps16,0,1079,	TOTAL: 1079
040605-21:00:07,apps16,0,1079,	TOTAL: 1079
040605-22:00:08,apps16,0,1079,	TOTAL: 1079
040605-23:00:08,apps16,0,1079,	TOTAL: 1079
040705-00:00:08,apps16,0,1079,	TOTAL: 1079
040705-01:00:08,apps16,0,1079,	TOTAL: 1079
040705-02:00:07,apps16,0,1079,	TOTAL: 1079
040705-03:00:07,apps16,0,0,	TOTAL: 0
040705-04:00:08,apps16,0,0,	TOTAL: 0
040705-05:00:09,apps16,0,0,	TOTAL: 0
040705-06:00:10,apps16,0,0,	TOTAL: 0
040705-07:00:12,apps16,0,43,	TOTAL: 43
040705-08:00:17,apps16,0,43,	TOTAL: 43
040705-09:00:13,apps16,0,43,	TOTAL: 43
040705-10:00:12,apps16,0,43,	TOTAL: 43
040705-11:00:09,apps16,0,1080,	TOTAL: 1080
040705-12:00:09,apps16,0,1080,	TOTAL: 1080
040705-13:00:08,apps16,0,1080,	TOTAL: 1080
040705-14:00:06,apps16,0,1080,	TOTAL: 1080
040705-15:00:06,apps16,0,1080,	TOTAL: 1080
040705-16:00:07,apps16,0,1080,	TOTAL: 1080
040705-17:00:07,apps16,0,1080,	TOTAL: 1080
040705-18:00:06,apps16,0,1080,	TOTAL: 1080
040705-19:00:07,apps16,0,1080,	TOTAL: 1080
040705-20:00:07,apps16,0,1080,	TOTAL: 1080
040705-21:00:07,apps16,0,1080,	TOTAL: 1080
040705-22:00:08,apps16,0,1080,	TOTAL: 1080
040705-23:00:08,apps16,0,1080,	TOTAL: 1080
040805-00:00:08,apps16,0,1080,	TOTAL: 1080
040805-01:00:08,apps16,0,1080,	TOTAL: 1080
040805-02:00:07,apps16,0,1080,	TOTAL: 1080
040805-03:00:08,apps16,0,0,	TOTAL: 0
040805-04:00:08,apps16,0,0,	TOTAL: 0
040805-05:00:08,apps16,0,0,	TOTAL: 0
040805-06:00:08,apps16,0,0,	TOTAL: 0
040805-07:00:09,apps16,0,45,	TOTAL: 45
040805-08:00:09,apps16,0,45,	TOTAL: 45
040805-09:00:13,apps16,0,45,	TOTAL: 45
040805-10:00:12,apps16,0,45,	TOTAL: 45
040805-11:00:07,apps16,0,45,	TOTAL: 45
040805-12:00:11,apps16,0,45,	TOTAL: 45
040805-13:00:12,apps16,0,45,	TOTAL: 45
040805-14:00:10,apps16,0,45,	TOTAL: 45
040805-15:00:11,apps16,0,45,	TOTAL: 45
040805-16:00:10,apps16,0,786,	TOTAL: 786
040805-17:00:08,apps16,0,1080,	TOTAL: 1080
040805-18:00:07,apps16,0,1080,	TOTAL: 1080
040805-19:00:07,apps16,0,1080,	TOTAL: 1080
040805-20:00:07,apps16,0,1080,	TOTAL: 1080
040805-21:00:07,apps16,0,1080,	TOTAL: 1080
040805-22:00:09,apps16,0,1080,	TOTAL: 1080
040805-23:00:08,apps16,0,1080,	TOTAL: 1080
040905-00:00:08,apps16,0,1080,	TOTAL: 1080
040905-01:00:08,apps16,0,1080,	TOTAL: 1080
040905-02:00:07,apps16,0,1080,	TOTAL: 1080
040905-03:00:07,apps16,0,353635,	TOTAL: 353635
040905-04:00:07,apps16,0,250277,	TOTAL: 250277
040905-05:00:09,apps16,0,24134,	TOTAL: 24134
040905-06:00:08,apps16,0,0,	TOTAL: 0
040905-07:00:08,apps16,0,0,	TOTAL: 0
040905-08:00:12,apps16,0,40,	TOTAL: 40
040905-09:00:12,apps16,0,40,	TOTAL: 40
040905-10:00:09,apps16,0,40,	TOTAL: 40
040905-11:00:10,apps16,0,40,	TOTAL: 40
040905-12:00:09,apps16,0,40,	TOTAL: 40
040905-13:00:10,apps16,0,40,	TOTAL: 40
040905-14:00:09,apps16,0,765,	TOTAL: 765
040905-15:00:10,apps16,0,1078,	TOTAL: 1078
040905-16:00:10,apps16,0,1078,	TOTAL: 1078
040905-17:00:07,apps16,0,1078,	TOTAL: 1078
040905-18:00:08,apps16,0,1078,	TOTAL: 1078
040905-19:00:08,apps16,0,1078,	TOTAL: 1078
040905-20:00:08,apps16,0,1078,	TOTAL: 1078
040905-21:00:08,apps16,0,1078,	TOTAL: 1078
040905-22:00:07,apps16,0,1078,	TOTAL: 1078
040905-23:00:11,apps16,0,1078,	TOTAL: 1078
041005-00:00:08,apps16,0,1078,	TOTAL: 1078
041005-01:00:08,apps16,0,1078,	TOTAL: 1078
041005-02:00:07,apps16,0,1078,	TOTAL: 1078
041005-03:00:07,apps16,0,359070,	TOTAL: 359070
041005-04:00:07,apps16,0,253193,	TOTAL: 253193
041005-05:00:06,apps16,0,0,	TOTAL: 0
041005-06:00:07,apps16,0,0,	TOTAL: 0
041005-07:00:07,apps16,0,0,	TOTAL: 0
041005-08:00:07,apps16,0,40,	TOTAL: 40
041005-09:00:10,apps16,0,40,	TOTAL: 40
041005-10:00:10,apps16,0,40,	TOTAL: 40
041005-11:00:10,apps16,0,115,	TOTAL: 115
041005-12:00:09,apps16,0,1078,	TOTAL: 1078
041005-13:00:09,apps16,0,1078,	TOTAL: 1078
041005-14:00:10,apps16,0,1078,	TOTAL: 1078
041005-15:00:09,apps16,0,1078,	TOTAL: 1078
041005-16:00:10,apps16,0,1078,	TOTAL: 1078
041005-17:00:09,apps16,0,1078,	TOTAL: 1078
041005-18:00:09,apps16,0,1078,	TOTAL: 1078
041005-19:00:08,apps16,0,1078,	TOTAL: 1078
041005-20:00:08,apps16,0,1078,	TOTAL: 1078
041005-21:00:08,apps16,0,1078,	TOTAL: 1078
041005-22:00:08,apps16,0,1078,	TOTAL: 1078
041005-23:00:07,apps16,0,1078,	TOTAL: 1078
041105-00:00:08,apps16,0,1078,	TOTAL: 1078
041105-01:00:08,apps16,0,1078,	TOTAL: 1078
041105-02:00:06,apps16,0,1078,	TOTAL: 1078
041105-03:00:06,apps16,0,280252,	TOTAL: 280252
041105-04:00:07,apps16,0,71500,	TOTAL: 71500
041105-05:00:08,apps16,0,0,	TOTAL: 0
041105-06:00:08,apps16,0,0,	TOTAL: 0
041105-07:00:11,apps16,0,32,	TOTAL: 32
041105-08:00:14,apps16,0,32,	TOTAL: 32
041105-09:00:10,apps16,0,32,	TOTAL: 32
041105-10:00:16,apps16,0,32,	TOTAL: 32
041105-11:00:12,apps16,0,32,	TOTAL: 32
041105-12:00:11,apps16,0,319,	TOTAL: 319
041105-13:00:14,apps16,0,1073,	TOTAL: 1073
041105-14:00:08,apps16,0,1073,	TOTAL: 1073
041105-15:00:07,apps16,0,1073,	TOTAL: 1073
041105-16:00:06,apps16,0,1073,	TOTAL: 1073
041105-17:00:06,apps16,0,1073,	TOTAL: 1073
041105-18:00:07,apps16,0,1073,	TOTAL: 1073
041105-19:00:07,apps16,0,1073,	TOTAL: 1073
041105-20:00:07,apps16,0,1073,	TOTAL: 1073
041105-21:00:07,apps16,0,1073,	TOTAL: 1073
041105-22:00:08,apps16,0,1073,	TOTAL: 1073
041105-23:00:08,apps16,0,1073,	TOTAL: 1073
041205-00:00:08,apps16,0,1073,	TOTAL: 1073
041205-01:00:09,apps16,0,1073,	TOTAL: 1073
041205-02:00:08,apps16,0,1073,	TOTAL: 1073
041205-03:00:08,apps16,0,0,	TOTAL: 0
041205-04:00:08,apps16,0,0,	TOTAL: 0
041205-05:00:08,apps16,0,0,	TOTAL: 0
041205-06:00:07,apps16,0,0,	TOTAL: 0
041205-07:00:09,apps16,0,37,	TOTAL: 37
041205-08:00:08,apps16,0,37,	TOTAL: 37
041205-09:00:07,apps16,0,37,	TOTAL: 37
041205-10:00:11,apps16,0,37,	TOTAL: 37
041205-11:00:14,apps16,0,37,	TOTAL: 37
041205-12:00:13,apps16,0,37,	TOTAL: 37
041205-13:00:11,apps16,0,37,	TOTAL: 37
041205-14:00:14,apps16,0,335,	TOTAL: 335
041205-15:00:09,apps16,0,1076,	TOTAL: 1076
041205-16:00:08,apps16,0,1076,	TOTAL: 1076
041205-17:00:07,apps16,0,1076,	TOTAL: 1076
041205-18:00:07,apps16,0,1076,	TOTAL: 1076
041205-19:00:06,apps16,0,1076,	TOTAL: 1076
041205-20:00:07,apps16,0,1076,	TOTAL: 1076
041205-21:00:07,apps16,0,1076,	TOTAL: 1076
041205-22:00:08,apps16,0,1076,	TOTAL: 1076
041205-23:00:09,apps16,0,1076,	TOTAL: 1076
041305-00:00:08,apps16,0,1076,	TOTAL: 1076
041305-01:00:08,apps16,0,1076,	TOTAL: 1076
041305-02:00:09,apps16,0,1076,	TOTAL: 1076
041305-03:00:08,apps16,0,0,	TOTAL: 0
041305-04:00:07,apps16,0,0,	TOTAL: 0
041305-05:00:09,apps16,0,0,	TOTAL: 0
041305-06:00:10,apps16,0,0,	TOTAL: 0
041305-07:00:09,apps16,0,33,	TOTAL: 33
041305-08:00:11,apps16,0,33,	TOTAL: 33
041305-09:00:12,apps16,0,33,	TOTAL: 33
041305-10:00:10,apps16,0,111,	TOTAL: 111
041305-11:00:11,apps16,0,1074,	TOTAL: 1074
041305-12:00:09,apps16,0,1074,	TOTAL: 1074
041305-13:00:11,apps16,0,1074,	TOTAL: 1074
041305-14:00:09,apps16,0,1074,	TOTAL: 1074
041305-15:00:09,apps16,0,1074,	TOTAL: 1074
041305-16:00:09,apps16,0,1074,	TOTAL: 1074
041305-17:00:08,apps16,0,1074,	TOTAL: 1074
041305-18:00:07,apps16,0,1074,	TOTAL: 1074
041305-19:00:07,apps16,0,1074,	TOTAL: 1074
041305-20:00:07,apps16,0,1074,	TOTAL: 1074
041305-21:00:07,apps16,0,1074,	TOTAL: 1074
041305-22:00:08,apps16,0,1074,	TOTAL: 1074
041305-23:00:09,apps16,0,1074,	TOTAL: 1074
041405-00:00:07,apps16,0,1074,	TOTAL: 1074
041405-01:00:09,apps16,0,1074,	TOTAL: 1074
041405-02:00:08,apps16,0,1074,	TOTAL: 1074
041405-03:00:08,apps16,0,0,	TOTAL: 0
041405-04:00:09,apps16,0,0,	TOTAL: 0
041405-05:00:08,apps16,0,0,	TOTAL: 0
041405-06:00:10,apps16,0,0,	TOTAL: 0
041405-07:00:13,apps16,0,34,	TOTAL: 34
041405-08:00:13,apps16,0,34,	TOTAL: 34
041405-09:00:12,apps16,0,34,	TOTAL: 34
041405-10:00:11,apps16,0,1074,	TOTAL: 1074
041405-11:00:08,apps16,0,1074,	TOTAL: 1074
041405-12:00:09,apps16,0,1074,	TOTAL: 1074
041405-13:00:11,apps16,0,1074,	TOTAL: 1074
041405-14:00:12,apps16,0,1074,	TOTAL: 1074
041405-15:00:11,apps16,0,1074,	TOTAL: 1074
041405-16:00:11,apps16,0,1074,	TOTAL: 1074
041405-17:00:09,apps16,0,1074,	TOTAL: 1074
041405-18:00:07,apps16,0,1074,	TOTAL: 1074
041405-19:00:07,apps16,0,1074,	TOTAL: 1074
041405-20:00:07,apps16,0,1074,	TOTAL: 1074
041405-21:00:07,apps16,0,1074,	TOTAL: 1074
041405-22:00:10,apps16,0,1074,	TOTAL: 1074
041405-23:00:11,apps16,0,1074,	TOTAL: 1074
041505-00:00:11,apps16,0,1074,	TOTAL: 1074
041505-01:00:11,apps16,0,1074,	TOTAL: 1074
041505-02:00:08,apps16,0,1074,	TOTAL: 1074
041505-03:00:08,apps16,0,0,	TOTAL: 0
041505-04:00:08,apps16,0,0,	TOTAL: 0
041505-05:00:10,apps16,0,0,	TOTAL: 0
041505-06:00:11,apps16,0,0,	TOTAL: 0
041505-07:00:21,apps16,0,36,	TOTAL: 36
041505-08:00:19,apps16,0,36,	TOTAL: 36
041505-09:00:12,apps16,0,36,	TOTAL: 36
041505-10:00:10,apps16,0,80,	TOTAL: 80
041505-11:00:11,apps16,0,822,	TOTAL: 822
041505-12:00:10,apps16,0,1076,	TOTAL: 1076
041505-13:00:07,apps16,0,1076,	TOTAL: 1076
041505-14:00:06,apps16,0,1076,	TOTAL: 1076
041505-15:00:07,apps16,0,1076,	TOTAL: 1076
041505-16:00:07,apps16,0,1076,	TOTAL: 1076
041505-17:00:07,apps16,0,1076,	TOTAL: 1076
041505-18:00:07,apps16,0,1076,	TOTAL: 1076
041505-19:00:07,apps16,0,1076,	TOTAL: 1076
041505-20:00:07,apps16,0,1076,	TOTAL: 1076
041505-21:00:07,apps16,0,1076,	TOTAL: 1076
041505-22:00:08,apps16,0,1076,	TOTAL: 1076
041505-23:00:09,apps16,0,1076,	TOTAL: 1076
041605-00:00:09,apps16,0,1076,	TOTAL: 1076
041605-01:00:08,apps16,0,1076,	TOTAL: 1076
041605-02:00:07,apps16,0,1076,	TOTAL: 1076
041605-03:00:07,apps16,0,367004,	TOTAL: 367004
041605-04:00:08,apps16,0,238240,	TOTAL: 238240
041605-05:00:08,apps16,0,18785,	TOTAL: 18785
041605-06:00:08,apps16,0,0,	TOTAL: 0
041605-07:00:08,apps16,0,0,	TOTAL: 0
041605-08:00:08,apps16,0,0,	TOTAL: 0
041605-09:00:08,apps16,0,34,	TOTAL: 34
041605-10:00:08,apps16,0,34,	TOTAL: 34
041605-11:00:16,apps16,0,34,	TOTAL: 34
041605-12:00:13,apps16,0,34,	TOTAL: 34
041605-13:00:11,apps16,0,34,	TOTAL: 34
041605-14:00:15,apps16,0,34,	TOTAL: 34
041605-15:00:11,apps16,0,34,	TOTAL: 34
041605-16:00:11,apps16,0,34,	TOTAL: 34
041605-17:00:09,apps16,0,692,	TOTAL: 692
041605-18:00:09,apps16,0,1075,	TOTAL: 1075
041605-19:00:07,apps16,0,1075,	TOTAL: 1075
041605-20:00:08,apps16,0,1075,	TOTAL: 1075
041605-21:00:07,apps16,0,1075,	TOTAL: 1075
041605-22:00:09,apps16,0,1075,	TOTAL: 1075
041605-23:00:08,apps16,0,1075,	TOTAL: 1075
041705-00:00:08,apps16,0,1075,	TOTAL: 1075
041705-01:00:08,apps16,0,1075,	TOTAL: 1075
041705-02:00:07,apps16,0,1075,	TOTAL: 1075
041705-03:00:08,apps16,0,357380,	TOTAL: 357380
041705-04:00:08,apps16,0,253843,	TOTAL: 253843
041705-05:00:09,apps16,0,0,	TOTAL: 0
041705-06:00:09,apps16,0,0,	TOTAL: 0
041705-07:00:08,apps16,0,0,	TOTAL: 0
041705-08:00:17,apps16,0,34,	TOTAL: 34
041705-09:00:09,apps16,0,34,	TOTAL: 34
041705-10:00:13,apps16,0,34,	TOTAL: 34
041705-11:00:14,apps16,0,34,	TOTAL: 34
041705-12:00:12,apps16,0,34,	TOTAL: 34
041705-13:00:08,apps16,0,1075,	TOTAL: 1075
041705-14:00:06,apps16,0,1075,	TOTAL: 1075
041705-15:00:06,apps16,0,1075,	TOTAL: 1075
041705-16:00:06,apps16,0,1075,	TOTAL: 1075
041705-17:00:07,apps16,0,1075,	TOTAL: 1075
041705-18:00:07,apps16,0,1075,	TOTAL: 1075
041705-19:00:07,apps16,0,1075,	TOTAL: 1075
041705-20:00:07,apps16,0,1075,	TOTAL: 1075
041705-21:00:07,apps16,0,1075,	TOTAL: 1075
041705-22:00:09,apps16,0,1075,	TOTAL: 1075
041705-23:00:08,apps16,0,1075,	TOTAL: 1075
041805-00:00:08,apps16,0,1075,	TOTAL: 1075
041805-01:00:08,apps16,0,1075,	TOTAL: 1075
041805-02:00:07,apps16,0,1075,	TOTAL: 1075
041805-03:00:08,apps16,0,265274,	TOTAL: 265274
041805-04:00:09,apps16,0,74350,	TOTAL: 74350
041805-05:00:09,apps16,0,0,	TOTAL: 0
041805-06:00:10,apps16,0,0,	TOTAL: 0
041805-07:00:09,apps16,0,0,	TOTAL: 0
041805-08:00:14,apps16,0,34,	TOTAL: 34
041805-09:00:11,apps16,0,34,	TOTAL: 34
041805-10:00:10,apps16,0,34,	TOTAL: 34
041805-11:00:11,apps16,0,34,	TOTAL: 34
041805-12:00:10,apps16,0,34,	TOTAL: 34
041805-13:00:10,apps16,0,352,	TOTAL: 352
041805-14:00:07,apps16,0,1074,	TOTAL: 1074
041805-15:00:08,apps16,0,1074,	TOTAL: 1074
041805-16:00:07,apps16,0,1074,	TOTAL: 1074
041805-17:00:09,apps16,0,1074,	TOTAL: 1074
041805-18:00:08,apps16,0,1074,	TOTAL: 1074
041805-19:00:09,apps16,0,1074,	TOTAL: 1074
041805-20:00:08,apps16,0,1074,	TOTAL: 1074
041805-21:00:09,apps16,0,1074,	TOTAL: 1074
041805-22:00:08,apps16,0,1074,	TOTAL: 1074
041805-23:00:08,apps16,0,1074,	TOTAL: 1074
041905-00:00:08,apps16,0,1074,	TOTAL: 1074
041905-01:00:08,apps16,0,1074,	TOTAL: 1074
041905-02:00:07,apps16,0,1074,	TOTAL: 1074
041905-03:00:09,apps16,0,0,	TOTAL: 0
041905-04:00:09,apps16,0,0,	TOTAL: 0
041905-05:00:08,apps16,0,0,	TOTAL: 0
041905-06:00:18,apps16,0,0,	TOTAL: 0
041905-07:00:08,apps16,0,34,	TOTAL: 34
041905-08:00:09,apps16,0,34,	TOTAL: 34
041905-09:00:11,apps16,0,34,	TOTAL: 34
041905-10:00:12,apps16,0,34,	TOTAL: 34
041905-11:00:10,apps16,0,34,	TOTAL: 34
041905-12:00:15,apps16,0,34,	TOTAL: 34
041905-13:00:12,apps16,0,34,	TOTAL: 34
041905-14:00:11,apps16,0,34,	TOTAL: 34
041905-15:00:08,apps16,0,1075,	TOTAL: 1075
041905-16:00:09,apps16,0,1084,	TOTAL: 1084
041905-17:00:08,apps16,0,1084,	TOTAL: 1084
041905-18:00:09,apps16,0,1084,	TOTAL: 1084
041905-19:00:08,apps16,0,1084,	TOTAL: 1084
041905-20:00:07,apps16,0,1084,	TOTAL: 1084
041905-21:00:07,apps16,0,1084,	TOTAL: 1084
041905-22:00:08,apps16,0,1084,	TOTAL: 1084
041905-23:00:08,apps16,0,1084,	TOTAL: 1084
042005-00:00:07,apps16,0,1084,	TOTAL: 1084
042005-01:00:09,apps16,0,1084,	TOTAL: 1084
042005-02:00:07,apps16,0,1084,	TOTAL: 1084
042005-03:00:07,apps16,0,0,	TOTAL: 0
042005-04:00:07,apps16,0,0,	TOTAL: 0
042005-05:00:07,apps16,0,0,	TOTAL: 0
042005-06:00:08,apps16,0,0,	TOTAL: 0
042005-07:00:07,apps16,0,36,	TOTAL: 36
042005-08:00:07,apps16,0,36,	TOTAL: 36
042005-09:00:09,apps16,0,36,	TOTAL: 36
042005-10:00:08,apps16,0,36,	TOTAL: 36
042005-11:00:10,apps16,0,36,	TOTAL: 36
042005-12:00:10,apps16,0,760,	TOTAL: 760
042005-13:00:09,apps16,0,1076,	TOTAL: 1076
042005-14:00:09,apps16,0,1076,	TOTAL: 1076
042005-15:00:09,apps16,0,1076,	TOTAL: 1076
042005-16:00:08,apps16,0,1076,	TOTAL: 1076
042005-17:00:08,apps16,0,1076,	TOTAL: 1076
042005-18:00:07,apps16,0,1076,	TOTAL: 1076
042005-19:00:06,apps16,0,1076,	TOTAL: 1076
042005-20:00:07,apps16,0,1076,	TOTAL: 1076
042005-21:00:07,apps16,0,1076,	TOTAL: 1076
042005-22:00:07,apps16,0,1076,	TOTAL: 1076
042005-23:00:06,apps16,0,1076,	TOTAL: 1076
042105-00:00:06,apps16,0,1076,	TOTAL: 1076
042105-01:00:08,apps16,0,1076,	TOTAL: 1076
042105-02:00:06,apps16,0,1076,	TOTAL: 1076
042105-03:00:06,apps16,0,0,	TOTAL: 0
042105-04:00:07,apps16,0,0,	TOTAL: 0
042105-05:00:07,apps16,0,0,	TOTAL: 0
042105-06:00:08,apps16,0,0,	TOTAL: 0
042105-07:00:08,apps16,0,35,	TOTAL: 35
042105-08:00:08,apps16,0,35,	TOTAL: 35
042105-09:00:07,apps16,0,35,	TOTAL: 35
042105-10:00:09,apps16,0,35,	TOTAL: 35
042105-11:00:08,apps16,0,35,	TOTAL: 35
042105-12:00:08,apps16,0,702,	TOTAL: 702
042105-13:00:08,apps16,0,1076,	TOTAL: 1076
042105-14:00:09,apps16,0,1076,	TOTAL: 1076
042105-15:00:07,apps16,0,1076,	TOTAL: 1076
042105-16:00:06,apps16,0,1076,	TOTAL: 1076
042105-17:00:06,apps16,0,1076,	TOTAL: 1076
042105-18:00:06,apps16,0,1076,	TOTAL: 1076
042105-19:00:06,apps16,0,1076,	TOTAL: 1076
042105-20:00:07,apps16,0,1076,	TOTAL: 1076
042105-21:00:07,apps16,0,1076,	TOTAL: 1076
042105-22:00:09,apps16,0,1076,	TOTAL: 1076
042105-23:00:10,apps16,0,1076,	TOTAL: 1076
042205-00:00:08,apps16,0,1076,	TOTAL: 1076
042205-01:00:07,apps16,0,1076,	TOTAL: 1076
042205-02:00:07,apps16,0,1076,	TOTAL: 1076
042205-03:00:07,apps16,0,0,	TOTAL: 0
042205-04:00:07,apps16,0,0,	TOTAL: 0
042205-05:00:08,apps16,0,0,	TOTAL: 0
042205-06:00:07,apps16,0,0,	TOTAL: 0
042205-07:00:07,apps16,0,39,	TOTAL: 39
042205-08:00:07,apps16,0,39,	TOTAL: 39
042205-09:00:07,apps16,0,39,	TOTAL: 39
042205-10:00:07,apps16,0,39,	TOTAL: 39
042205-11:00:06,apps16,0,39,	TOTAL: 39
042205-12:00:07,apps16,0,39,	TOTAL: 39
042205-13:00:07,apps16,0,39,	TOTAL: 39
042205-15:00:06,apps16,0,48,	TOTAL: 48
042205-16:00:06,apps16,0,48,	TOTAL: 48
042205-17:00:11,apps16,0,48,	TOTAL: 48
042205-18:00:10,apps16,0,48,	TOTAL: 48
042205-19:00:11,apps16,0,48,	TOTAL: 48
042205-20:00:12,apps16,0,48,	TOTAL: 48
042205-21:00:10,apps16,0,424,	TOTAL: 424
042205-22:00:11,apps16,0,1087,	TOTAL: 1087
042205-23:00:11,apps16,0,1087,	TOTAL: 1087
042305-00:00:07,apps16,0,1087,	TOTAL: 1087
042305-01:00:08,apps16,0,1087,	TOTAL: 1087
042305-02:00:07,apps16,0,1087,	TOTAL: 1087
042305-03:00:07,apps16,0,364582,	TOTAL: 364582
042305-04:00:07,apps16,0,253789,	TOTAL: 253789
042305-05:00:07,apps16,0,70336,	TOTAL: 70336
042305-06:00:06,apps16,0,0,	TOTAL: 0
042305-07:00:07,apps16,0,0,	TOTAL: 0
042305-08:00:06,apps16,0,38,	TOTAL: 38
042305-09:00:09,apps16,0,38,	TOTAL: 38
042305-10:00:11,apps16,0,38,	TOTAL: 38
042305-11:00:10,apps16,0,38,	TOTAL: 38
042305-12:00:10,apps16,0,38,	TOTAL: 38
042305-13:00:11,apps16,0,38,	TOTAL: 38
042305-14:00:08,apps16,0,38,	TOTAL: 38
042305-15:00:12,apps16,0,38,	TOTAL: 38
042305-16:00:09,apps16,0,38,	TOTAL: 38
042305-17:00:07,apps16,0,1078,	TOTAL: 1078
042305-18:00:07,apps16,0,1078,	TOTAL: 1078
042305-19:00:07,apps16,0,1078,	TOTAL: 1078
042305-20:00:07,apps16,0,1078,	TOTAL: 1078
042305-21:00:07,apps16,0,1078,	TOTAL: 1078
042305-22:00:07,apps16,0,1078,	TOTAL: 1078
042305-23:00:08,apps16,0,1078,	TOTAL: 1078
042405-00:00:07,apps16,0,1078,	TOTAL: 1078
042405-01:00:08,apps16,0,1078,	TOTAL: 1078
042405-02:00:07,apps16,0,1078,	TOTAL: 1078
042405-03:00:07,apps16,0,361571,	TOTAL: 361571
042405-04:00:08,apps16,0,260199,	TOTAL: 260199
042405-05:00:07,apps16,0,51539,	TOTAL: 51539
042405-06:00:07,apps16,0,0,	TOTAL: 0
042405-07:00:07,apps16,0,0,	TOTAL: 0
042405-08:00:12,apps16,0,38,	TOTAL: 38
042405-09:00:10,apps16,0,38,	TOTAL: 38
042405-10:00:10,apps16,0,38,	TOTAL: 38
042405-11:00:11,apps16,0,38,	TOTAL: 38
042405-12:00:11,apps16,0,38,	TOTAL: 38
042405-13:00:10,apps16,0,38,	TOTAL: 38
042405-14:00:08,apps16,0,1078,	TOTAL: 1078
042405-15:00:07,apps16,0,1078,	TOTAL: 1078
042405-16:00:07,apps16,0,1078,	TOTAL: 1078
042405-17:00:07,apps16,0,1078,	TOTAL: 1078
042405-18:00:08,apps16,0,1078,	TOTAL: 1078
042405-19:00:06,apps16,0,1078,	TOTAL: 1078
042405-20:00:07,apps16,0,1078,	TOTAL: 1078
042405-21:00:06,apps16,0,1078,	TOTAL: 1078
042405-22:00:07,apps16,0,1078,	TOTAL: 1078
042405-23:00:07,apps16,0,1078,	TOTAL: 1078
042505-00:00:07,apps16,0,1078,	TOTAL: 1078
042505-01:00:07,apps16,0,1078,	TOTAL: 1078
042505-02:00:07,apps16,0,1078,	TOTAL: 1078
042505-03:00:07,apps16,0,258862,	TOTAL: 258862
042505-04:00:07,apps16,0,86845,	TOTAL: 86845
042505-05:00:07,apps16,0,0,	TOTAL: 0
042505-06:00:07,apps16,0,0,	TOTAL: 0
042505-07:00:09,apps16,0,0,	TOTAL: 0
042505-08:00:09,apps16,0,35,	TOTAL: 35
042505-09:00:11,apps16,0,35,	TOTAL: 35
042505-10:00:11,apps16,0,35,	TOTAL: 35
042505-11:00:10,apps16,0,35,	TOTAL: 35
042505-12:00:10,apps16,0,574,	TOTAL: 574
042505-13:00:07,apps16,0,1075,	TOTAL: 1075
042505-14:00:06,apps16,0,1075,	TOTAL: 1075
042505-15:00:06,apps16,0,1075,	TOTAL: 1075
042505-16:00:06,apps16,0,1075,	TOTAL: 1075
042505-17:00:06,apps16,0,1075,	TOTAL: 1075
042505-18:00:06,apps16,0,1075,	TOTAL: 1075
042505-19:00:06,apps16,0,1075,	TOTAL: 1075
042505-20:00:06,apps16,0,1075,	TOTAL: 1075
042505-21:00:06,apps16,0,1075,	TOTAL: 1075
042505-22:00:07,apps16,0,1075,	TOTAL: 1075
042505-23:00:09,apps16,0,1075,	TOTAL: 1075
042605-00:00:07,apps16,0,1075,	TOTAL: 1075
042605-01:00:07,apps16,0,1075,	TOTAL: 1075
042605-02:00:07,apps16,0,1075,	TOTAL: 1075
042605-03:00:06,apps16,0,0,	TOTAL: 0
042605-04:00:07,apps16,0,0,	TOTAL: 0
042605-05:00:08,apps16,0,0,	TOTAL: 0
042605-06:00:08,apps16,0,0,	TOTAL: 0
042605-07:00:11,apps16,0,36,	TOTAL: 36
042605-08:00:09,apps16,0,36,	TOTAL: 36
042605-09:00:07,apps16,0,36,	TOTAL: 36
042605-10:00:08,apps16,0,36,	TOTAL: 36
042605-11:00:08,apps16,0,36,	TOTAL: 36
042605-12:00:08,apps16,0,36,	TOTAL: 36
042605-13:00:08,apps16,0,36,	TOTAL: 36
042605-14:00:07,apps16,0,36,	TOTAL: 36
042605-15:00:07,apps16,0,36,	TOTAL: 36
042605-17:00:07,apps16,0,45,	TOTAL: 45
042605-18:00:07,apps16,0,1086,	TOTAL: 1086
042605-19:00:06,apps16,0,1086,	TOTAL: 1086
042605-20:00:06,apps16,0,1086,	TOTAL: 1086
042605-21:00:06,apps16,0,1086,	TOTAL: 1086
042605-22:00:06,apps16,0,1086,	TOTAL: 1086
042605-23:00:10,apps16,0,1086,	TOTAL: 1086
042705-00:00:07,apps16,0,1086,	TOTAL: 1086
042705-01:00:07,apps16,0,1086,	TOTAL: 1086
042705-02:00:06,apps16,0,1086,	TOTAL: 1086
042705-03:00:06,apps16,0,0,	TOTAL: 0
042705-04:00:06,apps16,0,0,	TOTAL: 0
042705-05:00:07,apps16,0,0,	TOTAL: 0
042705-06:00:06,apps16,0,0,	TOTAL: 0
042705-07:00:08,apps16,0,36,	TOTAL: 36
042705-08:00:10,apps16,0,758,	TOTAL: 758
042705-09:00:09,apps16,0,758,	TOTAL: 758
042705-10:00:08,apps16,0,758,	TOTAL: 758
042705-11:00:08,apps16,0,758,	TOTAL: 758
042705-12:00:07,apps16,0,758,	TOTAL: 758
042705-13:00:08,apps16,0,1077,	TOTAL: 1077
042705-14:00:07,apps16,0,1077,	TOTAL: 1077
042705-15:00:06,apps16,0,1077,	TOTAL: 1077
042705-16:00:06,apps16,0,1077,	TOTAL: 1077
042705-17:00:06,apps16,0,1077,	TOTAL: 1077
042705-18:00:08,apps16,0,1077,	TOTAL: 1077
042705-19:00:08,apps16,0,1077,	TOTAL: 1077
042705-20:00:07,apps16,0,1077,	TOTAL: 1077
042705-21:00:08,apps16,0,1077,	TOTAL: 1077
042705-22:00:09,apps16,0,1077,	TOTAL: 1077
042705-23:00:09,apps16,0,1077,	TOTAL: 1077
042805-00:00:08,apps16,0,1077,	TOTAL: 1077
042805-01:00:07,apps16,0,1077,	TOTAL: 1077
042805-02:00:08,apps16,0,1077,	TOTAL: 1077
042805-03:00:08,apps16,0,0,	TOTAL: 0
042805-04:00:08,apps16,0,0,	TOTAL: 0
042805-05:00:09,apps16,0,0,	TOTAL: 0
042805-06:00:08,apps16,0,0,	TOTAL: 0
042805-07:00:09,apps16,0,38,	TOTAL: 38
042805-08:00:08,apps16,0,38,	TOTAL: 38
042805-09:00:08,apps16,0,38,	TOTAL: 38
042805-10:00:08,apps16,0,38,	TOTAL: 38
042805-11:00:12,apps16,0,472,	TOTAL: 472
042805-12:00:09,apps16,0,1078,	TOTAL: 1078
042805-13:00:07,apps16,0,1078,	TOTAL: 1078
042805-15:00:08,apps16,0,1087,	TOTAL: 1087
042805-16:00:07,apps16,0,1087,	TOTAL: 1087
042805-17:00:06,apps16,0,1087,	TOTAL: 1087
042805-18:00:06,apps16,0,1087,	TOTAL: 1087
042805-19:00:07,apps16,0,1087,	TOTAL: 1087
042805-20:00:07,apps16,0,1087,	TOTAL: 1087
042805-21:00:06,apps16,0,1087,	TOTAL: 1087
042805-22:00:07,apps16,0,1087,	TOTAL: 1087
042805-23:00:07,apps16,0,1087,	TOTAL: 1087
042905-00:00:07,apps16,0,1087,	TOTAL: 1087
042905-01:00:07,apps16,0,1087,	TOTAL: 1087
042905-02:00:06,apps16,0,1087,	TOTAL: 1087
042905-03:00:07,apps16,0,0,	TOTAL: 0
042905-04:00:07,apps16,0,0,	TOTAL: 0
042905-05:00:07,apps16,0,0,	TOTAL: 0
042905-06:00:07,apps16,0,0,	TOTAL: 0
042905-07:00:07,apps16,0,35,	TOTAL: 35
042905-08:00:12,apps16,0,35,	TOTAL: 35
042905-09:00:09,apps16,0,35,	TOTAL: 35
042905-10:00:08,apps16,0,35,	TOTAL: 35
042905-11:00:10,apps16,0,35,	TOTAL: 35
042905-12:00:09,apps16,0,1048,	TOTAL: 1048
042905-13:00:08,apps16,0,1075,	TOTAL: 1075
042905-14:00:07,apps16,0,1075,	TOTAL: 1075
042905-17:00:08,apps16,0,1084,	TOTAL: 1084
042905-18:00:06,apps16,0,1084,	TOTAL: 1084
042905-19:00:07,apps16,0,1084,	TOTAL: 1084
042905-20:00:06,apps16,0,1084,	TOTAL: 1084
042905-21:00:07,apps16,0,1084,	TOTAL: 1084
042905-22:00:10,apps16,0,1084,	TOTAL: 1084
042905-23:00:09,apps16,0,1084,	TOTAL: 1084
043005-00:00:08,apps16,0,1084,	TOTAL: 1084
043005-01:00:08,apps16,0,1084,	TOTAL: 1084
043005-02:00:07,apps16,0,1084,	TOTAL: 1084
043005-03:00:08,apps16,0,369517,	TOTAL: 369517
043005-04:00:07,apps16,0,284106,	TOTAL: 284106
043005-05:00:08,apps16,0,133955,	TOTAL: 133955
043005-06:00:08,apps16,0,0,	TOTAL: 0
043005-07:00:08,apps16,0,0,	TOTAL: 0
043005-08:00:10,apps16,0,0,	TOTAL: 0
043005-09:00:10,apps16,0,35,	TOTAL: 35
043005-10:00:13,apps16,0,35,	TOTAL: 35
043005-11:00:12,apps16,0,35,	TOTAL: 35
043005-12:00:14,apps16,0,35,	TOTAL: 35
043005-13:00:13,apps16,0,35,	TOTAL: 35
043005-14:00:10,apps16,0,35,	TOTAL: 35
043005-15:00:08,apps16,0,1075,	TOTAL: 1075
043005-16:00:06,apps16,0,1075,	TOTAL: 1075
043005-17:00:07,apps16,0,1075,	TOTAL: 1075
043005-18:00:07,apps16,0,1075,	TOTAL: 1075
043005-19:00:07,apps16,0,1075,	TOTAL: 1075
043005-20:00:07,apps16,0,1075,	TOTAL: 1075
043005-21:00:07,apps16,0,1075,	TOTAL: 1075
043005-22:00:08,apps16,0,1075,	TOTAL: 1075
043005-23:00:08,apps16,0,1075,	TOTAL: 1075
050105-00:00:07,apps16,0,1075,	TOTAL: 1075
050105-01:00:08,apps16,0,1075,	TOTAL: 1075
050105-02:00:07,apps16,0,1075,	TOTAL: 1075
050105-03:00:07,apps16,0,362455,	TOTAL: 362455
050105-04:00:07,apps16,0,249795,	TOTAL: 249795
050105-05:00:07,apps16,0,60027,	TOTAL: 60027
050105-06:00:08,apps16,0,0,	TOTAL: 0
050105-07:00:07,apps16,0,0,	TOTAL: 0
050105-08:00:14,apps16,0,34,	TOTAL: 34
050105-09:00:11,apps16,0,34,	TOTAL: 34
050105-10:00:11,apps16,0,34,	TOTAL: 34
050105-11:00:11,apps16,0,34,	TOTAL: 34
050105-12:00:12,apps16,0,34,	TOTAL: 34
050105-13:00:09,apps16,0,34,	TOTAL: 34
050105-14:00:08,apps16,0,1075,	TOTAL: 1075
050105-15:00:07,apps16,0,1075,	TOTAL: 1075
050105-16:00:07,apps16,0,1075,	TOTAL: 1075
050105-17:00:07,apps16,0,1075,	TOTAL: 1075
050105-18:00:08,apps16,0,1075,	TOTAL: 1075
050105-19:00:06,apps16,0,1075,	TOTAL: 1075
050105-20:00:06,apps16,0,1075,	TOTAL: 1075
050105-21:00:06,apps16,0,1075,	TOTAL: 1075
050105-22:00:06,apps16,0,1075,	TOTAL: 1075
050105-23:00:07,apps16,0,1075,	TOTAL: 1075
050205-00:00:07,apps16,0,1075,	TOTAL: 1075
050205-01:00:06,apps16,0,1075,	TOTAL: 1075
050205-02:00:06,apps16,0,1075,	TOTAL: 1075
050205-03:00:06,apps16,0,268068,	TOTAL: 268068
050205-04:00:07,apps16,0,72904,	TOTAL: 72904
050205-05:00:07,apps16,0,0,	TOTAL: 0
050205-06:00:08,apps16,0,0,	TOTAL: 0
050205-07:00:09,apps16,0,0,	TOTAL: 0
050205-08:00:11,apps16,0,33,	TOTAL: 33
050205-09:00:12,apps16,0,33,	TOTAL: 33
050205-10:00:10,apps16,0,33,	TOTAL: 33
050205-11:00:12,apps16,0,33,	TOTAL: 33
050205-12:00:13,apps16,0,683,	TOTAL: 683
050205-13:00:07,apps16,0,1074,	TOTAL: 1074
050205-14:00:06,apps16,0,1074,	TOTAL: 1074
050205-15:00:07,apps16,0,1074,	TOTAL: 1074
050205-17:00:07,apps16,0,1083,	TOTAL: 1083
050205-18:00:06,apps16,0,1083,	TOTAL: 1083
050205-19:00:06,apps16,0,1083,	TOTAL: 1083
050205-20:00:06,apps16,0,1083,	TOTAL: 1083
050205-21:00:07,apps16,0,1083,	TOTAL: 1083
050205-22:00:09,apps16,0,1083,	TOTAL: 1083
050205-23:00:10,apps16,0,1083,	TOTAL: 1083
050305-00:00:08,apps16,0,1083,	TOTAL: 1083
050305-01:00:08,apps16,0,1083,	TOTAL: 1083
050305-02:00:06,apps16,0,1083,	TOTAL: 1083
050305-03:00:07,apps16,0,0,	TOTAL: 0
050305-04:00:07,apps16,0,0,	TOTAL: 0
050305-05:00:08,apps16,0,0,	TOTAL: 0
050305-06:00:07,apps16,0,0,	TOTAL: 0
050305-07:00:11,apps16,0,34,	TOTAL: 34
050305-08:00:11,apps16,0,34,	TOTAL: 34
050305-09:00:14,apps16,0,34,	TOTAL: 34
050305-10:00:11,apps16,0,257,	TOTAL: 257
050305-11:00:11,apps16,0,1075,	TOTAL: 1075
050305-12:00:09,apps16,0,1075,	TOTAL: 1075
050305-13:00:07,apps16,0,1075,	TOTAL: 1075
050305-14:00:07,apps16,0,1075,	TOTAL: 1075
050305-15:00:06,apps16,0,1075,	TOTAL: 1075
050305-16:00:07,apps16,0,1075,	TOTAL: 1075
050305-17:00:06,apps16,0,1075,	TOTAL: 1075
050305-18:00:07,apps16,0,1075,	TOTAL: 1075
050305-19:00:06,apps16,0,1075,	TOTAL: 1075
050305-20:00:06,apps16,0,1075,	TOTAL: 1075
050305-21:00:06,apps16,0,1075,	TOTAL: 1075
050305-22:00:07,apps16,0,1075,	TOTAL: 1075
050305-23:00:08,apps16,0,1075,	TOTAL: 1075
050405-00:00:07,apps16,0,1075,	TOTAL: 1075
050405-01:00:08,apps16,0,1075,	TOTAL: 1075
050405-02:00:07,apps16,0,1075,	TOTAL: 1075
050405-03:00:06,apps16,0,0,	TOTAL: 0
050405-04:00:06,apps16,0,0,	TOTAL: 0
050405-05:00:08,apps16,0,0,	TOTAL: 0
050405-06:00:07,apps16,0,0,	TOTAL: 0
050405-07:00:10,apps16,0,34,	TOTAL: 34
050405-08:00:10,apps16,0,34,	TOTAL: 34
050405-09:00:09,apps16,0,34,	TOTAL: 34
050405-10:00:11,apps16,0,34,	TOTAL: 34
050405-11:00:10,apps16,0,34,	TOTAL: 34
050405-12:00:09,apps16,0,34,	TOTAL: 34
050405-13:00:07,apps16,0,34,	TOTAL: 34
050405-14:00:06,apps16,0,34,	TOTAL: 34
050405-15:00:07,apps16,0,34,	TOTAL: 34
050405-16:00:07,apps16,0,34,	TOTAL: 34
050405-17:00:07,apps16,0,34,	TOTAL: 34
050405-18:00:08,apps16,0,34,	TOTAL: 34
050405-19:00:09,apps16,0,34,	TOTAL: 34
050405-20:00:08,apps16,0,1075,	TOTAL: 1075
050405-21:00:06,apps16,0,1075,	TOTAL: 1075
050405-22:00:07,apps16,0,1075,	TOTAL: 1075
050405-23:00:08,apps16,0,1075,	TOTAL: 1075
050505-00:00:07,apps16,0,1075,	TOTAL: 1075
050505-01:00:07,apps16,0,1075,	TOTAL: 1075
050505-02:00:06,apps16,0,1075,	TOTAL: 1075
050505-03:00:06,apps16,0,0,	TOTAL: 0
050505-04:00:07,apps16,0,0,	TOTAL: 0
050505-05:00:07,apps16,0,0,	TOTAL: 0
050505-06:00:06,apps16,0,0,	TOTAL: 0
050505-07:00:08,apps16,0,34,	TOTAL: 34
050505-08:00:09,apps16,0,34,	TOTAL: 34
050505-09:00:08,apps16,0,34,	TOTAL: 34
050505-10:00:08,apps16,0,34,	TOTAL: 34
050505-11:00:09,apps16,0,111,	TOTAL: 111
050505-12:00:08,apps16,0,1074,	TOTAL: 1074
050505-13:00:07,apps16,0,1074,	TOTAL: 1074
050505-14:00:08,apps16,0,1074,	TOTAL: 1074
050505-15:00:07,apps16,0,1074,	TOTAL: 1074
050505-16:00:06,apps16,0,1074,	TOTAL: 1074
050505-17:00:06,apps16,0,1074,	TOTAL: 1074
050505-18:00:06,apps16,0,1074,	TOTAL: 1074
050505-19:00:06,apps16,0,1074,	TOTAL: 1074
050505-20:00:06,apps16,0,1074,	TOTAL: 1074
050505-21:00:06,apps16,0,1074,	TOTAL: 1074
050505-22:00:06,apps16,0,1074,	TOTAL: 1074
050505-23:00:07,apps16,0,1074,	TOTAL: 1074
050605-00:00:06,apps16,0,1074,	TOTAL: 1074
050605-01:00:06,apps16,0,1074,	TOTAL: 1074
050605-02:00:06,apps16,0,1074,	TOTAL: 1074
050605-03:00:06,apps16,0,0,	TOTAL: 0
050605-04:00:06,apps16,0,0,	TOTAL: 0
050605-05:00:06,apps16,0,0,	TOTAL: 0
050605-06:00:06,apps16,0,0,	TOTAL: 0
050605-07:00:06,apps16,0,40,	TOTAL: 40
050605-08:00:06,apps16,0,40,	TOTAL: 40
050605-09:00:07,apps16,0,40,	TOTAL: 40
050605-10:00:06,apps16,0,40,	TOTAL: 40
050605-11:00:07,apps16,0,40,	TOTAL: 40
050605-12:00:07,apps16,0,40,	TOTAL: 40
050605-13:00:07,apps16,0,40,	TOTAL: 40
050605-14:00:07,apps16,0,40,	TOTAL: 40
050605-15:00:14,apps16,0,40,	TOTAL: 40
050605-16:00:19,apps16,0,40,	TOTAL: 40
050605-17:00:12,apps16,0,40,	TOTAL: 40
050605-18:00:11,apps16,0,40,	TOTAL: 40
050605-19:00:11,apps16,0,1048,	TOTAL: 1048
050605-20:00:07,apps16,0,1079,	TOTAL: 1079
050605-21:00:06,apps16,0,1079,	TOTAL: 1079
050605-22:00:08,apps16,0,1079,	TOTAL: 1079
050605-23:00:08,apps16,0,1079,	TOTAL: 1079
050705-00:00:08,apps16,0,1079,	TOTAL: 1079
050705-01:00:07,apps16,0,1079,	TOTAL: 1079
050705-02:00:08,apps16,0,1079,	TOTAL: 1079
050705-03:00:07,apps16,0,365457,	TOTAL: 365457
050705-04:00:07,apps16,0,284734,	TOTAL: 284734
050705-05:00:08,apps16,0,108320,	TOTAL: 108320
050705-06:00:09,apps16,0,0,	TOTAL: 0
050705-07:00:08,apps16,0,0,	TOTAL: 0
050705-08:00:13,apps16,0,37,	TOTAL: 37
050705-09:00:10,apps16,0,37,	TOTAL: 37
050705-10:00:13,apps16,0,37,	TOTAL: 37
050705-11:00:11,apps16,0,37,	TOTAL: 37
050705-12:00:10,apps16,0,202,	TOTAL: 202
050705-13:00:09,apps16,0,1078,	TOTAL: 1078
050705-14:00:09,apps16,0,1078,	TOTAL: 1078
050705-15:00:07,apps16,0,1078,	TOTAL: 1078
050705-16:00:07,apps16,0,1078,	TOTAL: 1078
050705-17:00:07,apps16,0,1078,	TOTAL: 1078
050705-18:00:06,apps16,0,1078,	TOTAL: 1078
050705-19:00:07,apps16,0,1078,	TOTAL: 1078
050705-20:00:07,apps16,0,1078,	TOTAL: 1078
050705-21:00:06,apps16,0,1078,	TOTAL: 1078
050705-22:00:08,apps16,0,1078,	TOTAL: 1078
050705-23:00:07,apps16,0,1078,	TOTAL: 1078
050805-00:00:07,apps16,0,1078,	TOTAL: 1078
050805-01:00:08,apps16,0,1078,	TOTAL: 1078
050805-02:00:07,apps16,0,1078,	TOTAL: 1078
050805-03:00:07,apps16,0,362023,	TOTAL: 362023
050805-04:00:08,apps16,0,260438,	TOTAL: 260438
050805-05:00:08,apps16,0,71387,	TOTAL: 71387
050805-06:00:07,apps16,0,0,	TOTAL: 0
050805-07:00:08,apps16,0,0,	TOTAL: 0
050805-08:00:14,apps16,0,35,	TOTAL: 35
050805-09:00:11,apps16,0,35,	TOTAL: 35
050805-10:00:10,apps16,0,35,	TOTAL: 35
050805-11:00:09,apps16,0,35,	TOTAL: 35
050805-12:00:11,apps16,0,346,	TOTAL: 346
050805-13:00:09,apps16,0,1077,	TOTAL: 1077
050805-14:00:06,apps16,0,1077,	TOTAL: 1077
050805-15:00:07,apps16,0,1077,	TOTAL: 1077
050805-16:00:06,apps16,0,1077,	TOTAL: 1077
050805-17:00:07,apps16,0,1077,	TOTAL: 1077
050805-18:00:07,apps16,0,1077,	TOTAL: 1077
050805-19:00:06,apps16,0,1077,	TOTAL: 1077
050805-20:00:07,apps16,0,1077,	TOTAL: 1077
050805-21:00:06,apps16,0,1077,	TOTAL: 1077
050805-22:00:07,apps16,0,1077,	TOTAL: 1077
050805-23:00:07,apps16,0,1077,	TOTAL: 1077
050905-00:00:07,apps16,0,1077,	TOTAL: 1077
050905-01:00:06,apps16,0,1077,	TOTAL: 1077
050905-02:00:07,apps16,0,1077,	TOTAL: 1077
050905-03:00:06,apps16,0,275861,	TOTAL: 275861
050905-04:00:06,apps16,0,84712,	TOTAL: 84712
050905-05:00:08,apps16,0,0,	TOTAL: 0
050905-06:00:07,apps16,0,0,	TOTAL: 0
050905-07:00:09,apps16,0,34,	TOTAL: 34
050905-08:00:11,apps16,0,34,	TOTAL: 34
050905-09:00:12,apps16,0,34,	TOTAL: 34
050905-10:00:13,apps16,0,34,	TOTAL: 34
050905-11:00:11,apps16,0,34,	TOTAL: 34
050905-12:00:10,apps16,0,419,	TOTAL: 419
050905-13:00:08,apps16,0,1076,	TOTAL: 1076
050905-14:00:07,apps16,0,1076,	TOTAL: 1076
050905-15:00:07,apps16,0,1076,	TOTAL: 1076
050905-16:00:07,apps16,0,1076,	TOTAL: 1076
050905-17:00:07,apps16,0,1076,	TOTAL: 1076
050905-18:00:07,apps16,0,1076,	TOTAL: 1076
050905-19:00:07,apps16,0,1076,	TOTAL: 1076
050905-20:00:07,apps16,0,1076,	TOTAL: 1076
050905-21:00:06,apps16,0,1076,	TOTAL: 1076
050905-22:00:07,apps16,0,1076,	TOTAL: 1076
050905-23:00:08,apps16,0,1076,	TOTAL: 1076
051005-00:00:07,apps16,0,1076,	TOTAL: 1076
051005-01:00:07,apps16,0,1076,	TOTAL: 1076
051005-02:00:07,apps16,0,1076,	TOTAL: 1076
051005-03:00:07,apps16,0,0,	TOTAL: 0
051005-04:00:07,apps16,0,0,	TOTAL: 0
051005-05:00:08,apps16,0,0,	TOTAL: 0
051005-06:00:10,apps16,0,0,	TOTAL: 0
051005-07:00:11,apps16,0,37,	TOTAL: 37
051005-08:00:15,apps16,0,37,	TOTAL: 37
051005-09:00:14,apps16,0,37,	TOTAL: 37
051005-10:00:12,apps16,0,37,	TOTAL: 37
051005-11:00:12,apps16,0,37,	TOTAL: 37
051005-12:00:09,apps16,0,1078,	TOTAL: 1078
051005-13:00:09,apps16,0,1078,	TOTAL: 1078
051005-14:00:07,apps16,0,1078,	TOTAL: 1078
051005-15:00:07,apps16,0,1078,	TOTAL: 1078
051005-16:00:07,apps16,0,1078,	TOTAL: 1078
051005-17:00:06,apps16,0,1078,	TOTAL: 1078
051005-18:00:06,apps16,0,1078,	TOTAL: 1078
051005-19:00:07,apps16,0,1078,	TOTAL: 1078
051005-20:00:07,apps16,0,1078,	TOTAL: 1078
051005-21:00:08,apps16,0,1078,	TOTAL: 1078
051005-22:00:08,apps16,0,1078,	TOTAL: 1078
051005-23:00:08,apps16,0,1078,	TOTAL: 1078
051105-00:00:07,apps16,0,1078,	TOTAL: 1078
051105-01:00:07,apps16,0,1078,	TOTAL: 1078
051105-02:00:07,apps16,0,1078,	TOTAL: 1078
051105-03:00:07,apps16,0,0,	TOTAL: 0
051105-04:00:07,apps16,0,0,	TOTAL: 0
051105-05:00:08,apps16,0,0,	TOTAL: 0
051105-06:00:08,apps16,0,0,	TOTAL: 0
051105-07:00:12,apps16,0,34,	TOTAL: 34
051105-08:00:13,apps16,0,34,	TOTAL: 34
051105-09:00:12,apps16,0,34,	TOTAL: 34
051105-10:00:08,apps16,0,376,	TOTAL: 376
051105-11:00:08,apps16,0,1076,	TOTAL: 1076
051105-12:00:10,apps16,0,1076,	TOTAL: 1076
051105-13:00:08,apps16,0,1076,	TOTAL: 1076
051105-14:00:07,apps16,0,1076,	TOTAL: 1076
051105-15:00:06,apps16,0,1076,	TOTAL: 1076
051105-16:00:06,apps16,0,1076,	TOTAL: 1076
051105-17:00:06,apps16,0,1076,	TOTAL: 1076
051105-18:00:06,apps16,0,1076,	TOTAL: 1076
051105-19:00:06,apps16,0,1076,	TOTAL: 1076
051105-20:00:06,apps16,0,1076,	TOTAL: 1076
051105-21:00:06,apps16,0,1076,	TOTAL: 1076
051105-22:00:08,apps16,0,1076,	TOTAL: 1076
051105-23:00:09,apps16,0,1076,	TOTAL: 1076
051205-00:00:06,apps16,0,1076,	TOTAL: 1076
051205-01:00:06,apps16,0,1076,	TOTAL: 1076
051205-02:00:07,apps16,0,1076,	TOTAL: 1076
051205-03:00:07,apps16,0,0,	TOTAL: 0
051205-04:00:07,apps16,0,0,	TOTAL: 0
051205-05:00:07,apps16,0,0,	TOTAL: 0
051205-06:00:08,apps16,0,0,	TOTAL: 0
051205-07:00:11,apps16,0,36,	TOTAL: 36
051205-08:00:11,apps16,0,36,	TOTAL: 36
051205-09:00:12,apps16,0,36,	TOTAL: 36
051205-10:00:09,apps16,0,401,	TOTAL: 401
051205-11:00:09,apps16,0,1077,	TOTAL: 1077
051205-12:00:06,apps16,0,1077,	TOTAL: 1077
051205-13:00:06,apps16,0,1077,	TOTAL: 1077
051205-14:00:08,apps16,0,1077,	TOTAL: 1077
051205-15:00:08,apps16,0,1077,	TOTAL: 1077
051205-16:00:08,apps16,0,1077,	TOTAL: 1077
051205-17:00:09,apps16,0,1077,	TOTAL: 1077
051205-18:00:09,apps16,0,1077,	TOTAL: 1077
051205-19:00:10,apps16,0,1077,	TOTAL: 1077
051205-20:00:10,apps16,0,1077,	TOTAL: 1077
051205-21:00:07,apps16,0,1077,	TOTAL: 1077
051205-22:00:07,apps16,0,1077,	TOTAL: 1077
051205-23:00:10,apps16,0,1077,	TOTAL: 1077
051305-00:00:07,apps16,0,1077,	TOTAL: 1077
051305-01:00:09,apps16,0,1077,	TOTAL: 1077
051305-02:00:08,apps16,0,1077,	TOTAL: 1077
051305-03:00:08,apps16,0,0,	TOTAL: 0
051305-04:00:08,apps16,0,0,	TOTAL: 0
051305-05:00:09,apps16,0,0,	TOTAL: 0
051305-06:00:09,apps16,0,0,	TOTAL: 0
051305-07:00:11,apps16,0,37,	TOTAL: 37
051305-08:00:11,apps16,0,37,	TOTAL: 37
051305-09:00:10,apps16,0,37,	TOTAL: 37
051305-10:00:13,apps16,0,734,	TOTAL: 734
051305-11:00:10,apps16,0,1078,	TOTAL: 1078
051305-12:00:10,apps16,0,1078,	TOTAL: 1078
051305-13:00:10,apps16,0,1078,	TOTAL: 1078
051305-14:00:08,apps16,0,1078,	TOTAL: 1078
051305-15:00:10,apps16,0,1078,	TOTAL: 1078
051305-16:00:10,apps16,0,1078,	TOTAL: 1078
051305-17:00:07,apps16,0,1078,	TOTAL: 1078
051305-18:00:06,apps16,0,1078,	TOTAL: 1078
051305-19:00:06,apps16,0,1078,	TOTAL: 1078
051305-20:00:06,apps16,0,1078,	TOTAL: 1078
051305-21:00:06,apps16,0,1078,	TOTAL: 1078
051305-22:00:08,apps16,0,1078,	TOTAL: 1078
051305-23:00:08,apps16,0,1078,	TOTAL: 1078
051405-00:00:10,apps16,0,1078,	TOTAL: 1078
051405-01:00:07,apps16,0,1078,	TOTAL: 1078
051405-02:00:07,apps16,0,1078,	TOTAL: 1078
051405-03:00:08,apps16,0,365091,	TOTAL: 365091
051405-04:00:08,apps16,0,277222,	TOTAL: 277222
051405-05:00:07,apps16,0,82896,	TOTAL: 82896
051405-06:00:08,apps16,0,0,	TOTAL: 0
051405-07:00:07,apps16,0,0,	TOTAL: 0
051405-08:00:09,apps16,0,35,	TOTAL: 35
051405-09:00:13,apps16,0,35,	TOTAL: 35
051405-10:00:12,apps16,0,35,	TOTAL: 35
051405-11:00:13,apps16,0,35,	TOTAL: 35
051405-12:00:10,apps16,0,35,	TOTAL: 35
051405-13:00:11,apps16,0,35,	TOTAL: 35
051405-14:00:09,apps16,0,35,	TOTAL: 35
051405-15:00:09,apps16,0,35,	TOTAL: 35
051405-16:00:09,apps16,0,1077,	TOTAL: 1077
051405-17:00:09,apps16,0,1077,	TOTAL: 1077
051405-18:00:07,apps16,0,1077,	TOTAL: 1077
051405-19:00:07,apps16,0,1077,	TOTAL: 1077
051405-20:00:08,apps16,0,1077,	TOTAL: 1077
051405-21:00:07,apps16,0,1077,	TOTAL: 1077
051405-22:00:07,apps16,0,1077,	TOTAL: 1077
051405-23:00:08,apps16,0,1077,	TOTAL: 1077
051505-00:00:08,apps16,0,1077,	TOTAL: 1077
051505-01:00:09,apps16,0,1077,	TOTAL: 1077
051505-02:00:08,apps16,0,1077,	TOTAL: 1077
051505-03:00:07,apps16,0,362584,	TOTAL: 362584
051505-04:00:07,apps16,0,268426,	TOTAL: 268426
051505-05:00:09,apps16,0,63976,	TOTAL: 63976
051505-06:00:08,apps16,0,0,	TOTAL: 0
051505-07:00:10,apps16,0,0,	TOTAL: 0
051505-08:00:10,apps16,0,35,	TOTAL: 35
051505-09:00:12,apps16,0,35,	TOTAL: 35
051505-10:00:10,apps16,0,35,	TOTAL: 35
051505-11:00:12,apps16,0,35,	TOTAL: 35
051505-12:00:11,apps16,0,35,	TOTAL: 35
051505-13:00:10,apps16,0,1038,	TOTAL: 1038
051505-14:00:08,apps16,0,1077,	TOTAL: 1077
051505-15:00:08,apps16,0,1077,	TOTAL: 1077
051505-16:00:07,apps16,0,1077,	TOTAL: 1077
051505-17:00:07,apps16,0,1077,	TOTAL: 1077
051505-18:00:07,apps16,0,1077,	TOTAL: 1077
051505-19:00:07,apps16,0,1077,	TOTAL: 1077
051505-20:00:07,apps16,0,1077,	TOTAL: 1077
051505-21:00:07,apps16,0,1077,	TOTAL: 1077
051505-22:00:07,apps16,0,1077,	TOTAL: 1077
051505-23:00:06,apps16,0,1077,	TOTAL: 1077
051605-00:00:06,apps16,0,1077,	TOTAL: 1077
051605-01:00:08,apps16,0,1077,	TOTAL: 1077
051605-02:00:06,apps16,0,1077,	TOTAL: 1077
051605-03:00:06,apps16,0,276837,	TOTAL: 276837
051605-04:00:06,apps16,0,88240,	TOTAL: 88240
051605-05:00:07,apps16,0,0,	TOTAL: 0
051605-06:00:09,apps16,0,0,	TOTAL: 0
051605-07:00:07,apps16,0,0,	TOTAL: 0
051605-08:00:09,apps16,0,35,	TOTAL: 35
051605-09:00:12,apps16,0,35,	TOTAL: 35
051605-10:00:11,apps16,0,35,	TOTAL: 35
051605-11:00:10,apps16,0,35,	TOTAL: 35
051605-12:00:09,apps16,0,1077,	TOTAL: 1077
051605-13:00:08,apps16,0,1077,	TOTAL: 1077
051605-14:00:08,apps16,0,1077,	TOTAL: 1077
051605-15:00:07,apps16,0,1077,	TOTAL: 1077
051605-16:00:08,apps16,0,1077,	TOTAL: 1077
051605-17:00:07,apps16,0,1077,	TOTAL: 1077
051605-18:00:07,apps16,0,1077,	TOTAL: 1077
051605-19:00:08,apps16,0,1077,	TOTAL: 1077
051605-20:00:08,apps16,0,1077,	TOTAL: 1077
051605-21:00:07,apps16,0,1077,	TOTAL: 1077
051605-22:00:09,apps16,0,1077,	TOTAL: 1077
051605-23:00:08,apps16,0,1077,	TOTAL: 1077
051705-00:00:07,apps16,0,1077,	TOTAL: 1077
051705-01:00:08,apps16,0,1077,	TOTAL: 1077
051705-02:00:06,apps16,0,1077,	TOTAL: 1077
051705-03:00:07,apps16,0,0,	TOTAL: 0
051705-04:00:07,apps16,0,0,	TOTAL: 0
051705-05:00:09,apps16,0,0,	TOTAL: 0
051705-06:00:09,apps16,0,0,	TOTAL: 0
051705-07:00:10,apps16,0,39,	TOTAL: 39
051705-08:00:08,apps16,0,39,	TOTAL: 39
051705-09:00:08,apps16,0,39,	TOTAL: 39
051705-10:00:08,apps16,0,39,	TOTAL: 39
051705-11:00:07,apps16,0,39,	TOTAL: 39
051705-12:00:10,apps16,0,39,	TOTAL: 39
051705-13:00:09,apps16,0,39,	TOTAL: 39
051705-14:00:09,apps16,0,39,	TOTAL: 39
051705-15:00:10,apps16,0,39,	TOTAL: 39
051705-16:00:10,apps16,0,39,	TOTAL: 39
051705-17:00:09,apps16,0,39,	TOTAL: 39
051705-18:00:10,apps16,0,39,	TOTAL: 39
051705-19:00:08,apps16,0,39,	TOTAL: 39
051705-20:00:07,apps16,0,39,	TOTAL: 39
051705-21:00:08,apps16,0,39,	TOTAL: 39
051705-22:00:09,apps16,0,39,	TOTAL: 39
051705-23:00:09,apps16,0,39,	TOTAL: 39
051805-00:00:08,apps16,0,39,	TOTAL: 39
051805-01:00:08,apps16,0,39,	TOTAL: 39
051805-02:00:07,apps16,0,39,	TOTAL: 39
051805-03:00:08,apps16,0,0,	TOTAL: 0
051805-04:00:08,apps16,0,0,	TOTAL: 0
051805-05:00:10,apps16,0,0,	TOTAL: 0
051805-06:00:11,apps16,0,0,	TOTAL: 0
051805-07:00:11,apps16,0,38,	TOTAL: 38
051805-08:00:10,apps16,0,38,	TOTAL: 38
051805-09:00:09,apps16,0,38,	TOTAL: 38
051805-10:00:09,apps16,0,38,	TOTAL: 38
051805-11:00:08,apps16,0,38,	TOTAL: 38
051805-12:00:07,apps16,0,38,	TOTAL: 38
051805-13:00:06,apps16,0,38,	TOTAL: 38
051805-14:00:07,apps16,0,38,	TOTAL: 38
051805-15:00:08,apps16,0,38,	TOTAL: 38
051805-16:00:13,apps16,0,38,	TOTAL: 38
051805-17:00:12,apps16,0,38,	TOTAL: 38
051805-18:00:12,apps16,0,38,	TOTAL: 38
051805-19:00:11,apps16,0,743,	TOTAL: 743
051805-20:00:09,apps16,0,1079,	TOTAL: 1079
051805-21:00:10,apps16,0,1079,	TOTAL: 1079
051805-22:00:09,apps16,0,1079,	TOTAL: 1079
051805-23:00:08,apps16,0,1079,	TOTAL: 1079
051905-00:00:07,apps16,0,1079,	TOTAL: 1079
051905-01:00:07,apps16,0,1079,	TOTAL: 1079
051905-02:00:07,apps16,0,1079,	TOTAL: 1079
051905-03:00:07,apps16,0,0,	TOTAL: 0
051905-04:00:07,apps16,0,0,	TOTAL: 0
051905-05:00:08,apps16,0,0,	TOTAL: 0
051905-06:00:08,apps16,0,0,	TOTAL: 0
051905-07:00:13,apps16,0,35,	TOTAL: 35
051905-08:00:15,apps16,0,35,	TOTAL: 35
051905-09:00:12,apps16,0,35,	TOTAL: 35
051905-10:00:13,apps16,0,359,	TOTAL: 359
051905-11:00:11,apps16,0,1076,	TOTAL: 1076
051905-12:00:11,apps16,0,1076,	TOTAL: 1076
051905-13:00:09,apps16,0,1076,	TOTAL: 1076
051905-14:00:06,apps16,0,1076,	TOTAL: 1076
051905-15:00:07,apps16,0,1076,	TOTAL: 1076
051905-16:00:07,apps16,0,1076,	TOTAL: 1076
051905-17:00:07,apps16,0,1076,	TOTAL: 1076
051905-18:00:06,apps16,0,1076,	TOTAL: 1076
051905-19:00:07,apps16,0,1076,	TOTAL: 1076
051905-20:00:07,apps16,0,1076,	TOTAL: 1076
051905-21:00:06,apps16,0,1076,	TOTAL: 1076
051905-22:00:09,apps16,0,1076,	TOTAL: 1076
051905-23:00:09,apps16,0,1076,	TOTAL: 1076
052005-00:00:07,apps16,0,1076,	TOTAL: 1076
052005-01:00:08,apps16,0,1076,	TOTAL: 1076
052005-02:00:07,apps16,0,1076,	TOTAL: 1076
052005-03:00:07,apps16,0,0,	TOTAL: 0
052005-04:00:08,apps16,0,0,	TOTAL: 0
052005-05:00:08,apps16,0,0,	TOTAL: 0
052005-06:00:10,apps16,0,0,	TOTAL: 0
052005-07:00:13,apps16,0,35,	TOTAL: 35
052005-08:00:16,apps16,0,35,	TOTAL: 35
052005-09:00:13,apps16,0,35,	TOTAL: 35
052005-10:00:10,apps16,0,394,	TOTAL: 394
052005-11:00:10,apps16,0,1076,	TOTAL: 1076
052005-12:00:09,apps16,0,1076,	TOTAL: 1076
052005-13:00:08,apps16,0,1076,	TOTAL: 1076
052005-14:00:06,apps16,0,1076,	TOTAL: 1076
052005-15:00:07,apps16,0,1076,	TOTAL: 1076
052005-16:00:07,apps16,0,1076,	TOTAL: 1076
052005-17:00:06,apps16,0,1076,	TOTAL: 1076
052005-18:00:07,apps16,0,1076,	TOTAL: 1076
052005-19:00:07,apps16,0,1076,	TOTAL: 1076
052005-20:00:07,apps16,0,1076,	TOTAL: 1076
052005-21:00:07,apps16,0,1076,	TOTAL: 1076
052005-22:00:08,apps16,0,1076,	TOTAL: 1076
052005-23:00:07,apps16,0,1076,	TOTAL: 1076
052105-00:00:08,apps16,0,1076,	TOTAL: 1076
052105-01:00:08,apps16,0,1076,	TOTAL: 1076
052105-02:00:08,apps16,0,1076,	TOTAL: 1076
052105-03:00:07,apps16,0,361255,	TOTAL: 361255
052105-04:00:07,apps16,0,260324,	TOTAL: 260324
052105-05:00:08,apps16,0,105366,	TOTAL: 105366
052105-06:00:07,apps16,0,0,	TOTAL: 0
052105-07:00:07,apps16,0,0,	TOTAL: 0
052105-08:00:08,apps16,0,0,	TOTAL: 0
052105-09:00:09,apps16,0,37,	TOTAL: 37
052105-10:00:13,apps16,0,37,	TOTAL: 37
052105-11:00:10,apps16,0,37,	TOTAL: 37
052105-12:00:12,apps16,0,37,	TOTAL: 37
052105-13:00:11,apps16,0,37,	TOTAL: 37
052105-14:00:10,apps16,0,1079,	TOTAL: 1079
052105-15:00:08,apps16,0,1079,	TOTAL: 1079
052105-16:00:09,apps16,0,1079,	TOTAL: 1079
052105-17:00:07,apps16,0,1079,	TOTAL: 1079
052105-18:00:06,apps16,0,1079,	TOTAL: 1079
052105-19:00:06,apps16,0,1079,	TOTAL: 1079
052105-20:00:07,apps16,0,1079,	TOTAL: 1079
052105-21:00:07,apps16,0,1079,	TOTAL: 1079
052105-22:00:08,apps16,0,1079,	TOTAL: 1079
052105-23:00:07,apps16,0,1079,	TOTAL: 1079
052205-00:00:08,apps16,0,1079,	TOTAL: 1079
052205-01:00:08,apps16,0,1079,	TOTAL: 1079
052205-02:00:06,apps16,0,1079,	TOTAL: 1079
052205-03:00:07,apps16,0,358525,	TOTAL: 358525
052205-04:00:07,apps16,0,266001,	TOTAL: 266001
052205-05:00:08,apps16,0,52733,	TOTAL: 52733
052205-06:00:08,apps16,0,0,	TOTAL: 0
052205-07:00:10,apps16,0,0,	TOTAL: 0
052205-08:00:12,apps16,0,37,	TOTAL: 37
052205-09:00:11,apps16,0,37,	TOTAL: 37
052205-10:00:09,apps16,0,37,	TOTAL: 37
052205-11:00:10,apps16,0,37,	TOTAL: 37
052205-12:00:11,apps16,0,37,	TOTAL: 37
052205-13:00:09,apps16,0,1079,	TOTAL: 1079
052205-14:00:08,apps16,0,1079,	TOTAL: 1079
052205-15:00:07,apps16,0,1079,	TOTAL: 1079
052205-16:00:07,apps16,0,1079,	TOTAL: 1079
052205-17:00:07,apps16,0,1079,	TOTAL: 1079
052205-18:00:07,apps16,0,1079,	TOTAL: 1079
052205-19:00:07,apps16,0,1079,	TOTAL: 1079
052205-20:00:06,apps16,0,1079,	TOTAL: 1079
052205-21:00:07,apps16,0,1079,	TOTAL: 1079
052205-22:00:07,apps16,0,1079,	TOTAL: 1079
052205-23:00:08,apps16,0,1079,	TOTAL: 1079
052305-00:00:07,apps16,0,1079,	TOTAL: 1079
052305-01:00:07,apps16,0,1079,	TOTAL: 1079
052305-02:00:06,apps16,0,1079,	TOTAL: 1079
052305-03:00:07,apps16,0,268940,	TOTAL: 268940
052305-04:00:07,apps16,0,70155,	TOTAL: 70155
052305-05:00:08,apps16,0,0,	TOTAL: 0
052305-06:00:10,apps16,0,0,	TOTAL: 0
052305-07:00:12,apps16,0,37,	TOTAL: 37
052305-08:00:09,apps16,0,37,	TOTAL: 37
