030805-15:00:01,foobar1,0,623,	TOTAL: 623
030805-16:00:00,foobar1,0,623,	TOTAL: 623
030805-17:00:01,foobar1,0,623,	TOTAL: 623
030805-18:00:01,foobar1,0,623,	TOTAL: 623
030805-19:00:00,foobar1,0,623,	TOTAL: 623
030805-20:00:00,foobar1,0,623,	TOTAL: 623
030805-21:00:00,foobar1,0,623,	TOTAL: 623
030805-22:00:00,foobar1,0,623,	TOTAL: 623
030805-23:00:00,foobar1,0,623,	TOTAL: 623
030905-00:00:00,foobar1,0,623,	TOTAL: 623
030905-01:00:00,foobar1,0,623,	TOTAL: 623
030905-02:00:00,foobar1,0,0,	TOTAL: 0
030905-03:00:00,foobar1,0,0,	TOTAL: 0
030905-04:00:00,foobar1,0,0,	TOTAL: 0
030905-05:00:00,foobar1,0,0,	TOTAL: 0
030905-06:00:00,foobar1,0,0,	TOTAL: 0
030905-07:00:00,foobar1,0,619,	TOTAL: 619
030905-08:00:01,foobar1,0,619,	TOTAL: 619
030905-09:00:00,foobar1,0,619,	TOTAL: 619
030905-10:00:01,foobar1,0,619,	TOTAL: 619
030905-11:00:01,foobar1,0,619,	TOTAL: 619
030905-12:00:01,foobar1,0,619,	TOTAL: 619
030905-13:00:01,foobar1,0,619,	TOTAL: 619
030905-14:00:01,foobar1,0,623,	TOTAL: 623
030905-15:00:00,foobar1,0,623,	TOTAL: 623
030905-16:00:00,foobar1,0,623,	TOTAL: 623
030905-17:00:00,foobar1,0,623,	TOTAL: 623
030905-18:00:00,foobar1,0,623,	TOTAL: 623
030905-19:00:00,foobar1,0,623,	TOTAL: 623
030905-20:00:00,foobar1,0,623,	TOTAL: 623
030905-21:00:00,foobar1,0,623,	TOTAL: 623
030905-22:00:00,foobar1,0,623,	TOTAL: 623
030905-23:00:00,foobar1,0,623,	TOTAL: 623
031005-00:00:00,foobar1,0,623,	TOTAL: 623
031005-01:00:00,foobar1,0,623,	TOTAL: 623
031005-02:00:00,foobar1,0,0,	TOTAL: 0
031005-03:00:00,foobar1,0,0,	TOTAL: 0
031005-04:00:00,foobar1,0,0,	TOTAL: 0
031005-05:00:00,foobar1,0,0,	TOTAL: 0
031005-06:00:00,foobar1,0,0,	TOTAL: 0
031005-07:00:01,foobar1,0,619,	TOTAL: 619
031005-08:00:01,foobar1,0,619,	TOTAL: 619
031005-09:00:01,foobar1,0,619,	TOTAL: 619
031005-10:00:00,foobar1,0,619,	TOTAL: 619
031005-11:00:00,foobar1,0,622,	TOTAL: 622
031005-12:00:00,foobar1,0,623,	TOTAL: 623
031005-13:00:00,foobar1,0,623,	TOTAL: 623
031005-14:00:00,foobar1,0,623,	TOTAL: 623
031005-15:00:00,foobar1,0,623,	TOTAL: 623
031005-16:00:00,foobar1,0,623,	TOTAL: 623
031005-17:00:00,foobar1,0,623,	TOTAL: 623
031005-18:00:00,foobar1,0,623,	TOTAL: 623
031005-19:00:00,foobar1,0,623,	TOTAL: 623
031005-20:00:00,foobar1,0,623,	TOTAL: 623
031005-21:00:00,foobar1,0,623,	TOTAL: 623
031005-22:00:00,foobar1,0,623,	TOTAL: 623
031005-23:00:00,foobar1,0,623,	TOTAL: 623
031105-00:00:00,foobar1,0,623,	TOTAL: 623
031105-01:00:00,foobar1,0,623,	TOTAL: 623
031105-02:00:00,foobar1,0,0,	TOTAL: 0
031105-03:00:00,foobar1,0,0,	TOTAL: 0
031105-04:00:00,foobar1,0,0,	TOTAL: 0
031105-05:00:00,foobar1,0,0,	TOTAL: 0
031105-06:00:00,foobar1,0,0,	TOTAL: 0
031105-07:00:00,foobar1,0,619,	TOTAL: 619
031105-08:00:00,foobar1,0,619,	TOTAL: 619
031105-09:00:01,foobar1,0,619,	TOTAL: 619
031105-10:00:01,foobar1,0,622,	TOTAL: 622
031105-11:00:01,foobar1,0,622,	TOTAL: 622
031105-12:00:01,foobar1,0,622,	TOTAL: 622
031105-13:00:01,foobar1,0,622,	TOTAL: 622
031105-14:00:00,foobar1,0,622,	TOTAL: 622
031105-15:00:00,foobar1,0,623,	TOTAL: 623
031105-16:00:01,foobar1,0,623,	TOTAL: 623
031105-17:00:00,foobar1,0,0,	TOTAL: 0
031105-18:00:00,foobar1,0,0,	TOTAL: 0
031105-19:00:00,foobar1,0,0,	TOTAL: 0
031105-20:00:00,foobar1,0,0,	TOTAL: 0
031105-21:00:00,foobar1,0,0,	TOTAL: 0
031105-22:00:01,foobar1,0,619,	TOTAL: 619
031105-23:00:03,foobar1,0,619,	TOTAL: 619
031205-00:00:00,foobar1,0,619,	TOTAL: 619
031205-01:00:00,foobar1,0,619,	TOTAL: 619
031205-02:00:00,foobar1,0,1662288,	TOTAL: 1662288
031205-03:00:00,foobar1,0,733195,	TOTAL: 733195
031205-04:00:00,foobar1,0,187006,	TOTAL: 187006
031205-05:00:00,foobar1,0,482,	TOTAL: 482
031205-06:00:00,foobar1,0,0,	TOTAL: 0
031205-07:00:00,foobar1,0,619,	TOTAL: 619
031205-08:00:01,foobar1,0,619,	TOTAL: 619
031205-09:00:01,foobar1,0,619,	TOTAL: 619
031205-10:00:00,foobar1,0,619,	TOTAL: 619
031205-11:00:00,foobar1,0,623,	TOTAL: 623
031205-12:00:00,foobar1,0,623,	TOTAL: 623
031205-13:00:00,foobar1,0,623,	TOTAL: 623
031205-14:00:00,foobar1,0,623,	TOTAL: 623
031205-15:00:00,foobar1,0,623,	TOTAL: 623
031205-16:00:00,foobar1,0,623,	TOTAL: 623
031205-17:00:00,foobar1,0,623,	TOTAL: 623
031205-18:00:00,foobar1,0,623,	TOTAL: 623
031205-19:00:00,foobar1,0,623,	TOTAL: 623
031205-20:00:00,foobar1,0,623,	TOTAL: 623
031205-21:00:00,foobar1,0,623,	TOTAL: 623
031205-22:00:00,foobar1,0,623,	TOTAL: 623
031205-23:00:00,foobar1,0,623,	TOTAL: 623
031305-00:00:00,foobar1,0,623,	TOTAL: 623
031305-01:00:00,foobar1,0,623,	TOTAL: 623
031305-02:00:00,foobar1,0,1714528,	TOTAL: 1714528
031305-03:00:00,foobar1,0,883331,	TOTAL: 883331
031305-04:00:01,foobar1,0,276448,	TOTAL: 276448
031305-05:00:00,foobar1,0,8578,	TOTAL: 8578
031305-06:00:01,foobar1,0,0,	TOTAL: 0
031305-07:00:01,foobar1,0,0,	TOTAL: 0
031305-08:00:01,foobar1,0,619,	TOTAL: 619
031305-09:00:01,foobar1,0,619,	TOTAL: 619
031305-10:00:01,foobar1,0,619,	TOTAL: 619
031305-11:00:01,foobar1,0,619,	TOTAL: 619
031305-12:00:01,foobar1,0,623,	TOTAL: 623
031305-13:00:00,foobar1,0,623,	TOTAL: 623
031305-14:00:00,foobar1,0,623,	TOTAL: 623
031305-15:00:00,foobar1,0,623,	TOTAL: 623
031305-16:00:00,foobar1,0,623,	TOTAL: 623
031305-17:00:00,foobar1,0,623,	TOTAL: 623
031305-18:00:00,foobar1,0,623,	TOTAL: 623
031305-19:00:00,foobar1,0,623,	TOTAL: 623
031305-20:00:00,foobar1,0,623,	TOTAL: 623
031305-21:00:00,foobar1,0,623,	TOTAL: 623
031305-22:00:00,foobar1,0,623,	TOTAL: 623
031305-23:00:00,foobar1,0,623,	TOTAL: 623
031405-00:00:00,foobar1,0,623,	TOTAL: 623
031405-01:00:00,foobar1,0,623,	TOTAL: 623
031405-02:00:00,foobar1,0,623,	TOTAL: 623
031405-03:00:00,foobar1,0,623,	TOTAL: 623
031405-04:00:00,foobar1,0,623,	TOTAL: 623
031405-05:00:00,foobar1,0,623,	TOTAL: 623
031405-06:00:01,foobar1,0,623,	TOTAL: 623
031405-07:00:00,foobar1,0,623,	TOTAL: 623
031405-08:00:00,foobar1,0,623,	TOTAL: 623
031405-09:00:01,foobar1,0,623,	TOTAL: 623
031405-10:00:00,foobar1,0,623,	TOTAL: 623
031405-11:00:00,foobar1,0,623,	TOTAL: 623
031405-12:00:00,foobar1,0,623,	TOTAL: 623
031405-13:00:00,foobar1,0,623,	TOTAL: 623
031405-14:00:00,foobar1,0,623,	TOTAL: 623
031405-15:00:00,foobar1,0,623,	TOTAL: 623
031405-16:00:00,foobar1,0,623,	TOTAL: 623
031405-17:00:00,foobar1,0,623,	TOTAL: 623
031405-18:00:00,foobar1,0,623,	TOTAL: 623
031405-19:00:00,foobar1,0,623,	TOTAL: 623
031405-20:00:00,foobar1,0,623,	TOTAL: 623
031405-21:00:00,foobar1,0,623,	TOTAL: 623
031405-22:00:00,foobar1,0,623,	TOTAL: 623
031405-23:00:00,foobar1,0,623,	TOTAL: 623
031505-00:00:00,foobar1,0,623,	TOTAL: 623
031505-01:00:00,foobar1,0,623,	TOTAL: 623
031505-02:00:00,foobar1,0,0,	TOTAL: 0
031505-03:00:00,foobar1,0,0,	TOTAL: 0
031505-04:00:00,foobar1,0,0,	TOTAL: 0
031505-05:00:01,foobar1,0,0,	TOTAL: 0
031505-06:00:00,foobar1,0,0,	TOTAL: 0
031505-07:00:01,foobar1,0,619,	TOTAL: 619
031505-08:00:00,foobar1,0,619,	TOTAL: 619
031505-09:00:00,foobar1,0,619,	TOTAL: 619
031505-10:00:01,foobar1,0,619,	TOTAL: 619
031505-11:00:01,foobar1,0,623,	TOTAL: 623
031505-12:00:00,foobar1,0,623,	TOTAL: 623
031505-13:00:01,foobar1,0,623,	TOTAL: 623
031505-14:00:00,foobar1,0,623,	TOTAL: 623
031505-15:00:00,foobar1,0,623,	TOTAL: 623
031505-16:00:00,foobar1,0,623,	TOTAL: 623
031505-17:00:01,foobar1,0,623,	TOTAL: 623
031505-18:00:00,foobar1,0,623,	TOTAL: 623
031505-19:00:00,foobar1,0,623,	TOTAL: 623
031505-20:00:00,foobar1,0,623,	TOTAL: 623
031505-21:00:01,foobar1,0,623,	TOTAL: 623
031505-22:00:00,foobar1,0,623,	TOTAL: 623
031505-23:00:00,foobar1,0,623,	TOTAL: 623
031605-00:00:01,foobar1,0,623,	TOTAL: 623
031605-01:00:00,foobar1,0,623,	TOTAL: 623
031605-02:00:00,foobar1,0,1672456,	TOTAL: 1672456
031605-03:00:00,foobar1,0,808390,	TOTAL: 808390
031605-04:00:00,foobar1,0,189010,	TOTAL: 189010
031605-05:00:00,foobar1,0,0,	TOTAL: 0
031605-06:00:00,foobar1,0,0,	TOTAL: 0
031605-07:00:01,foobar1,0,0,	TOTAL: 0
031605-08:00:00,foobar1,0,619,	TOTAL: 619
031605-09:00:01,foobar1,0,619,	TOTAL: 619
031605-10:00:01,foobar1,0,619,	TOTAL: 619
031605-11:00:00,foobar1,0,619,	TOTAL: 619
031605-12:00:01,foobar1,0,623,	TOTAL: 623
031605-13:00:00,foobar1,0,623,	TOTAL: 623
031605-14:00:00,foobar1,0,623,	TOTAL: 623
031605-15:00:00,foobar1,0,623,	TOTAL: 623
031605-16:00:00,foobar1,0,623,	TOTAL: 623
031605-17:00:00,foobar1,0,623,	TOTAL: 623
031605-18:00:00,foobar1,0,623,	TOTAL: 623
031605-19:00:00,foobar1,0,623,	TOTAL: 623
031605-20:00:00,foobar1,0,623,	TOTAL: 623
031605-21:00:00,foobar1,0,623,	TOTAL: 623
031605-22:00:00,foobar1,0,623,	TOTAL: 623
031605-23:00:00,foobar1,0,623,	TOTAL: 623
031705-00:00:00,foobar1,0,623,	TOTAL: 623
031705-01:00:00,foobar1,0,623,	TOTAL: 623
031705-02:00:00,foobar1,0,1619881,	TOTAL: 1619881
031705-03:00:00,foobar1,0,757754,	TOTAL: 757754
031705-04:00:00,foobar1,0,202730,	TOTAL: 202730
031705-05:00:00,foobar1,0,6296,	TOTAL: 6296
031705-06:00:00,foobar1,0,0,	TOTAL: 0
031705-07:00:00,foobar1,0,0,	TOTAL: 0
031705-08:00:00,foobar1,0,619,	TOTAL: 619
031705-09:00:01,foobar1,0,619,	TOTAL: 619
031705-10:00:01,foobar1,0,619,	TOTAL: 619
031705-11:00:01,foobar1,0,619,	TOTAL: 619
031705-12:00:01,foobar1,0,621,	TOTAL: 621
031705-13:00:00,foobar1,0,623,	TOTAL: 623
031705-14:00:00,foobar1,0,623,	TOTAL: 623
031705-15:00:00,foobar1,0,623,	TOTAL: 623
031705-16:00:00,foobar1,0,623,	TOTAL: 623
031705-17:00:01,foobar1,0,623,	TOTAL: 623
031705-18:00:00,foobar1,0,623,	TOTAL: 623
031705-19:00:00,foobar1,0,623,	TOTAL: 623
031705-20:00:00,foobar1,0,623,	TOTAL: 623
031705-21:00:00,foobar1,0,623,	TOTAL: 623
031705-22:00:00,foobar1,0,623,	TOTAL: 623
031705-23:00:00,foobar1,0,623,	TOTAL: 623
031805-00:00:00,foobar1,0,623,	TOTAL: 623
031805-01:00:00,foobar1,0,623,	TOTAL: 623
031805-02:00:00,foobar1,0,1631787,	TOTAL: 1631787
031805-03:00:00,foobar1,0,806817,	TOTAL: 806817
031805-04:00:00,foobar1,0,309066,	TOTAL: 309066
031805-05:00:00,foobar1,0,14276,	TOTAL: 14276
031805-06:00:00,foobar1,0,0,	TOTAL: 0
031805-07:00:00,foobar1,0,0,	TOTAL: 0
031805-08:00:00,foobar1,0,619,	TOTAL: 619
031805-09:00:00,foobar1,0,619,	TOTAL: 619
031805-10:00:01,foobar1,0,619,	TOTAL: 619
031805-11:00:01,foobar1,0,619,	TOTAL: 619
031805-12:00:01,foobar1,0,623,	TOTAL: 623
031805-13:00:01,foobar1,0,623,	TOTAL: 623
031805-14:00:00,foobar1,0,623,	TOTAL: 623
031805-15:00:00,foobar1,0,623,	TOTAL: 623
031805-16:00:00,foobar1,0,623,	TOTAL: 623
031805-17:00:00,foobar1,0,623,	TOTAL: 623
031805-18:00:00,foobar1,0,623,	TOTAL: 623
031805-19:00:00,foobar1,0,623,	TOTAL: 623
031805-20:00:00,foobar1,0,623,	TOTAL: 623
031805-21:00:01,foobar1,0,623,	TOTAL: 623
031805-22:00:01,foobar1,0,623,	TOTAL: 623
031805-23:00:01,foobar1,0,623,	TOTAL: 623
031905-00:00:00,foobar1,0,623,	TOTAL: 623
031905-01:00:00,foobar1,0,623,	TOTAL: 623
031905-02:00:00,foobar1,0,1668583,	TOTAL: 1668583
031905-03:00:00,foobar1,0,784341,	TOTAL: 784341
031905-04:00:00,foobar1,0,260242,	TOTAL: 260242
031905-05:00:00,foobar1,0,1937,	TOTAL: 1937
031905-06:00:00,foobar1,0,0,	TOTAL: 0
031905-07:00:00,foobar1,0,0,	TOTAL: 0
031905-08:00:00,foobar1,0,619,	TOTAL: 619
031905-09:00:00,foobar1,0,619,	TOTAL: 619
031905-10:00:01,foobar1,0,619,	TOTAL: 619
031905-11:00:01,foobar1,0,619,	TOTAL: 619
031905-12:00:00,foobar1,0,619,	TOTAL: 619
031905-13:00:01,foobar1,0,619,	TOTAL: 619
031905-14:00:01,foobar1,0,623,	TOTAL: 623
031905-15:00:00,foobar1,0,623,	TOTAL: 623
031905-16:00:00,foobar1,0,623,	TOTAL: 623
031905-17:00:00,foobar1,0,623,	TOTAL: 623
031905-18:00:00,foobar1,0,623,	TOTAL: 623
031905-19:00:00,foobar1,0,623,	TOTAL: 623
031905-20:00:00,foobar1,0,623,	TOTAL: 623
031905-21:00:00,foobar1,0,623,	TOTAL: 623
031905-22:00:01,foobar1,0,623,	TOTAL: 623
031905-23:00:00,foobar1,0,623,	TOTAL: 623
032005-00:00:00,foobar1,0,623,	TOTAL: 623
032005-01:00:00,foobar1,0,623,	TOTAL: 623
032005-02:00:00,foobar1,0,1586912,	TOTAL: 1586912
032005-03:00:01,foobar1,0,497841,	TOTAL: 497841
032005-04:00:01,foobar1,0,91326,	TOTAL: 91326
032005-05:00:00,foobar1,0,0,	TOTAL: 0
032005-06:00:00,foobar1,0,0,	TOTAL: 0
032005-07:00:01,foobar1,0,619,	TOTAL: 619
032005-08:00:00,foobar1,0,619,	TOTAL: 619
032005-09:00:00,foobar1,0,619,	TOTAL: 619
032005-10:00:00,foobar1,0,619,	TOTAL: 619
032005-11:00:00,foobar1,0,620,	TOTAL: 620
032005-12:00:01,foobar1,0,623,	TOTAL: 623
032005-13:00:00,foobar1,0,623,	TOTAL: 623
032005-14:00:00,foobar1,0,623,	TOTAL: 623
032005-15:00:00,foobar1,0,623,	TOTAL: 623
032005-16:00:00,foobar1,0,623,	TOTAL: 623
032005-17:00:01,foobar1,0,623,	TOTAL: 623
032005-18:00:00,foobar1,0,623,	TOTAL: 623
032005-19:00:00,foobar1,0,623,	TOTAL: 623
032005-20:00:01,foobar1,0,623,	TOTAL: 623
032005-21:00:00,foobar1,0,623,	TOTAL: 623
032005-22:00:00,foobar1,0,623,	TOTAL: 623
032005-23:00:00,foobar1,0,623,	TOTAL: 623
032105-00:00:00,foobar1,0,623,	TOTAL: 623
032105-01:00:01,foobar1,0,623,	TOTAL: 623
032105-02:00:00,foobar1,0,1618571,	TOTAL: 1618571
032105-03:00:00,foobar1,0,716267,	TOTAL: 716267
032105-04:00:00,foobar1,0,148296,	TOTAL: 148296
032105-05:00:00,foobar1,0,0,	TOTAL: 0
032105-06:00:00,foobar1,0,0,	TOTAL: 0
032105-07:00:01,foobar1,0,0,	TOTAL: 0
032105-08:00:01,foobar1,0,619,	TOTAL: 619
032105-09:00:01,foobar1,0,619,	TOTAL: 619
032105-10:00:01,foobar1,0,619,	TOTAL: 619
032105-11:00:01,foobar1,0,619,	TOTAL: 619
032105-12:00:01,foobar1,0,623,	TOTAL: 623
032105-13:00:00,foobar1,0,623,	TOTAL: 623
032105-14:00:00,foobar1,0,623,	TOTAL: 623
032105-15:00:00,foobar1,0,623,	TOTAL: 623
032105-16:00:00,foobar1,0,623,	TOTAL: 623
032105-17:00:00,foobar1,0,623,	TOTAL: 623
032105-18:00:00,foobar1,0,623,	TOTAL: 623
032105-19:00:00,foobar1,0,623,	TOTAL: 623
032105-20:00:00,foobar1,0,623,	TOTAL: 623
032105-21:00:00,foobar1,0,623,	TOTAL: 623
032105-22:00:00,foobar1,0,623,	TOTAL: 623
032105-23:00:01,foobar1,0,623,	TOTAL: 623
032205-00:00:00,foobar1,0,623,	TOTAL: 623
032205-01:00:00,foobar1,0,623,	TOTAL: 623
032205-02:00:00,foobar1,0,1643664,	TOTAL: 1643664
032205-03:00:00,foobar1,0,770552,	TOTAL: 770552
032205-04:00:00,foobar1,0,239424,	TOTAL: 239424
032205-05:00:00,foobar1,0,21949,	TOTAL: 21949
032205-06:00:00,foobar1,0,0,	TOTAL: 0
032205-07:00:00,foobar1,0,0,	TOTAL: 0
032205-08:00:01,foobar1,0,619,	TOTAL: 619
032205-09:00:01,foobar1,0,619,	TOTAL: 619
032205-10:00:01,foobar1,0,619,	TOTAL: 619
032205-11:00:01,foobar1,0,619,	TOTAL: 619
032205-12:00:00,foobar1,0,619,	TOTAL: 619
032205-13:00:00,foobar1,0,623,	TOTAL: 623
032205-14:00:00,foobar1,0,623,	TOTAL: 623
032205-15:00:00,foobar1,0,623,	TOTAL: 623
032205-16:00:00,foobar1,0,623,	TOTAL: 623
032205-17:00:00,foobar1,0,623,	TOTAL: 623
032205-18:00:00,foobar1,0,623,	TOTAL: 623
032205-19:00:00,foobar1,0,623,	TOTAL: 623
032205-20:00:00,foobar1,0,623,	TOTAL: 623
032205-21:00:00,foobar1,0,623,	TOTAL: 623
032205-22:00:01,foobar1,0,623,	TOTAL: 623
032205-23:00:00,foobar1,0,623,	TOTAL: 623
032305-00:00:00,foobar1,0,623,	TOTAL: 623
032305-01:00:01,foobar1,0,623,	TOTAL: 623
032305-02:00:00,foobar1,0,0,	TOTAL: 0
032305-03:00:00,foobar1,0,0,	TOTAL: 0
032305-04:00:00,foobar1,0,0,	TOTAL: 0
032305-05:00:00,foobar1,0,0,	TOTAL: 0
032305-06:00:00,foobar1,0,0,	TOTAL: 0
032305-07:00:01,foobar1,0,619,	TOTAL: 619
032305-08:00:00,foobar1,0,619,	TOTAL: 619
032305-09:00:01,foobar1,0,619,	TOTAL: 619
032305-10:00:00,foobar1,0,619,	TOTAL: 619
032305-11:00:01,foobar1,0,623,	TOTAL: 623
032305-12:00:01,foobar1,0,623,	TOTAL: 623
032305-13:00:00,foobar1,0,623,	TOTAL: 623
032305-14:00:00,foobar1,0,623,	TOTAL: 623
032305-15:00:00,foobar1,0,623,	TOTAL: 623
032305-16:00:00,foobar1,0,623,	TOTAL: 623
032305-17:00:00,foobar1,0,623,	TOTAL: 623
032305-18:00:01,foobar1,0,623,	TOTAL: 623
032305-19:00:00,foobar1,0,623,	TOTAL: 623
032305-20:00:00,foobar1,0,623,	TOTAL: 623
032305-21:00:00,foobar1,0,623,	TOTAL: 623
032305-22:00:00,foobar1,0,623,	TOTAL: 623
032305-23:00:00,foobar1,0,623,	TOTAL: 623
032405-00:00:00,foobar1,0,623,	TOTAL: 623
032405-01:00:01,foobar1,0,623,	TOTAL: 623
032405-02:00:00,foobar1,0,0,	TOTAL: 0
032405-03:00:00,foobar1,0,0,	TOTAL: 0
032405-04:00:00,foobar1,0,0,	TOTAL: 0
032405-05:00:00,foobar1,0,0,	TOTAL: 0
032405-06:00:00,foobar1,0,0,	TOTAL: 0
032405-07:00:01,foobar1,0,619,	TOTAL: 619
032405-08:00:01,foobar1,0,619,	TOTAL: 619
032405-09:00:01,foobar1,0,619,	TOTAL: 619
032405-10:00:00,foobar1,0,619,	TOTAL: 619
032405-11:00:01,foobar1,0,619,	TOTAL: 619
032405-12:00:00,foobar1,0,623,	TOTAL: 623
032405-13:00:00,foobar1,0,623,	TOTAL: 623
032405-14:00:00,foobar1,0,623,	TOTAL: 623
032405-15:00:00,foobar1,0,623,	TOTAL: 623
032405-16:00:00,foobar1,0,623,	TOTAL: 623
032405-17:00:00,foobar1,0,623,	TOTAL: 623
032405-18:00:00,foobar1,0,623,	TOTAL: 623
032405-19:00:01,foobar1,0,623,	TOTAL: 623
032405-20:00:00,foobar1,0,623,	TOTAL: 623
032405-21:00:00,foobar1,0,623,	TOTAL: 623
032405-22:00:00,foobar1,0,623,	TOTAL: 623
032405-23:00:00,foobar1,0,623,	TOTAL: 623
032505-00:00:00,foobar1,0,623,	TOTAL: 623
032505-01:00:01,foobar1,0,623,	TOTAL: 623
032505-02:00:00,foobar1,0,0,	TOTAL: 0
032505-03:00:00,foobar1,0,0,	TOTAL: 0
032505-04:00:01,foobar1,0,0,	TOTAL: 0
032505-05:00:01,foobar1,0,0,	TOTAL: 0
032505-06:00:01,foobar1,0,0,	TOTAL: 0
032505-07:00:00,foobar1,0,619,	TOTAL: 619
032505-08:00:00,foobar1,0,619,	TOTAL: 619
032505-09:00:01,foobar1,0,619,	TOTAL: 619
032505-10:00:01,foobar1,0,619,	TOTAL: 619
032505-11:00:01,foobar1,0,623,	TOTAL: 623
032505-12:00:01,foobar1,0,623,	TOTAL: 623
032505-13:00:01,foobar1,0,623,	TOTAL: 623
032505-14:00:00,foobar1,0,623,	TOTAL: 623
032505-15:00:00,foobar1,0,623,	TOTAL: 623
032505-16:00:00,foobar1,0,623,	TOTAL: 623
032505-17:00:00,foobar1,0,623,	TOTAL: 623
032505-18:00:00,foobar1,0,623,	TOTAL: 623
032505-19:00:00,foobar1,0,623,	TOTAL: 623
032505-20:00:00,foobar1,0,623,	TOTAL: 623
032505-21:00:00,foobar1,0,623,	TOTAL: 623
032505-22:00:00,foobar1,0,623,	TOTAL: 623
032505-23:00:00,foobar1,0,623,	TOTAL: 623
032605-00:00:00,foobar1,0,623,	TOTAL: 623
032605-01:00:00,foobar1,0,623,	TOTAL: 623
032605-02:00:01,foobar1,0,1671552,	TOTAL: 1671552
032605-03:00:00,foobar1,0,763120,	TOTAL: 763120
032605-04:00:00,foobar1,0,230770,	TOTAL: 230770
032605-05:00:00,foobar1,0,49735,	TOTAL: 49735
032605-06:00:01,foobar1,0,0,	TOTAL: 0
032605-07:00:00,foobar1,0,619,	TOTAL: 619
032605-08:00:00,foobar1,0,619,	TOTAL: 619
032605-09:00:00,foobar1,0,619,	TOTAL: 619
032605-10:00:00,foobar1,0,619,	TOTAL: 619
032605-11:00:01,foobar1,0,619,	TOTAL: 619
032605-12:00:00,foobar1,0,621,	TOTAL: 621
032605-13:00:00,foobar1,0,623,	TOTAL: 623
032605-14:00:00,foobar1,0,623,	TOTAL: 623
032605-15:00:00,foobar1,0,623,	TOTAL: 623
032605-16:00:00,foobar1,0,623,	TOTAL: 623
032605-17:00:00,foobar1,0,623,	TOTAL: 623
032605-18:00:00,foobar1,0,623,	TOTAL: 623
032605-19:00:00,foobar1,0,623,	TOTAL: 623
032605-20:00:00,foobar1,0,623,	TOTAL: 623
032605-21:00:00,foobar1,0,623,	TOTAL: 623
032605-22:00:00,foobar1,0,623,	TOTAL: 623
032605-23:00:01,foobar1,0,623,	TOTAL: 623
032705-00:00:00,foobar1,0,623,	TOTAL: 623
032705-01:00:00,foobar1,0,623,	TOTAL: 623
032705-02:00:01,foobar1,0,1683956,	TOTAL: 1683956
032705-03:00:00,foobar1,0,735457,	TOTAL: 735457
032705-04:00:00,foobar1,0,228308,	TOTAL: 228308
032705-05:00:01,foobar1,0,4911,	TOTAL: 4911
032705-06:00:01,foobar1,0,0,	TOTAL: 0
032705-07:00:00,foobar1,0,0,	TOTAL: 0
032705-08:00:00,foobar1,0,619,	TOTAL: 619
032705-09:00:01,foobar1,0,619,	TOTAL: 619
032705-10:00:01,foobar1,0,619,	TOTAL: 619
032705-11:00:00,foobar1,0,619,	TOTAL: 619
032705-12:00:01,foobar1,0,619,	TOTAL: 619
032705-13:00:00,foobar1,0,623,	TOTAL: 623
032705-14:00:00,foobar1,0,623,	TOTAL: 623
032705-15:00:01,foobar1,0,623,	TOTAL: 623
032705-16:00:01,foobar1,0,623,	TOTAL: 623
032705-17:00:00,foobar1,0,623,	TOTAL: 623
032705-18:00:00,foobar1,0,623,	TOTAL: 623
032705-19:00:01,foobar1,0,623,	TOTAL: 623
032705-20:00:01,foobar1,0,623,	TOTAL: 623
032705-21:00:01,foobar1,0,623,	TOTAL: 623
032705-22:00:00,foobar1,0,623,	TOTAL: 623
032705-23:00:00,foobar1,0,623,	TOTAL: 623
032805-00:00:01,foobar1,0,623,	TOTAL: 623
032805-01:00:00,foobar1,0,623,	TOTAL: 623
032805-02:00:00,foobar1,0,0,	TOTAL: 0
032805-03:00:00,foobar1,0,0,	TOTAL: 0
032805-04:00:00,foobar1,0,0,	TOTAL: 0
032805-05:00:00,foobar1,0,0,	TOTAL: 0
032805-06:00:00,foobar1,0,0,	TOTAL: 0
032805-07:00:00,foobar1,0,619,	TOTAL: 619
032805-08:00:01,foobar1,0,619,	TOTAL: 619
032805-09:00:01,foobar1,0,619,	TOTAL: 619
032805-10:00:00,foobar1,0,619,	TOTAL: 619
032805-11:00:01,foobar1,0,623,	TOTAL: 623
032805-12:00:00,foobar1,0,623,	TOTAL: 623
032805-13:00:01,foobar1,0,623,	TOTAL: 623
032805-14:00:01,foobar1,0,623,	TOTAL: 623
032805-15:00:00,foobar1,0,623,	TOTAL: 623
032805-16:00:00,foobar1,0,623,	TOTAL: 623
032805-17:00:00,foobar1,0,623,	TOTAL: 623
032805-18:00:00,foobar1,0,623,	TOTAL: 623
032805-19:00:00,foobar1,0,623,	TOTAL: 623
032805-20:00:00,foobar1,0,623,	TOTAL: 623
032805-21:00:00,foobar1,0,623,	TOTAL: 623
032805-22:00:00,foobar1,0,623,	TOTAL: 623
032805-23:00:00,foobar1,0,623,	TOTAL: 623
032905-00:00:01,foobar1,0,623,	TOTAL: 623
032905-01:00:00,foobar1,0,623,	TOTAL: 623
032905-02:00:01,foobar1,0,0,	TOTAL: 0
032905-03:00:00,foobar1,0,0,	TOTAL: 0
032905-04:00:00,foobar1,0,0,	TOTAL: 0
032905-05:00:00,foobar1,0,0,	TOTAL: 0
032905-06:00:00,foobar1,0,0,	TOTAL: 0
032905-07:00:01,foobar1,0,619,	TOTAL: 619
032905-08:00:01,foobar1,0,619,	TOTAL: 619
032905-09:00:01,foobar1,0,619,	TOTAL: 619
032905-10:00:00,foobar1,0,619,	TOTAL: 619
032905-11:00:00,foobar1,0,619,	TOTAL: 619
032905-12:00:00,foobar1,0,623,	TOTAL: 623
032905-13:00:00,foobar1,0,623,	TOTAL: 623
032905-14:00:00,foobar1,0,623,	TOTAL: 623
032905-15:00:00,foobar1,0,623,	TOTAL: 623
032905-16:00:00,foobar1,0,623,	TOTAL: 623
032905-17:00:00,foobar1,0,623,	TOTAL: 623
032905-18:00:01,foobar1,0,623,	TOTAL: 623
032905-19:00:00,foobar1,0,623,	TOTAL: 623
032905-20:00:00,foobar1,0,623,	TOTAL: 623
032905-21:00:00,foobar1,0,623,	TOTAL: 623
032905-22:00:00,foobar1,0,623,	TOTAL: 623
032905-23:00:00,foobar1,0,623,	TOTAL: 623
033005-00:00:00,foobar1,0,623,	TOTAL: 623
033005-01:00:01,foobar1,0,623,	TOTAL: 623
033005-02:00:00,foobar1,0,0,	TOTAL: 0
033005-03:00:00,foobar1,0,0,	TOTAL: 0
033005-04:00:01,foobar1,0,0,	TOTAL: 0
033005-05:00:00,foobar1,0,0,	TOTAL: 0
033005-06:00:00,foobar1,0,0,	TOTAL: 0
033005-07:00:00,foobar1,0,619,	TOTAL: 619
033005-08:00:01,foobar1,0,619,	TOTAL: 619
033005-09:00:00,foobar1,0,619,	TOTAL: 619
033005-10:00:00,foobar1,0,619,	TOTAL: 619
033005-11:00:00,foobar1,0,619,	TOTAL: 619
033005-12:00:01,foobar1,0,619,	TOTAL: 619
033005-13:00:01,foobar1,0,619,	TOTAL: 619
033005-14:00:01,foobar1,0,623,	TOTAL: 623
033005-15:00:00,foobar1,0,623,	TOTAL: 623
033005-16:00:00,foobar1,0,623,	TOTAL: 623
033005-17:00:00,foobar1,0,623,	TOTAL: 623
033005-18:00:00,foobar1,0,623,	TOTAL: 623
033005-19:00:00,foobar1,0,623,	TOTAL: 623
033005-20:00:00,foobar1,0,623,	TOTAL: 623
033005-21:00:00,foobar1,0,623,	TOTAL: 623
033005-22:00:00,foobar1,0,623,	TOTAL: 623
033005-23:00:00,foobar1,0,623,	TOTAL: 623
033105-00:00:00,foobar1,0,623,	TOTAL: 623
033105-01:00:00,foobar1,0,623,	TOTAL: 623
033105-02:00:00,foobar1,0,0,	TOTAL: 0
033105-03:00:00,foobar1,0,0,	TOTAL: 0
033105-04:00:00,foobar1,0,0,	TOTAL: 0
033105-05:00:00,foobar1,0,0,	TOTAL: 0
033105-06:00:01,foobar1,0,0,	TOTAL: 0
033105-07:00:01,foobar1,0,619,	TOTAL: 619
033105-08:00:00,foobar1,0,619,	TOTAL: 619
033105-09:00:00,foobar1,0,619,	TOTAL: 619
033105-10:00:01,foobar1,0,619,	TOTAL: 619
033105-11:00:01,foobar1,0,623,	TOTAL: 623
033105-12:00:00,foobar1,0,623,	TOTAL: 623
033105-13:00:00,foobar1,0,623,	TOTAL: 623
033105-14:00:00,foobar1,0,623,	TOTAL: 623
033105-15:00:00,foobar1,0,623,	TOTAL: 623
033105-16:00:00,foobar1,0,623,	TOTAL: 623
033105-17:00:01,foobar1,0,623,	TOTAL: 623
033105-18:00:00,foobar1,0,623,	TOTAL: 623
033105-19:00:00,foobar1,0,623,	TOTAL: 623
033105-20:00:00,foobar1,0,623,	TOTAL: 623
033105-21:00:00,foobar1,0,623,	TOTAL: 623
033105-22:00:00,foobar1,0,623,	TOTAL: 623
033105-23:00:00,foobar1,0,623,	TOTAL: 623
040105-00:00:01,foobar1,0,623,	TOTAL: 623
040105-01:00:00,foobar1,0,623,	TOTAL: 623
040105-02:00:00,foobar1,0,0,	TOTAL: 0
040105-03:00:00,foobar1,0,0,	TOTAL: 0
040105-04:00:00,foobar1,0,0,	TOTAL: 0
040105-05:00:00,foobar1,0,0,	TOTAL: 0
040105-06:00:00,foobar1,0,0,	TOTAL: 0
040105-07:00:01,foobar1,0,619,	TOTAL: 619
040105-08:00:00,foobar1,0,619,	TOTAL: 619
040105-09:00:01,foobar1,0,619,	TOTAL: 619
040105-10:00:01,foobar1,0,619,	TOTAL: 619
040105-11:00:01,foobar1,0,623,	TOTAL: 623
040105-12:00:00,foobar1,0,623,	TOTAL: 623
040105-13:00:01,foobar1,0,623,	TOTAL: 623
040105-14:00:00,foobar1,0,623,	TOTAL: 623
040105-15:00:00,foobar1,0,623,	TOTAL: 623
040105-16:00:00,foobar1,0,623,	TOTAL: 623
040105-17:00:01,foobar1,0,623,	TOTAL: 623
040105-18:00:00,foobar1,0,623,	TOTAL: 623
040105-19:00:01,foobar1,0,623,	TOTAL: 623
040105-20:00:00,foobar1,0,623,	TOTAL: 623
040105-21:00:00,foobar1,0,623,	TOTAL: 623
040105-22:00:00,foobar1,0,623,	TOTAL: 623
040105-23:00:01,foobar1,0,623,	TOTAL: 623
040205-00:00:00,foobar1,0,623,	TOTAL: 623
040205-01:00:00,foobar1,0,623,	TOTAL: 623
040205-02:00:00,foobar1,0,1689310,	TOTAL: 1689310
040205-03:00:00,foobar1,0,744393,	TOTAL: 744393
040205-04:00:00,foobar1,0,271508,	TOTAL: 271508
040205-05:00:01,foobar1,0,72338,	TOTAL: 72338
040205-06:00:00,foobar1,0,0,	TOTAL: 0
040205-07:00:00,foobar1,0,0,	TOTAL: 0
040205-08:00:00,foobar1,0,619,	TOTAL: 619
040205-09:00:01,foobar1,0,619,	TOTAL: 619
040205-10:00:01,foobar1,0,619,	TOTAL: 619
040205-11:00:00,foobar1,0,619,	TOTAL: 619
040205-12:00:00,foobar1,0,623,	TOTAL: 623
040205-13:00:00,foobar1,0,623,	TOTAL: 623
040205-14:00:01,foobar1,0,623,	TOTAL: 623
040205-15:00:01,foobar1,0,623,	TOTAL: 623
040205-16:00:00,foobar1,0,623,	TOTAL: 623
040205-17:00:01,foobar1,0,623,	TOTAL: 623
040205-18:00:00,foobar1,0,623,	TOTAL: 623
040205-19:00:01,foobar1,0,623,	TOTAL: 623
040205-20:00:00,foobar1,0,623,	TOTAL: 623
040205-21:00:00,foobar1,0,623,	TOTAL: 623
040205-22:00:00,foobar1,0,623,	TOTAL: 623
040205-23:00:00,foobar1,0,623,	TOTAL: 623
040305-00:00:00,foobar1,0,623,	TOTAL: 623
040305-01:00:01,foobar1,0,623,	TOTAL: 623
040305-03:00:00,foobar1,0,1714387,	TOTAL: 1714387
040305-04:00:00,foobar1,0,1157320,	TOTAL: 1157320
040305-05:00:01,foobar1,0,560204,	TOTAL: 560204
040305-06:00:00,foobar1,0,92313,	TOTAL: 92313
040305-07:00:00,foobar1,0,0,	TOTAL: 0
040305-08:00:00,foobar1,0,0,	TOTAL: 0
040305-09:00:00,foobar1,0,619,	TOTAL: 619
040305-10:00:01,foobar1,0,619,	TOTAL: 619
040305-11:00:01,foobar1,0,619,	TOTAL: 619
040305-12:00:00,foobar1,0,619,	TOTAL: 619
040305-13:00:00,foobar1,0,623,	TOTAL: 623
040305-14:00:01,foobar1,0,623,	TOTAL: 623
040305-15:00:01,foobar1,0,623,	TOTAL: 623
040305-16:00:00,foobar1,0,623,	TOTAL: 623
040305-17:00:00,foobar1,0,623,	TOTAL: 623
040305-18:00:00,foobar1,0,623,	TOTAL: 623
040305-19:00:00,foobar1,0,623,	TOTAL: 623
040305-20:00:00,foobar1,0,623,	TOTAL: 623
040305-21:00:00,foobar1,0,623,	TOTAL: 623
040305-22:00:00,foobar1,0,623,	TOTAL: 623
040305-23:00:00,foobar1,0,623,	TOTAL: 623
040405-00:00:00,foobar1,0,623,	TOTAL: 623
040405-01:00:00,foobar1,0,623,	TOTAL: 623
040405-02:00:00,foobar1,0,0,	TOTAL: 0
040405-03:00:00,foobar1,0,0,	TOTAL: 0
040405-04:00:00,foobar1,0,0,	TOTAL: 0
040405-05:00:00,foobar1,0,0,	TOTAL: 0
040405-06:00:00,foobar1,0,0,	TOTAL: 0
040405-07:00:00,foobar1,0,619,	TOTAL: 619
040405-08:00:00,foobar1,0,619,	TOTAL: 619
040405-09:00:01,foobar1,0,619,	TOTAL: 619
040405-10:00:01,foobar1,0,619,	TOTAL: 619
040405-11:00:00,foobar1,0,623,	TOTAL: 623
040405-12:00:00,foobar1,0,623,	TOTAL: 623
040405-13:00:00,foobar1,0,623,	TOTAL: 623
040405-14:00:00,foobar1,0,623,	TOTAL: 623
040405-15:00:01,foobar1,0,623,	TOTAL: 623
040405-16:00:00,foobar1,0,623,	TOTAL: 623
040405-17:00:00,foobar1,0,623,	TOTAL: 623
040405-18:00:00,foobar1,0,623,	TOTAL: 623
040405-19:00:00,foobar1,0,623,	TOTAL: 623
040405-20:00:00,foobar1,0,623,	TOTAL: 623
040405-21:00:01,foobar1,0,623,	TOTAL: 623
040405-22:00:01,foobar1,0,623,	TOTAL: 623
040405-23:00:00,foobar1,0,276721,	TOTAL: 276721
040505-00:00:00,foobar1,0,276721,	TOTAL: 276721
040505-01:00:00,foobar1,0,276721,	TOTAL: 276721
040505-02:00:00,foobar1,0,276180,	TOTAL: 276180
040505-03:00:00,foobar1,0,276180,	TOTAL: 276180
040505-04:00:00,foobar1,0,276180,	TOTAL: 276180
040505-05:00:00,foobar1,0,276180,	TOTAL: 276180
040505-06:00:00,foobar1,0,276180,	TOTAL: 276180
040505-07:00:00,foobar1,0,276180,	TOTAL: 276180
040505-08:00:00,foobar1,0,276180,	TOTAL: 276180
040505-09:00:00,foobar1,0,276180,	TOTAL: 276180
040505-10:00:00,foobar1,0,276180,	TOTAL: 276180
040505-11:00:00,foobar1,0,276180,	TOTAL: 276180
040505-12:00:00,foobar1,0,276180,	TOTAL: 276180
040505-13:00:01,foobar1,0,276180,	TOTAL: 276180
040505-14:00:00,foobar1,0,276180,	TOTAL: 276180
040505-15:00:00,foobar1,0,276180,	TOTAL: 276180
040505-16:00:00,foobar1,0,276180,	TOTAL: 276180
040505-17:00:00,foobar1,0,276748,	TOTAL: 276748
040505-18:00:00,foobar1,0,276748,	TOTAL: 276748
040505-19:00:00,foobar1,0,276748,	TOTAL: 276748
040505-20:00:00,foobar1,0,276748,	TOTAL: 276748
040505-21:00:00,foobar1,0,276748,	TOTAL: 276748
040505-22:00:00,foobar1,0,276748,	TOTAL: 276748
040505-23:00:00,foobar1,0,276748,	TOTAL: 276748
040605-00:00:01,foobar1,0,276748,	TOTAL: 276748
040605-01:00:00,foobar1,0,276748,	TOTAL: 276748
040605-02:00:00,foobar1,0,1495813,	TOTAL: 1495813
040605-03:00:00,foobar1,0,1097345,	TOTAL: 1097345
040605-04:00:00,foobar1,0,555555,	TOTAL: 555555
040605-05:00:00,foobar1,0,101927,	TOTAL: 101927
040605-06:00:00,foobar1,0,0,	TOTAL: 0
040605-07:00:00,foobar1,0,0,	TOTAL: 0
040605-08:00:01,foobar1,0,619,	TOTAL: 619
040605-09:00:01,foobar1,0,619,	TOTAL: 619
040605-10:00:00,foobar1,0,619,	TOTAL: 619
040605-11:00:00,foobar1,0,619,	TOTAL: 619
040605-12:00:01,foobar1,0,623,	TOTAL: 623
040605-13:00:00,foobar1,0,623,	TOTAL: 623
040605-14:00:00,foobar1,0,623,	TOTAL: 623
040605-15:00:00,foobar1,0,623,	TOTAL: 623
040605-16:00:00,foobar1,0,623,	TOTAL: 623
040605-17:00:00,foobar1,0,623,	TOTAL: 623
040605-18:00:00,foobar1,0,623,	TOTAL: 623
040605-19:00:00,foobar1,0,623,	TOTAL: 623
040605-20:00:01,foobar1,0,623,	TOTAL: 623
040605-21:00:00,foobar1,0,623,	TOTAL: 623
040605-22:00:00,foobar1,0,623,	TOTAL: 623
040605-23:00:00,foobar1,0,623,	TOTAL: 623
040705-00:00:01,foobar1,0,623,	TOTAL: 623
040705-01:00:00,foobar1,0,623,	TOTAL: 623
040705-02:00:00,foobar1,0,0,	TOTAL: 0
040705-03:00:00,foobar1,0,0,	TOTAL: 0
040705-04:00:00,foobar1,0,0,	TOTAL: 0
040705-05:00:00,foobar1,0,0,	TOTAL: 0
040705-06:00:01,foobar1,0,0,	TOTAL: 0
040705-07:00:01,foobar1,0,619,	TOTAL: 619
040705-08:00:01,foobar1,0,619,	TOTAL: 619
040705-09:00:01,foobar1,0,619,	TOTAL: 619
040705-10:00:00,foobar1,0,619,	TOTAL: 619
040705-11:00:00,foobar1,0,619,	TOTAL: 619
040705-12:00:01,foobar1,0,623,	TOTAL: 623
040705-13:00:00,foobar1,0,623,	TOTAL: 623
040705-14:00:00,foobar1,0,623,	TOTAL: 623
040705-15:00:00,foobar1,0,623,	TOTAL: 623
040705-16:00:01,foobar1,0,623,	TOTAL: 623
040705-17:00:00,foobar1,0,623,	TOTAL: 623
040705-18:00:00,foobar1,0,623,	TOTAL: 623
040705-19:00:00,foobar1,0,623,	TOTAL: 623
040705-20:00:00,foobar1,0,623,	TOTAL: 623
040705-21:00:00,foobar1,0,623,	TOTAL: 623
040705-22:00:00,foobar1,0,623,	TOTAL: 623
040705-23:00:00,foobar1,0,623,	TOTAL: 623
040805-00:00:01,foobar1,0,623,	TOTAL: 623
040805-01:00:00,foobar1,0,623,	TOTAL: 623
040805-02:00:00,foobar1,0,0,	TOTAL: 0
040805-03:00:01,foobar1,0,0,	TOTAL: 0
040805-04:00:00,foobar1,0,0,	TOTAL: 0
040805-05:00:01,foobar1,0,0,	TOTAL: 0
040805-06:00:00,foobar1,0,0,	TOTAL: 0
040805-07:00:00,foobar1,0,619,	TOTAL: 619
040805-08:00:00,foobar1,0,619,	TOTAL: 619
040805-09:00:01,foobar1,0,619,	TOTAL: 619
040805-10:00:01,foobar1,0,619,	TOTAL: 619
040805-11:00:00,foobar1,0,619,	TOTAL: 619
040805-12:00:00,foobar1,0,619,	TOTAL: 619
040805-13:00:00,foobar1,0,619,	TOTAL: 619
040805-14:00:00,foobar1,0,619,	TOTAL: 619
040805-15:00:00,foobar1,0,619,	TOTAL: 619
040805-16:00:01,foobar1,0,623,	TOTAL: 623
040805-17:00:00,foobar1,0,623,	TOTAL: 623
040805-18:00:00,foobar1,0,623,	TOTAL: 623
040805-19:00:00,foobar1,0,623,	TOTAL: 623
040805-20:00:00,foobar1,0,623,	TOTAL: 623
040805-21:00:00,foobar1,0,623,	TOTAL: 623
040805-22:00:01,foobar1,0,623,	TOTAL: 623
040805-23:00:00,foobar1,0,623,	TOTAL: 623
040905-00:00:01,foobar1,0,623,	TOTAL: 623
040905-01:00:01,foobar1,0,623,	TOTAL: 623
040905-02:00:00,foobar1,0,1680345,	TOTAL: 1680345
040905-03:00:00,foobar1,0,772355,	TOTAL: 772355
040905-04:00:00,foobar1,0,234195,	TOTAL: 234195
040905-05:00:00,foobar1,0,0,	TOTAL: 0
040905-06:00:01,foobar1,0,0,	TOTAL: 0
040905-07:00:00,foobar1,0,619,	TOTAL: 619
040905-08:00:01,foobar1,0,619,	TOTAL: 619
040905-09:00:01,foobar1,0,619,	TOTAL: 619
040905-10:00:01,foobar1,0,619,	TOTAL: 619
040905-11:00:00,foobar1,0,623,	TOTAL: 623
040905-12:00:01,foobar1,0,623,	TOTAL: 623
040905-13:00:01,foobar1,0,623,	TOTAL: 623
040905-14:00:00,foobar1,0,623,	TOTAL: 623
040905-15:00:00,foobar1,0,623,	TOTAL: 623
040905-16:00:01,foobar1,0,623,	TOTAL: 623
040905-17:00:00,foobar1,0,623,	TOTAL: 623
040905-18:00:01,foobar1,0,623,	TOTAL: 623
040905-19:00:00,foobar1,0,623,	TOTAL: 623
040905-20:00:01,foobar1,0,623,	TOTAL: 623
040905-21:00:00,foobar1,0,623,	TOTAL: 623
040905-22:00:00,foobar1,0,623,	TOTAL: 623
040905-23:00:00,foobar1,0,623,	TOTAL: 623
041005-00:00:01,foobar1,0,623,	TOTAL: 623
041005-01:00:00,foobar1,0,623,	TOTAL: 623
041005-02:00:00,foobar1,0,1675010,	TOTAL: 1675010
041005-03:00:00,foobar1,0,796516,	TOTAL: 796516
041005-04:00:00,foobar1,0,211594,	TOTAL: 211594
041005-05:00:00,foobar1,0,19283,	TOTAL: 19283
041005-06:00:00,foobar1,0,0,	TOTAL: 0
041005-07:00:00,foobar1,0,0,	TOTAL: 0
041005-08:00:00,foobar1,0,619,	TOTAL: 619
041005-09:00:01,foobar1,0,619,	TOTAL: 619
041005-10:00:01,foobar1,0,619,	TOTAL: 619
041005-11:00:00,foobar1,0,619,	TOTAL: 619
041005-12:00:00,foobar1,0,619,	TOTAL: 619
041005-13:00:00,foobar1,0,619,	TOTAL: 619
041005-14:00:01,foobar1,0,619,	TOTAL: 619
041005-15:00:01,foobar1,0,623,	TOTAL: 623
041005-16:00:01,foobar1,0,623,	TOTAL: 623
041005-17:00:01,foobar1,0,623,	TOTAL: 623
041005-18:00:00,foobar1,0,623,	TOTAL: 623
041005-19:00:00,foobar1,0,623,	TOTAL: 623
041005-20:00:01,foobar1,0,623,	TOTAL: 623
041005-21:00:00,foobar1,0,623,	TOTAL: 623
041005-22:00:00,foobar1,0,623,	TOTAL: 623
041005-23:00:00,foobar1,0,623,	TOTAL: 623
041105-00:00:00,foobar1,0,623,	TOTAL: 623
041105-01:00:00,foobar1,0,623,	TOTAL: 623
041105-02:00:00,foobar1,0,0,	TOTAL: 0
041105-03:00:00,foobar1,0,0,	TOTAL: 0
041105-04:00:00,foobar1,0,0,	TOTAL: 0
041105-05:00:00,foobar1,0,0,	TOTAL: 0
041105-06:00:00,foobar1,0,0,	TOTAL: 0
041105-07:00:01,foobar1,0,619,	TOTAL: 619
041105-08:00:01,foobar1,0,619,	TOTAL: 619
041105-09:00:01,foobar1,0,619,	TOTAL: 619
041105-10:00:01,foobar1,0,619,	TOTAL: 619
041105-11:00:00,foobar1,0,619,	TOTAL: 619
041105-12:00:01,foobar1,0,619,	TOTAL: 619
041105-13:00:00,foobar1,0,623,	TOTAL: 623
041105-14:00:01,foobar1,0,623,	TOTAL: 623
041105-15:00:00,foobar1,0,623,	TOTAL: 623
041105-16:00:00,foobar1,0,623,	TOTAL: 623
041105-17:00:00,foobar1,0,623,	TOTAL: 623
041105-18:00:00,foobar1,0,623,	TOTAL: 623
041105-19:00:00,foobar1,0,623,	TOTAL: 623
041105-20:00:00,foobar1,0,623,	TOTAL: 623
041105-21:00:00,foobar1,0,623,	TOTAL: 623
041105-22:00:00,foobar1,0,623,	TOTAL: 623
041105-23:00:01,foobar1,0,623,	TOTAL: 623
041205-00:00:01,foobar1,0,623,	TOTAL: 623
041205-01:00:01,foobar1,0,623,	TOTAL: 623
041205-02:00:00,foobar1,0,0,	TOTAL: 0
041205-03:00:00,foobar1,0,0,	TOTAL: 0
041205-04:00:00,foobar1,0,0,	TOTAL: 0
041205-05:00:00,foobar1,0,0,	TOTAL: 0
041205-06:00:00,foobar1,0,0,	TOTAL: 0
041205-07:00:01,foobar1,0,619,	TOTAL: 619
041205-08:00:00,foobar1,0,619,	TOTAL: 619
041205-09:00:00,foobar1,0,619,	TOTAL: 619
041205-10:00:00,foobar1,0,619,	TOTAL: 619
041205-11:00:00,foobar1,0,619,	TOTAL: 619
041205-12:00:00,foobar1,0,619,	TOTAL: 619
041205-13:00:00,foobar1,0,619,	TOTAL: 619
041205-14:00:01,foobar1,0,623,	TOTAL: 623
041205-15:00:01,foobar1,0,623,	TOTAL: 623
041205-16:00:00,foobar1,0,623,	TOTAL: 623
041205-17:00:00,foobar1,0,623,	TOTAL: 623
041205-18:00:00,foobar1,0,623,	TOTAL: 623
041205-19:00:00,foobar1,0,623,	TOTAL: 623
041205-20:00:00,foobar1,0,623,	TOTAL: 623
041205-21:00:00,foobar1,0,623,	TOTAL: 623
041205-22:00:00,foobar1,0,623,	TOTAL: 623
041205-23:00:01,foobar1,0,623,	TOTAL: 623
041305-00:00:00,foobar1,0,623,	TOTAL: 623
041305-01:00:00,foobar1,0,623,	TOTAL: 623
041305-02:00:00,foobar1,0,0,	TOTAL: 0
041305-03:00:01,foobar1,0,0,	TOTAL: 0
041305-04:00:00,foobar1,0,0,	TOTAL: 0
041305-05:00:00,foobar1,0,0,	TOTAL: 0
041305-06:00:00,foobar1,0,0,	TOTAL: 0
041305-07:00:00,foobar1,0,619,	TOTAL: 619
041305-08:00:01,foobar1,0,619,	TOTAL: 619
041305-09:00:00,foobar1,0,619,	TOTAL: 619
041305-10:00:00,foobar1,0,619,	TOTAL: 619
041305-11:00:00,foobar1,0,619,	TOTAL: 619
041305-12:00:00,foobar1,0,619,	TOTAL: 619
041305-13:00:01,foobar1,0,619,	TOTAL: 619
041305-14:00:00,foobar1,0,619,	TOTAL: 619
041305-15:00:00,foobar1,0,619,	TOTAL: 619
041305-16:00:01,foobar1,0,623,	TOTAL: 623
041305-17:00:00,foobar1,0,623,	TOTAL: 623
041305-18:00:00,foobar1,0,623,	TOTAL: 623
041305-19:00:00,foobar1,0,623,	TOTAL: 623
041305-20:00:00,foobar1,0,623,	TOTAL: 623
041305-21:00:00,foobar1,0,623,	TOTAL: 623
041305-22:00:00,foobar1,0,623,	TOTAL: 623
041305-23:00:00,foobar1,0,623,	TOTAL: 623
041405-00:00:00,foobar1,0,623,	TOTAL: 623
041405-01:00:00,foobar1,0,623,	TOTAL: 623
041405-02:00:01,foobar1,0,0,	TOTAL: 0
041405-03:00:01,foobar1,0,0,	TOTAL: 0
041405-04:00:01,foobar1,0,0,	TOTAL: 0
041405-05:00:00,foobar1,0,0,	TOTAL: 0
041405-06:00:00,foobar1,0,0,	TOTAL: 0
041405-07:00:00,foobar1,0,619,	TOTAL: 619
041405-08:00:00,foobar1,0,619,	TOTAL: 619
041405-09:00:00,foobar1,0,619,	TOTAL: 619
041405-10:00:00,foobar1,0,619,	TOTAL: 619
041405-11:00:00,foobar1,0,619,	TOTAL: 619
041405-12:00:00,foobar1,0,619,	TOTAL: 619
041405-13:00:01,foobar1,0,619,	TOTAL: 619
041405-14:00:00,foobar1,0,619,	TOTAL: 619
041405-15:00:01,foobar1,0,622,	TOTAL: 622
041405-16:00:01,foobar1,0,623,	TOTAL: 623
041405-17:00:00,foobar1,0,623,	TOTAL: 623
041405-18:00:00,foobar1,0,623,	TOTAL: 623
041405-19:00:00,foobar1,0,623,	TOTAL: 623
041405-20:00:00,foobar1,0,623,	TOTAL: 623
041405-21:00:00,foobar1,0,623,	TOTAL: 623
041405-22:00:00,foobar1,0,623,	TOTAL: 623
041405-23:00:00,foobar1,0,623,	TOTAL: 623
041505-00:00:01,foobar1,0,623,	TOTAL: 623
041505-01:00:00,foobar1,0,623,	TOTAL: 623
041505-02:00:00,foobar1,0,0,	TOTAL: 0
041505-03:00:00,foobar1,0,0,	TOTAL: 0
041505-04:00:00,foobar1,0,0,	TOTAL: 0
041505-05:00:00,foobar1,0,0,	TOTAL: 0
041505-06:00:00,foobar1,0,0,	TOTAL: 0
041505-07:00:01,foobar1,0,619,	TOTAL: 619
041505-08:00:01,foobar1,0,619,	TOTAL: 619
041505-09:00:00,foobar1,0,619,	TOTAL: 619
041505-10:00:00,foobar1,0,619,	TOTAL: 619
041505-11:00:00,foobar1,0,621,	TOTAL: 621
041505-12:00:00,foobar1,0,623,	TOTAL: 623
041505-13:00:00,foobar1,0,623,	TOTAL: 623
041505-14:00:00,foobar1,0,623,	TOTAL: 623
041505-15:00:00,foobar1,0,623,	TOTAL: 623
041505-16:00:00,foobar1,0,623,	TOTAL: 623
041505-17:00:00,foobar1,0,623,	TOTAL: 623
041505-18:00:00,foobar1,0,623,	TOTAL: 623
041505-19:00:00,foobar1,0,623,	TOTAL: 623
041505-20:00:00,foobar1,0,623,	TOTAL: 623
041505-21:00:00,foobar1,0,623,	TOTAL: 623
041505-22:00:00,foobar1,0,623,	TOTAL: 623
041505-23:00:00,foobar1,0,623,	TOTAL: 623
041605-00:00:01,foobar1,0,623,	TOTAL: 623
041605-01:00:00,foobar1,0,623,	TOTAL: 623
041605-02:00:00,foobar1,0,1759740,	TOTAL: 1759740
041605-03:00:00,foobar1,0,983459,	TOTAL: 983459
041605-04:00:00,foobar1,0,374620,	TOTAL: 374620
041605-05:00:00,foobar1,0,55546,	TOTAL: 55546
041605-06:00:00,foobar1,0,0,	TOTAL: 0
041605-07:00:01,foobar1,0,0,	TOTAL: 0
041605-08:00:01,foobar1,0,619,	TOTAL: 619
041605-09:00:00,foobar1,0,619,	TOTAL: 619
041605-10:00:00,foobar1,0,619,	TOTAL: 619
041605-11:00:01,foobar1,0,619,	TOTAL: 619
041605-12:00:01,foobar1,0,619,	TOTAL: 619
041605-13:00:00,foobar1,0,619,	TOTAL: 619
041605-14:00:01,foobar1,0,623,	TOTAL: 623
041605-15:00:00,foobar1,0,623,	TOTAL: 623
041605-16:00:00,foobar1,0,623,	TOTAL: 623
041605-17:00:00,foobar1,0,623,	TOTAL: 623
041605-18:00:00,foobar1,0,623,	TOTAL: 623
041605-19:00:00,foobar1,0,623,	TOTAL: 623
041605-20:00:01,foobar1,0,623,	TOTAL: 623
041605-21:00:00,foobar1,0,623,	TOTAL: 623
041605-22:00:00,foobar1,0,623,	TOTAL: 623
041605-23:00:00,foobar1,0,623,	TOTAL: 623
041705-00:00:00,foobar1,0,623,	TOTAL: 623
041705-01:00:00,foobar1,0,623,	TOTAL: 623
041705-02:00:00,foobar1,0,1684984,	TOTAL: 1684984
041705-03:00:01,foobar1,0,795820,	TOTAL: 795820
041705-04:00:00,foobar1,0,237665,	TOTAL: 237665
041705-05:00:00,foobar1,0,11878,	TOTAL: 11878
041705-06:00:00,foobar1,0,0,	TOTAL: 0
041705-07:00:00,foobar1,0,619,	TOTAL: 619
041705-08:00:00,foobar1,0,619,	TOTAL: 619
041705-09:00:00,foobar1,0,619,	TOTAL: 619
041705-10:00:00,foobar1,0,619,	TOTAL: 619
041705-11:00:01,foobar1,0,622,	TOTAL: 622
041705-12:00:00,foobar1,0,623,	TOTAL: 623
041705-13:00:00,foobar1,0,623,	TOTAL: 623
041705-14:00:00,foobar1,0,623,	TOTAL: 623
041705-15:00:00,foobar1,0,623,	TOTAL: 623
041705-16:00:00,foobar1,0,623,	TOTAL: 623
041705-17:00:00,foobar1,0,623,	TOTAL: 623
041705-18:00:00,foobar1,0,623,	TOTAL: 623
041705-19:00:00,foobar1,0,623,	TOTAL: 623
041705-20:00:00,foobar1,0,623,	TOTAL: 623
041705-21:00:01,foobar1,0,623,	TOTAL: 623
041705-22:00:01,foobar1,0,623,	TOTAL: 623
041705-23:00:00,foobar1,0,623,	TOTAL: 623
041805-00:00:00,foobar1,0,623,	TOTAL: 623
041805-01:00:00,foobar1,0,623,	TOTAL: 623
041805-02:00:00,foobar1,0,0,	TOTAL: 0
041805-03:00:00,foobar1,0,0,	TOTAL: 0
041805-04:00:01,foobar1,0,0,	TOTAL: 0
041805-05:00:00,foobar1,0,0,	TOTAL: 0
041805-06:00:00,foobar1,0,0,	TOTAL: 0
041805-07:00:00,foobar1,0,619,	TOTAL: 619
041805-08:00:00,foobar1,0,619,	TOTAL: 619
041805-09:00:00,foobar1,0,619,	TOTAL: 619
041805-10:00:00,foobar1,0,619,	TOTAL: 619
041805-11:00:00,foobar1,0,619,	TOTAL: 619
041805-12:00:00,foobar1,0,623,	TOTAL: 623
041805-13:00:00,foobar1,0,623,	TOTAL: 623
041805-14:00:00,foobar1,0,623,	TOTAL: 623
041805-15:00:00,foobar1,0,623,	TOTAL: 623
041805-16:00:00,foobar1,0,623,	TOTAL: 623
041805-17:00:01,foobar1,0,623,	TOTAL: 623
041805-18:00:00,foobar1,0,623,	TOTAL: 623
041805-19:00:01,foobar1,0,623,	TOTAL: 623
041805-20:00:01,foobar1,0,623,	TOTAL: 623
041805-21:00:01,foobar1,0,623,	TOTAL: 623
041805-22:00:00,foobar1,0,623,	TOTAL: 623
041805-23:00:00,foobar1,0,623,	TOTAL: 623
041905-00:00:01,foobar1,0,623,	TOTAL: 623
041905-01:00:00,foobar1,0,623,	TOTAL: 623
041905-02:00:00,foobar1,0,0,	TOTAL: 0
041905-03:00:00,foobar1,0,0,	TOTAL: 0
041905-04:00:01,foobar1,0,0,	TOTAL: 0
041905-05:00:00,foobar1,0,0,	TOTAL: 0
041905-06:00:01,foobar1,0,0,	TOTAL: 0
041905-07:00:00,foobar1,0,619,	TOTAL: 619
041905-08:00:01,foobar1,0,619,	TOTAL: 619
041905-09:00:00,foobar1,0,619,	TOTAL: 619
041905-10:00:00,foobar1,0,619,	TOTAL: 619
041905-11:00:00,foobar1,0,619,	TOTAL: 619
041905-12:00:00,foobar1,0,623,	TOTAL: 623
041905-13:00:00,foobar1,0,623,	TOTAL: 623
041905-14:00:00,foobar1,0,623,	TOTAL: 623
041905-15:00:00,foobar1,0,623,	TOTAL: 623
041905-16:00:01,foobar1,0,1238,	TOTAL: 1238
041905-17:00:00,foobar1,0,1238,	TOTAL: 1238
041905-18:00:00,foobar1,0,1238,	TOTAL: 1238
041905-19:00:00,foobar1,0,1238,	TOTAL: 1238
041905-20:00:00,foobar1,0,1238,	TOTAL: 1238
041905-21:00:01,foobar1,0,1238,	TOTAL: 1238
041905-22:00:00,foobar1,0,1238,	TOTAL: 1238
041905-23:00:00,foobar1,0,1238,	TOTAL: 1238
042005-00:00:00,foobar1,0,1238,	TOTAL: 1238
042005-01:00:01,foobar1,0,1238,	TOTAL: 1238
042005-02:00:00,foobar1,0,0,	TOTAL: 0
042005-03:00:00,foobar1,0,0,	TOTAL: 0
042005-04:00:00,foobar1,0,0,	TOTAL: 0
042005-05:00:00,foobar1,0,0,	TOTAL: 0
042005-06:00:00,foobar1,0,0,	TOTAL: 0
042005-07:00:00,foobar1,0,619,	TOTAL: 619
042005-08:00:00,foobar1,0,619,	TOTAL: 619
042005-09:00:00,foobar1,0,619,	TOTAL: 619
042005-10:00:00,foobar1,0,619,	TOTAL: 619
042005-11:00:00,foobar1,0,619,	TOTAL: 619
042005-12:00:00,foobar1,0,619,	TOTAL: 619
042005-13:00:00,foobar1,0,619,	TOTAL: 619
042005-14:00:00,foobar1,0,619,	TOTAL: 619
042005-15:00:00,foobar1,0,619,	TOTAL: 619
042005-16:00:00,foobar1,0,623,	TOTAL: 623
042005-17:00:00,foobar1,0,623,	TOTAL: 623
042005-18:00:00,foobar1,0,623,	TOTAL: 623
042005-19:00:00,foobar1,0,623,	TOTAL: 623
042005-20:00:00,foobar1,0,623,	TOTAL: 623
042005-21:00:00,foobar1,0,623,	TOTAL: 623
042005-22:00:00,foobar1,0,623,	TOTAL: 623
042005-23:00:00,foobar1,0,623,	TOTAL: 623
042105-00:00:00,foobar1,0,623,	TOTAL: 623
042105-01:00:01,foobar1,0,623,	TOTAL: 623
042105-02:00:00,foobar1,0,0,	TOTAL: 0
042105-03:00:00,foobar1,0,0,	TOTAL: 0
042105-04:00:00,foobar1,0,0,	TOTAL: 0
042105-05:00:00,foobar1,0,0,	TOTAL: 0
042105-06:00:01,foobar1,0,0,	TOTAL: 0
042105-07:00:00,foobar1,0,619,	TOTAL: 619
042105-08:00:00,foobar1,0,619,	TOTAL: 619
042105-09:00:00,foobar1,0,619,	TOTAL: 619
042105-10:00:00,foobar1,0,619,	TOTAL: 619
042105-11:00:00,foobar1,0,619,	TOTAL: 619
042105-12:00:00,foobar1,0,619,	TOTAL: 619
042105-13:00:00,foobar1,0,623,	TOTAL: 623
042105-14:00:00,foobar1,0,623,	TOTAL: 623
042105-15:00:00,foobar1,0,623,	TOTAL: 623
042105-16:00:00,foobar1,0,623,	TOTAL: 623
042105-17:00:00,foobar1,0,623,	TOTAL: 623
042105-18:00:00,foobar1,0,623,	TOTAL: 623
042105-19:00:00,foobar1,0,623,	TOTAL: 623
042105-20:00:00,foobar1,0,623,	TOTAL: 623
042105-21:00:00,foobar1,0,623,	TOTAL: 623
042105-22:00:01,foobar1,0,623,	TOTAL: 623
042105-23:00:00,foobar1,0,623,	TOTAL: 623
042205-00:00:00,foobar1,0,623,	TOTAL: 623
042205-01:00:00,foobar1,0,623,	TOTAL: 623
042205-02:00:01,foobar1,0,0,	TOTAL: 0
042205-03:00:01,foobar1,0,0,	TOTAL: 0
042205-04:00:00,foobar1,0,0,	TOTAL: 0
042205-05:00:01,foobar1,0,0,	TOTAL: 0
042205-06:00:00,foobar1,0,0,	TOTAL: 0
042205-07:00:00,foobar1,0,619,	TOTAL: 619
042205-08:00:00,foobar1,0,619,	TOTAL: 619
042205-09:00:00,foobar1,0,619,	TOTAL: 619
042205-10:00:00,foobar1,0,619,	TOTAL: 619
042205-11:00:00,foobar1,0,619,	TOTAL: 619
042205-12:00:01,foobar1,0,619,	TOTAL: 619
042205-13:00:00,foobar1,0,619,	TOTAL: 619
042205-15:00:00,foobar1,0,1234,	TOTAL: 1234
042205-16:00:00,foobar1,0,1234,	TOTAL: 1234
042205-17:00:01,foobar1,0,1234,	TOTAL: 1234
042205-18:00:01,foobar1,0,1234,	TOTAL: 1234
042205-19:00:00,foobar1,0,1234,	TOTAL: 1234
042205-20:00:00,foobar1,0,1234,	TOTAL: 1234
042205-21:00:00,foobar1,0,1234,	TOTAL: 1234
042205-22:00:00,foobar1,0,1238,	TOTAL: 1238
042205-23:00:01,foobar1,0,1238,	TOTAL: 1238
042305-00:00:00,foobar1,0,1238,	TOTAL: 1238
042305-01:00:00,foobar1,0,1238,	TOTAL: 1238
042305-02:00:01,foobar1,0,1724933,	TOTAL: 1724933
042305-03:00:00,foobar1,0,948925,	TOTAL: 948925
042305-04:00:00,foobar1,0,408589,	TOTAL: 408589
042305-05:00:00,foobar1,0,67654,	TOTAL: 67654
042305-06:00:00,foobar1,0,0,	TOTAL: 0
042305-07:00:00,foobar1,0,0,	TOTAL: 0
042305-08:00:00,foobar1,0,619,	TOTAL: 619
042305-09:00:00,foobar1,0,619,	TOTAL: 619
042305-10:00:01,foobar1,0,619,	TOTAL: 619
042305-11:00:00,foobar1,0,621,	TOTAL: 621
042305-12:00:00,foobar1,0,623,	TOTAL: 623
042305-13:00:01,foobar1,0,623,	TOTAL: 623
042305-14:00:00,foobar1,0,623,	TOTAL: 623
042305-15:00:01,foobar1,0,623,	TOTAL: 623
042305-16:00:00,foobar1,0,623,	TOTAL: 623
042305-17:00:00,foobar1,0,623,	TOTAL: 623
042305-18:00:00,foobar1,0,623,	TOTAL: 623
042305-19:00:00,foobar1,0,623,	TOTAL: 623
042305-20:00:00,foobar1,0,623,	TOTAL: 623
042305-21:00:01,foobar1,0,623,	TOTAL: 623
042305-22:00:00,foobar1,0,623,	TOTAL: 623
042305-23:00:00,foobar1,0,623,	TOTAL: 623
042405-00:00:00,foobar1,0,623,	TOTAL: 623
042405-01:00:01,foobar1,0,623,	TOTAL: 623
042405-02:00:00,foobar1,0,1694931,	TOTAL: 1694931
042405-03:00:00,foobar1,0,846400,	TOTAL: 846400
042405-04:00:00,foobar1,0,302546,	TOTAL: 302546
042405-05:00:00,foobar1,0,29816,	TOTAL: 29816
042405-06:00:00,foobar1,0,0,	TOTAL: 0
042405-07:00:00,foobar1,0,0,	TOTAL: 0
042405-08:00:00,foobar1,0,619,	TOTAL: 619
042405-09:00:00,foobar1,0,619,	TOTAL: 619
042405-10:00:00,foobar1,0,619,	TOTAL: 619
042405-11:00:01,foobar1,0,621,	TOTAL: 621
042405-12:00:01,foobar1,0,623,	TOTAL: 623
042405-13:00:00,foobar1,0,623,	TOTAL: 623
042405-14:00:00,foobar1,0,623,	TOTAL: 623
042405-15:00:00,foobar1,0,623,	TOTAL: 623
042405-16:00:01,foobar1,0,623,	TOTAL: 623
042405-17:00:00,foobar1,0,623,	TOTAL: 623
042405-18:00:01,foobar1,0,623,	TOTAL: 623
042405-19:00:00,foobar1,0,623,	TOTAL: 623
042405-20:00:01,foobar1,0,623,	TOTAL: 623
042405-21:00:00,foobar1,0,623,	TOTAL: 623
042405-22:00:00,foobar1,0,623,	TOTAL: 623
042405-23:00:00,foobar1,0,623,	TOTAL: 623
042505-00:00:00,foobar1,0,623,	TOTAL: 623
042505-01:00:00,foobar1,0,623,	TOTAL: 623
042505-02:00:01,foobar1,0,0,	TOTAL: 0
042505-03:00:00,foobar1,0,0,	TOTAL: 0
042505-04:00:00,foobar1,0,0,	TOTAL: 0
042505-05:00:00,foobar1,0,0,	TOTAL: 0
042505-06:00:00,foobar1,0,0,	TOTAL: 0
042505-07:00:01,foobar1,0,619,	TOTAL: 619
042505-08:00:00,foobar1,0,619,	TOTAL: 619
042505-09:00:00,foobar1,0,619,	TOTAL: 619
042505-10:00:00,foobar1,0,619,	TOTAL: 619
042505-11:00:00,foobar1,0,623,	TOTAL: 623
042505-12:00:01,foobar1,0,624,	TOTAL: 624
042505-13:00:01,foobar1,0,624,	TOTAL: 624
042505-14:00:00,foobar1,0,624,	TOTAL: 624
042505-15:00:00,foobar1,0,624,	TOTAL: 624
042505-16:00:00,foobar1,0,624,	TOTAL: 624
042505-17:00:00,foobar1,0,624,	TOTAL: 624
042505-18:00:00,foobar1,0,624,	TOTAL: 624
042505-19:00:00,foobar1,0,624,	TOTAL: 624
042505-20:00:00,foobar1,0,624,	TOTAL: 624
042505-21:00:00,foobar1,0,624,	TOTAL: 624
042505-22:00:00,foobar1,0,624,	TOTAL: 624
042505-23:00:00,foobar1,0,624,	TOTAL: 624
042605-00:00:00,foobar1,0,624,	TOTAL: 624
042605-01:00:00,foobar1,0,624,	TOTAL: 624
042605-02:00:01,foobar1,0,0,	TOTAL: 0
042605-03:00:00,foobar1,0,0,	TOTAL: 0
042605-04:00:00,foobar1,0,0,	TOTAL: 0
042605-05:00:01,foobar1,0,0,	TOTAL: 0
042605-06:00:01,foobar1,0,0,	TOTAL: 0
042605-07:00:01,foobar1,0,619,	TOTAL: 619
042605-08:00:00,foobar1,0,619,	TOTAL: 619
042605-09:00:01,foobar1,0,619,	TOTAL: 619
042605-10:00:00,foobar1,0,619,	TOTAL: 619
042605-11:00:00,foobar1,0,619,	TOTAL: 619
042605-12:00:01,foobar1,0,623,	TOTAL: 623
042605-13:00:00,foobar1,0,623,	TOTAL: 623
042605-14:00:00,foobar1,0,623,	TOTAL: 623
042605-15:00:00,foobar1,0,623,	TOTAL: 623
042605-17:00:00,foobar1,0,1238,	TOTAL: 1238
042605-18:00:00,foobar1,0,1238,	TOTAL: 1238
042605-19:00:00,foobar1,0,1238,	TOTAL: 1238
042605-20:00:00,foobar1,0,1238,	TOTAL: 1238
042605-21:00:00,foobar1,0,1238,	TOTAL: 1238
042605-22:00:00,foobar1,0,1238,	TOTAL: 1238
042605-23:00:01,foobar1,0,1238,	TOTAL: 1238
042705-00:00:00,foobar1,0,1238,	TOTAL: 1238
042705-01:00:00,foobar1,0,1238,	TOTAL: 1238
042705-02:00:00,foobar1,0,0,	TOTAL: 0
042705-03:00:00,foobar1,0,0,	TOTAL: 0
042705-04:00:00,foobar1,0,0,	TOTAL: 0
042705-05:00:00,foobar1,0,0,	TOTAL: 0
042705-06:00:00,foobar1,0,0,	TOTAL: 0
042705-07:00:00,foobar1,0,619,	TOTAL: 619
042705-08:00:01,foobar1,0,619,	TOTAL: 619
042705-09:00:00,foobar1,0,619,	TOTAL: 619
042705-10:00:00,foobar1,0,619,	TOTAL: 619
042705-11:00:00,foobar1,0,619,	TOTAL: 619
042705-12:00:00,foobar1,0,619,	TOTAL: 619
042705-13:00:00,foobar1,0,623,	TOTAL: 623
042705-14:00:00,foobar1,0,623,	TOTAL: 623
042705-15:00:00,foobar1,0,623,	TOTAL: 623
042705-16:00:00,foobar1,0,623,	TOTAL: 623
042705-17:00:01,foobar1,0,623,	TOTAL: 623
042705-18:00:00,foobar1,0,623,	TOTAL: 623
042705-19:00:00,foobar1,0,623,	TOTAL: 623
042705-20:00:00,foobar1,0,623,	TOTAL: 623
042705-21:00:00,foobar1,0,623,	TOTAL: 623
042705-22:00:00,foobar1,0,623,	TOTAL: 623
042705-23:00:01,foobar1,0,623,	TOTAL: 623
042805-00:00:00,foobar1,0,623,	TOTAL: 623
042805-01:00:00,foobar1,0,623,	TOTAL: 623
042805-02:00:00,foobar1,0,0,	TOTAL: 0
042805-03:00:01,foobar1,0,0,	TOTAL: 0
042805-04:00:01,foobar1,0,0,	TOTAL: 0
042805-05:00:00,foobar1,0,0,	TOTAL: 0
042805-06:00:00,foobar1,0,0,	TOTAL: 0
042805-07:00:00,foobar1,0,619,	TOTAL: 619
042805-08:00:00,foobar1,0,619,	TOTAL: 619
042805-09:00:00,foobar1,0,619,	TOTAL: 619
042805-10:00:00,foobar1,0,619,	TOTAL: 619
042805-11:00:00,foobar1,0,619,	TOTAL: 619
042805-12:00:01,foobar1,0,622,	TOTAL: 622
042805-13:00:00,foobar1,0,623,	TOTAL: 623
042805-15:00:00,foobar1,0,1238,	TOTAL: 1238
042805-16:00:00,foobar1,0,1238,	TOTAL: 1238
042805-17:00:00,foobar1,0,1238,	TOTAL: 1238
042805-18:00:00,foobar1,0,1238,	TOTAL: 1238
042805-19:00:00,foobar1,0,1238,	TOTAL: 1238
042805-20:00:01,foobar1,0,1238,	TOTAL: 1238
042805-21:00:00,foobar1,0,1238,	TOTAL: 1238
042805-22:00:00,foobar1,0,1238,	TOTAL: 1238
042805-23:00:00,foobar1,0,1238,	TOTAL: 1238
042905-00:00:00,foobar1,0,1238,	TOTAL: 1238
042905-01:00:00,foobar1,0,1238,	TOTAL: 1238
042905-02:00:00,foobar1,0,0,	TOTAL: 0
042905-03:00:00,foobar1,0,0,	TOTAL: 0
042905-04:00:00,foobar1,0,0,	TOTAL: 0
042905-05:00:00,foobar1,0,0,	TOTAL: 0
042905-06:00:00,foobar1,0,0,	TOTAL: 0
042905-07:00:00,foobar1,0,619,	TOTAL: 619
042905-08:00:00,foobar1,0,619,	TOTAL: 619
042905-09:00:00,foobar1,0,619,	TOTAL: 619
042905-10:00:00,foobar1,0,619,	TOTAL: 619
042905-11:00:00,foobar1,0,619,	TOTAL: 619
042905-12:00:00,foobar1,0,623,	TOTAL: 623
042905-13:00:01,foobar1,0,623,	TOTAL: 623
042905-14:00:00,foobar1,0,623,	TOTAL: 623
042905-17:00:01,foobar1,0,1238,	TOTAL: 1238
042905-18:00:00,foobar1,0,1238,	TOTAL: 1238
042905-19:00:00,foobar1,0,1238,	TOTAL: 1238
042905-20:00:00,foobar1,0,1238,	TOTAL: 1238
042905-21:00:00,foobar1,0,1238,	TOTAL: 1238
042905-22:00:01,foobar1,0,1238,	TOTAL: 1238
042905-23:00:00,foobar1,0,1238,	TOTAL: 1238
043005-00:00:00,foobar1,0,1238,	TOTAL: 1238
043005-01:00:00,foobar1,0,1238,	TOTAL: 1238
043005-02:00:00,foobar1,0,1699309,	TOTAL: 1699309
043005-03:00:01,foobar1,0,899344,	TOTAL: 899344
043005-04:00:00,foobar1,0,376666,	TOTAL: 376666
043005-05:00:00,foobar1,0,76625,	TOTAL: 76625
043005-06:00:00,foobar1,0,0,	TOTAL: 0
043005-07:00:00,foobar1,0,0,	TOTAL: 0
043005-08:00:00,foobar1,0,619,	TOTAL: 619
043005-09:00:01,foobar1,0,619,	TOTAL: 619
043005-10:00:00,foobar1,0,619,	TOTAL: 619
043005-11:00:01,foobar1,0,619,	TOTAL: 619
043005-12:00:00,foobar1,0,623,	TOTAL: 623
043005-13:00:01,foobar1,0,624,	TOTAL: 624
043005-14:00:01,foobar1,0,624,	TOTAL: 624
043005-15:00:00,foobar1,0,624,	TOTAL: 624
043005-16:00:00,foobar1,0,624,	TOTAL: 624
043005-17:00:00,foobar1,0,624,	TOTAL: 624
043005-18:00:00,foobar1,0,624,	TOTAL: 624
043005-19:00:00,foobar1,0,624,	TOTAL: 624
043005-20:00:00,foobar1,0,624,	TOTAL: 624
043005-21:00:00,foobar1,0,624,	TOTAL: 624
043005-22:00:00,foobar1,0,624,	TOTAL: 624
043005-23:00:01,foobar1,0,624,	TOTAL: 624
050105-00:00:00,foobar1,0,624,	TOTAL: 624
050105-01:00:00,foobar1,0,624,	TOTAL: 624
050105-02:00:00,foobar1,0,1726824,	TOTAL: 1726824
050105-03:00:00,foobar1,0,968427,	TOTAL: 968427
050105-04:00:00,foobar1,0,392913,	TOTAL: 392913
050105-05:00:00,foobar1,0,12298,	TOTAL: 12298
050105-06:00:00,foobar1,0,0,	TOTAL: 0
050105-07:00:00,foobar1,0,0,	TOTAL: 0
050105-08:00:01,foobar1,0,619,	TOTAL: 619
050105-09:00:01,foobar1,0,619,	TOTAL: 619
050105-10:00:00,foobar1,0,619,	TOTAL: 619
050105-11:00:01,foobar1,0,621,	TOTAL: 621
050105-12:00:01,foobar1,0,623,	TOTAL: 623
050105-13:00:01,foobar1,0,623,	TOTAL: 623
050105-14:00:01,foobar1,0,623,	TOTAL: 623
050105-15:00:00,foobar1,0,623,	TOTAL: 623
050105-16:00:00,foobar1,0,623,	TOTAL: 623
050105-17:00:00,foobar1,0,623,	TOTAL: 623
050105-18:00:01,foobar1,0,623,	TOTAL: 623
050105-19:00:00,foobar1,0,623,	TOTAL: 623
050105-20:00:00,foobar1,0,623,	TOTAL: 623
050105-21:00:00,foobar1,0,623,	TOTAL: 623
050105-22:00:00,foobar1,0,623,	TOTAL: 623
050105-23:00:00,foobar1,0,623,	TOTAL: 623
050205-00:00:00,foobar1,0,623,	TOTAL: 623
050205-01:00:00,foobar1,0,623,	TOTAL: 623
050205-02:00:00,foobar1,0,0,	TOTAL: 0
050205-03:00:00,foobar1,0,0,	TOTAL: 0
050205-04:00:00,foobar1,0,0,	TOTAL: 0
050205-05:00:00,foobar1,0,0,	TOTAL: 0
050205-06:00:00,foobar1,0,0,	TOTAL: 0
050205-07:00:01,foobar1,0,619,	TOTAL: 619
050205-08:00:00,foobar1,0,619,	TOTAL: 619
050205-09:00:01,foobar1,0,619,	TOTAL: 619
050205-10:00:00,foobar1,0,619,	TOTAL: 619
050205-11:00:00,foobar1,0,623,	TOTAL: 623
050205-12:00:01,foobar1,0,624,	TOTAL: 624
050205-13:00:00,foobar1,0,624,	TOTAL: 624
050205-14:00:00,foobar1,0,624,	TOTAL: 624
050205-15:00:00,foobar1,0,624,	TOTAL: 624
050205-17:00:01,foobar1,0,1239,	TOTAL: 1239
050205-18:00:00,foobar1,0,1239,	TOTAL: 1239
050205-19:00:00,foobar1,0,1239,	TOTAL: 1239
050205-20:00:00,foobar1,0,1239,	TOTAL: 1239
050205-21:00:00,foobar1,0,1239,	TOTAL: 1239
050205-22:00:01,foobar1,0,1239,	TOTAL: 1239
050205-23:00:01,foobar1,0,1239,	TOTAL: 1239
050305-00:00:00,foobar1,0,1239,	TOTAL: 1239
050305-01:00:00,foobar1,0,1239,	TOTAL: 1239
050305-02:00:00,foobar1,0,0,	TOTAL: 0
050305-03:00:00,foobar1,0,0,	TOTAL: 0
050305-04:00:00,foobar1,0,0,	TOTAL: 0
050305-05:00:00,foobar1,0,0,	TOTAL: 0
050305-06:00:00,foobar1,0,0,	TOTAL: 0
050305-07:00:00,foobar1,0,619,	TOTAL: 619
050305-08:00:00,foobar1,0,619,	TOTAL: 619
050305-09:00:01,foobar1,0,619,	TOTAL: 619
050305-10:00:00,foobar1,0,619,	TOTAL: 619
050305-11:00:01,foobar1,0,622,	TOTAL: 622
050305-12:00:01,foobar1,0,623,	TOTAL: 623
050305-13:00:00,foobar1,0,623,	TOTAL: 623
050305-14:00:00,foobar1,0,623,	TOTAL: 623
050305-15:00:00,foobar1,0,623,	TOTAL: 623
050305-16:00:00,foobar1,0,623,	TOTAL: 623
050305-17:00:00,foobar1,0,623,	TOTAL: 623
050305-18:00:00,foobar1,0,623,	TOTAL: 623
050305-19:00:00,foobar1,0,623,	TOTAL: 623
050305-20:00:00,foobar1,0,623,	TOTAL: 623
050305-21:00:00,foobar1,0,623,	TOTAL: 623
050305-22:00:00,foobar1,0,623,	TOTAL: 623
050305-23:00:00,foobar1,0,623,	TOTAL: 623
050405-00:00:00,foobar1,0,623,	TOTAL: 623
050405-01:00:00,foobar1,0,623,	TOTAL: 623
050405-02:00:00,foobar1,0,0,	TOTAL: 0
050405-03:00:00,foobar1,0,0,	TOTAL: 0
050405-04:00:00,foobar1,0,0,	TOTAL: 0
050405-05:00:00,foobar1,0,0,	TOTAL: 0
050405-06:00:00,foobar1,0,0,	TOTAL: 0
050405-07:00:00,foobar1,0,619,	TOTAL: 619
050405-08:00:00,foobar1,0,619,	TOTAL: 619
050405-09:00:01,foobar1,0,619,	TOTAL: 619
050405-10:00:01,foobar1,0,619,	TOTAL: 619
050405-11:00:00,foobar1,0,623,	TOTAL: 623
050405-12:00:00,foobar1,0,623,	TOTAL: 623
050405-13:00:01,foobar1,0,623,	TOTAL: 623
050405-14:00:00,foobar1,0,623,	TOTAL: 623
050405-15:00:00,foobar1,0,623,	TOTAL: 623
050405-16:00:00,foobar1,0,623,	TOTAL: 623
050405-17:00:00,foobar1,0,623,	TOTAL: 623
050405-18:00:00,foobar1,0,623,	TOTAL: 623
050405-19:00:01,foobar1,0,623,	TOTAL: 623
050405-20:00:01,foobar1,0,623,	TOTAL: 623
050405-21:00:00,foobar1,0,623,	TOTAL: 623
050405-22:00:00,foobar1,0,623,	TOTAL: 623
050405-23:00:01,foobar1,0,623,	TOTAL: 623
050505-00:00:00,foobar1,0,623,	TOTAL: 623
050505-01:00:00,foobar1,0,623,	TOTAL: 623
050505-02:00:00,foobar1,0,0,	TOTAL: 0
050505-03:00:00,foobar1,0,0,	TOTAL: 0
050505-04:00:00,foobar1,0,0,	TOTAL: 0
050505-05:00:00,foobar1,0,0,	TOTAL: 0
050505-06:00:00,foobar1,0,0,	TOTAL: 0
050505-07:00:00,foobar1,0,619,	TOTAL: 619
050505-08:00:00,foobar1,0,619,	TOTAL: 619
050505-09:00:00,foobar1,0,619,	TOTAL: 619
050505-10:00:00,foobar1,0,619,	TOTAL: 619
050505-11:00:00,foobar1,0,619,	TOTAL: 619
050505-12:00:00,foobar1,0,619,	TOTAL: 619
050505-13:00:01,foobar1,0,623,	TOTAL: 623
050505-14:00:00,foobar1,0,623,	TOTAL: 623
050505-15:00:01,foobar1,0,623,	TOTAL: 623
050505-16:00:01,foobar1,0,623,	TOTAL: 623
050505-17:00:00,foobar1,0,623,	TOTAL: 623
050505-18:00:00,foobar1,0,623,	TOTAL: 623
050505-19:00:00,foobar1,0,623,	TOTAL: 623
050505-20:00:00,foobar1,0,623,	TOTAL: 623
050505-21:00:00,foobar1,0,623,	TOTAL: 623
050505-22:00:00,foobar1,0,623,	TOTAL: 623
050505-23:00:00,foobar1,0,623,	TOTAL: 623
050605-00:00:00,foobar1,0,623,	TOTAL: 623
050605-01:00:00,foobar1,0,623,	TOTAL: 623
050605-02:00:00,foobar1,0,0,	TOTAL: 0
050605-03:00:00,foobar1,0,0,	TOTAL: 0
050605-04:00:00,foobar1,0,0,	TOTAL: 0
050605-05:00:00,foobar1,0,0,	TOTAL: 0
050605-06:00:00,foobar1,0,0,	TOTAL: 0
050605-07:00:00,foobar1,0,619,	TOTAL: 619
050605-08:00:00,foobar1,0,619,	TOTAL: 619
050605-09:00:01,foobar1,0,619,	TOTAL: 619
050605-10:00:00,foobar1,0,619,	TOTAL: 619
050605-11:00:01,foobar1,0,619,	TOTAL: 619
050605-12:00:00,foobar1,0,619,	TOTAL: 619
050605-13:00:00,foobar1,0,619,	TOTAL: 619
050605-14:00:00,foobar1,0,619,	TOTAL: 619
050605-15:00:01,foobar1,0,619,	TOTAL: 619
050605-16:00:01,foobar1,0,619,	TOTAL: 619
050605-17:00:00,foobar1,0,619,	TOTAL: 619
050605-18:00:00,foobar1,0,619,	TOTAL: 619
050605-19:00:00,foobar1,0,623,	TOTAL: 623
050605-20:00:00,foobar1,0,623,	TOTAL: 623
050605-21:00:00,foobar1,0,623,	TOTAL: 623
050605-22:00:00,foobar1,0,623,	TOTAL: 623
050605-23:00:00,foobar1,0,623,	TOTAL: 623
050705-00:00:00,foobar1,0,623,	TOTAL: 623
050705-01:00:00,foobar1,0,623,	TOTAL: 623
050705-02:00:00,foobar1,0,1708736,	TOTAL: 1708736
050705-03:00:01,foobar1,0,930376,	TOTAL: 930376
050705-04:00:00,foobar1,0,406607,	TOTAL: 406607
050705-05:00:00,foobar1,0,39010,	TOTAL: 39010
050705-06:00:00,foobar1,0,0,	TOTAL: 0
050705-07:00:01,foobar1,0,0,	TOTAL: 0
050705-08:00:00,foobar1,0,619,	TOTAL: 619
050705-09:00:00,foobar1,0,619,	TOTAL: 619
050705-10:00:01,foobar1,0,619,	TOTAL: 619
050705-11:00:00,foobar1,0,619,	TOTAL: 619
050705-12:00:00,foobar1,0,623,	TOTAL: 623
050705-13:00:01,foobar1,0,623,	TOTAL: 623
050705-14:00:01,foobar1,0,623,	TOTAL: 623
050705-15:00:00,foobar1,0,623,	TOTAL: 623
050705-16:00:00,foobar1,0,623,	TOTAL: 623
050705-17:00:00,foobar1,0,623,	TOTAL: 623
050705-18:00:00,foobar1,0,623,	TOTAL: 623
050705-19:00:00,foobar1,0,623,	TOTAL: 623
050705-20:00:00,foobar1,0,623,	TOTAL: 623
050705-21:00:00,foobar1,0,623,	TOTAL: 623
050705-22:00:00,foobar1,0,623,	TOTAL: 623
050705-23:00:00,foobar1,0,623,	TOTAL: 623
050805-00:00:00,foobar1,0,623,	TOTAL: 623
050805-01:00:00,foobar1,0,623,	TOTAL: 623
050805-02:00:00,foobar1,0,1706973,	TOTAL: 1706973
050805-03:00:00,foobar1,0,870846,	TOTAL: 870846
050805-04:00:00,foobar1,0,330472,	TOTAL: 330472
050805-05:00:00,foobar1,0,29801,	TOTAL: 29801
050805-06:00:00,foobar1,0,0,	TOTAL: 0
050805-07:00:00,foobar1,0,619,	TOTAL: 619
050805-08:00:01,foobar1,0,619,	TOTAL: 619
050805-09:00:01,foobar1,0,619,	TOTAL: 619
050805-10:00:00,foobar1,0,619,	TOTAL: 619
050805-11:00:00,foobar1,0,619,	TOTAL: 619
050805-12:00:00,foobar1,0,623,	TOTAL: 623
050805-13:00:01,foobar1,0,623,	TOTAL: 623
050805-14:00:00,foobar1,0,623,	TOTAL: 623
050805-15:00:00,foobar1,0,623,	TOTAL: 623
050805-16:00:00,foobar1,0,623,	TOTAL: 623
050805-17:00:00,foobar1,0,623,	TOTAL: 623
050805-18:00:01,foobar1,0,623,	TOTAL: 623
050805-19:00:00,foobar1,0,623,	TOTAL: 623
050805-20:00:00,foobar1,0,623,	TOTAL: 623
050805-21:00:00,foobar1,0,623,	TOTAL: 623
050805-22:00:00,foobar1,0,623,	TOTAL: 623
050805-23:00:00,foobar1,0,623,	TOTAL: 623
050905-00:00:00,foobar1,0,623,	TOTAL: 623
050905-01:00:00,foobar1,0,623,	TOTAL: 623
050905-02:00:01,foobar1,0,0,	TOTAL: 0
050905-03:00:00,foobar1,0,0,	TOTAL: 0
050905-04:00:00,foobar1,0,0,	TOTAL: 0
050905-05:00:00,foobar1,0,0,	TOTAL: 0
050905-06:00:00,foobar1,0,0,	TOTAL: 0
050905-07:00:01,foobar1,0,619,	TOTAL: 619
050905-08:00:01,foobar1,0,619,	TOTAL: 619
050905-09:00:00,foobar1,0,619,	TOTAL: 619
050905-10:00:01,foobar1,0,619,	TOTAL: 619
050905-11:00:00,foobar1,0,619,	TOTAL: 619
050905-12:00:00,foobar1,0,623,	TOTAL: 623
050905-13:00:00,foobar1,0,623,	TOTAL: 623
050905-14:00:00,foobar1,0,623,	TOTAL: 623
050905-15:00:00,foobar1,0,623,	TOTAL: 623
050905-16:00:01,foobar1,0,623,	TOTAL: 623
050905-17:00:00,foobar1,0,623,	TOTAL: 623
050905-18:00:00,foobar1,0,623,	TOTAL: 623
050905-19:00:00,foobar1,0,623,	TOTAL: 623
050905-20:00:00,foobar1,0,623,	TOTAL: 623
050905-21:00:00,foobar1,0,623,	TOTAL: 623
050905-22:00:00,foobar1,0,623,	TOTAL: 623
050905-23:00:00,foobar1,0,623,	TOTAL: 623
051005-00:00:00,foobar1,0,623,	TOTAL: 623
051005-01:00:00,foobar1,0,623,	TOTAL: 623
051005-02:00:00,foobar1,0,0,	TOTAL: 0
051005-03:00:01,foobar1,0,0,	TOTAL: 0
051005-04:00:00,foobar1,0,0,	TOTAL: 0
051005-05:00:00,foobar1,0,0,	TOTAL: 0
051005-06:00:00,foobar1,0,0,	TOTAL: 0
051005-07:00:00,foobar1,0,619,	TOTAL: 619
051005-08:00:00,foobar1,0,619,	TOTAL: 619
051005-09:00:00,foobar1,0,619,	TOTAL: 619
051005-10:00:00,foobar1,0,619,	TOTAL: 619
051005-11:00:01,foobar1,0,619,	TOTAL: 619
051005-12:00:00,foobar1,0,619,	TOTAL: 619
051005-13:00:01,foobar1,0,623,	TOTAL: 623
051005-14:00:00,foobar1,0,623,	TOTAL: 623
051005-15:00:01,foobar1,0,623,	TOTAL: 623
051005-16:00:00,foobar1,0,623,	TOTAL: 623
051005-17:00:00,foobar1,0,623,	TOTAL: 623
051005-18:00:00,foobar1,0,623,	TOTAL: 623
051005-19:00:00,foobar1,0,623,	TOTAL: 623
051005-20:00:00,foobar1,0,623,	TOTAL: 623
051005-21:00:01,foobar1,0,623,	TOTAL: 623
051005-22:00:00,foobar1,0,623,	TOTAL: 623
051005-23:00:00,foobar1,0,623,	TOTAL: 623
051105-00:00:00,foobar1,0,623,	TOTAL: 623
051105-01:00:00,foobar1,0,623,	TOTAL: 623
051105-02:00:01,foobar1,0,0,	TOTAL: 0
051105-03:00:00,foobar1,0,0,	TOTAL: 0
051105-04:00:00,foobar1,0,0,	TOTAL: 0
051105-05:00:01,foobar1,0,0,	TOTAL: 0
051105-06:00:00,foobar1,0,0,	TOTAL: 0
051105-07:00:01,foobar1,0,619,	TOTAL: 619
051105-08:00:00,foobar1,0,619,	TOTAL: 619
051105-09:00:00,foobar1,0,619,	TOTAL: 619
051105-10:00:00,foobar1,0,619,	TOTAL: 619
051105-11:00:00,foobar1,0,619,	TOTAL: 619
051105-12:00:01,foobar1,0,619,	TOTAL: 619
051105-13:00:01,foobar1,0,623,	TOTAL: 623
051105-14:00:00,foobar1,0,623,	TOTAL: 623
051105-15:00:00,foobar1,0,623,	TOTAL: 623
051105-16:00:00,foobar1,0,623,	TOTAL: 623
051105-17:00:00,foobar1,0,623,	TOTAL: 623
051105-18:00:00,foobar1,0,623,	TOTAL: 623
051105-19:00:00,foobar1,0,623,	TOTAL: 623
051105-20:00:00,foobar1,0,623,	TOTAL: 623
051105-21:00:00,foobar1,0,623,	TOTAL: 623
051105-22:00:01,foobar1,0,623,	TOTAL: 623
051105-23:00:01,foobar1,0,623,	TOTAL: 623
051205-00:00:00,foobar1,0,623,	TOTAL: 623
051205-01:00:00,foobar1,0,623,	TOTAL: 623
051205-02:00:01,foobar1,0,0,	TOTAL: 0
051205-03:00:00,foobar1,0,0,	TOTAL: 0
051205-04:00:00,foobar1,0,0,	TOTAL: 0
051205-05:00:00,foobar1,0,0,	TOTAL: 0
051205-06:00:00,foobar1,0,0,	TOTAL: 0
051205-07:00:00,foobar1,0,619,	TOTAL: 619
051205-08:00:01,foobar1,0,619,	TOTAL: 619
051205-09:00:01,foobar1,0,619,	TOTAL: 619
051205-10:00:01,foobar1,0,619,	TOTAL: 619
051205-11:00:01,foobar1,0,619,	TOTAL: 619
051205-12:00:00,foobar1,0,619,	TOTAL: 619
051205-13:00:00,foobar1,0,619,	TOTAL: 619
051205-14:00:00,foobar1,0,619,	TOTAL: 619
051205-15:00:01,foobar1,0,619,	TOTAL: 619
051205-16:00:00,foobar1,0,619,	TOTAL: 619
051205-17:00:00,foobar1,0,619,	TOTAL: 619
051205-18:00:00,foobar1,0,619,	TOTAL: 619
051205-19:00:01,foobar1,0,619,	TOTAL: 619
051205-20:00:00,foobar1,0,623,	TOTAL: 623
051205-21:00:00,foobar1,0,623,	TOTAL: 623
051205-22:00:00,foobar1,0,623,	TOTAL: 623
051205-23:00:00,foobar1,0,623,	TOTAL: 623
051305-00:00:00,foobar1,0,623,	TOTAL: 623
051305-01:00:01,foobar1,0,623,	TOTAL: 623
051305-02:00:00,foobar1,0,0,	TOTAL: 0
051305-03:00:00,foobar1,0,0,	TOTAL: 0
051305-04:00:00,foobar1,0,0,	TOTAL: 0
051305-05:00:01,foobar1,0,0,	TOTAL: 0
051305-06:00:00,foobar1,0,0,	TOTAL: 0
051305-07:00:01,foobar1,0,619,	TOTAL: 619
051305-08:00:00,foobar1,0,619,	TOTAL: 619
051305-09:00:00,foobar1,0,619,	TOTAL: 619
051305-10:00:01,foobar1,0,619,	TOTAL: 619
051305-11:00:00,foobar1,0,619,	TOTAL: 619
051305-12:00:01,foobar1,0,619,	TOTAL: 619
051305-13:00:01,foobar1,0,619,	TOTAL: 619
051305-14:00:00,foobar1,0,619,	TOTAL: 619
051305-15:00:01,foobar1,0,619,	TOTAL: 619
051305-16:00:00,foobar1,0,624,	TOTAL: 624
051305-17:00:00,foobar1,0,624,	TOTAL: 624
051305-18:00:00,foobar1,0,624,	TOTAL: 624
051305-19:00:00,foobar1,0,624,	TOTAL: 624
051305-20:00:00,foobar1,0,624,	TOTAL: 624
051305-21:00:00,foobar1,0,624,	TOTAL: 624
051305-22:00:00,foobar1,0,624,	TOTAL: 624
051305-23:00:00,foobar1,0,624,	TOTAL: 624
051405-00:00:00,foobar1,0,624,	TOTAL: 624
051405-01:00:00,foobar1,0,624,	TOTAL: 624
051405-02:00:00,foobar1,0,1688392,	TOTAL: 1688392
051405-03:00:00,foobar1,0,877053,	TOTAL: 877053
051405-04:00:00,foobar1,0,370376,	TOTAL: 370376
051405-05:00:00,foobar1,0,61848,	TOTAL: 61848
051405-06:00:00,foobar1,0,0,	TOTAL: 0
051405-07:00:00,foobar1,0,0,	TOTAL: 0
051405-08:00:00,foobar1,0,619,	TOTAL: 619
051405-09:00:01,foobar1,0,619,	TOTAL: 619
051405-10:00:01,foobar1,0,619,	TOTAL: 619
051405-11:00:00,foobar1,0,619,	TOTAL: 619
051405-12:00:00,foobar1,0,619,	TOTAL: 619
051405-13:00:01,foobar1,0,619,	TOTAL: 619
051405-14:00:01,foobar1,0,619,	TOTAL: 619
051405-15:00:00,foobar1,0,619,	TOTAL: 619
051405-16:00:00,foobar1,0,622,	TOTAL: 622
051405-17:00:00,foobar1,0,623,	TOTAL: 623
051405-18:00:00,foobar1,0,623,	TOTAL: 623
051405-19:00:00,foobar1,0,623,	TOTAL: 623
051405-20:00:00,foobar1,0,623,	TOTAL: 623
051405-21:00:00,foobar1,0,623,	TOTAL: 623
051405-22:00:00,foobar1,0,623,	TOTAL: 623
051405-23:00:00,foobar1,0,623,	TOTAL: 623
051505-00:00:01,foobar1,0,623,	TOTAL: 623
051505-01:00:01,foobar1,0,623,	TOTAL: 623
051505-02:00:01,foobar1,0,1699305,	TOTAL: 1699305
051505-03:00:00,foobar1,0,875643,	TOTAL: 875643
051505-04:00:00,foobar1,0,305411,	TOTAL: 305411
051505-05:00:00,foobar1,0,27914,	TOTAL: 27914
051505-06:00:00,foobar1,0,0,	TOTAL: 0
051505-07:00:01,foobar1,0,619,	TOTAL: 619
051505-08:00:00,foobar1,0,619,	TOTAL: 619
051505-09:00:01,foobar1,0,619,	TOTAL: 619
051505-10:00:00,foobar1,0,619,	TOTAL: 619
051505-11:00:00,foobar1,0,619,	TOTAL: 619
051505-12:00:01,foobar1,0,619,	TOTAL: 619
051505-13:00:00,foobar1,0,622,	TOTAL: 622
051505-14:00:00,foobar1,0,623,	TOTAL: 623
051505-15:00:01,foobar1,0,623,	TOTAL: 623
051505-16:00:00,foobar1,0,623,	TOTAL: 623
051505-17:00:00,foobar1,0,623,	TOTAL: 623
051505-18:00:00,foobar1,0,623,	TOTAL: 623
051505-19:00:00,foobar1,0,623,	TOTAL: 623
051505-20:00:01,foobar1,0,623,	TOTAL: 623
051505-21:00:00,foobar1,0,623,	TOTAL: 623
051505-22:00:00,foobar1,0,623,	TOTAL: 623
051505-23:00:00,foobar1,0,623,	TOTAL: 623
051605-00:00:00,foobar1,0,623,	TOTAL: 623
051605-01:00:01,foobar1,0,623,	TOTAL: 623
051605-02:00:00,foobar1,0,0,	TOTAL: 0
051605-03:00:00,foobar1,0,0,	TOTAL: 0
051605-04:00:00,foobar1,0,0,	TOTAL: 0
051605-05:00:00,foobar1,0,0,	TOTAL: 0
051605-06:00:01,foobar1,0,0,	TOTAL: 0
051605-07:00:00,foobar1,0,619,	TOTAL: 619
051605-08:00:00,foobar1,0,619,	TOTAL: 619
051605-09:00:00,foobar1,0,619,	TOTAL: 619
051605-10:00:00,foobar1,0,619,	TOTAL: 619
051605-11:00:00,foobar1,0,619,	TOTAL: 619
051605-12:00:01,foobar1,0,619,	TOTAL: 619
051605-13:00:00,foobar1,0,623,	TOTAL: 623
051605-14:00:00,foobar1,0,623,	TOTAL: 623
051605-15:00:00,foobar1,0,623,	TOTAL: 623
051605-16:00:00,foobar1,0,623,	TOTAL: 623
051605-17:00:00,foobar1,0,623,	TOTAL: 623
051605-18:00:01,foobar1,0,623,	TOTAL: 623
051605-19:00:01,foobar1,0,623,	TOTAL: 623
051605-20:00:01,foobar1,0,623,	TOTAL: 623
051605-21:00:00,foobar1,0,623,	TOTAL: 623
051605-22:00:00,foobar1,0,623,	TOTAL: 623
051605-23:00:00,foobar1,0,623,	TOTAL: 623
051705-00:00:00,foobar1,0,623,	TOTAL: 623
051705-01:00:00,foobar1,0,623,	TOTAL: 623
051705-02:00:00,foobar1,0,0,	TOTAL: 0
051705-03:00:00,foobar1,0,0,	TOTAL: 0
051705-04:00:00,foobar1,0,0,	TOTAL: 0
051705-05:00:00,foobar1,0,0,	TOTAL: 0
051705-06:00:00,foobar1,0,0,	TOTAL: 0
051705-07:00:00,foobar1,0,619,	TOTAL: 619
051705-08:00:00,foobar1,0,619,	TOTAL: 619
051705-09:00:00,foobar1,0,619,	TOTAL: 619
051705-10:00:00,foobar1,0,619,	TOTAL: 619
051705-11:00:00,foobar1,0,619,	TOTAL: 619
051705-12:00:01,foobar1,0,619,	TOTAL: 619
051705-13:00:00,foobar1,0,619,	TOTAL: 619
051705-14:00:00,foobar1,0,619,	TOTAL: 619
051705-15:00:01,foobar1,0,619,	TOTAL: 619
051705-16:00:01,foobar1,0,623,	TOTAL: 623
051705-17:00:00,foobar1,0,623,	TOTAL: 623
051705-18:00:01,foobar1,0,623,	TOTAL: 623
051705-19:00:01,foobar1,0,623,	TOTAL: 623
051705-20:00:00,foobar1,0,623,	TOTAL: 623
051705-21:00:01,foobar1,0,623,	TOTAL: 623
051705-22:00:00,foobar1,0,623,	TOTAL: 623
051705-23:00:01,foobar1,0,623,	TOTAL: 623
051805-00:00:00,foobar1,0,623,	TOTAL: 623
051805-01:00:00,foobar1,0,623,	TOTAL: 623
051805-02:00:00,foobar1,0,0,	TOTAL: 0
051805-03:00:01,foobar1,0,0,	TOTAL: 0
051805-04:00:01,foobar1,0,0,	TOTAL: 0
051805-05:00:00,foobar1,0,0,	TOTAL: 0
051805-06:00:00,foobar1,0,0,	TOTAL: 0
051805-07:00:01,foobar1,0,619,	TOTAL: 619
051805-08:00:00,foobar1,0,619,	TOTAL: 619
051805-09:00:00,foobar1,0,619,	TOTAL: 619
051805-10:00:00,foobar1,0,619,	TOTAL: 619
051805-11:00:00,foobar1,0,619,	TOTAL: 619
051805-12:00:00,foobar1,0,619,	TOTAL: 619
051805-13:00:00,foobar1,0,619,	TOTAL: 619
051805-14:00:00,foobar1,0,619,	TOTAL: 619
051805-15:00:01,foobar1,0,619,	TOTAL: 619
051805-16:00:00,foobar1,0,619,	TOTAL: 619
051805-17:00:01,foobar1,0,619,	TOTAL: 619
051805-18:00:01,foobar1,0,619,	TOTAL: 619
051805-19:00:01,foobar1,0,619,	TOTAL: 619
051805-20:00:00,foobar1,0,619,	TOTAL: 619
051805-21:00:00,foobar1,0,622,	TOTAL: 622
051805-22:00:00,foobar1,0,623,	TOTAL: 623
051805-23:00:00,foobar1,0,623,	TOTAL: 623
051905-00:00:00,foobar1,0,623,	TOTAL: 623
051905-01:00:01,foobar1,0,623,	TOTAL: 623
051905-02:00:00,foobar1,0,0,	TOTAL: 0
051905-03:00:00,foobar1,0,0,	TOTAL: 0
051905-04:00:00,foobar1,0,0,	TOTAL: 0
051905-05:00:00,foobar1,0,0,	TOTAL: 0
051905-06:00:00,foobar1,0,0,	TOTAL: 0
051905-07:00:00,foobar1,0,619,	TOTAL: 619
051905-08:00:01,foobar1,0,619,	TOTAL: 619
051905-09:00:01,foobar1,0,619,	TOTAL: 619
051905-10:00:01,foobar1,0,619,	TOTAL: 619
051905-11:00:01,foobar1,0,619,	TOTAL: 619
051905-12:00:00,foobar1,0,622,	TOTAL: 622
051905-13:00:01,foobar1,0,623,	TOTAL: 623
051905-14:00:00,foobar1,0,623,	TOTAL: 623
051905-15:00:00,foobar1,0,623,	TOTAL: 623
051905-16:00:00,foobar1,0,623,	TOTAL: 623
051905-17:00:00,foobar1,0,623,	TOTAL: 623
051905-18:00:00,foobar1,0,623,	TOTAL: 623
051905-19:00:00,foobar1,0,623,	TOTAL: 623
051905-20:00:00,foobar1,0,623,	TOTAL: 623
051905-21:00:00,foobar1,0,623,	TOTAL: 623
051905-22:00:00,foobar1,0,623,	TOTAL: 623
051905-23:00:00,foobar1,0,623,	TOTAL: 623
052005-00:00:00,foobar1,0,623,	TOTAL: 623
052005-01:00:00,foobar1,0,623,	TOTAL: 623
052005-02:00:00,foobar1,0,0,	TOTAL: 0
052005-03:00:00,foobar1,0,0,	TOTAL: 0
052005-04:00:00,foobar1,0,0,	TOTAL: 0
052005-05:00:00,foobar1,0,0,	TOTAL: 0
052005-06:00:00,foobar1,0,0,	TOTAL: 0
052005-07:00:00,foobar1,0,619,	TOTAL: 619
052005-08:00:01,foobar1,0,619,	TOTAL: 619
052005-09:00:00,foobar1,0,619,	TOTAL: 619
052005-10:00:00,foobar1,0,619,	TOTAL: 619
052005-11:00:00,foobar1,0,619,	TOTAL: 619
052005-12:00:00,foobar1,0,621,	TOTAL: 621
052005-13:00:00,foobar1,0,623,	TOTAL: 623
052005-14:00:00,foobar1,0,623,	TOTAL: 623
052005-15:00:00,foobar1,0,623,	TOTAL: 623
052005-16:00:00,foobar1,0,623,	TOTAL: 623
052005-17:00:00,foobar1,0,623,	TOTAL: 623
052005-18:00:00,foobar1,0,623,	TOTAL: 623
052005-19:00:00,foobar1,0,623,	TOTAL: 623
052005-20:00:00,foobar1,0,623,	TOTAL: 623
052005-21:00:00,foobar1,0,623,	TOTAL: 623
052005-22:00:00,foobar1,0,623,	TOTAL: 623
052005-23:00:00,foobar1,0,623,	TOTAL: 623
052105-00:00:01,foobar1,0,623,	TOTAL: 623
052105-01:00:00,foobar1,0,623,	TOTAL: 623
052105-02:00:00,foobar1,0,1721288,	TOTAL: 1721288
052105-03:00:00,foobar1,0,929582,	TOTAL: 929582
052105-04:00:00,foobar1,0,360890,	TOTAL: 360890
052105-05:00:00,foobar1,0,17604,	TOTAL: 17604
052105-06:00:00,foobar1,0,0,	TOTAL: 0
052105-07:00:00,foobar1,0,0,	TOTAL: 0
052105-08:00:01,foobar1,0,619,	TOTAL: 619
052105-09:00:00,foobar1,0,619,	TOTAL: 619
052105-10:00:01,foobar1,0,619,	TOTAL: 619
052105-11:00:00,foobar1,0,619,	TOTAL: 619
052105-12:00:01,foobar1,0,619,	TOTAL: 619
052105-13:00:01,foobar1,0,619,	TOTAL: 619
052105-14:00:00,foobar1,0,619,	TOTAL: 619
052105-15:00:00,foobar1,0,623,	TOTAL: 623
052105-16:00:01,foobar1,0,623,	TOTAL: 623
052105-17:00:00,foobar1,0,623,	TOTAL: 623
052105-18:00:00,foobar1,0,623,	TOTAL: 623
052105-19:00:00,foobar1,0,623,	TOTAL: 623
052105-20:00:00,foobar1,0,623,	TOTAL: 623
052105-21:00:00,foobar1,0,623,	TOTAL: 623
052105-22:00:00,foobar1,0,623,	TOTAL: 623
052105-23:00:00,foobar1,0,623,	TOTAL: 623
052205-00:00:00,foobar1,0,623,	TOTAL: 623
052205-01:00:00,foobar1,0,623,	TOTAL: 623
052205-02:00:00,foobar1,0,1707399,	TOTAL: 1707399
052205-03:00:00,foobar1,0,892161,	TOTAL: 892161
052205-04:00:00,foobar1,0,361260,	TOTAL: 361260
052205-05:00:00,foobar1,0,19015,	TOTAL: 19015
052205-06:00:00,foobar1,0,0,	TOTAL: 0
052205-07:00:00,foobar1,0,619,	TOTAL: 619
052205-08:00:01,foobar1,0,619,	TOTAL: 619
052205-09:00:00,foobar1,0,619,	TOTAL: 619
052205-10:00:00,foobar1,0,619,	TOTAL: 619
052205-11:00:00,foobar1,0,619,	TOTAL: 619
052205-12:00:00,foobar1,0,619,	TOTAL: 619
052205-13:00:00,foobar1,0,622,	TOTAL: 622
052205-14:00:01,foobar1,0,623,	TOTAL: 623
052205-15:00:00,foobar1,0,623,	TOTAL: 623
052205-16:00:00,foobar1,0,623,	TOTAL: 623
052205-17:00:00,foobar1,0,623,	TOTAL: 623
052205-18:00:00,foobar1,0,623,	TOTAL: 623
052205-19:00:00,foobar1,0,623,	TOTAL: 623
052205-20:00:00,foobar1,0,623,	TOTAL: 623
052205-21:00:01,foobar1,0,623,	TOTAL: 623
052205-22:00:00,foobar1,0,623,	TOTAL: 623
052205-23:00:01,foobar1,0,623,	TOTAL: 623
052305-00:00:00,foobar1,0,623,	TOTAL: 623
052305-01:00:00,foobar1,0,623,	TOTAL: 623
052305-02:00:00,foobar1,0,0,	TOTAL: 0
052305-03:00:01,foobar1,0,0,	TOTAL: 0
052305-04:00:01,foobar1,0,0,	TOTAL: 0
052305-05:00:00,foobar1,0,0,	TOTAL: 0
052305-06:00:01,foobar1,0,0,	TOTAL: 0
052305-07:00:01,foobar1,0,619,	TOTAL: 619
052305-08:00:00,foobar1,0,619,	TOTAL: 619
