030805-15:00:04,psfssystem1,0,1154,	TOTAL: 1154
030805-16:00:03,psfssystem1,0,1154,	TOTAL: 1154
030805-17:00:03,psfssystem1,0,1154,	TOTAL: 1154
030805-18:00:03,psfssystem1,0,1154,	TOTAL: 1154
030805-19:00:02,psfssystem1,0,1154,	TOTAL: 1154
030805-20:00:02,psfssystem1,0,1154,	TOTAL: 1154
030805-21:00:03,psfssystem1,0,1154,	TOTAL: 1154
030805-22:00:03,psfssystem1,0,1154,	TOTAL: 1154
030805-23:00:04,psfssystem1,0,1154,	TOTAL: 1154
030905-00:00:03,psfssystem1,0,1154,	TOTAL: 1154
030905-01:00:03,psfssystem1,0,1154,	TOTAL: 1154
030905-02:00:03,psfssystem1,0,1154,	TOTAL: 1154
030905-03:00:03,psfssystem1,0,0,	TOTAL: 0
030905-04:00:02,psfssystem1,0,0,	TOTAL: 0
030905-05:00:04,psfssystem1,0,0,	TOTAL: 0
030905-06:00:03,psfssystem1,0,0,	TOTAL: 0
030905-07:00:04,psfssystem1,0,1154,	TOTAL: 1154
030905-08:00:06,psfssystem1,0,1154,	TOTAL: 1154
030905-09:00:05,psfssystem1,0,1154,	TOTAL: 1154
030905-10:00:06,psfssystem1,0,1154,	TOTAL: 1154
030905-11:00:06,psfssystem1,0,1154,	TOTAL: 1154
030905-12:00:06,psfssystem1,0,1154,	TOTAL: 1154
030905-13:00:05,psfssystem1,0,1154,	TOTAL: 1154
030905-14:00:05,psfssystem1,0,1154,	TOTAL: 1154
030905-15:00:04,psfssystem1,0,1154,	TOTAL: 1154
030905-16:00:03,psfssystem1,0,1154,	TOTAL: 1154
030905-17:00:03,psfssystem1,0,1154,	TOTAL: 1154
030905-18:00:02,psfssystem1,0,1154,	TOTAL: 1154
030905-19:00:02,psfssystem1,0,1154,	TOTAL: 1154
030905-20:00:02,psfssystem1,0,1154,	TOTAL: 1154
030905-21:00:03,psfssystem1,0,1154,	TOTAL: 1154
030905-22:00:03,psfssystem1,0,1154,	TOTAL: 1154
030905-23:00:04,psfssystem1,0,1154,	TOTAL: 1154
031005-00:00:02,psfssystem1,0,1154,	TOTAL: 1154
031005-01:00:03,psfssystem1,0,1154,	TOTAL: 1154
031005-02:00:03,psfssystem1,0,1154,	TOTAL: 1154
031005-03:00:03,psfssystem1,0,0,	TOTAL: 0
031005-04:00:03,psfssystem1,0,0,	TOTAL: 0
031005-05:00:04,psfssystem1,0,0,	TOTAL: 0
031005-06:00:03,psfssystem1,0,0,	TOTAL: 0
031005-07:00:06,psfssystem1,0,1154,	TOTAL: 1154
031005-08:00:06,psfssystem1,0,1154,	TOTAL: 1154
031005-09:00:06,psfssystem1,0,1154,	TOTAL: 1154
031005-10:00:06,psfssystem1,0,1155,	TOTAL: 1155
031005-11:00:06,psfssystem1,0,1155,	TOTAL: 1155
031005-12:00:04,psfssystem1,0,1155,	TOTAL: 1155
031005-13:00:03,psfssystem1,0,1155,	TOTAL: 1155
031005-14:00:03,psfssystem1,0,1155,	TOTAL: 1155
031005-15:00:02,psfssystem1,0,1155,	TOTAL: 1155
031005-16:00:03,psfssystem1,0,1155,	TOTAL: 1155
031005-17:00:03,psfssystem1,0,1155,	TOTAL: 1155
031005-18:00:03,psfssystem1,0,1155,	TOTAL: 1155
031005-19:00:03,psfssystem1,0,1155,	TOTAL: 1155
031005-20:00:03,psfssystem1,0,1155,	TOTAL: 1155
031005-21:00:03,psfssystem1,0,1155,	TOTAL: 1155
031005-22:00:04,psfssystem1,0,1155,	TOTAL: 1155
031005-23:00:03,psfssystem1,0,1155,	TOTAL: 1155
031105-00:00:04,psfssystem1,0,1155,	TOTAL: 1155
031105-01:00:04,psfssystem1,0,1155,	TOTAL: 1155
031105-02:00:03,psfssystem1,0,1155,	TOTAL: 1155
031105-03:00:02,psfssystem1,0,0,	TOTAL: 0
031105-04:00:04,psfssystem1,0,0,	TOTAL: 0
031105-05:00:04,psfssystem1,0,0,	TOTAL: 0
031105-06:00:04,psfssystem1,0,0,	TOTAL: 0
031105-07:00:04,psfssystem1,0,1150,	TOTAL: 1150
031105-08:00:05,psfssystem1,0,1150,	TOTAL: 1150
031105-09:00:06,psfssystem1,0,1150,	TOTAL: 1150
031105-10:00:04,psfssystem1,0,1150,	TOTAL: 1150
031105-11:00:04,psfssystem1,0,1150,	TOTAL: 1150
031105-12:00:04,psfssystem1,0,1150,	TOTAL: 1150
031105-13:00:04,psfssystem1,0,1150,	TOTAL: 1150
031105-14:00:04,psfssystem1,0,1150,	TOTAL: 1150
031105-15:00:05,psfssystem1,0,1150,	TOTAL: 1150
031105-16:00:05,psfssystem1,0,1150,	TOTAL: 1150
031105-17:00:05,psfssystem1,0,1150,	TOTAL: 1150
031105-18:00:04,psfssystem1,0,2865435,	TOTAL: 2865435
031105-19:00:10,psfssystem1,0,1233937,	TOTAL: 1233937
031105-20:00:04,psfssystem1,0,85594,	TOTAL: 85594
031105-21:00:03,psfssystem1,0,0,	TOTAL: 0
031105-22:00:04,psfssystem1,0,0,	TOTAL: 0
031105-23:00:24,psfssystem1,0,1153,	TOTAL: 1153
031205-00:00:08,psfssystem1,0,1154,	TOTAL: 1154
031205-01:00:07,psfssystem1,0,1154,	TOTAL: 1154
031205-02:00:03,psfssystem1,0,1155,	TOTAL: 1155
031205-03:00:03,psfssystem1,0,3512481,	TOTAL: 3512481
031205-04:00:04,psfssystem1,0,2577319,	TOTAL: 2577319
031205-05:00:04,psfssystem1,0,1495767,	TOTAL: 1495767
031205-06:00:03,psfssystem1,0,396133,	TOTAL: 396133
031205-07:00:05,psfssystem1,0,11433,	TOTAL: 11433
031205-08:00:06,psfssystem1,0,1153,	TOTAL: 1153
031205-09:00:07,psfssystem1,0,1154,	TOTAL: 1154
031205-10:00:06,psfssystem1,0,1154,	TOTAL: 1154
031205-11:00:08,psfssystem1,0,1154,	TOTAL: 1154
031205-12:00:05,psfssystem1,0,1155,	TOTAL: 1155
031205-13:00:04,psfssystem1,0,1155,	TOTAL: 1155
031205-14:00:03,psfssystem1,0,1156,	TOTAL: 1156
031205-15:00:03,psfssystem1,0,1156,	TOTAL: 1156
031205-16:00:03,psfssystem1,0,1156,	TOTAL: 1156
031205-17:00:03,psfssystem1,0,1156,	TOTAL: 1156
031205-18:00:03,psfssystem1,0,1156,	TOTAL: 1156
031205-19:00:03,psfssystem1,0,1156,	TOTAL: 1156
031205-20:00:03,psfssystem1,0,1156,	TOTAL: 1156
031205-21:00:03,psfssystem1,0,1156,	TOTAL: 1156
031205-22:00:04,psfssystem1,0,1156,	TOTAL: 1156
031205-23:00:03,psfssystem1,0,1156,	TOTAL: 1156
031305-00:00:04,psfssystem1,0,1156,	TOTAL: 1156
031305-01:00:04,psfssystem1,0,1156,	TOTAL: 1156
031305-02:00:03,psfssystem1,0,1156,	TOTAL: 1156
031305-03:00:03,psfssystem1,0,3540387,	TOTAL: 3540387
031305-04:00:04,psfssystem1,0,2537897,	TOTAL: 2537897
031305-05:00:03,psfssystem1,0,1562298,	TOTAL: 1562298
031305-06:00:04,psfssystem1,0,136033,	TOTAL: 136033
031305-07:00:04,psfssystem1,0,1154,	TOTAL: 1154
031305-08:00:09,psfssystem1,0,1155,	TOTAL: 1155
031305-09:00:07,psfssystem1,0,1155,	TOTAL: 1155
031305-10:00:06,psfssystem1,0,1155,	TOTAL: 1155
031305-11:00:06,psfssystem1,0,1155,	TOTAL: 1155
031305-12:00:06,psfssystem1,0,1155,	TOTAL: 1155
031305-13:00:04,psfssystem1,0,1155,	TOTAL: 1155
031305-14:00:02,psfssystem1,0,1155,	TOTAL: 1155
031305-15:00:03,psfssystem1,0,1155,	TOTAL: 1155
031305-16:00:02,psfssystem1,0,1155,	TOTAL: 1155
031305-17:00:02,psfssystem1,0,1155,	TOTAL: 1155
031305-18:00:03,psfssystem1,0,1155,	TOTAL: 1155
031305-19:00:02,psfssystem1,0,1155,	TOTAL: 1155
031305-20:00:03,psfssystem1,0,1155,	TOTAL: 1155
031305-21:00:03,psfssystem1,0,1155,	TOTAL: 1155
031305-22:00:03,psfssystem1,0,1155,	TOTAL: 1155
031305-23:00:03,psfssystem1,0,1155,	TOTAL: 1155
031405-00:00:05,psfssystem1,0,1155,	TOTAL: 1155
031405-01:00:04,psfssystem1,0,1155,	TOTAL: 1155
031405-02:00:03,psfssystem1,0,1155,	TOTAL: 1155
031405-03:00:02,psfssystem1,0,1155,	TOTAL: 1155
031405-04:00:04,psfssystem1,0,1155,	TOTAL: 1155
031405-05:00:03,psfssystem1,0,1155,	TOTAL: 1155
031405-06:00:04,psfssystem1,0,1155,	TOTAL: 1155
031405-07:00:04,psfssystem1,0,1155,	TOTAL: 1155
031405-08:00:04,psfssystem1,0,1155,	TOTAL: 1155
031405-09:00:05,psfssystem1,0,1155,	TOTAL: 1155
031405-10:00:03,psfssystem1,0,1155,	TOTAL: 1155
031405-11:00:03,psfssystem1,0,1155,	TOTAL: 1155
031405-12:00:03,psfssystem1,0,1155,	TOTAL: 1155
031405-13:00:03,psfssystem1,0,1155,	TOTAL: 1155
031405-14:00:03,psfssystem1,0,1155,	TOTAL: 1155
031405-15:00:03,psfssystem1,0,1155,	TOTAL: 1155
031405-16:00:04,psfssystem1,0,1155,	TOTAL: 1155
031405-17:00:03,psfssystem1,0,1155,	TOTAL: 1155
031405-18:00:03,psfssystem1,0,1155,	TOTAL: 1155
031405-19:00:03,psfssystem1,0,1155,	TOTAL: 1155
031405-20:00:03,psfssystem1,0,1155,	TOTAL: 1155
031405-21:00:04,psfssystem1,0,1155,	TOTAL: 1155
031405-22:00:04,psfssystem1,0,1155,	TOTAL: 1155
031405-23:00:04,psfssystem1,0,1155,	TOTAL: 1155
031505-00:00:03,psfssystem1,0,1155,	TOTAL: 1155
031505-01:00:04,psfssystem1,0,1155,	TOTAL: 1155
031505-02:00:03,psfssystem1,0,1155,	TOTAL: 1155
031505-03:00:03,psfssystem1,0,2256811,	TOTAL: 2256811
031505-04:00:04,psfssystem1,0,683494,	TOTAL: 683494
031505-05:00:04,psfssystem1,0,0,	TOTAL: 0
031505-06:00:03,psfssystem1,0,0,	TOTAL: 0
031505-07:00:06,psfssystem1,0,1153,	TOTAL: 1153
031505-08:00:05,psfssystem1,0,1153,	TOTAL: 1153
031505-09:00:07,psfssystem1,0,1153,	TOTAL: 1153
031505-10:00:07,psfssystem1,0,1154,	TOTAL: 1154
031505-11:00:05,psfssystem1,0,1154,	TOTAL: 1154
031505-12:00:03,psfssystem1,0,1154,	TOTAL: 1154
031505-13:00:03,psfssystem1,0,1154,	TOTAL: 1154
031505-14:00:03,psfssystem1,0,1154,	TOTAL: 1154
031505-15:00:03,psfssystem1,0,1154,	TOTAL: 1154
031505-16:00:02,psfssystem1,0,1154,	TOTAL: 1154
031505-17:00:03,psfssystem1,0,1154,	TOTAL: 1154
031505-18:00:03,psfssystem1,0,1154,	TOTAL: 1154
031505-19:00:03,psfssystem1,0,1154,	TOTAL: 1154
031505-20:00:03,psfssystem1,0,1154,	TOTAL: 1154
031505-21:00:03,psfssystem1,0,1154,	TOTAL: 1154
031505-22:00:04,psfssystem1,0,1154,	TOTAL: 1154
031505-23:00:03,psfssystem1,0,1154,	TOTAL: 1154
031605-00:00:04,psfssystem1,0,1154,	TOTAL: 1154
031605-01:00:04,psfssystem1,0,1154,	TOTAL: 1154
031605-02:00:03,psfssystem1,0,1154,	TOTAL: 1154
031605-03:00:02,psfssystem1,0,3465225,	TOTAL: 3465225
031605-04:00:03,psfssystem1,0,2407771,	TOTAL: 2407771
031605-05:00:03,psfssystem1,0,1136758,	TOTAL: 1136758
031605-06:00:03,psfssystem1,0,72926,	TOTAL: 72926
031605-07:00:05,psfssystem1,0,1153,	TOTAL: 1153
031605-08:00:04,psfssystem1,0,1153,	TOTAL: 1153
031605-09:00:06,psfssystem1,0,1154,	TOTAL: 1154
031605-10:00:06,psfssystem1,0,1154,	TOTAL: 1154
031605-11:00:05,psfssystem1,0,1154,	TOTAL: 1154
031605-12:00:05,psfssystem1,0,1154,	TOTAL: 1154
031605-13:00:04,psfssystem1,0,1154,	TOTAL: 1154
031605-14:00:02,psfssystem1,0,1154,	TOTAL: 1154
031605-15:00:03,psfssystem1,0,1154,	TOTAL: 1154
031605-16:00:03,psfssystem1,0,1154,	TOTAL: 1154
031605-17:00:03,psfssystem1,0,1154,	TOTAL: 1154
031605-18:00:03,psfssystem1,0,1154,	TOTAL: 1154
031605-19:00:03,psfssystem1,0,1154,	TOTAL: 1154
031605-20:00:03,psfssystem1,0,1154,	TOTAL: 1154
031605-21:00:03,psfssystem1,0,1154,	TOTAL: 1154
031605-22:00:04,psfssystem1,0,1154,	TOTAL: 1154
031605-23:00:03,psfssystem1,0,1154,	TOTAL: 1154
031705-00:00:03,psfssystem1,0,1154,	TOTAL: 1154
031705-01:00:03,psfssystem1,0,1154,	TOTAL: 1154
031705-02:00:02,psfssystem1,0,1154,	TOTAL: 1154
031705-03:00:03,psfssystem1,0,3453767,	TOTAL: 3453767
031705-04:00:03,psfssystem1,0,2496285,	TOTAL: 2496285
031705-05:00:03,psfssystem1,0,1290961,	TOTAL: 1290961
031705-06:00:03,psfssystem1,0,31680,	TOTAL: 31680
031705-07:00:04,psfssystem1,0,1153,	TOTAL: 1153
031705-08:00:05,psfssystem1,0,1153,	TOTAL: 1153
031705-09:00:07,psfssystem1,0,1154,	TOTAL: 1154
031705-10:00:06,psfssystem1,0,1154,	TOTAL: 1154
031705-11:00:08,psfssystem1,0,1154,	TOTAL: 1154
031705-12:00:06,psfssystem1,0,1154,	TOTAL: 1154
031705-13:00:04,psfssystem1,0,1154,	TOTAL: 1154
031705-14:00:03,psfssystem1,0,1154,	TOTAL: 1154
031705-15:00:03,psfssystem1,0,1154,	TOTAL: 1154
031705-16:00:03,psfssystem1,0,1154,	TOTAL: 1154
031705-17:00:04,psfssystem1,0,1154,	TOTAL: 1154
031705-18:00:03,psfssystem1,0,1154,	TOTAL: 1154
031705-19:00:03,psfssystem1,0,1154,	TOTAL: 1154
031705-20:00:03,psfssystem1,0,1154,	TOTAL: 1154
031705-21:00:03,psfssystem1,0,1154,	TOTAL: 1154
031705-22:00:04,psfssystem1,0,1154,	TOTAL: 1154
031705-23:00:04,psfssystem1,0,1154,	TOTAL: 1154
031805-00:00:04,psfssystem1,0,1154,	TOTAL: 1154
031805-01:00:04,psfssystem1,0,1154,	TOTAL: 1154
031805-02:00:03,psfssystem1,0,1154,	TOTAL: 1154
031805-03:00:03,psfssystem1,0,3462341,	TOTAL: 3462341
031805-04:00:03,psfssystem1,0,2466407,	TOTAL: 2466407
031805-05:00:04,psfssystem1,0,1344885,	TOTAL: 1344885
031805-06:00:03,psfssystem1,0,175444,	TOTAL: 175444
031805-07:00:04,psfssystem1,0,1152,	TOTAL: 1152
031805-08:00:05,psfssystem1,0,1152,	TOTAL: 1152
031805-09:00:05,psfssystem1,0,1152,	TOTAL: 1152
031805-10:00:06,psfssystem1,0,1152,	TOTAL: 1152
031805-11:00:05,psfssystem1,0,1152,	TOTAL: 1152
031805-12:00:06,psfssystem1,0,1154,	TOTAL: 1154
031805-13:00:05,psfssystem1,0,1154,	TOTAL: 1154
031805-14:00:04,psfssystem1,0,1154,	TOTAL: 1154
031805-15:00:03,psfssystem1,0,1154,	TOTAL: 1154
031805-16:00:03,psfssystem1,0,1154,	TOTAL: 1154
031805-17:00:03,psfssystem1,0,1154,	TOTAL: 1154
031805-18:00:03,psfssystem1,0,1154,	TOTAL: 1154
031805-19:00:03,psfssystem1,0,1154,	TOTAL: 1154
031805-20:00:02,psfssystem1,0,1154,	TOTAL: 1154
031805-21:00:03,psfssystem1,0,1154,	TOTAL: 1154
031805-22:00:04,psfssystem1,0,1154,	TOTAL: 1154
031805-23:00:05,psfssystem1,0,1154,	TOTAL: 1154
031905-00:00:04,psfssystem1,0,1154,	TOTAL: 1154
031905-01:00:04,psfssystem1,0,1154,	TOTAL: 1154
031905-02:00:04,psfssystem1,0,1154,	TOTAL: 1154
031905-03:00:04,psfssystem1,0,3466547,	TOTAL: 3466547
031905-04:00:04,psfssystem1,0,2635751,	TOTAL: 2635751
031905-05:00:03,psfssystem1,0,1442136,	TOTAL: 1442136
031905-06:00:04,psfssystem1,0,139311,	TOTAL: 139311
031905-07:00:04,psfssystem1,0,1150,	TOTAL: 1150
031905-08:00:05,psfssystem1,0,1153,	TOTAL: 1153
031905-09:00:05,psfssystem1,0,1154,	TOTAL: 1154
031905-10:00:07,psfssystem1,0,1154,	TOTAL: 1154
031905-11:00:08,psfssystem1,0,1154,	TOTAL: 1154
031905-12:00:06,psfssystem1,0,1154,	TOTAL: 1154
031905-13:00:06,psfssystem1,0,1154,	TOTAL: 1154
031905-14:00:06,psfssystem1,0,1154,	TOTAL: 1154
031905-15:00:04,psfssystem1,0,1154,	TOTAL: 1154
031905-16:00:04,psfssystem1,0,1154,	TOTAL: 1154
031905-17:00:03,psfssystem1,0,1154,	TOTAL: 1154
031905-18:00:04,psfssystem1,0,1154,	TOTAL: 1154
031905-19:00:04,psfssystem1,0,1154,	TOTAL: 1154
031905-20:00:04,psfssystem1,0,1154,	TOTAL: 1154
031905-21:00:03,psfssystem1,0,1154,	TOTAL: 1154
031905-22:00:05,psfssystem1,0,1154,	TOTAL: 1154
031905-23:00:04,psfssystem1,0,1154,	TOTAL: 1154
032005-00:00:04,psfssystem1,0,1154,	TOTAL: 1154
032005-01:00:03,psfssystem1,0,1154,	TOTAL: 1154
032005-02:00:03,psfssystem1,0,1154,	TOTAL: 1154
032005-03:00:04,psfssystem1,0,3441804,	TOTAL: 3441804
032005-04:00:04,psfssystem1,0,2278332,	TOTAL: 2278332
032005-05:00:05,psfssystem1,0,659656,	TOTAL: 659656
032005-06:00:04,psfssystem1,0,0,	TOTAL: 0
032005-07:00:04,psfssystem1,0,1152,	TOTAL: 1152
032005-08:00:04,psfssystem1,0,1152,	TOTAL: 1152
032005-09:00:05,psfssystem1,0,1152,	TOTAL: 1152
032005-10:00:05,psfssystem1,0,1152,	TOTAL: 1152
032005-11:00:04,psfssystem1,0,1152,	TOTAL: 1152
032005-12:00:04,psfssystem1,0,1152,	TOTAL: 1152
032005-13:00:03,psfssystem1,0,1152,	TOTAL: 1152
032005-14:00:03,psfssystem1,0,1152,	TOTAL: 1152
032005-15:00:03,psfssystem1,0,1152,	TOTAL: 1152
032005-16:00:03,psfssystem1,0,1152,	TOTAL: 1152
032005-17:00:03,psfssystem1,0,1152,	TOTAL: 1152
032005-18:00:02,psfssystem1,0,1152,	TOTAL: 1152
032005-19:00:03,psfssystem1,0,1152,	TOTAL: 1152
032005-20:00:03,psfssystem1,0,1152,	TOTAL: 1152
032005-21:00:03,psfssystem1,0,1152,	TOTAL: 1152
032005-22:00:03,psfssystem1,0,1152,	TOTAL: 1152
032005-23:00:03,psfssystem1,0,1152,	TOTAL: 1152
032105-00:00:03,psfssystem1,0,1152,	TOTAL: 1152
032105-01:00:03,psfssystem1,0,1152,	TOTAL: 1152
032105-02:00:03,psfssystem1,0,1152,	TOTAL: 1152
032105-03:00:03,psfssystem1,0,3460684,	TOTAL: 3460684
032105-04:00:03,psfssystem1,0,2389431,	TOTAL: 2389431
032105-05:00:03,psfssystem1,0,1156672,	TOTAL: 1156672
032105-06:00:03,psfssystem1,0,7571,	TOTAL: 7571
032105-07:00:04,psfssystem1,0,1153,	TOTAL: 1153
032105-08:00:06,psfssystem1,0,1153,	TOTAL: 1153
032105-09:00:06,psfssystem1,0,1154,	TOTAL: 1154
032105-10:00:06,psfssystem1,0,1154,	TOTAL: 1154
032105-11:00:06,psfssystem1,0,1154,	TOTAL: 1154
032105-12:00:06,psfssystem1,0,1154,	TOTAL: 1154
032105-13:00:05,psfssystem1,0,1154,	TOTAL: 1154
032105-14:00:04,psfssystem1,0,1154,	TOTAL: 1154
032105-15:00:03,psfssystem1,0,1154,	TOTAL: 1154
032105-16:00:03,psfssystem1,0,1154,	TOTAL: 1154
032105-17:00:03,psfssystem1,0,1154,	TOTAL: 1154
032105-18:00:03,psfssystem1,0,1154,	TOTAL: 1154
032105-19:00:03,psfssystem1,0,1154,	TOTAL: 1154
032105-20:00:03,psfssystem1,0,1154,	TOTAL: 1154
032105-21:00:02,psfssystem1,0,1154,	TOTAL: 1154
032105-22:00:04,psfssystem1,0,1154,	TOTAL: 1154
032105-23:00:04,psfssystem1,0,1154,	TOTAL: 1154
032205-00:00:04,psfssystem1,0,1154,	TOTAL: 1154
032205-01:00:04,psfssystem1,0,1154,	TOTAL: 1154
032205-02:00:03,psfssystem1,0,1154,	TOTAL: 1154
032205-03:00:03,psfssystem1,0,3508584,	TOTAL: 3508584
032205-04:00:03,psfssystem1,0,2565362,	TOTAL: 2565362
032205-05:00:04,psfssystem1,0,1325424,	TOTAL: 1325424
032205-06:00:04,psfssystem1,0,70988,	TOTAL: 70988
032205-07:00:04,psfssystem1,0,1150,	TOTAL: 1150
032205-08:00:06,psfssystem1,0,1153,	TOTAL: 1153
032205-09:00:06,psfssystem1,0,1153,	TOTAL: 1153
032205-10:00:05,psfssystem1,0,1154,	TOTAL: 1154
032205-11:00:05,psfssystem1,0,1154,	TOTAL: 1154
032205-12:00:04,psfssystem1,0,1154,	TOTAL: 1154
032205-13:00:03,psfssystem1,0,1154,	TOTAL: 1154
032205-14:00:04,psfssystem1,0,1154,	TOTAL: 1154
032205-15:00:03,psfssystem1,0,1154,	TOTAL: 1154
032205-16:00:03,psfssystem1,0,1154,	TOTAL: 1154
032205-17:00:03,psfssystem1,0,1154,	TOTAL: 1154
032205-18:00:03,psfssystem1,0,1154,	TOTAL: 1154
032205-19:00:03,psfssystem1,0,1154,	TOTAL: 1154
032205-20:00:03,psfssystem1,0,1154,	TOTAL: 1154
032205-21:00:03,psfssystem1,0,1154,	TOTAL: 1154
032205-22:00:04,psfssystem1,0,1154,	TOTAL: 1154
032205-23:00:05,psfssystem1,0,1154,	TOTAL: 1154
032305-00:00:04,psfssystem1,0,1154,	TOTAL: 1154
032305-01:00:05,psfssystem1,0,1154,	TOTAL: 1154
032305-02:00:03,psfssystem1,0,1154,	TOTAL: 1154
032305-03:00:03,psfssystem1,0,0,	TOTAL: 0
032305-04:00:03,psfssystem1,0,0,	TOTAL: 0
032305-05:00:04,psfssystem1,0,0,	TOTAL: 0
032305-06:00:05,psfssystem1,0,0,	TOTAL: 0
032305-07:00:06,psfssystem1,0,1153,	TOTAL: 1153
032305-08:00:06,psfssystem1,0,1153,	TOTAL: 1153
032305-09:00:07,psfssystem1,0,1154,	TOTAL: 1154
032305-10:00:05,psfssystem1,0,1154,	TOTAL: 1154
032305-11:00:06,psfssystem1,0,1154,	TOTAL: 1154
032305-12:00:05,psfssystem1,0,1154,	TOTAL: 1154
032305-13:00:03,psfssystem1,0,1154,	TOTAL: 1154
032305-14:00:03,psfssystem1,0,1154,	TOTAL: 1154
032305-15:00:03,psfssystem1,0,1154,	TOTAL: 1154
032305-16:00:03,psfssystem1,0,1154,	TOTAL: 1154
032305-17:00:02,psfssystem1,0,1154,	TOTAL: 1154
032305-18:00:03,psfssystem1,0,1154,	TOTAL: 1154
032305-19:00:03,psfssystem1,0,1154,	TOTAL: 1154
032305-20:00:03,psfssystem1,0,1154,	TOTAL: 1154
032305-21:00:03,psfssystem1,0,1154,	TOTAL: 1154
032305-22:00:04,psfssystem1,0,1154,	TOTAL: 1154
032305-23:00:03,psfssystem1,0,1154,	TOTAL: 1154
032405-00:00:04,psfssystem1,0,1154,	TOTAL: 1154
032405-01:00:05,psfssystem1,0,1154,	TOTAL: 1154
032405-02:00:03,psfssystem1,0,1154,	TOTAL: 1154
032405-03:00:03,psfssystem1,0,0,	TOTAL: 0
032405-04:00:03,psfssystem1,0,0,	TOTAL: 0
032405-05:00:05,psfssystem1,0,0,	TOTAL: 0
032405-06:00:05,psfssystem1,0,0,	TOTAL: 0
032405-07:00:06,psfssystem1,0,1153,	TOTAL: 1153
032405-08:00:07,psfssystem1,0,1153,	TOTAL: 1153
032405-09:00:06,psfssystem1,0,1154,	TOTAL: 1154
032405-10:00:06,psfssystem1,0,1154,	TOTAL: 1154
032405-11:00:06,psfssystem1,0,1154,	TOTAL: 1154
032405-12:00:05,psfssystem1,0,1154,	TOTAL: 1154
032405-13:00:04,psfssystem1,0,1154,	TOTAL: 1154
032405-14:00:03,psfssystem1,0,1154,	TOTAL: 1154
032405-15:00:03,psfssystem1,0,1154,	TOTAL: 1154
032405-16:00:03,psfssystem1,0,1154,	TOTAL: 1154
032405-17:00:03,psfssystem1,0,1154,	TOTAL: 1154
032405-18:00:02,psfssystem1,0,1154,	TOTAL: 1154
032405-19:00:03,psfssystem1,0,1154,	TOTAL: 1154
032405-20:00:03,psfssystem1,0,1154,	TOTAL: 1154
032405-21:00:03,psfssystem1,0,1154,	TOTAL: 1154
032405-22:00:04,psfssystem1,0,1154,	TOTAL: 1154
032405-23:00:04,psfssystem1,0,1154,	TOTAL: 1154
032505-00:00:03,psfssystem1,0,1154,	TOTAL: 1154
032505-01:00:05,psfssystem1,0,1154,	TOTAL: 1154
032505-02:00:03,psfssystem1,0,1154,	TOTAL: 1154
032505-03:00:03,psfssystem1,0,0,	TOTAL: 0
032505-04:00:05,psfssystem1,0,0,	TOTAL: 0
032505-05:00:05,psfssystem1,0,0,	TOTAL: 0
032505-06:00:05,psfssystem1,0,0,	TOTAL: 0
032505-07:00:05,psfssystem1,0,1153,	TOTAL: 1153
032505-08:00:06,psfssystem1,0,1153,	TOTAL: 1153
032505-09:00:07,psfssystem1,0,1154,	TOTAL: 1154
032505-10:00:05,psfssystem1,0,1154,	TOTAL: 1154
032505-11:00:06,psfssystem1,0,1154,	TOTAL: 1154
032505-12:00:06,psfssystem1,0,1154,	TOTAL: 1154
032505-13:00:04,psfssystem1,0,1154,	TOTAL: 1154
032505-14:00:03,psfssystem1,0,1154,	TOTAL: 1154
032505-15:00:03,psfssystem1,0,1154,	TOTAL: 1154
032505-16:00:03,psfssystem1,0,1154,	TOTAL: 1154
032505-17:00:03,psfssystem1,0,1154,	TOTAL: 1154
032505-18:00:03,psfssystem1,0,1154,	TOTAL: 1154
032505-19:00:03,psfssystem1,0,1154,	TOTAL: 1154
032505-20:00:04,psfssystem1,0,1154,	TOTAL: 1154
032505-21:00:03,psfssystem1,0,1154,	TOTAL: 1154
032505-22:00:04,psfssystem1,0,1154,	TOTAL: 1154
032505-23:00:04,psfssystem1,0,1154,	TOTAL: 1154
032605-00:00:03,psfssystem1,0,1154,	TOTAL: 1154
032605-01:00:03,psfssystem1,0,1154,	TOTAL: 1154
032605-02:00:04,psfssystem1,0,1154,	TOTAL: 1154
032605-03:00:04,psfssystem1,0,3474981,	TOTAL: 3474981
032605-04:00:03,psfssystem1,0,2563071,	TOTAL: 2563071
032605-05:00:03,psfssystem1,0,1525138,	TOTAL: 1525138
032605-06:00:04,psfssystem1,0,329797,	TOTAL: 329797
032605-07:00:04,psfssystem1,0,0,	TOTAL: 0
032605-08:00:04,psfssystem1,0,1152,	TOTAL: 1152
032605-09:00:07,psfssystem1,0,1154,	TOTAL: 1154
032605-10:00:08,psfssystem1,0,1154,	TOTAL: 1154
032605-11:00:06,psfssystem1,0,1154,	TOTAL: 1154
032605-12:00:06,psfssystem1,0,1154,	TOTAL: 1154
032605-13:00:07,psfssystem1,0,1154,	TOTAL: 1154
032605-14:00:05,psfssystem1,0,1154,	TOTAL: 1154
032605-15:00:03,psfssystem1,0,1154,	TOTAL: 1154
032605-16:00:04,psfssystem1,0,1154,	TOTAL: 1154
032605-17:00:03,psfssystem1,0,1154,	TOTAL: 1154
032605-18:00:03,psfssystem1,0,1154,	TOTAL: 1154
032605-19:00:03,psfssystem1,0,1154,	TOTAL: 1154
032605-20:00:03,psfssystem1,0,1154,	TOTAL: 1154
032605-21:00:03,psfssystem1,0,1154,	TOTAL: 1154
032605-22:00:04,psfssystem1,0,1154,	TOTAL: 1154
032605-23:00:04,psfssystem1,0,1154,	TOTAL: 1154
032705-00:00:03,psfssystem1,0,1154,	TOTAL: 1154
032705-01:00:04,psfssystem1,0,1154,	TOTAL: 1154
032705-02:00:04,psfssystem1,0,1154,	TOTAL: 1154
032705-03:00:04,psfssystem1,0,3474807,	TOTAL: 3474807
032705-04:00:05,psfssystem1,0,2512572,	TOTAL: 2512572
032705-05:00:05,psfssystem1,0,1359920,	TOTAL: 1359920
032705-06:00:04,psfssystem1,0,90265,	TOTAL: 90265
032705-07:00:03,psfssystem1,0,1151,	TOTAL: 1151
032705-08:00:05,psfssystem1,0,1154,	TOTAL: 1154
032705-09:00:07,psfssystem1,0,1154,	TOTAL: 1154
032705-10:00:06,psfssystem1,0,1154,	TOTAL: 1154
032705-11:00:06,psfssystem1,0,1154,	TOTAL: 1154
032705-12:00:06,psfssystem1,0,1154,	TOTAL: 1154
032705-13:00:06,psfssystem1,0,1154,	TOTAL: 1154
032705-14:00:06,psfssystem1,0,1154,	TOTAL: 1154
032705-15:00:05,psfssystem1,0,1154,	TOTAL: 1154
032705-16:00:04,psfssystem1,0,1154,	TOTAL: 1154
032705-17:00:03,psfssystem1,0,1154,	TOTAL: 1154
032705-18:00:03,psfssystem1,0,1154,	TOTAL: 1154
032705-19:00:03,psfssystem1,0,1154,	TOTAL: 1154
032705-20:00:03,psfssystem1,0,1154,	TOTAL: 1154
032705-21:00:03,psfssystem1,0,1154,	TOTAL: 1154
032705-22:00:03,psfssystem1,0,1154,	TOTAL: 1154
032705-23:00:03,psfssystem1,0,1154,	TOTAL: 1154
032805-00:00:05,psfssystem1,0,1154,	TOTAL: 1154
032805-01:00:03,psfssystem1,0,1154,	TOTAL: 1154
032805-02:00:03,psfssystem1,0,1154,	TOTAL: 1154
032805-03:00:03,psfssystem1,0,3346574,	TOTAL: 3346574
032805-04:00:03,psfssystem1,0,1835730,	TOTAL: 1835730
032805-05:00:04,psfssystem1,0,481729,	TOTAL: 481729
032805-06:00:03,psfssystem1,0,0,	TOTAL: 0
032805-07:00:06,psfssystem1,0,1153,	TOTAL: 1153
032805-08:00:06,psfssystem1,0,1154,	TOTAL: 1154
032805-09:00:06,psfssystem1,0,1154,	TOTAL: 1154
032805-10:00:05,psfssystem1,0,1154,	TOTAL: 1154
032805-11:00:07,psfssystem1,0,1154,	TOTAL: 1154
032805-12:00:04,psfssystem1,0,1154,	TOTAL: 1154
032805-13:00:04,psfssystem1,0,1154,	TOTAL: 1154
032805-14:00:03,psfssystem1,0,1154,	TOTAL: 1154
032805-15:00:03,psfssystem1,0,1154,	TOTAL: 1154
032805-16:00:03,psfssystem1,0,1154,	TOTAL: 1154
032805-17:00:03,psfssystem1,0,1154,	TOTAL: 1154
032805-18:00:03,psfssystem1,0,1154,	TOTAL: 1154
032805-19:00:02,psfssystem1,0,1154,	TOTAL: 1154
032805-20:00:03,psfssystem1,0,1154,	TOTAL: 1154
032805-21:00:03,psfssystem1,0,1154,	TOTAL: 1154
032805-22:00:04,psfssystem1,0,1154,	TOTAL: 1154
032805-23:00:03,psfssystem1,0,1154,	TOTAL: 1154
032905-00:00:04,psfssystem1,0,1154,	TOTAL: 1154
032905-01:00:03,psfssystem1,0,1154,	TOTAL: 1154
032905-02:00:04,psfssystem1,0,1154,	TOTAL: 1154
032905-03:00:04,psfssystem1,0,0,	TOTAL: 0
032905-04:00:04,psfssystem1,0,0,	TOTAL: 0
032905-05:00:04,psfssystem1,0,0,	TOTAL: 0
032905-06:00:04,psfssystem1,0,0,	TOTAL: 0
032905-07:00:07,psfssystem1,0,1153,	TOTAL: 1153
032905-08:00:06,psfssystem1,0,1154,	TOTAL: 1154
032905-09:00:07,psfssystem1,0,1154,	TOTAL: 1154
032905-10:00:06,psfssystem1,0,1154,	TOTAL: 1154
032905-11:00:06,psfssystem1,0,1154,	TOTAL: 1154
032905-12:00:05,psfssystem1,0,1154,	TOTAL: 1154
032905-13:00:04,psfssystem1,0,1154,	TOTAL: 1154
032905-14:00:03,psfssystem1,0,1154,	TOTAL: 1154
032905-15:00:03,psfssystem1,0,1154,	TOTAL: 1154
032905-16:00:03,psfssystem1,0,1154,	TOTAL: 1154
032905-17:00:03,psfssystem1,0,1154,	TOTAL: 1154
032905-18:00:04,psfssystem1,0,1154,	TOTAL: 1154
032905-19:00:03,psfssystem1,0,1154,	TOTAL: 1154
032905-20:00:03,psfssystem1,0,1154,	TOTAL: 1154
032905-21:00:03,psfssystem1,0,1154,	TOTAL: 1154
032905-22:00:04,psfssystem1,0,1154,	TOTAL: 1154
032905-23:00:04,psfssystem1,0,1154,	TOTAL: 1154
033005-00:00:04,psfssystem1,0,1154,	TOTAL: 1154
033005-01:00:05,psfssystem1,0,1154,	TOTAL: 1154
033005-02:00:03,psfssystem1,0,1154,	TOTAL: 1154
033005-03:00:03,psfssystem1,0,0,	TOTAL: 0
033005-04:00:05,psfssystem1,0,0,	TOTAL: 0
033005-05:00:05,psfssystem1,0,0,	TOTAL: 0
033005-06:00:04,psfssystem1,0,0,	TOTAL: 0
033005-07:00:05,psfssystem1,0,1153,	TOTAL: 1153
033005-08:00:06,psfssystem1,0,1154,	TOTAL: 1154
033005-09:00:05,psfssystem1,0,1154,	TOTAL: 1154
033005-10:00:05,psfssystem1,0,1154,	TOTAL: 1154
033005-11:00:05,psfssystem1,0,1154,	TOTAL: 1154
033005-12:00:06,psfssystem1,0,1154,	TOTAL: 1154
033005-13:00:05,psfssystem1,0,1154,	TOTAL: 1154
033005-14:00:05,psfssystem1,0,1154,	TOTAL: 1154
033005-15:00:04,psfssystem1,0,1154,	TOTAL: 1154
033005-16:00:02,psfssystem1,0,1154,	TOTAL: 1154
033005-17:00:03,psfssystem1,0,1154,	TOTAL: 1154
033005-18:00:03,psfssystem1,0,1154,	TOTAL: 1154
033005-19:00:03,psfssystem1,0,1154,	TOTAL: 1154
033005-20:00:03,psfssystem1,0,1154,	TOTAL: 1154
033005-21:00:03,psfssystem1,0,1154,	TOTAL: 1154
033005-22:00:04,psfssystem1,0,1154,	TOTAL: 1154
033005-23:00:06,psfssystem1,0,1154,	TOTAL: 1154
033105-00:00:03,psfssystem1,0,1154,	TOTAL: 1154
033105-01:00:03,psfssystem1,0,1154,	TOTAL: 1154
033105-02:00:03,psfssystem1,0,1154,	TOTAL: 1154
033105-03:00:03,psfssystem1,0,0,	TOTAL: 0
033105-04:00:03,psfssystem1,0,0,	TOTAL: 0
033105-05:00:03,psfssystem1,0,0,	TOTAL: 0
033105-06:00:06,psfssystem1,0,0,	TOTAL: 0
033105-07:00:06,psfssystem1,0,1154,	TOTAL: 1154
033105-08:00:06,psfssystem1,0,1154,	TOTAL: 1154
033105-09:00:09,psfssystem1,0,1154,	TOTAL: 1154
033105-10:00:06,psfssystem1,0,1154,	TOTAL: 1154
033105-11:00:06,psfssystem1,0,1154,	TOTAL: 1154
033105-12:00:04,psfssystem1,0,1154,	TOTAL: 1154
033105-13:00:04,psfssystem1,0,1154,	TOTAL: 1154
033105-14:00:03,psfssystem1,0,1154,	TOTAL: 1154
033105-15:00:03,psfssystem1,0,1154,	TOTAL: 1154
033105-16:00:03,psfssystem1,0,1154,	TOTAL: 1154
033105-17:00:04,psfssystem1,0,1154,	TOTAL: 1154
033105-18:00:03,psfssystem1,0,1154,	TOTAL: 1154
033105-19:00:04,psfssystem1,0,1154,	TOTAL: 1154
033105-20:00:03,psfssystem1,0,1154,	TOTAL: 1154
033105-21:00:03,psfssystem1,0,1154,	TOTAL: 1154
033105-22:00:05,psfssystem1,0,1154,	TOTAL: 1154
033105-23:00:03,psfssystem1,0,1154,	TOTAL: 1154
040105-00:00:04,psfssystem1,0,1154,	TOTAL: 1154
040105-01:00:04,psfssystem1,0,1154,	TOTAL: 1154
040105-02:00:03,psfssystem1,0,1154,	TOTAL: 1154
040105-03:00:03,psfssystem1,0,0,	TOTAL: 0
040105-04:00:03,psfssystem1,0,0,	TOTAL: 0
040105-05:00:05,psfssystem1,0,0,	TOTAL: 0
040105-06:00:04,psfssystem1,0,0,	TOTAL: 0
040105-07:00:06,psfssystem1,0,1153,	TOTAL: 1153
040105-08:00:08,psfssystem1,0,1154,	TOTAL: 1154
040105-09:00:08,psfssystem1,0,1154,	TOTAL: 1154
040105-10:00:07,psfssystem1,0,1154,	TOTAL: 1154
040105-11:00:07,psfssystem1,0,1154,	TOTAL: 1154
040105-12:00:05,psfssystem1,0,1154,	TOTAL: 1154
040105-13:00:04,psfssystem1,0,1154,	TOTAL: 1154
040105-14:00:03,psfssystem1,0,1154,	TOTAL: 1154
040105-15:00:04,psfssystem1,0,1154,	TOTAL: 1154
040105-16:00:03,psfssystem1,0,1154,	TOTAL: 1154
040105-17:00:04,psfssystem1,0,1154,	TOTAL: 1154
040105-18:00:03,psfssystem1,0,1154,	TOTAL: 1154
040105-19:00:04,psfssystem1,0,1154,	TOTAL: 1154
040105-20:00:03,psfssystem1,0,1154,	TOTAL: 1154
040105-21:00:03,psfssystem1,0,1154,	TOTAL: 1154
040105-22:00:04,psfssystem1,0,1154,	TOTAL: 1154
040105-23:00:05,psfssystem1,0,1154,	TOTAL: 1154
040205-00:00:04,psfssystem1,0,1154,	TOTAL: 1154
040205-01:00:04,psfssystem1,0,1154,	TOTAL: 1154
040205-02:00:04,psfssystem1,0,1154,	TOTAL: 1154
040205-03:00:04,psfssystem1,0,3472551,	TOTAL: 3472551
040205-04:00:03,psfssystem1,0,2547942,	TOTAL: 2547942
040205-05:00:04,psfssystem1,0,1786138,	TOTAL: 1786138
040205-06:00:03,psfssystem1,0,907370,	TOTAL: 907370
040205-07:00:03,psfssystem1,0,140779,	TOTAL: 140779
040205-08:00:04,psfssystem1,0,0,	TOTAL: 0
040205-09:00:06,psfssystem1,0,1151,	TOTAL: 1151
040205-10:00:07,psfssystem1,0,1151,	TOTAL: 1151
040205-11:00:11,psfssystem1,0,1152,	TOTAL: 1152
040205-12:00:07,psfssystem1,0,1154,	TOTAL: 1154
040205-13:00:07,psfssystem1,0,1154,	TOTAL: 1154
040205-14:00:06,psfssystem1,0,1154,	TOTAL: 1154
040205-15:00:07,psfssystem1,0,1154,	TOTAL: 1154
040205-16:00:04,psfssystem1,0,1154,	TOTAL: 1154
040205-17:00:04,psfssystem1,0,1154,	TOTAL: 1154
040205-18:00:04,psfssystem1,0,1154,	TOTAL: 1154
040205-19:00:04,psfssystem1,0,1154,	TOTAL: 1154
040205-20:00:03,psfssystem1,0,1154,	TOTAL: 1154
040205-21:00:03,psfssystem1,0,1154,	TOTAL: 1154
040205-22:00:04,psfssystem1,0,1154,	TOTAL: 1154
040205-23:00:04,psfssystem1,0,1154,	TOTAL: 1154
040305-00:00:04,psfssystem1,0,1154,	TOTAL: 1154
040305-01:00:05,psfssystem1,0,1154,	TOTAL: 1154
040305-03:00:04,psfssystem1,0,1154,	TOTAL: 1154
040305-04:00:04,psfssystem1,0,3596375,	TOTAL: 3596375
040305-05:00:04,psfssystem1,0,2759388,	TOTAL: 2759388
040305-06:00:04,psfssystem1,0,1792446,	TOTAL: 1792446
040305-07:00:03,psfssystem1,0,791147,	TOTAL: 791147
040305-08:00:04,psfssystem1,0,12926,	TOTAL: 12926
040305-09:00:07,psfssystem1,0,1154,	TOTAL: 1154
040305-10:00:09,psfssystem1,0,1154,	TOTAL: 1154
040305-11:00:06,psfssystem1,0,1154,	TOTAL: 1154
040305-12:00:07,psfssystem1,0,1154,	TOTAL: 1154
040305-13:00:07,psfssystem1,0,1154,	TOTAL: 1154
040305-14:00:07,psfssystem1,0,1154,	TOTAL: 1154
040305-15:00:04,psfssystem1,0,1154,	TOTAL: 1154
040305-16:00:03,psfssystem1,0,1154,	TOTAL: 1154
040305-17:00:03,psfssystem1,0,1154,	TOTAL: 1154
040305-18:00:03,psfssystem1,0,1154,	TOTAL: 1154
040305-19:00:03,psfssystem1,0,1154,	TOTAL: 1154
040305-20:00:03,psfssystem1,0,1154,	TOTAL: 1154
040305-21:00:03,psfssystem1,0,1154,	TOTAL: 1154
040305-22:00:04,psfssystem1,0,1154,	TOTAL: 1154
040305-23:00:03,psfssystem1,0,1154,	TOTAL: 1154
040405-00:00:03,psfssystem1,0,1154,	TOTAL: 1154
040405-01:00:04,psfssystem1,0,1154,	TOTAL: 1154
040405-02:00:03,psfssystem1,0,1154,	TOTAL: 1154
040405-03:00:03,psfssystem1,0,3376380,	TOTAL: 3376380
040405-04:00:03,psfssystem1,0,1863449,	TOTAL: 1863449
040405-05:00:03,psfssystem1,0,558342,	TOTAL: 558342
040405-06:00:03,psfssystem1,0,0,	TOTAL: 0
040405-07:00:06,psfssystem1,0,1153,	TOTAL: 1153
040405-08:00:07,psfssystem1,0,1154,	TOTAL: 1154
040405-09:00:06,psfssystem1,0,1154,	TOTAL: 1154
040405-10:00:07,psfssystem1,0,1154,	TOTAL: 1154
040405-11:00:07,psfssystem1,0,1154,	TOTAL: 1154
040405-12:00:04,psfssystem1,0,1154,	TOTAL: 1154
040405-13:00:03,psfssystem1,0,1154,	TOTAL: 1154
040405-14:00:03,psfssystem1,0,1154,	TOTAL: 1154
040405-15:00:03,psfssystem1,0,1154,	TOTAL: 1154
040405-16:00:03,psfssystem1,0,1154,	TOTAL: 1154
040405-17:00:03,psfssystem1,0,1154,	TOTAL: 1154
040405-18:00:03,psfssystem1,0,1154,	TOTAL: 1154
040405-19:00:03,psfssystem1,0,1154,	TOTAL: 1154
040405-20:00:03,psfssystem1,0,277252,	TOTAL: 277252
040405-21:00:04,psfssystem1,0,277252,	TOTAL: 277252
040405-22:00:04,psfssystem1,0,415301,	TOTAL: 415301
040405-23:00:03,psfssystem1,0,415301,	TOTAL: 415301
040505-00:00:03,psfssystem1,0,415301,	TOTAL: 415301
040505-01:00:03,psfssystem1,0,415301,	TOTAL: 415301
040505-02:00:03,psfssystem1,0,415301,	TOTAL: 415301
040505-03:00:03,psfssystem1,0,421792,	TOTAL: 421792
040505-04:00:04,psfssystem1,0,414270,	TOTAL: 414270
040505-05:00:03,psfssystem1,0,414270,	TOTAL: 414270
040505-06:00:04,psfssystem1,0,414270,	TOTAL: 414270
040505-07:00:04,psfssystem1,0,414270,	TOTAL: 414270
040505-08:00:04,psfssystem1,0,414270,	TOTAL: 414270
040505-09:00:03,psfssystem1,0,414270,	TOTAL: 414270
040505-10:00:02,psfssystem1,0,414270,	TOTAL: 414270
040505-11:00:04,psfssystem1,0,414270,	TOTAL: 414270
040505-12:00:04,psfssystem1,0,414270,	TOTAL: 414270
040505-13:00:04,psfssystem1,0,414270,	TOTAL: 414270
040505-14:00:03,psfssystem1,0,414270,	TOTAL: 414270
040505-15:00:04,psfssystem1,0,414270,	TOTAL: 414270
040505-16:00:03,psfssystem1,0,414270,	TOTAL: 414270
040505-17:00:03,psfssystem1,0,415360,	TOTAL: 415360
040505-18:00:04,psfssystem1,0,415360,	TOTAL: 415360
040505-19:00:03,psfssystem1,0,415360,	TOTAL: 415360
040505-20:00:03,psfssystem1,0,415360,	TOTAL: 415360
040505-21:00:03,psfssystem1,0,415360,	TOTAL: 415360
040505-22:00:03,psfssystem1,0,415360,	TOTAL: 415360
040505-23:00:03,psfssystem1,0,415360,	TOTAL: 415360
040605-00:00:04,psfssystem1,0,415360,	TOTAL: 415360
040605-01:00:04,psfssystem1,0,415360,	TOTAL: 415360
040605-02:00:04,psfssystem1,0,415360,	TOTAL: 415360
040605-03:00:03,psfssystem1,0,3456720,	TOTAL: 3456720
040605-04:00:03,psfssystem1,0,2752550,	TOTAL: 2752550
040605-05:00:03,psfssystem1,0,1889587,	TOTAL: 1889587
040605-06:00:04,psfssystem1,0,1050367,	TOTAL: 1050367
040605-07:00:03,psfssystem1,0,306841,	TOTAL: 306841
040605-08:00:04,psfssystem1,0,0,	TOTAL: 0
040605-09:00:09,psfssystem1,0,1153,	TOTAL: 1153
040605-10:00:06,psfssystem1,0,1154,	TOTAL: 1154
040605-11:00:05,psfssystem1,0,1154,	TOTAL: 1154
040605-12:00:07,psfssystem1,0,1154,	TOTAL: 1154
040605-13:00:05,psfssystem1,0,1154,	TOTAL: 1154
040605-14:00:04,psfssystem1,0,1154,	TOTAL: 1154
040605-15:00:03,psfssystem1,0,1154,	TOTAL: 1154
040605-16:00:03,psfssystem1,0,1154,	TOTAL: 1154
040605-17:00:03,psfssystem1,0,1154,	TOTAL: 1154
040605-18:00:04,psfssystem1,0,1154,	TOTAL: 1154
040605-19:00:04,psfssystem1,0,1154,	TOTAL: 1154
040605-20:00:04,psfssystem1,0,1154,	TOTAL: 1154
040605-21:00:03,psfssystem1,0,1154,	TOTAL: 1154
040605-22:00:04,psfssystem1,0,1154,	TOTAL: 1154
040605-23:00:04,psfssystem1,0,1154,	TOTAL: 1154
040705-00:00:04,psfssystem1,0,1154,	TOTAL: 1154
040705-01:00:04,psfssystem1,0,1154,	TOTAL: 1154
040705-02:00:04,psfssystem1,0,1154,	TOTAL: 1154
040705-03:00:03,psfssystem1,0,0,	TOTAL: 0
040705-04:00:04,psfssystem1,0,0,	TOTAL: 0
040705-05:00:04,psfssystem1,0,0,	TOTAL: 0
040705-06:00:05,psfssystem1,0,0,	TOTAL: 0
040705-07:00:07,psfssystem1,0,1153,	TOTAL: 1153
040705-08:00:09,psfssystem1,0,1154,	TOTAL: 1154
040705-09:00:07,psfssystem1,0,1154,	TOTAL: 1154
040705-10:00:06,psfssystem1,0,1154,	TOTAL: 1154
040705-11:00:05,psfssystem1,0,1154,	TOTAL: 1154
040705-12:00:06,psfssystem1,0,1154,	TOTAL: 1154
040705-13:00:04,psfssystem1,0,1154,	TOTAL: 1154
040705-14:00:03,psfssystem1,0,1154,	TOTAL: 1154
040705-15:00:03,psfssystem1,0,1154,	TOTAL: 1154
040705-16:00:04,psfssystem1,0,1154,	TOTAL: 1154
040705-17:00:03,psfssystem1,0,1154,	TOTAL: 1154
040705-18:00:03,psfssystem1,0,1154,	TOTAL: 1154
040705-19:00:03,psfssystem1,0,1154,	TOTAL: 1154
040705-20:00:03,psfssystem1,0,1154,	TOTAL: 1154
040705-21:00:03,psfssystem1,0,1154,	TOTAL: 1154
040705-22:00:04,psfssystem1,0,1154,	TOTAL: 1154
040705-23:00:04,psfssystem1,0,1154,	TOTAL: 1154
040805-00:00:05,psfssystem1,0,1154,	TOTAL: 1154
040805-01:00:04,psfssystem1,0,1154,	TOTAL: 1154
040805-02:00:03,psfssystem1,0,1154,	TOTAL: 1154
040805-03:00:04,psfssystem1,0,0,	TOTAL: 0
040805-04:00:04,psfssystem1,0,0,	TOTAL: 0
040805-05:00:04,psfssystem1,0,0,	TOTAL: 0
040805-06:00:04,psfssystem1,0,0,	TOTAL: 0
040805-07:00:05,psfssystem1,0,1153,	TOTAL: 1153
040805-08:00:04,psfssystem1,0,1154,	TOTAL: 1154
040805-09:00:07,psfssystem1,0,1154,	TOTAL: 1154
040805-10:00:07,psfssystem1,0,1154,	TOTAL: 1154
040805-11:00:04,psfssystem1,0,1155,	TOTAL: 1155
040805-12:00:06,psfssystem1,0,1156,	TOTAL: 1156
040805-13:00:06,psfssystem1,0,1156,	TOTAL: 1156
040805-14:00:05,psfssystem1,0,1156,	TOTAL: 1156
040805-15:00:06,psfssystem1,0,1156,	TOTAL: 1156
040805-16:00:06,psfssystem1,0,1156,	TOTAL: 1156
040805-17:00:04,psfssystem1,0,1156,	TOTAL: 1156
040805-18:00:03,psfssystem1,0,1156,	TOTAL: 1156
040805-19:00:04,psfssystem1,0,1156,	TOTAL: 1156
040805-20:00:03,psfssystem1,0,1156,	TOTAL: 1156
040805-21:00:03,psfssystem1,0,1156,	TOTAL: 1156
040805-22:00:05,psfssystem1,0,1156,	TOTAL: 1156
040805-23:00:04,psfssystem1,0,1156,	TOTAL: 1156
040905-00:00:04,psfssystem1,0,1156,	TOTAL: 1156
040905-01:00:04,psfssystem1,0,1156,	TOTAL: 1156
040905-02:00:03,psfssystem1,0,1156,	TOTAL: 1156
040905-03:00:03,psfssystem1,0,3464007,	TOTAL: 3464007
040905-04:00:03,psfssystem1,0,2471146,	TOTAL: 2471146
040905-05:00:04,psfssystem1,0,1452821,	TOTAL: 1452821
040905-06:00:04,psfssystem1,0,560008,	TOTAL: 560008
040905-07:00:03,psfssystem1,0,0,	TOTAL: 0
040905-08:00:06,psfssystem1,0,1151,	TOTAL: 1151
040905-09:00:07,psfssystem1,0,1151,	TOTAL: 1151
040905-10:00:05,psfssystem1,0,1152,	TOTAL: 1152
040905-11:00:05,psfssystem1,0,1152,	TOTAL: 1152
040905-12:00:05,psfssystem1,0,1154,	TOTAL: 1154
040905-13:00:06,psfssystem1,0,1154,	TOTAL: 1154
040905-14:00:04,psfssystem1,0,1154,	TOTAL: 1154
040905-15:00:05,psfssystem1,0,1154,	TOTAL: 1154
040905-16:00:05,psfssystem1,0,1154,	TOTAL: 1154
040905-17:00:04,psfssystem1,0,1154,	TOTAL: 1154
040905-18:00:04,psfssystem1,0,1154,	TOTAL: 1154
040905-19:00:04,psfssystem1,0,1154,	TOTAL: 1154
040905-20:00:04,psfssystem1,0,1154,	TOTAL: 1154
040905-21:00:04,psfssystem1,0,1154,	TOTAL: 1154
040905-22:00:03,psfssystem1,0,1154,	TOTAL: 1154
040905-23:00:07,psfssystem1,0,1154,	TOTAL: 1154
041005-00:00:04,psfssystem1,0,1154,	TOTAL: 1154
041005-01:00:04,psfssystem1,0,1154,	TOTAL: 1154
041005-02:00:03,psfssystem1,0,1154,	TOTAL: 1154
041005-03:00:03,psfssystem1,0,3440478,	TOTAL: 3440478
041005-04:00:04,psfssystem1,0,2402774,	TOTAL: 2402774
041005-05:00:03,psfssystem1,0,1288344,	TOTAL: 1288344
041005-06:00:03,psfssystem1,0,154651,	TOTAL: 154651
041005-07:00:03,psfssystem1,0,0,	TOTAL: 0
041005-08:00:04,psfssystem1,0,1151,	TOTAL: 1151
041005-09:00:06,psfssystem1,0,1154,	TOTAL: 1154
041005-10:00:05,psfssystem1,0,1154,	TOTAL: 1154
041005-11:00:05,psfssystem1,0,1154,	TOTAL: 1154
041005-12:00:05,psfssystem1,0,1154,	TOTAL: 1154
041005-13:00:05,psfssystem1,0,1154,	TOTAL: 1154
041005-14:00:05,psfssystem1,0,1154,	TOTAL: 1154
041005-15:00:05,psfssystem1,0,1154,	TOTAL: 1154
041005-16:00:05,psfssystem1,0,1154,	TOTAL: 1154
041005-17:00:05,psfssystem1,0,1154,	TOTAL: 1154
041005-18:00:05,psfssystem1,0,1154,	TOTAL: 1154
041005-19:00:04,psfssystem1,0,1154,	TOTAL: 1154
041005-20:00:04,psfssystem1,0,1154,	TOTAL: 1154
041005-21:00:04,psfssystem1,0,1154,	TOTAL: 1154
041005-22:00:05,psfssystem1,0,1154,	TOTAL: 1154
041005-23:00:03,psfssystem1,0,1154,	TOTAL: 1154
041105-00:00:03,psfssystem1,0,1154,	TOTAL: 1154
041105-01:00:04,psfssystem1,0,1154,	TOTAL: 1154
041105-02:00:03,psfssystem1,0,1154,	TOTAL: 1154
041105-03:00:03,psfssystem1,0,3398557,	TOTAL: 3398557
041105-04:00:04,psfssystem1,0,1933410,	TOTAL: 1933410
041105-05:00:04,psfssystem1,0,615533,	TOTAL: 615533
041105-06:00:04,psfssystem1,0,0,	TOTAL: 0
041105-07:00:06,psfssystem1,0,1153,	TOTAL: 1153
041105-08:00:07,psfssystem1,0,1153,	TOTAL: 1153
041105-09:00:06,psfssystem1,0,1153,	TOTAL: 1153
041105-10:00:08,psfssystem1,0,1153,	TOTAL: 1153
041105-11:00:06,psfssystem1,0,1154,	TOTAL: 1154
041105-12:00:06,psfssystem1,0,1154,	TOTAL: 1154
041105-13:00:08,psfssystem1,0,1154,	TOTAL: 1154
041105-14:00:05,psfssystem1,0,1154,	TOTAL: 1154
041105-15:00:03,psfssystem1,0,1154,	TOTAL: 1154
041105-16:00:03,psfssystem1,0,1154,	TOTAL: 1154
041105-17:00:03,psfssystem1,0,1154,	TOTAL: 1154
041105-18:00:03,psfssystem1,0,1154,	TOTAL: 1154
041105-19:00:03,psfssystem1,0,1154,	TOTAL: 1154
041105-20:00:03,psfssystem1,0,1154,	TOTAL: 1154
041105-21:00:03,psfssystem1,0,1154,	TOTAL: 1154
041105-22:00:04,psfssystem1,0,1154,	TOTAL: 1154
041105-23:00:04,psfssystem1,0,1154,	TOTAL: 1154
041205-00:00:04,psfssystem1,0,1154,	TOTAL: 1154
041205-01:00:05,psfssystem1,0,1154,	TOTAL: 1154
041205-02:00:04,psfssystem1,0,1154,	TOTAL: 1154
041205-03:00:04,psfssystem1,0,0,	TOTAL: 0
041205-04:00:04,psfssystem1,0,0,	TOTAL: 0
041205-05:00:04,psfssystem1,0,0,	TOTAL: 0
041205-06:00:03,psfssystem1,0,0,	TOTAL: 0
041205-07:00:05,psfssystem1,0,1150,	TOTAL: 1150
041205-08:00:04,psfssystem1,0,1150,	TOTAL: 1150
041205-09:00:04,psfssystem1,0,1152,	TOTAL: 1152
041205-10:00:06,psfssystem1,0,1154,	TOTAL: 1154
041205-11:00:07,psfssystem1,0,1154,	TOTAL: 1154
041205-12:00:07,psfssystem1,0,1154,	TOTAL: 1154
041205-13:00:06,psfssystem1,0,1154,	TOTAL: 1154
041205-14:00:08,psfssystem1,0,1154,	TOTAL: 1154
041205-15:00:05,psfssystem1,0,1154,	TOTAL: 1154
041205-16:00:04,psfssystem1,0,1154,	TOTAL: 1154
041205-17:00:04,psfssystem1,0,1154,	TOTAL: 1154
041205-18:00:03,psfssystem1,0,1154,	TOTAL: 1154
041205-19:00:03,psfssystem1,0,1154,	TOTAL: 1154
041205-20:00:03,psfssystem1,0,1154,	TOTAL: 1154
041205-21:00:03,psfssystem1,0,1154,	TOTAL: 1154
041205-22:00:04,psfssystem1,0,1154,	TOTAL: 1154
041205-23:00:04,psfssystem1,0,1154,	TOTAL: 1154
041305-00:00:04,psfssystem1,0,1154,	TOTAL: 1154
041305-01:00:04,psfssystem1,0,1154,	TOTAL: 1154
041305-02:00:05,psfssystem1,0,1154,	TOTAL: 1154
041305-03:00:04,psfssystem1,0,0,	TOTAL: 0
041305-04:00:03,psfssystem1,0,0,	TOTAL: 0
041305-05:00:05,psfssystem1,0,0,	TOTAL: 0
041305-06:00:05,psfssystem1,0,0,	TOTAL: 0
041305-07:00:05,psfssystem1,0,1152,	TOTAL: 1152
041305-08:00:06,psfssystem1,0,1154,	TOTAL: 1154
041305-09:00:07,psfssystem1,0,1154,	TOTAL: 1154
041305-10:00:05,psfssystem1,0,1154,	TOTAL: 1154
041305-11:00:06,psfssystem1,0,1154,	TOTAL: 1154
041305-12:00:05,psfssystem1,0,1154,	TOTAL: 1154
041305-13:00:06,psfssystem1,0,1154,	TOTAL: 1154
041305-14:00:05,psfssystem1,0,1154,	TOTAL: 1154
041305-15:00:05,psfssystem1,0,1154,	TOTAL: 1154
041305-16:00:05,psfssystem1,0,1154,	TOTAL: 1154
041305-17:00:04,psfssystem1,0,1154,	TOTAL: 1154
041305-18:00:03,psfssystem1,0,1154,	TOTAL: 1154
041305-19:00:03,psfssystem1,0,1154,	TOTAL: 1154
041305-20:00:03,psfssystem1,0,1154,	TOTAL: 1154
041305-21:00:03,psfssystem1,0,1154,	TOTAL: 1154
041305-22:00:04,psfssystem1,0,1154,	TOTAL: 1154
041305-23:00:04,psfssystem1,0,1154,	TOTAL: 1154
041405-00:00:03,psfssystem1,0,1154,	TOTAL: 1154
041405-01:00:05,psfssystem1,0,1154,	TOTAL: 1154
041405-02:00:04,psfssystem1,0,1154,	TOTAL: 1154
041405-03:00:04,psfssystem1,0,0,	TOTAL: 0
041405-04:00:05,psfssystem1,0,0,	TOTAL: 0
041405-05:00:04,psfssystem1,0,0,	TOTAL: 0
041405-06:00:06,psfssystem1,0,0,	TOTAL: 0
041405-07:00:07,psfssystem1,0,1153,	TOTAL: 1153
041405-08:00:06,psfssystem1,0,1154,	TOTAL: 1154
041405-09:00:06,psfssystem1,0,1154,	TOTAL: 1154
041405-10:00:05,psfssystem1,0,1154,	TOTAL: 1154
041405-11:00:04,psfssystem1,0,1154,	TOTAL: 1154
041405-12:00:05,psfssystem1,0,1154,	TOTAL: 1154
041405-13:00:06,psfssystem1,0,1154,	TOTAL: 1154
041405-14:00:06,psfssystem1,0,1154,	TOTAL: 1154
041405-15:00:06,psfssystem1,0,1154,	TOTAL: 1154
041405-16:00:06,psfssystem1,0,1154,	TOTAL: 1154
041405-17:00:04,psfssystem1,0,1154,	TOTAL: 1154
041405-18:00:03,psfssystem1,0,1154,	TOTAL: 1154
041405-19:00:04,psfssystem1,0,1154,	TOTAL: 1154
041405-20:00:03,psfssystem1,0,1154,	TOTAL: 1154
041405-21:00:03,psfssystem1,0,1154,	TOTAL: 1154
041405-22:00:05,psfssystem1,0,1154,	TOTAL: 1154
041405-23:00:05,psfssystem1,0,1154,	TOTAL: 1154
041505-00:00:06,psfssystem1,0,1154,	TOTAL: 1154
041505-01:00:05,psfssystem1,0,1154,	TOTAL: 1154
041505-02:00:03,psfssystem1,0,1154,	TOTAL: 1154
041505-03:00:03,psfssystem1,0,0,	TOTAL: 0
041505-04:00:04,psfssystem1,0,0,	TOTAL: 0
041505-05:00:05,psfssystem1,0,0,	TOTAL: 0
041505-06:00:06,psfssystem1,0,0,	TOTAL: 0
041505-07:00:11,psfssystem1,0,1154,	TOTAL: 1154
041505-08:00:10,psfssystem1,0,1154,	TOTAL: 1154
041505-09:00:07,psfssystem1,0,1154,	TOTAL: 1154
041505-10:00:05,psfssystem1,0,1154,	TOTAL: 1154
041505-11:00:05,psfssystem1,0,1154,	TOTAL: 1154
041505-12:00:05,psfssystem1,0,1154,	TOTAL: 1154
041505-13:00:03,psfssystem1,0,1154,	TOTAL: 1154
041505-14:00:03,psfssystem1,0,1154,	TOTAL: 1154
041505-15:00:03,psfssystem1,0,1154,	TOTAL: 1154
041505-16:00:03,psfssystem1,0,1154,	TOTAL: 1154
041505-17:00:04,psfssystem1,0,1154,	TOTAL: 1154
041505-18:00:03,psfssystem1,0,1154,	TOTAL: 1154
041505-19:00:03,psfssystem1,0,1154,	TOTAL: 1154
041505-20:00:03,psfssystem1,0,1154,	TOTAL: 1154
041505-21:00:03,psfssystem1,0,1154,	TOTAL: 1154
041505-22:00:04,psfssystem1,0,1154,	TOTAL: 1154
041505-23:00:05,psfssystem1,0,1154,	TOTAL: 1154
041605-00:00:04,psfssystem1,0,1154,	TOTAL: 1154
041605-01:00:04,psfssystem1,0,1154,	TOTAL: 1154
041605-02:00:03,psfssystem1,0,1154,	TOTAL: 1154
041605-03:00:03,psfssystem1,0,3570250,	TOTAL: 3570250
041605-04:00:04,psfssystem1,0,2664440,	TOTAL: 2664440
041605-05:00:03,psfssystem1,0,1721005,	TOTAL: 1721005
041605-06:00:04,psfssystem1,0,677968,	TOTAL: 677968
041605-07:00:04,psfssystem1,0,11465,	TOTAL: 11465
041605-08:00:04,psfssystem1,0,0,	TOTAL: 0
041605-09:00:04,psfssystem1,0,1151,	TOTAL: 1151
041605-10:00:04,psfssystem1,0,1151,	TOTAL: 1151
041605-11:00:09,psfssystem1,0,1152,	TOTAL: 1152
041605-12:00:07,psfssystem1,0,1152,	TOTAL: 1152
041605-13:00:06,psfssystem1,0,1152,	TOTAL: 1152
041605-14:00:08,psfssystem1,0,1152,	TOTAL: 1152
041605-15:00:05,psfssystem1,0,1154,	TOTAL: 1154
041605-16:00:06,psfssystem1,0,1154,	TOTAL: 1154
041605-17:00:04,psfssystem1,0,1154,	TOTAL: 1154
041605-18:00:05,psfssystem1,0,1154,	TOTAL: 1154
041605-19:00:03,psfssystem1,0,1154,	TOTAL: 1154
041605-20:00:04,psfssystem1,0,1154,	TOTAL: 1154
041605-21:00:03,psfssystem1,0,1154,	TOTAL: 1154
041605-22:00:05,psfssystem1,0,1154,	TOTAL: 1154
041605-23:00:04,psfssystem1,0,1154,	TOTAL: 1154
041705-00:00:04,psfssystem1,0,1154,	TOTAL: 1154
041705-01:00:04,psfssystem1,0,1154,	TOTAL: 1154
041705-02:00:03,psfssystem1,0,1154,	TOTAL: 1154
041705-03:00:04,psfssystem1,0,3507111,	TOTAL: 3507111
041705-04:00:04,psfssystem1,0,2532110,	TOTAL: 2532110
041705-05:00:04,psfssystem1,0,1563882,	TOTAL: 1563882
041705-06:00:04,psfssystem1,0,508472,	TOTAL: 508472
041705-07:00:04,psfssystem1,0,33109,	TOTAL: 33109
041705-08:00:09,psfssystem1,0,1151,	TOTAL: 1151
041705-09:00:05,psfssystem1,0,1151,	TOTAL: 1151
041705-10:00:07,psfssystem1,0,1153,	TOTAL: 1153
041705-11:00:08,psfssystem1,0,1154,	TOTAL: 1154
041705-12:00:07,psfssystem1,0,1154,	TOTAL: 1154
041705-13:00:04,psfssystem1,0,1154,	TOTAL: 1154
041705-14:00:03,psfssystem1,0,1154,	TOTAL: 1154
041705-15:00:03,psfssystem1,0,1154,	TOTAL: 1154
041705-16:00:03,psfssystem1,0,1154,	TOTAL: 1154
041705-17:00:03,psfssystem1,0,1154,	TOTAL: 1154
041705-18:00:03,psfssystem1,0,1154,	TOTAL: 1154
041705-19:00:03,psfssystem1,0,1154,	TOTAL: 1154
041705-20:00:03,psfssystem1,0,1154,	TOTAL: 1154
041705-21:00:03,psfssystem1,0,1154,	TOTAL: 1154
041705-22:00:05,psfssystem1,0,1154,	TOTAL: 1154
041705-23:00:03,psfssystem1,0,1154,	TOTAL: 1154
041805-00:00:04,psfssystem1,0,1154,	TOTAL: 1154
041805-01:00:04,psfssystem1,0,1154,	TOTAL: 1154
041805-02:00:03,psfssystem1,0,1154,	TOTAL: 1154
041805-03:00:04,psfssystem1,0,3327928,	TOTAL: 3327928
041805-04:00:05,psfssystem1,0,1979605,	TOTAL: 1979605
041805-05:00:05,psfssystem1,0,966546,	TOTAL: 966546
041805-06:00:05,psfssystem1,0,146093,	TOTAL: 146093
041805-07:00:04,psfssystem1,0,0,	TOTAL: 0
041805-08:00:07,psfssystem1,0,1153,	TOTAL: 1153
041805-09:00:06,psfssystem1,0,1154,	TOTAL: 1154
041805-10:00:05,psfssystem1,0,1154,	TOTAL: 1154
041805-11:00:06,psfssystem1,0,1154,	TOTAL: 1154
041805-12:00:05,psfssystem1,0,1154,	TOTAL: 1154
041805-13:00:06,psfssystem1,0,1154,	TOTAL: 1154
041805-14:00:03,psfssystem1,0,1154,	TOTAL: 1154
041805-15:00:04,psfssystem1,0,1154,	TOTAL: 1154
041805-16:00:03,psfssystem1,0,1154,	TOTAL: 1154
041805-17:00:05,psfssystem1,0,1154,	TOTAL: 1154
041805-18:00:04,psfssystem1,0,1154,	TOTAL: 1154
041805-19:00:05,psfssystem1,0,1154,	TOTAL: 1154
041805-20:00:04,psfssystem1,0,1154,	TOTAL: 1154
041805-21:00:05,psfssystem1,0,1154,	TOTAL: 1154
041805-22:00:04,psfssystem1,0,1154,	TOTAL: 1154
041805-23:00:03,psfssystem1,0,1154,	TOTAL: 1154
041905-00:00:04,psfssystem1,0,1154,	TOTAL: 1154
041905-01:00:04,psfssystem1,0,1154,	TOTAL: 1154
041905-02:00:03,psfssystem1,0,1154,	TOTAL: 1154
041905-03:00:05,psfssystem1,0,0,	TOTAL: 0
041905-04:00:05,psfssystem1,0,0,	TOTAL: 0
041905-05:00:05,psfssystem1,0,0,	TOTAL: 0
041905-06:00:12,psfssystem1,0,0,	TOTAL: 0
041905-07:00:04,psfssystem1,0,1154,	TOTAL: 1154
041905-08:00:05,psfssystem1,0,1158,	TOTAL: 1158
041905-09:00:06,psfssystem1,0,1160,	TOTAL: 1160
041905-10:00:06,psfssystem1,0,1160,	TOTAL: 1160
041905-11:00:05,psfssystem1,0,1160,	TOTAL: 1160
041905-12:00:08,psfssystem1,0,1160,	TOTAL: 1160
041905-13:00:07,psfssystem1,0,1160,	TOTAL: 1160
041905-14:00:06,psfssystem1,0,1160,	TOTAL: 1160
041905-15:00:05,psfssystem1,0,1161,	TOTAL: 1161
041905-16:00:05,psfssystem1,0,2309,	TOTAL: 2309
041905-17:00:04,psfssystem1,0,2309,	TOTAL: 2309
041905-18:00:05,psfssystem1,0,2309,	TOTAL: 2309
041905-19:00:04,psfssystem1,0,2309,	TOTAL: 2309
041905-20:00:03,psfssystem1,0,2309,	TOTAL: 2309
041905-21:00:04,psfssystem1,0,2309,	TOTAL: 2309
041905-22:00:04,psfssystem1,0,2309,	TOTAL: 2309
041905-23:00:04,psfssystem1,0,2309,	TOTAL: 2309
042005-00:00:03,psfssystem1,0,2309,	TOTAL: 2309
042005-01:00:05,psfssystem1,0,2309,	TOTAL: 2309
042005-02:00:03,psfssystem1,0,2309,	TOTAL: 2309
042005-03:00:03,psfssystem1,0,0,	TOTAL: 0
042005-04:00:03,psfssystem1,0,0,	TOTAL: 0
042005-05:00:04,psfssystem1,0,0,	TOTAL: 0
042005-06:00:04,psfssystem1,0,0,	TOTAL: 0
042005-07:00:04,psfssystem1,0,1151,	TOTAL: 1151
042005-08:00:04,psfssystem1,0,1151,	TOTAL: 1151
042005-09:00:04,psfssystem1,0,1154,	TOTAL: 1154
042005-10:00:04,psfssystem1,0,1154,	TOTAL: 1154
042005-11:00:05,psfssystem1,0,1154,	TOTAL: 1154
042005-12:00:05,psfssystem1,0,1154,	TOTAL: 1154
042005-13:00:05,psfssystem1,0,1154,	TOTAL: 1154
042005-14:00:04,psfssystem1,0,1154,	TOTAL: 1154
042005-15:00:05,psfssystem1,0,1154,	TOTAL: 1154
042005-16:00:04,psfssystem1,0,1154,	TOTAL: 1154
042005-17:00:04,psfssystem1,0,1154,	TOTAL: 1154
042005-18:00:03,psfssystem1,0,1154,	TOTAL: 1154
042005-19:00:02,psfssystem1,0,1154,	TOTAL: 1154
042005-20:00:03,psfssystem1,0,1154,	TOTAL: 1154
042005-21:00:03,psfssystem1,0,1154,	TOTAL: 1154
042005-22:00:04,psfssystem1,0,1154,	TOTAL: 1154
042005-23:00:03,psfssystem1,0,1154,	TOTAL: 1154
042105-00:00:03,psfssystem1,0,1154,	TOTAL: 1154
042105-01:00:04,psfssystem1,0,1154,	TOTAL: 1154
042105-02:00:03,psfssystem1,0,1154,	TOTAL: 1154
042105-03:00:02,psfssystem1,0,0,	TOTAL: 0
042105-04:00:04,psfssystem1,0,0,	TOTAL: 0
042105-05:00:04,psfssystem1,0,0,	TOTAL: 0
042105-06:00:04,psfssystem1,0,0,	TOTAL: 0
042105-07:00:04,psfssystem1,0,1153,	TOTAL: 1153
042105-08:00:04,psfssystem1,0,1153,	TOTAL: 1153
042105-09:00:03,psfssystem1,0,1154,	TOTAL: 1154
042105-10:00:04,psfssystem1,0,1154,	TOTAL: 1154
042105-11:00:04,psfssystem1,0,1154,	TOTAL: 1154
042105-12:00:04,psfssystem1,0,1154,	TOTAL: 1154
042105-13:00:04,psfssystem1,0,1154,	TOTAL: 1154
042105-14:00:04,psfssystem1,0,1154,	TOTAL: 1154
042105-15:00:04,psfssystem1,0,1154,	TOTAL: 1154
042105-16:00:03,psfssystem1,0,1154,	TOTAL: 1154
042105-17:00:03,psfssystem1,0,1154,	TOTAL: 1154
042105-18:00:03,psfssystem1,0,1154,	TOTAL: 1154
042105-19:00:03,psfssystem1,0,1154,	TOTAL: 1154
042105-20:00:03,psfssystem1,0,1154,	TOTAL: 1154
042105-21:00:03,psfssystem1,0,1154,	TOTAL: 1154
042105-22:00:05,psfssystem1,0,1154,	TOTAL: 1154
042105-23:00:06,psfssystem1,0,1154,	TOTAL: 1154
042205-00:00:04,psfssystem1,0,1154,	TOTAL: 1154
042205-01:00:04,psfssystem1,0,1154,	TOTAL: 1154
042205-02:00:03,psfssystem1,0,1154,	TOTAL: 1154
042205-03:00:03,psfssystem1,0,0,	TOTAL: 0
042205-04:00:04,psfssystem1,0,0,	TOTAL: 0
042205-05:00:04,psfssystem1,0,0,	TOTAL: 0
042205-06:00:04,psfssystem1,0,0,	TOTAL: 0
042205-07:00:03,psfssystem1,0,1151,	TOTAL: 1151
042205-08:00:03,psfssystem1,0,1151,	TOTAL: 1151
042205-09:00:04,psfssystem1,0,1151,	TOTAL: 1151
042205-10:00:03,psfssystem1,0,1151,	TOTAL: 1151
042205-11:00:03,psfssystem1,0,1151,	TOTAL: 1151
042205-12:00:04,psfssystem1,0,1151,	TOTAL: 1151
042205-13:00:04,psfssystem1,0,1151,	TOTAL: 1151
042205-15:00:03,psfssystem1,0,2300,	TOTAL: 2300
042205-16:00:03,psfssystem1,0,2300,	TOTAL: 2300
042205-17:00:06,psfssystem1,0,2301,	TOTAL: 2301
042205-18:00:05,psfssystem1,0,2301,	TOTAL: 2301
042205-19:00:06,psfssystem1,0,2302,	TOTAL: 2302
042205-20:00:06,psfssystem1,0,2302,	TOTAL: 2302
042205-21:00:05,psfssystem1,0,2302,	TOTAL: 2302
042205-22:00:06,psfssystem1,0,2302,	TOTAL: 2302
042205-23:00:07,psfssystem1,0,2302,	TOTAL: 2302
042305-00:00:03,psfssystem1,0,2302,	TOTAL: 2302
042305-01:00:04,psfssystem1,0,2302,	TOTAL: 2302
042305-02:00:04,psfssystem1,0,2302,	TOTAL: 2302
042305-03:00:03,psfssystem1,0,3538364,	TOTAL: 3538364
042305-04:00:03,psfssystem1,0,2824079,	TOTAL: 2824079
042305-05:00:03,psfssystem1,0,1937296,	TOTAL: 1937296
042305-06:00:03,psfssystem1,0,908964,	TOTAL: 908964
042305-07:00:03,psfssystem1,0,50926,	TOTAL: 50926
042305-08:00:03,psfssystem1,0,1151,	TOTAL: 1151
042305-09:00:05,psfssystem1,0,1151,	TOTAL: 1151
042305-10:00:06,psfssystem1,0,1151,	TOTAL: 1151
042305-11:00:05,psfssystem1,0,1151,	TOTAL: 1151
042305-12:00:05,psfssystem1,0,1151,	TOTAL: 1151
042305-13:00:06,psfssystem1,0,1151,	TOTAL: 1151
042305-14:00:04,psfssystem1,0,1151,	TOTAL: 1151
042305-15:00:06,psfssystem1,0,1154,	TOTAL: 1154
042305-16:00:05,psfssystem1,0,1154,	TOTAL: 1154
042305-17:00:03,psfssystem1,0,1154,	TOTAL: 1154
042305-18:00:03,psfssystem1,0,1154,	TOTAL: 1154
042305-19:00:04,psfssystem1,0,1154,	TOTAL: 1154
042305-20:00:03,psfssystem1,0,1154,	TOTAL: 1154
042305-21:00:04,psfssystem1,0,1154,	TOTAL: 1154
042305-22:00:03,psfssystem1,0,1154,	TOTAL: 1154
042305-23:00:04,psfssystem1,0,1154,	TOTAL: 1154
042405-00:00:03,psfssystem1,0,1154,	TOTAL: 1154
042405-01:00:04,psfssystem1,0,1154,	TOTAL: 1154
042405-02:00:03,psfssystem1,0,1154,	TOTAL: 1154
042405-03:00:03,psfssystem1,0,3520470,	TOTAL: 3520470
042405-04:00:04,psfssystem1,0,2665330,	TOTAL: 2665330
042405-05:00:03,psfssystem1,0,1684883,	TOTAL: 1684883
042405-06:00:04,psfssystem1,0,502280,	TOTAL: 502280
042405-07:00:03,psfssystem1,0,0,	TOTAL: 0
042405-08:00:06,psfssystem1,0,1151,	TOTAL: 1151
042405-09:00:06,psfssystem1,0,1153,	TOTAL: 1153
042405-10:00:05,psfssystem1,0,1153,	TOTAL: 1153
042405-11:00:06,psfssystem1,0,1154,	TOTAL: 1154
042405-12:00:06,psfssystem1,0,1154,	TOTAL: 1154
042405-13:00:05,psfssystem1,0,1154,	TOTAL: 1154
042405-14:00:04,psfssystem1,0,1154,	TOTAL: 1154
042405-15:00:04,psfssystem1,0,1154,	TOTAL: 1154
042405-16:00:04,psfssystem1,0,1154,	TOTAL: 1154
042405-17:00:03,psfssystem1,0,1154,	TOTAL: 1154
042405-18:00:04,psfssystem1,0,1154,	TOTAL: 1154
042405-19:00:03,psfssystem1,0,1154,	TOTAL: 1154
042405-20:00:03,psfssystem1,0,1154,	TOTAL: 1154
042405-21:00:03,psfssystem1,0,1154,	TOTAL: 1154
042405-22:00:03,psfssystem1,0,1154,	TOTAL: 1154
042405-23:00:03,psfssystem1,0,1154,	TOTAL: 1154
042505-00:00:03,psfssystem1,0,1154,	TOTAL: 1154
042505-01:00:03,psfssystem1,0,1154,	TOTAL: 1154
042505-02:00:03,psfssystem1,0,1154,	TOTAL: 1154
042505-03:00:03,psfssystem1,0,3443533,	TOTAL: 3443533
042505-04:00:04,psfssystem1,0,2263709,	TOTAL: 2263709
042505-05:00:03,psfssystem1,0,1208662,	TOTAL: 1208662
042505-06:00:03,psfssystem1,0,107544,	TOTAL: 107544
042505-07:00:05,psfssystem1,0,0,	TOTAL: 0
042505-08:00:05,psfssystem1,0,1153,	TOTAL: 1153
042505-09:00:06,psfssystem1,0,1154,	TOTAL: 1154
042505-10:00:06,psfssystem1,0,1154,	TOTAL: 1154
042505-11:00:05,psfssystem1,0,1154,	TOTAL: 1154
042505-12:00:06,psfssystem1,0,1154,	TOTAL: 1154
042505-13:00:04,psfssystem1,0,1154,	TOTAL: 1154
042505-14:00:03,psfssystem1,0,1154,	TOTAL: 1154
042505-15:00:03,psfssystem1,0,1154,	TOTAL: 1154
042505-16:00:03,psfssystem1,0,1154,	TOTAL: 1154
042505-17:00:03,psfssystem1,0,1154,	TOTAL: 1154
042505-18:00:03,psfssystem1,0,1154,	TOTAL: 1154
042505-19:00:03,psfssystem1,0,1154,	TOTAL: 1154
042505-20:00:03,psfssystem1,0,1154,	TOTAL: 1154
042505-21:00:03,psfssystem1,0,1154,	TOTAL: 1154
042505-22:00:04,psfssystem1,0,1154,	TOTAL: 1154
042505-23:00:05,psfssystem1,0,1154,	TOTAL: 1154
042605-00:00:03,psfssystem1,0,1154,	TOTAL: 1154
042605-01:00:03,psfssystem1,0,1154,	TOTAL: 1154
042605-02:00:03,psfssystem1,0,1154,	TOTAL: 1154
042605-03:00:02,psfssystem1,0,0,	TOTAL: 0
042605-04:00:03,psfssystem1,0,0,	TOTAL: 0
042605-05:00:04,psfssystem1,0,0,	TOTAL: 0
042605-06:00:04,psfssystem1,0,0,	TOTAL: 0
042605-07:00:06,psfssystem1,0,1153,	TOTAL: 1153
042605-08:00:04,psfssystem1,0,1154,	TOTAL: 1154
042605-09:00:04,psfssystem1,0,1154,	TOTAL: 1154
042605-10:00:03,psfssystem1,0,1154,	TOTAL: 1154
042605-11:00:04,psfssystem1,0,1154,	TOTAL: 1154
042605-12:00:04,psfssystem1,0,1154,	TOTAL: 1154
042605-13:00:04,psfssystem1,0,1154,	TOTAL: 1154
042605-14:00:03,psfssystem1,0,1154,	TOTAL: 1154
042605-15:00:03,psfssystem1,0,1154,	TOTAL: 1154
042605-17:00:03,psfssystem1,0,2302,	TOTAL: 2302
042605-18:00:04,psfssystem1,0,2302,	TOTAL: 2302
042605-19:00:02,psfssystem1,0,2302,	TOTAL: 2302
042605-20:00:02,psfssystem1,0,2302,	TOTAL: 2302
042605-21:00:03,psfssystem1,0,2302,	TOTAL: 2302
042605-22:00:03,psfssystem1,0,2302,	TOTAL: 2302
042605-23:00:06,psfssystem1,0,2302,	TOTAL: 2302
042705-00:00:04,psfssystem1,0,2302,	TOTAL: 2302
042705-01:00:04,psfssystem1,0,2302,	TOTAL: 2302
042705-02:00:03,psfssystem1,0,2302,	TOTAL: 2302
042705-03:00:02,psfssystem1,0,0,	TOTAL: 0
042705-04:00:02,psfssystem1,0,0,	TOTAL: 0
042705-05:00:04,psfssystem1,0,0,	TOTAL: 0
042705-06:00:03,psfssystem1,0,0,	TOTAL: 0
042705-07:00:04,psfssystem1,0,1153,	TOTAL: 1153
042705-08:00:06,psfssystem1,0,1153,	TOTAL: 1153
042705-09:00:04,psfssystem1,0,1154,	TOTAL: 1154
042705-10:00:03,psfssystem1,0,1154,	TOTAL: 1154
042705-11:00:04,psfssystem1,0,1154,	TOTAL: 1154
042705-12:00:03,psfssystem1,0,1154,	TOTAL: 1154
042705-13:00:04,psfssystem1,0,1154,	TOTAL: 1154
042705-14:00:04,psfssystem1,0,1154,	TOTAL: 1154
042705-15:00:02,psfssystem1,0,1154,	TOTAL: 1154
042705-16:00:03,psfssystem1,0,1154,	TOTAL: 1154
042705-17:00:03,psfssystem1,0,1154,	TOTAL: 1154
042705-18:00:04,psfssystem1,0,1154,	TOTAL: 1154
042705-19:00:04,psfssystem1,0,1154,	TOTAL: 1154
042705-20:00:03,psfssystem1,0,1154,	TOTAL: 1154
042705-21:00:04,psfssystem1,0,1154,	TOTAL: 1154
042705-22:00:04,psfssystem1,0,1154,	TOTAL: 1154
042705-23:00:04,psfssystem1,0,1154,	TOTAL: 1154
042805-00:00:04,psfssystem1,0,1154,	TOTAL: 1154
042805-01:00:03,psfssystem1,0,1154,	TOTAL: 1154
042805-02:00:04,psfssystem1,0,1154,	TOTAL: 1154
042805-03:00:04,psfssystem1,0,0,	TOTAL: 0
042805-04:00:04,psfssystem1,0,0,	TOTAL: 0
042805-05:00:05,psfssystem1,0,0,	TOTAL: 0
042805-06:00:04,psfssystem1,0,0,	TOTAL: 0
042805-07:00:05,psfssystem1,0,1154,	TOTAL: 1154
042805-08:00:03,psfssystem1,0,1154,	TOTAL: 1154
042805-09:00:03,psfssystem1,0,1154,	TOTAL: 1154
042805-10:00:04,psfssystem1,0,1154,	TOTAL: 1154
042805-11:00:07,psfssystem1,0,1154,	TOTAL: 1154
042805-12:00:05,psfssystem1,0,1154,	TOTAL: 1154
042805-13:00:03,psfssystem1,0,1154,	TOTAL: 1154
042805-15:00:04,psfssystem1,0,2302,	TOTAL: 2302
042805-16:00:03,psfssystem1,0,2302,	TOTAL: 2302
042805-17:00:03,psfssystem1,0,2302,	TOTAL: 2302
042805-18:00:02,psfssystem1,0,2302,	TOTAL: 2302
042805-19:00:04,psfssystem1,0,2302,	TOTAL: 2302
042805-20:00:04,psfssystem1,0,2302,	TOTAL: 2302
042805-21:00:03,psfssystem1,0,2302,	TOTAL: 2302
042805-22:00:03,psfssystem1,0,2302,	TOTAL: 2302
042805-23:00:03,psfssystem1,0,2302,	TOTAL: 2302
042905-00:00:03,psfssystem1,0,2302,	TOTAL: 2302
042905-01:00:03,psfssystem1,0,2302,	TOTAL: 2302
042905-02:00:03,psfssystem1,0,2302,	TOTAL: 2302
042905-03:00:03,psfssystem1,0,0,	TOTAL: 0
042905-04:00:03,psfssystem1,0,0,	TOTAL: 0
042905-05:00:03,psfssystem1,0,0,	TOTAL: 0
042905-06:00:03,psfssystem1,0,0,	TOTAL: 0
042905-07:00:03,psfssystem1,0,1151,	TOTAL: 1151
042905-08:00:05,psfssystem1,0,1153,	TOTAL: 1153
042905-09:00:05,psfssystem1,0,1154,	TOTAL: 1154
042905-10:00:04,psfssystem1,0,1154,	TOTAL: 1154
042905-11:00:04,psfssystem1,0,1154,	TOTAL: 1154
042905-12:00:04,psfssystem1,0,1154,	TOTAL: 1154
042905-13:00:04,psfssystem1,0,1154,	TOTAL: 1154
042905-14:00:03,psfssystem1,0,1154,	TOTAL: 1154
042905-17:00:04,psfssystem1,0,2302,	TOTAL: 2302
042905-18:00:03,psfssystem1,0,2302,	TOTAL: 2302
042905-19:00:03,psfssystem1,0,2302,	TOTAL: 2302
042905-20:00:03,psfssystem1,0,2302,	TOTAL: 2302
042905-21:00:04,psfssystem1,0,2302,	TOTAL: 2302
042905-22:00:05,psfssystem1,0,2302,	TOTAL: 2302
042905-23:00:04,psfssystem1,0,2302,	TOTAL: 2302
043005-00:00:03,psfssystem1,0,2302,	TOTAL: 2302
043005-01:00:04,psfssystem1,0,2302,	TOTAL: 2302
043005-02:00:03,psfssystem1,0,2302,	TOTAL: 2302
043005-03:00:04,psfssystem1,0,3513594,	TOTAL: 3513594
043005-04:00:03,psfssystem1,0,2722147,	TOTAL: 2722147
043005-05:00:04,psfssystem1,0,1872406,	TOTAL: 1872406
043005-06:00:04,psfssystem1,0,983947,	TOTAL: 983947
043005-07:00:03,psfssystem1,0,13513,	TOTAL: 13513
043005-08:00:05,psfssystem1,0,0,	TOTAL: 0
043005-09:00:06,psfssystem1,0,1151,	TOTAL: 1151
043005-10:00:07,psfssystem1,0,1153,	TOTAL: 1153
043005-11:00:06,psfssystem1,0,1153,	TOTAL: 1153
043005-12:00:07,psfssystem1,0,1153,	TOTAL: 1153
043005-13:00:07,psfssystem1,0,1154,	TOTAL: 1154
043005-14:00:05,psfssystem1,0,1154,	TOTAL: 1154
043005-15:00:04,psfssystem1,0,1154,	TOTAL: 1154
043005-16:00:03,psfssystem1,0,1154,	TOTAL: 1154
043005-17:00:03,psfssystem1,0,1154,	TOTAL: 1154
043005-18:00:03,psfssystem1,0,1154,	TOTAL: 1154
043005-19:00:03,psfssystem1,0,1154,	TOTAL: 1154
043005-20:00:03,psfssystem1,0,1154,	TOTAL: 1154
043005-21:00:03,psfssystem1,0,1154,	TOTAL: 1154
043005-22:00:04,psfssystem1,0,1154,	TOTAL: 1154
043005-23:00:04,psfssystem1,0,1154,	TOTAL: 1154
050105-00:00:03,psfssystem1,0,1154,	TOTAL: 1154
050105-01:00:04,psfssystem1,0,1154,	TOTAL: 1154
050105-02:00:03,psfssystem1,0,1154,	TOTAL: 1154
050105-03:00:03,psfssystem1,0,3507404,	TOTAL: 3507404
050105-04:00:03,psfssystem1,0,2697368,	TOTAL: 2697368
050105-05:00:03,psfssystem1,0,1675124,	TOTAL: 1675124
050105-06:00:04,psfssystem1,0,445158,	TOTAL: 445158
050105-07:00:03,psfssystem1,0,0,	TOTAL: 0
050105-08:00:07,psfssystem1,0,1151,	TOTAL: 1151
050105-09:00:06,psfssystem1,0,1154,	TOTAL: 1154
050105-10:00:06,psfssystem1,0,1154,	TOTAL: 1154
050105-11:00:06,psfssystem1,0,1154,	TOTAL: 1154
050105-12:00:06,psfssystem1,0,1154,	TOTAL: 1154
050105-13:00:05,psfssystem1,0,1154,	TOTAL: 1154
050105-14:00:05,psfssystem1,0,1154,	TOTAL: 1154
050105-15:00:03,psfssystem1,0,1154,	TOTAL: 1154
050105-16:00:03,psfssystem1,0,1154,	TOTAL: 1154
050105-17:00:03,psfssystem1,0,1154,	TOTAL: 1154
050105-18:00:04,psfssystem1,0,1154,	TOTAL: 1154
050105-19:00:03,psfssystem1,0,1154,	TOTAL: 1154
050105-20:00:03,psfssystem1,0,1154,	TOTAL: 1154
050105-21:00:03,psfssystem1,0,1154,	TOTAL: 1154
050105-22:00:02,psfssystem1,0,1154,	TOTAL: 1154
050105-23:00:03,psfssystem1,0,1154,	TOTAL: 1154
050205-00:00:03,psfssystem1,0,1154,	TOTAL: 1154
050205-01:00:03,psfssystem1,0,1154,	TOTAL: 1154
050205-02:00:02,psfssystem1,0,1154,	TOTAL: 1154
050205-03:00:02,psfssystem1,0,3398230,	TOTAL: 3398230
050205-04:00:04,psfssystem1,0,2280462,	TOTAL: 2280462
050205-05:00:04,psfssystem1,0,1205464,	TOTAL: 1205464
050205-06:00:04,psfssystem1,0,65752,	TOTAL: 65752
050205-07:00:05,psfssystem1,0,0,	TOTAL: 0
050205-08:00:06,psfssystem1,0,1154,	TOTAL: 1154
050205-09:00:06,psfssystem1,0,1154,	TOTAL: 1154
050205-10:00:05,psfssystem1,0,1154,	TOTAL: 1154
050205-11:00:06,psfssystem1,0,1154,	TOTAL: 1154
050205-12:00:07,psfssystem1,0,1154,	TOTAL: 1154
050205-13:00:04,psfssystem1,0,1154,	TOTAL: 1154
050205-14:00:02,psfssystem1,0,1154,	TOTAL: 1154
050205-15:00:03,psfssystem1,0,1154,	TOTAL: 1154
050205-17:00:04,psfssystem1,0,2302,	TOTAL: 2302
050205-18:00:02,psfssystem1,0,2302,	TOTAL: 2302
050205-19:00:03,psfssystem1,0,2302,	TOTAL: 2302
050205-20:00:02,psfssystem1,0,2302,	TOTAL: 2302
050205-21:00:03,psfssystem1,0,2302,	TOTAL: 2302
050205-22:00:05,psfssystem1,0,2302,	TOTAL: 2302
050205-23:00:06,psfssystem1,0,2302,	TOTAL: 2302
050305-00:00:04,psfssystem1,0,2302,	TOTAL: 2302
050305-01:00:04,psfssystem1,0,2302,	TOTAL: 2302
050305-02:00:03,psfssystem1,0,2302,	TOTAL: 2302
050305-03:00:03,psfssystem1,0,0,	TOTAL: 0
050305-04:00:03,psfssystem1,0,0,	TOTAL: 0
050305-05:00:04,psfssystem1,0,0,	TOTAL: 0
050305-06:00:03,psfssystem1,0,0,	TOTAL: 0
050305-07:00:06,psfssystem1,0,1153,	TOTAL: 1153
050305-08:00:06,psfssystem1,0,1154,	TOTAL: 1154
050305-09:00:07,psfssystem1,0,1154,	TOTAL: 1154
050305-10:00:06,psfssystem1,0,1154,	TOTAL: 1154
050305-11:00:06,psfssystem1,0,1154,	TOTAL: 1154
050305-12:00:05,psfssystem1,0,1154,	TOTAL: 1154
050305-13:00:03,psfssystem1,0,1154,	TOTAL: 1154
050305-14:00:03,psfssystem1,0,1154,	TOTAL: 1154
050305-15:00:02,psfssystem1,0,1154,	TOTAL: 1154
050305-16:00:03,psfssystem1,0,1154,	TOTAL: 1154
050305-17:00:03,psfssystem1,0,1154,	TOTAL: 1154
050305-18:00:03,psfssystem1,0,1154,	TOTAL: 1154
050305-19:00:02,psfssystem1,0,1154,	TOTAL: 1154
050305-20:00:03,psfssystem1,0,1154,	TOTAL: 1154
050305-21:00:03,psfssystem1,0,1154,	TOTAL: 1154
050305-22:00:03,psfssystem1,0,1154,	TOTAL: 1154
050305-23:00:04,psfssystem1,0,1154,	TOTAL: 1154
050405-00:00:04,psfssystem1,0,1154,	TOTAL: 1154
050405-01:00:04,psfssystem1,0,1154,	TOTAL: 1154
050405-02:00:03,psfssystem1,0,1154,	TOTAL: 1154
050405-03:00:03,psfssystem1,0,0,	TOTAL: 0
050405-04:00:03,psfssystem1,0,0,	TOTAL: 0
050405-05:00:04,psfssystem1,0,0,	TOTAL: 0
050405-06:00:03,psfssystem1,0,0,	TOTAL: 0
050405-07:00:05,psfssystem1,0,1154,	TOTAL: 1154
050405-08:00:05,psfssystem1,0,1154,	TOTAL: 1154
050405-09:00:05,psfssystem1,0,1154,	TOTAL: 1154
050405-10:00:06,psfssystem1,0,1154,	TOTAL: 1154
050405-11:00:05,psfssystem1,0,1154,	TOTAL: 1154
050405-12:00:05,psfssystem1,0,1154,	TOTAL: 1154
050405-13:00:04,psfssystem1,0,1154,	TOTAL: 1154
050405-14:00:02,psfssystem1,0,1154,	TOTAL: 1154
050405-15:00:03,psfssystem1,0,1154,	TOTAL: 1154
050405-16:00:03,psfssystem1,0,1154,	TOTAL: 1154
050405-17:00:03,psfssystem1,0,1154,	TOTAL: 1154
050405-18:00:04,psfssystem1,0,1154,	TOTAL: 1154
050405-19:00:05,psfssystem1,0,1155,	TOTAL: 1155
050405-20:00:04,psfssystem1,0,1155,	TOTAL: 1155
050405-21:00:03,psfssystem1,0,1155,	TOTAL: 1155
050405-22:00:03,psfssystem1,0,1155,	TOTAL: 1155
050405-23:00:04,psfssystem1,0,1155,	TOTAL: 1155
050505-00:00:03,psfssystem1,0,1155,	TOTAL: 1155
050505-01:00:03,psfssystem1,0,1155,	TOTAL: 1155
050505-02:00:03,psfssystem1,0,1155,	TOTAL: 1155
050505-03:00:03,psfssystem1,0,0,	TOTAL: 0
050505-04:00:03,psfssystem1,0,0,	TOTAL: 0
050505-05:00:03,psfssystem1,0,0,	TOTAL: 0
050505-06:00:03,psfssystem1,0,0,	TOTAL: 0
050505-07:00:04,psfssystem1,0,1153,	TOTAL: 1153
050505-08:00:05,psfssystem1,0,1154,	TOTAL: 1154
050505-09:00:04,psfssystem1,0,1154,	TOTAL: 1154
050505-10:00:04,psfssystem1,0,1154,	TOTAL: 1154
050505-11:00:05,psfssystem1,0,1154,	TOTAL: 1154
050505-12:00:04,psfssystem1,0,1154,	TOTAL: 1154
050505-13:00:03,psfssystem1,0,1154,	TOTAL: 1154
050505-14:00:04,psfssystem1,0,1154,	TOTAL: 1154
050505-15:00:04,psfssystem1,0,1154,	TOTAL: 1154
050505-16:00:03,psfssystem1,0,1154,	TOTAL: 1154
050505-17:00:03,psfssystem1,0,1154,	TOTAL: 1154
050505-18:00:02,psfssystem1,0,1154,	TOTAL: 1154
050505-19:00:03,psfssystem1,0,1154,	TOTAL: 1154
050505-20:00:02,psfssystem1,0,1154,	TOTAL: 1154
050505-21:00:03,psfssystem1,0,1154,	TOTAL: 1154
050505-22:00:03,psfssystem1,0,1154,	TOTAL: 1154
050505-23:00:03,psfssystem1,0,1154,	TOTAL: 1154
050605-00:00:03,psfssystem1,0,1154,	TOTAL: 1154
050605-01:00:03,psfssystem1,0,1154,	TOTAL: 1154
050605-02:00:03,psfssystem1,0,1154,	TOTAL: 1154
050605-03:00:03,psfssystem1,0,0,	TOTAL: 0
050605-04:00:03,psfssystem1,0,0,	TOTAL: 0
050605-05:00:03,psfssystem1,0,0,	TOTAL: 0
050605-06:00:03,psfssystem1,0,0,	TOTAL: 0
050605-07:00:03,psfssystem1,0,1151,	TOTAL: 1151
050605-08:00:03,psfssystem1,0,1151,	TOTAL: 1151
050605-09:00:04,psfssystem1,0,1151,	TOTAL: 1151
050605-10:00:03,psfssystem1,0,1151,	TOTAL: 1151
050605-11:00:04,psfssystem1,0,1151,	TOTAL: 1151
050605-12:00:03,psfssystem1,0,1151,	TOTAL: 1151
050605-13:00:03,psfssystem1,0,1151,	TOTAL: 1151
050605-14:00:03,psfssystem1,0,1151,	TOTAL: 1151
050605-15:00:07,psfssystem1,0,1154,	TOTAL: 1154
050605-16:00:10,psfssystem1,0,1154,	TOTAL: 1154
050605-17:00:07,psfssystem1,0,1154,	TOTAL: 1154
050605-18:00:06,psfssystem1,0,1154,	TOTAL: 1154
050605-19:00:06,psfssystem1,0,1154,	TOTAL: 1154
050605-20:00:03,psfssystem1,0,1154,	TOTAL: 1154
050605-21:00:02,psfssystem1,0,1154,	TOTAL: 1154
050605-22:00:04,psfssystem1,0,1154,	TOTAL: 1154
050605-23:00:03,psfssystem1,0,1154,	TOTAL: 1154
050705-00:00:04,psfssystem1,0,1154,	TOTAL: 1154
050705-01:00:03,psfssystem1,0,1154,	TOTAL: 1154
050705-02:00:03,psfssystem1,0,1154,	TOTAL: 1154
050705-03:00:03,psfssystem1,0,3518904,	TOTAL: 3518904
050705-04:00:03,psfssystem1,0,2727127,	TOTAL: 2727127
050705-05:00:03,psfssystem1,0,1775755,	TOTAL: 1775755
050705-06:00:04,psfssystem1,0,692813,	TOTAL: 692813
050705-07:00:03,psfssystem1,0,12769,	TOTAL: 12769
050705-08:00:07,psfssystem1,0,1152,	TOTAL: 1152
050705-09:00:04,psfssystem1,0,1154,	TOTAL: 1154
050705-10:00:07,psfssystem1,0,1154,	TOTAL: 1154
050705-11:00:06,psfssystem1,0,1154,	TOTAL: 1154
050705-12:00:05,psfssystem1,0,1154,	TOTAL: 1154
050705-13:00:05,psfssystem1,0,1154,	TOTAL: 1154
050705-14:00:05,psfssystem1,0,1154,	TOTAL: 1154
050705-15:00:03,psfssystem1,0,1154,	TOTAL: 1154
050705-16:00:03,psfssystem1,0,1154,	TOTAL: 1154
050705-17:00:03,psfssystem1,0,1154,	TOTAL: 1154
050705-18:00:03,psfssystem1,0,1154,	TOTAL: 1154
050705-19:00:03,psfssystem1,0,1154,	TOTAL: 1154
050705-20:00:03,psfssystem1,0,1154,	TOTAL: 1154
050705-21:00:02,psfssystem1,0,1154,	TOTAL: 1154
050705-22:00:04,psfssystem1,0,1154,	TOTAL: 1154
050705-23:00:03,psfssystem1,0,1154,	TOTAL: 1154
050805-00:00:03,psfssystem1,0,1154,	TOTAL: 1154
050805-01:00:04,psfssystem1,0,1154,	TOTAL: 1154
050805-02:00:03,psfssystem1,0,1154,	TOTAL: 1154
050805-03:00:03,psfssystem1,0,3464490,	TOTAL: 3464490
050805-04:00:04,psfssystem1,0,2591744,	TOTAL: 2591744
050805-05:00:04,psfssystem1,0,1538030,	TOTAL: 1538030
050805-06:00:03,psfssystem1,0,297919,	TOTAL: 297919
050805-07:00:04,psfssystem1,0,0,	TOTAL: 0
050805-08:00:08,psfssystem1,0,1153,	TOTAL: 1153
050805-09:00:06,psfssystem1,0,1153,	TOTAL: 1153
050805-10:00:05,psfssystem1,0,1154,	TOTAL: 1154
050805-11:00:05,psfssystem1,0,1154,	TOTAL: 1154
050805-12:00:06,psfssystem1,0,1154,	TOTAL: 1154
050805-13:00:05,psfssystem1,0,1154,	TOTAL: 1154
050805-14:00:03,psfssystem1,0,1154,	TOTAL: 1154
050805-15:00:03,psfssystem1,0,1154,	TOTAL: 1154
050805-16:00:03,psfssystem1,0,1154,	TOTAL: 1154
050805-17:00:03,psfssystem1,0,1154,	TOTAL: 1154
050805-18:00:03,psfssystem1,0,1154,	TOTAL: 1154
050805-19:00:03,psfssystem1,0,1154,	TOTAL: 1154
050805-20:00:03,psfssystem1,0,1154,	TOTAL: 1154
050805-21:00:02,psfssystem1,0,1154,	TOTAL: 1154
050805-22:00:04,psfssystem1,0,1154,	TOTAL: 1154
050805-23:00:03,psfssystem1,0,1154,	TOTAL: 1154
050905-00:00:03,psfssystem1,0,1154,	TOTAL: 1154
050905-01:00:03,psfssystem1,0,1154,	TOTAL: 1154
050905-02:00:03,psfssystem1,0,1154,	TOTAL: 1154
050905-03:00:03,psfssystem1,0,3384649,	TOTAL: 3384649
050905-04:00:02,psfssystem1,0,2314864,	TOTAL: 2314864
050905-05:00:04,psfssystem1,0,1166067,	TOTAL: 1166067
050905-06:00:03,psfssystem1,0,30918,	TOTAL: 30918
050905-07:00:05,psfssystem1,0,1153,	TOTAL: 1153
050905-08:00:06,psfssystem1,0,1153,	TOTAL: 1153
050905-09:00:06,psfssystem1,0,1154,	TOTAL: 1154
050905-10:00:07,psfssystem1,0,1154,	TOTAL: 1154
050905-11:00:06,psfssystem1,0,1154,	TOTAL: 1154
050905-12:00:05,psfssystem1,0,1154,	TOTAL: 1154
050905-13:00:04,psfssystem1,0,1154,	TOTAL: 1154
050905-14:00:03,psfssystem1,0,1154,	TOTAL: 1154
050905-15:00:03,psfssystem1,0,1154,	TOTAL: 1154
050905-16:00:03,psfssystem1,0,1154,	TOTAL: 1154
050905-17:00:03,psfssystem1,0,1154,	TOTAL: 1154
050905-18:00:03,psfssystem1,0,1154,	TOTAL: 1154
050905-19:00:03,psfssystem1,0,1154,	TOTAL: 1154
050905-20:00:03,psfssystem1,0,1154,	TOTAL: 1154
050905-21:00:02,psfssystem1,0,1154,	TOTAL: 1154
050905-22:00:03,psfssystem1,0,1154,	TOTAL: 1154
050905-23:00:04,psfssystem1,0,1154,	TOTAL: 1154
051005-00:00:03,psfssystem1,0,1154,	TOTAL: 1154
051005-01:00:04,psfssystem1,0,1154,	TOTAL: 1154
051005-02:00:03,psfssystem1,0,1154,	TOTAL: 1154
051005-03:00:04,psfssystem1,0,0,	TOTAL: 0
051005-04:00:03,psfssystem1,0,0,	TOTAL: 0
051005-05:00:04,psfssystem1,0,0,	TOTAL: 0
051005-06:00:04,psfssystem1,0,0,	TOTAL: 0
051005-07:00:06,psfssystem1,0,1153,	TOTAL: 1153
051005-08:00:08,psfssystem1,0,1154,	TOTAL: 1154
051005-09:00:07,psfssystem1,0,1154,	TOTAL: 1154
051005-10:00:06,psfssystem1,0,1154,	TOTAL: 1154
051005-11:00:07,psfssystem1,0,1154,	TOTAL: 1154
051005-12:00:04,psfssystem1,0,1154,	TOTAL: 1154
051005-13:00:05,psfssystem1,0,1154,	TOTAL: 1154
051005-14:00:04,psfssystem1,0,1154,	TOTAL: 1154
051005-15:00:03,psfssystem1,0,1154,	TOTAL: 1154
051005-16:00:03,psfssystem1,0,1154,	TOTAL: 1154
051005-17:00:03,psfssystem1,0,1154,	TOTAL: 1154
051005-18:00:03,psfssystem1,0,1154,	TOTAL: 1154
051005-19:00:03,psfssystem1,0,1154,	TOTAL: 1154
051005-20:00:03,psfssystem1,0,1154,	TOTAL: 1154
051005-21:00:04,psfssystem1,0,1154,	TOTAL: 1154
051005-22:00:03,psfssystem1,0,1154,	TOTAL: 1154
051005-23:00:03,psfssystem1,0,1154,	TOTAL: 1154
051105-00:00:04,psfssystem1,0,1154,	TOTAL: 1154
051105-01:00:03,psfssystem1,0,1154,	TOTAL: 1154
051105-02:00:04,psfssystem1,0,1154,	TOTAL: 1154
051105-03:00:03,psfssystem1,0,0,	TOTAL: 0
051105-04:00:03,psfssystem1,0,0,	TOTAL: 0
051105-05:00:05,psfssystem1,0,0,	TOTAL: 0
051105-06:00:04,psfssystem1,0,0,	TOTAL: 0
051105-07:00:07,psfssystem1,0,1153,	TOTAL: 1153
051105-08:00:07,psfssystem1,0,1154,	TOTAL: 1154
051105-09:00:06,psfssystem1,0,1154,	TOTAL: 1154
051105-10:00:04,psfssystem1,0,1154,	TOTAL: 1154
051105-11:00:04,psfssystem1,0,1154,	TOTAL: 1154
051105-12:00:05,psfssystem1,0,1154,	TOTAL: 1154
051105-13:00:05,psfssystem1,0,1154,	TOTAL: 1154
051105-14:00:04,psfssystem1,0,1154,	TOTAL: 1154
051105-15:00:02,psfssystem1,0,1154,	TOTAL: 1154
051105-16:00:03,psfssystem1,0,1154,	TOTAL: 1154
051105-17:00:02,psfssystem1,0,1154,	TOTAL: 1154
051105-18:00:03,psfssystem1,0,1154,	TOTAL: 1154
051105-19:00:03,psfssystem1,0,1154,	TOTAL: 1154
051105-20:00:03,psfssystem1,0,1154,	TOTAL: 1154
051105-21:00:02,psfssystem1,0,1154,	TOTAL: 1154
051105-22:00:04,psfssystem1,0,1154,	TOTAL: 1154
051105-23:00:04,psfssystem1,0,1154,	TOTAL: 1154
051205-00:00:03,psfssystem1,0,1154,	TOTAL: 1154
051205-01:00:03,psfssystem1,0,1154,	TOTAL: 1154
051205-02:00:03,psfssystem1,0,1154,	TOTAL: 1154
051205-03:00:03,psfssystem1,0,0,	TOTAL: 0
051205-04:00:03,psfssystem1,0,0,	TOTAL: 0
051205-05:00:03,psfssystem1,0,0,	TOTAL: 0
051205-06:00:04,psfssystem1,0,0,	TOTAL: 0
051205-07:00:06,psfssystem1,0,1154,	TOTAL: 1154
051205-08:00:06,psfssystem1,0,1154,	TOTAL: 1154
051205-09:00:06,psfssystem1,0,1154,	TOTAL: 1154
051205-10:00:05,psfssystem1,0,1154,	TOTAL: 1154
051205-11:00:05,psfssystem1,0,1154,	TOTAL: 1154
051205-12:00:03,psfssystem1,0,1154,	TOTAL: 1154
051205-13:00:02,psfssystem1,0,1154,	TOTAL: 1154
051205-14:00:04,psfssystem1,0,1154,	TOTAL: 1154
051205-15:00:04,psfssystem1,0,1154,	TOTAL: 1154
051205-16:00:04,psfssystem1,0,1154,	TOTAL: 1154
051205-17:00:05,psfssystem1,0,1154,	TOTAL: 1154
051205-18:00:05,psfssystem1,0,1154,	TOTAL: 1154
051205-19:00:06,psfssystem1,0,1154,	TOTAL: 1154
051205-20:00:05,psfssystem1,0,1154,	TOTAL: 1154
051205-21:00:04,psfssystem1,0,1154,	TOTAL: 1154
051205-22:00:03,psfssystem1,0,1154,	TOTAL: 1154
051205-23:00:06,psfssystem1,0,1154,	TOTAL: 1154
051305-00:00:03,psfssystem1,0,1154,	TOTAL: 1154
051305-01:00:05,psfssystem1,0,1154,	TOTAL: 1154
051305-02:00:03,psfssystem1,0,1154,	TOTAL: 1154
051305-03:00:04,psfssystem1,0,0,	TOTAL: 0
051305-04:00:04,psfssystem1,0,0,	TOTAL: 0
051305-05:00:05,psfssystem1,0,0,	TOTAL: 0
051305-06:00:05,psfssystem1,0,0,	TOTAL: 0
051305-07:00:07,psfssystem1,0,1154,	TOTAL: 1154
051305-08:00:06,psfssystem1,0,1154,	TOTAL: 1154
051305-09:00:05,psfssystem1,0,1154,	TOTAL: 1154
051305-10:00:07,psfssystem1,0,1154,	TOTAL: 1154
051305-11:00:05,psfssystem1,0,1154,	TOTAL: 1154
051305-12:00:05,psfssystem1,0,1154,	TOTAL: 1154
051305-13:00:05,psfssystem1,0,1154,	TOTAL: 1154
051305-14:00:04,psfssystem1,0,1154,	TOTAL: 1154
051305-15:00:05,psfssystem1,0,1154,	TOTAL: 1154
051305-16:00:05,psfssystem1,0,1154,	TOTAL: 1154
051305-17:00:03,psfssystem1,0,1154,	TOTAL: 1154
051305-18:00:03,psfssystem1,0,1154,	TOTAL: 1154
051305-19:00:03,psfssystem1,0,1154,	TOTAL: 1154
051305-20:00:02,psfssystem1,0,1154,	TOTAL: 1154
051305-21:00:03,psfssystem1,0,1154,	TOTAL: 1154
051305-22:00:04,psfssystem1,0,1154,	TOTAL: 1154
051305-23:00:03,psfssystem1,0,1154,	TOTAL: 1154
051405-00:00:05,psfssystem1,0,1154,	TOTAL: 1154
051405-01:00:03,psfssystem1,0,1154,	TOTAL: 1154
051405-02:00:03,psfssystem1,0,1154,	TOTAL: 1154
051405-03:00:04,psfssystem1,0,3510711,	TOTAL: 3510711
051405-04:00:04,psfssystem1,0,2697815,	TOTAL: 2697815
051405-05:00:03,psfssystem1,0,1705585,	TOTAL: 1705585
051405-06:00:04,psfssystem1,0,747441,	TOTAL: 747441
051405-07:00:03,psfssystem1,0,0,	TOTAL: 0
051405-08:00:04,psfssystem1,0,1148,	TOTAL: 1148
051405-09:00:07,psfssystem1,0,1151,	TOTAL: 1151
051405-10:00:07,psfssystem1,0,1151,	TOTAL: 1151
051405-11:00:07,psfssystem1,0,1152,	TOTAL: 1152
051405-12:00:05,psfssystem1,0,1153,	TOTAL: 1153
051405-13:00:06,psfssystem1,0,1154,	TOTAL: 1154
051405-14:00:04,psfssystem1,0,1154,	TOTAL: 1154
051405-15:00:05,psfssystem1,0,1154,	TOTAL: 1154
051405-16:00:04,psfssystem1,0,1154,	TOTAL: 1154
051405-17:00:05,psfssystem1,0,1154,	TOTAL: 1154
051405-18:00:03,psfssystem1,0,1154,	TOTAL: 1154
051405-19:00:03,psfssystem1,0,1154,	TOTAL: 1154
051405-20:00:04,psfssystem1,0,1154,	TOTAL: 1154
051405-21:00:03,psfssystem1,0,1154,	TOTAL: 1154
051405-22:00:03,psfssystem1,0,1154,	TOTAL: 1154
051405-23:00:04,psfssystem1,0,1154,	TOTAL: 1154
051505-00:00:04,psfssystem1,0,1154,	TOTAL: 1154
051505-01:00:05,psfssystem1,0,1154,	TOTAL: 1154
051505-02:00:04,psfssystem1,0,1154,	TOTAL: 1154
051505-03:00:04,psfssystem1,0,3496708,	TOTAL: 3496708
051505-04:00:03,psfssystem1,0,2642469,	TOTAL: 2642469
051505-05:00:04,psfssystem1,0,1606601,	TOTAL: 1606601
051505-06:00:04,psfssystem1,0,490931,	TOTAL: 490931
051505-07:00:05,psfssystem1,0,0,	TOTAL: 0
051505-08:00:05,psfssystem1,0,1154,	TOTAL: 1154
051505-09:00:06,psfssystem1,0,1154,	TOTAL: 1154
051505-10:00:05,psfssystem1,0,1154,	TOTAL: 1154
051505-11:00:06,psfssystem1,0,1154,	TOTAL: 1154
051505-12:00:06,psfssystem1,0,1154,	TOTAL: 1154
051505-13:00:05,psfssystem1,0,1154,	TOTAL: 1154
051505-14:00:04,psfssystem1,0,1154,	TOTAL: 1154
051505-15:00:04,psfssystem1,0,1154,	TOTAL: 1154
051505-16:00:03,psfssystem1,0,1154,	TOTAL: 1154
051505-17:00:03,psfssystem1,0,1154,	TOTAL: 1154
051505-18:00:03,psfssystem1,0,1154,	TOTAL: 1154
051505-19:00:03,psfssystem1,0,1154,	TOTAL: 1154
051505-20:00:03,psfssystem1,0,1154,	TOTAL: 1154
051505-21:00:03,psfssystem1,0,1154,	TOTAL: 1154
051505-22:00:03,psfssystem1,0,1154,	TOTAL: 1154
051505-23:00:03,psfssystem1,0,1154,	TOTAL: 1154
051605-00:00:02,psfssystem1,0,1154,	TOTAL: 1154
051605-01:00:04,psfssystem1,0,1154,	TOTAL: 1154
051605-02:00:03,psfssystem1,0,1154,	TOTAL: 1154
051605-03:00:03,psfssystem1,0,3425291,	TOTAL: 3425291
051605-04:00:02,psfssystem1,0,2240162,	TOTAL: 2240162
051605-05:00:03,psfssystem1,0,1133361,	TOTAL: 1133361
051605-06:00:04,psfssystem1,0,64092,	TOTAL: 64092
051605-07:00:03,psfssystem1,0,0,	TOTAL: 0
051605-08:00:05,psfssystem1,0,1153,	TOTAL: 1153
051605-09:00:06,psfssystem1,0,1154,	TOTAL: 1154
051605-10:00:06,psfssystem1,0,1154,	TOTAL: 1154
051605-11:00:05,psfssystem1,0,1154,	TOTAL: 1154
051605-12:00:05,psfssystem1,0,1154,	TOTAL: 1154
051605-13:00:04,psfssystem1,0,1154,	TOTAL: 1154
051605-14:00:04,psfssystem1,0,1154,	TOTAL: 1154
051605-15:00:03,psfssystem1,0,1154,	TOTAL: 1154
051605-16:00:04,psfssystem1,0,1154,	TOTAL: 1154
051605-17:00:03,psfssystem1,0,1154,	TOTAL: 1154
051605-18:00:04,psfssystem1,0,1154,	TOTAL: 1154
051605-19:00:04,psfssystem1,0,1154,	TOTAL: 1154
051605-20:00:04,psfssystem1,0,1154,	TOTAL: 1154
051605-21:00:03,psfssystem1,0,1154,	TOTAL: 1154
051605-22:00:05,psfssystem1,0,1154,	TOTAL: 1154
051605-23:00:03,psfssystem1,0,1154,	TOTAL: 1154
051705-00:00:04,psfssystem1,0,1154,	TOTAL: 1154
051705-01:00:04,psfssystem1,0,1154,	TOTAL: 1154
051705-02:00:03,psfssystem1,0,1154,	TOTAL: 1154
051705-03:00:04,psfssystem1,0,0,	TOTAL: 0
051705-04:00:03,psfssystem1,0,0,	TOTAL: 0
051705-05:00:04,psfssystem1,0,0,	TOTAL: 0
051705-06:00:04,psfssystem1,0,0,	TOTAL: 0
051705-07:00:05,psfssystem1,0,1153,	TOTAL: 1153
051705-08:00:04,psfssystem1,0,1154,	TOTAL: 1154
051705-09:00:04,psfssystem1,0,1154,	TOTAL: 1154
051705-10:00:04,psfssystem1,0,1154,	TOTAL: 1154
051705-11:00:03,psfssystem1,0,1154,	TOTAL: 1154
051705-12:00:06,psfssystem1,0,1154,	TOTAL: 1154
051705-13:00:04,psfssystem1,0,1154,	TOTAL: 1154
051705-14:00:05,psfssystem1,0,1154,	TOTAL: 1154
051705-15:00:05,psfssystem1,0,1154,	TOTAL: 1154
051705-16:00:05,psfssystem1,0,1154,	TOTAL: 1154
051705-17:00:04,psfssystem1,0,1154,	TOTAL: 1154
051705-18:00:06,psfssystem1,0,1154,	TOTAL: 1154
051705-19:00:04,psfssystem1,0,1154,	TOTAL: 1154
051705-20:00:03,psfssystem1,0,1154,	TOTAL: 1154
051705-21:00:04,psfssystem1,0,1154,	TOTAL: 1154
051705-22:00:05,psfssystem1,0,1154,	TOTAL: 1154
051705-23:00:04,psfssystem1,0,1154,	TOTAL: 1154
051805-00:00:03,psfssystem1,0,1154,	TOTAL: 1154
051805-01:00:04,psfssystem1,0,1154,	TOTAL: 1154
051805-02:00:03,psfssystem1,0,1154,	TOTAL: 1154
051805-03:00:04,psfssystem1,0,0,	TOTAL: 0
051805-04:00:04,psfssystem1,0,0,	TOTAL: 0
051805-05:00:05,psfssystem1,0,0,	TOTAL: 0
051805-06:00:05,psfssystem1,0,0,	TOTAL: 0
051805-07:00:06,psfssystem1,0,1151,	TOTAL: 1151
051805-08:00:06,psfssystem1,0,1153,	TOTAL: 1153
051805-09:00:05,psfssystem1,0,1154,	TOTAL: 1154
051805-10:00:05,psfssystem1,0,1154,	TOTAL: 1154
051805-11:00:04,psfssystem1,0,1154,	TOTAL: 1154
051805-12:00:04,psfssystem1,0,1154,	TOTAL: 1154
051805-13:00:02,psfssystem1,0,1154,	TOTAL: 1154
051805-14:00:03,psfssystem1,0,1154,	TOTAL: 1154
051805-15:00:05,psfssystem1,0,1154,	TOTAL: 1154
051805-16:00:07,psfssystem1,0,1154,	TOTAL: 1154
051805-17:00:06,psfssystem1,0,1154,	TOTAL: 1154
051805-18:00:06,psfssystem1,0,1155,	TOTAL: 1155
051805-19:00:06,psfssystem1,0,1155,	TOTAL: 1155
051805-20:00:05,psfssystem1,0,1156,	TOTAL: 1156
051805-21:00:05,psfssystem1,0,1156,	TOTAL: 1156
051805-22:00:04,psfssystem1,0,1156,	TOTAL: 1156
051805-23:00:03,psfssystem1,0,1156,	TOTAL: 1156
051905-00:00:03,psfssystem1,0,1156,	TOTAL: 1156
051905-01:00:04,psfssystem1,0,1156,	TOTAL: 1156
051905-02:00:03,psfssystem1,0,1156,	TOTAL: 1156
051905-03:00:04,psfssystem1,0,0,	TOTAL: 0
051905-04:00:03,psfssystem1,0,0,	TOTAL: 0
051905-05:00:04,psfssystem1,0,0,	TOTAL: 0
051905-06:00:03,psfssystem1,0,0,	TOTAL: 0
051905-07:00:06,psfssystem1,0,1153,	TOTAL: 1153
051905-08:00:08,psfssystem1,0,1154,	TOTAL: 1154
051905-09:00:06,psfssystem1,0,1154,	TOTAL: 1154
051905-10:00:07,psfssystem1,0,1154,	TOTAL: 1154
051905-11:00:06,psfssystem1,0,1154,	TOTAL: 1154
051905-12:00:06,psfssystem1,0,1154,	TOTAL: 1154
051905-13:00:05,psfssystem1,0,1154,	TOTAL: 1154
051905-14:00:02,psfssystem1,0,1154,	TOTAL: 1154
051905-15:00:03,psfssystem1,0,1154,	TOTAL: 1154
051905-16:00:03,psfssystem1,0,1154,	TOTAL: 1154
051905-17:00:03,psfssystem1,0,1154,	TOTAL: 1154
051905-18:00:03,psfssystem1,0,1154,	TOTAL: 1154
051905-19:00:03,psfssystem1,0,1154,	TOTAL: 1154
051905-20:00:03,psfssystem1,0,1154,	TOTAL: 1154
051905-21:00:02,psfssystem1,0,1154,	TOTAL: 1154
051905-22:00:04,psfssystem1,0,1154,	TOTAL: 1154
051905-23:00:04,psfssystem1,0,1154,	TOTAL: 1154
052005-00:00:03,psfssystem1,0,1154,	TOTAL: 1154
052005-01:00:04,psfssystem1,0,1154,	TOTAL: 1154
052005-02:00:03,psfssystem1,0,1154,	TOTAL: 1154
052005-03:00:04,psfssystem1,0,0,	TOTAL: 0
052005-04:00:04,psfssystem1,0,0,	TOTAL: 0
052005-05:00:04,psfssystem1,0,0,	TOTAL: 0
052005-06:00:05,psfssystem1,0,0,	TOTAL: 0
052005-07:00:07,psfssystem1,0,1153,	TOTAL: 1153
052005-08:00:08,psfssystem1,0,1154,	TOTAL: 1154
052005-09:00:06,psfssystem1,0,1154,	TOTAL: 1154
052005-10:00:06,psfssystem1,0,1154,	TOTAL: 1154
052005-11:00:05,psfssystem1,0,1154,	TOTAL: 1154
052005-12:00:04,psfssystem1,0,1154,	TOTAL: 1154
052005-13:00:04,psfssystem1,0,1154,	TOTAL: 1154
052005-14:00:02,psfssystem1,0,1154,	TOTAL: 1154
052005-15:00:03,psfssystem1,0,1154,	TOTAL: 1154
052005-16:00:03,psfssystem1,0,1154,	TOTAL: 1154
052005-17:00:03,psfssystem1,0,1154,	TOTAL: 1154
052005-18:00:03,psfssystem1,0,1154,	TOTAL: 1154
052005-19:00:03,psfssystem1,0,1154,	TOTAL: 1154
052005-20:00:03,psfssystem1,0,1154,	TOTAL: 1154
052005-21:00:03,psfssystem1,0,1154,	TOTAL: 1154
052005-22:00:04,psfssystem1,0,1154,	TOTAL: 1154
052005-23:00:03,psfssystem1,0,1154,	TOTAL: 1154
052105-00:00:04,psfssystem1,0,1154,	TOTAL: 1154
052105-01:00:03,psfssystem1,0,1154,	TOTAL: 1154
052105-02:00:03,psfssystem1,0,1154,	TOTAL: 1154
052105-03:00:03,psfssystem1,0,3491722,	TOTAL: 3491722
052105-04:00:03,psfssystem1,0,2633034,	TOTAL: 2633034
052105-05:00:04,psfssystem1,0,1666175,	TOTAL: 1666175
052105-06:00:03,psfssystem1,0,725343,	TOTAL: 725343
052105-07:00:03,psfssystem1,0,0,	TOTAL: 0
052105-08:00:04,psfssystem1,0,0,	TOTAL: 0
052105-09:00:05,psfssystem1,0,1151,	TOTAL: 1151
052105-10:00:07,psfssystem1,0,1154,	TOTAL: 1154
052105-11:00:04,psfssystem1,0,1154,	TOTAL: 1154
052105-12:00:07,psfssystem1,0,1154,	TOTAL: 1154
052105-13:00:06,psfssystem1,0,1154,	TOTAL: 1154
052105-14:00:05,psfssystem1,0,1154,	TOTAL: 1154
052105-15:00:04,psfssystem1,0,1154,	TOTAL: 1154
052105-16:00:05,psfssystem1,0,1154,	TOTAL: 1154
052105-17:00:03,psfssystem1,0,1154,	TOTAL: 1154
052105-18:00:03,psfssystem1,0,1154,	TOTAL: 1154
052105-19:00:03,psfssystem1,0,1154,	TOTAL: 1154
052105-20:00:03,psfssystem1,0,1154,	TOTAL: 1154
052105-21:00:03,psfssystem1,0,1154,	TOTAL: 1154
052105-22:00:04,psfssystem1,0,1154,	TOTAL: 1154
052105-23:00:03,psfssystem1,0,1154,	TOTAL: 1154
052205-00:00:04,psfssystem1,0,1154,	TOTAL: 1154
052205-01:00:04,psfssystem1,0,1154,	TOTAL: 1154
052205-02:00:03,psfssystem1,0,1154,	TOTAL: 1154
052205-03:00:03,psfssystem1,0,3500216,	TOTAL: 3500216
052205-04:00:03,psfssystem1,0,2685090,	TOTAL: 2685090
052205-05:00:04,psfssystem1,0,1673147,	TOTAL: 1673147
052205-06:00:03,psfssystem1,0,400641,	TOTAL: 400641
052205-07:00:05,psfssystem1,0,0,	TOTAL: 0
052205-08:00:07,psfssystem1,0,1151,	TOTAL: 1151
052205-09:00:05,psfssystem1,0,1152,	TOTAL: 1152
052205-10:00:05,psfssystem1,0,1153,	TOTAL: 1153
052205-11:00:05,psfssystem1,0,1154,	TOTAL: 1154
052205-12:00:06,psfssystem1,0,1154,	TOTAL: 1154
052205-13:00:05,psfssystem1,0,1154,	TOTAL: 1154
052205-14:00:04,psfssystem1,0,1154,	TOTAL: 1154
052205-15:00:03,psfssystem1,0,1154,	TOTAL: 1154
052205-16:00:03,psfssystem1,0,1154,	TOTAL: 1154
052205-17:00:03,psfssystem1,0,1154,	TOTAL: 1154
052205-18:00:03,psfssystem1,0,1154,	TOTAL: 1154
052205-19:00:03,psfssystem1,0,1154,	TOTAL: 1154
052205-20:00:03,psfssystem1,0,1154,	TOTAL: 1154
052205-21:00:03,psfssystem1,0,1154,	TOTAL: 1154
052205-22:00:03,psfssystem1,0,1154,	TOTAL: 1154
052205-23:00:04,psfssystem1,0,1154,	TOTAL: 1154
052305-00:00:03,psfssystem1,0,1154,	TOTAL: 1154
052305-01:00:03,psfssystem1,0,1154,	TOTAL: 1154
052305-02:00:02,psfssystem1,0,1154,	TOTAL: 1154
052305-03:00:03,psfssystem1,0,3385356,	TOTAL: 3385356
052305-04:00:04,psfssystem1,0,2070449,	TOTAL: 2070449
052305-05:00:04,psfssystem1,0,807596,	TOTAL: 807596
052305-06:00:06,psfssystem1,0,12462,	TOTAL: 12462
052305-07:00:06,psfssystem1,0,1153,	TOTAL: 1153
052305-08:00:05,psfssystem1,0,1153,	TOTAL: 1153
