030805-15:00:04,pshrprod1,0,342,	TOTAL: 342
030805-16:00:03,pshrprod1,0,342,	TOTAL: 342
030805-17:00:04,pshrprod1,0,342,	TOTAL: 342
030805-18:00:04,pshrprod1,0,342,	TOTAL: 342
030805-19:00:03,pshrprod1,0,342,	TOTAL: 342
030805-20:00:03,pshrprod1,0,342,	TOTAL: 342
030805-21:00:03,pshrprod1,0,342,	TOTAL: 342
030805-22:00:04,pshrprod1,0,342,	TOTAL: 342
030805-23:00:04,pshrprod1,0,342,	TOTAL: 342
030905-00:00:04,pshrprod1,0,342,	TOTAL: 342
030905-01:00:03,pshrprod1,0,342,	TOTAL: 342
030905-02:00:03,pshrprod1,0,0,	TOTAL: 0
030905-03:00:03,pshrprod1,0,0,	TOTAL: 0
030905-04:00:03,pshrprod1,0,0,	TOTAL: 0
030905-05:00:04,pshrprod1,0,0,	TOTAL: 0
030905-06:00:03,pshrprod1,0,0,	TOTAL: 0
030905-07:00:05,pshrprod1,0,256,	TOTAL: 256
030905-08:00:07,pshrprod1,0,359,	TOTAL: 359
030905-09:00:06,pshrprod1,0,359,	TOTAL: 359
030905-10:00:06,pshrprod1,0,359,	TOTAL: 359
030905-11:00:06,pshrprod1,0,359,	TOTAL: 359
030905-12:00:06,pshrprod1,0,359,	TOTAL: 359
030905-13:00:06,pshrprod1,0,359,	TOTAL: 359
030905-14:00:06,pshrprod1,0,359,	TOTAL: 359
030905-15:00:04,pshrprod1,0,359,	TOTAL: 359
030905-16:00:03,pshrprod1,0,359,	TOTAL: 359
030905-17:00:03,pshrprod1,0,359,	TOTAL: 359
030905-18:00:03,pshrprod1,0,359,	TOTAL: 359
030905-19:00:03,pshrprod1,0,359,	TOTAL: 359
030905-20:00:03,pshrprod1,0,359,	TOTAL: 359
030905-21:00:03,pshrprod1,0,359,	TOTAL: 359
030905-22:00:04,pshrprod1,0,359,	TOTAL: 359
030905-23:00:04,pshrprod1,0,359,	TOTAL: 359
031005-00:00:03,pshrprod1,0,359,	TOTAL: 359
031005-01:00:03,pshrprod1,0,359,	TOTAL: 359
031005-02:00:03,pshrprod1,0,0,	TOTAL: 0
031005-03:00:03,pshrprod1,0,0,	TOTAL: 0
031005-04:00:03,pshrprod1,0,0,	TOTAL: 0
031005-05:00:04,pshrprod1,0,0,	TOTAL: 0
031005-06:00:04,pshrprod1,0,0,	TOTAL: 0
031005-07:00:06,pshrprod1,0,339,	TOTAL: 339
031005-08:00:06,pshrprod1,0,341,	TOTAL: 341
031005-09:00:06,pshrprod1,0,341,	TOTAL: 341
031005-10:00:07,pshrprod1,0,341,	TOTAL: 341
031005-11:00:07,pshrprod1,0,341,	TOTAL: 341
031005-12:00:04,pshrprod1,0,341,	TOTAL: 341
031005-13:00:04,pshrprod1,0,341,	TOTAL: 341
031005-14:00:04,pshrprod1,0,341,	TOTAL: 341
031005-15:00:03,pshrprod1,0,341,	TOTAL: 341
031005-16:00:03,pshrprod1,0,341,	TOTAL: 341
031005-17:00:04,pshrprod1,0,341,	TOTAL: 341
031005-18:00:03,pshrprod1,0,341,	TOTAL: 341
031005-19:00:03,pshrprod1,0,341,	TOTAL: 341
031005-20:00:03,pshrprod1,0,341,	TOTAL: 341
031005-21:00:03,pshrprod1,0,341,	TOTAL: 341
031005-22:00:04,pshrprod1,0,341,	TOTAL: 341
031005-23:00:03,pshrprod1,0,341,	TOTAL: 341
031105-00:00:04,pshrprod1,0,341,	TOTAL: 341
031105-01:00:04,pshrprod1,0,341,	TOTAL: 341
031105-02:00:03,pshrprod1,0,0,	TOTAL: 0
031105-03:00:03,pshrprod1,0,0,	TOTAL: 0
031105-04:00:04,pshrprod1,0,0,	TOTAL: 0
031105-05:00:05,pshrprod1,0,0,	TOTAL: 0
031105-06:00:04,pshrprod1,0,0,	TOTAL: 0
031105-07:00:04,pshrprod1,0,256,	TOTAL: 256
031105-08:00:05,pshrprod1,0,342,	TOTAL: 342
031105-09:00:06,pshrprod1,0,342,	TOTAL: 342
031105-10:00:05,pshrprod1,0,342,	TOTAL: 342
031105-11:00:04,pshrprod1,0,342,	TOTAL: 342
031105-12:00:04,pshrprod1,0,342,	TOTAL: 342
031105-13:00:04,pshrprod1,0,342,	TOTAL: 342
031105-14:00:04,pshrprod1,0,342,	TOTAL: 342
031105-15:00:06,pshrprod1,0,342,	TOTAL: 342
031105-16:00:06,pshrprod1,0,342,	TOTAL: 342
031105-17:00:05,pshrprod1,0,0,	TOTAL: 0
031105-18:00:04,pshrprod1,0,0,	TOTAL: 0
031105-19:00:12,pshrprod1,0,0,	TOTAL: 0
031105-20:00:04,pshrprod1,0,0,	TOTAL: 0
031105-21:00:04,pshrprod1,0,0,	TOTAL: 0
031105-22:00:05,pshrprod1,0,255,	TOTAL: 255
031105-23:00:26,pshrprod1,0,255,	TOTAL: 255
031205-00:00:09,pshrprod1,0,341,	TOTAL: 341
031205-01:00:08,pshrprod1,0,341,	TOTAL: 341
031205-02:00:04,pshrprod1,0,1495768,	TOTAL: 1495768
031205-03:00:03,pshrprod1,0,911523,	TOTAL: 911523
031205-04:00:04,pshrprod1,0,405987,	TOTAL: 405987
031205-05:00:05,pshrprod1,0,87040,	TOTAL: 87040
031205-06:00:04,pshrprod1,0,0,	TOTAL: 0
031205-07:00:05,pshrprod1,0,255,	TOTAL: 255
031205-08:00:07,pshrprod1,0,341,	TOTAL: 341
031205-09:00:08,pshrprod1,0,341,	TOTAL: 341
031205-10:00:07,pshrprod1,0,341,	TOTAL: 341
031205-11:00:09,pshrprod1,0,341,	TOTAL: 341
031205-12:00:05,pshrprod1,0,341,	TOTAL: 341
031205-13:00:05,pshrprod1,0,341,	TOTAL: 341
031205-14:00:03,pshrprod1,0,341,	TOTAL: 341
031205-15:00:04,pshrprod1,0,341,	TOTAL: 341
031205-16:00:03,pshrprod1,0,341,	TOTAL: 341
031205-17:00:03,pshrprod1,0,341,	TOTAL: 341
031205-18:00:03,pshrprod1,0,341,	TOTAL: 341
031205-19:00:03,pshrprod1,0,341,	TOTAL: 341
031205-20:00:03,pshrprod1,0,341,	TOTAL: 341
031205-21:00:03,pshrprod1,0,341,	TOTAL: 341
031205-22:00:04,pshrprod1,0,341,	TOTAL: 341
031205-23:00:04,pshrprod1,0,341,	TOTAL: 341
031305-00:00:04,pshrprod1,0,341,	TOTAL: 341
031305-01:00:04,pshrprod1,0,341,	TOTAL: 341
031305-02:00:04,pshrprod1,0,1509332,	TOTAL: 1509332
031305-03:00:04,pshrprod1,0,1003065,	TOTAL: 1003065
031305-04:00:04,pshrprod1,0,544665,	TOTAL: 544665
031305-05:00:03,pshrprod1,0,126028,	TOTAL: 126028
031305-06:00:04,pshrprod1,0,1378,	TOTAL: 1378
031305-07:00:05,pshrprod1,0,0,	TOTAL: 0
031305-08:00:10,pshrprod1,0,340,	TOTAL: 340
031305-09:00:08,pshrprod1,0,342,	TOTAL: 342
031305-10:00:07,pshrprod1,0,342,	TOTAL: 342
031305-11:00:07,pshrprod1,0,342,	TOTAL: 342
031305-12:00:06,pshrprod1,0,342,	TOTAL: 342
031305-13:00:05,pshrprod1,0,342,	TOTAL: 342
031305-14:00:03,pshrprod1,0,342,	TOTAL: 342
031305-15:00:03,pshrprod1,0,342,	TOTAL: 342
031305-16:00:03,pshrprod1,0,342,	TOTAL: 342
031305-17:00:03,pshrprod1,0,342,	TOTAL: 342
031305-18:00:03,pshrprod1,0,342,	TOTAL: 342
031305-19:00:03,pshrprod1,0,342,	TOTAL: 342
031305-20:00:03,pshrprod1,0,342,	TOTAL: 342
031305-21:00:03,pshrprod1,0,342,	TOTAL: 342
031305-22:00:03,pshrprod1,0,342,	TOTAL: 342
031305-23:00:03,pshrprod1,0,342,	TOTAL: 342
031405-00:00:05,pshrprod1,0,342,	TOTAL: 342
031405-01:00:04,pshrprod1,0,342,	TOTAL: 342
031405-02:00:03,pshrprod1,0,342,	TOTAL: 342
031405-03:00:03,pshrprod1,0,342,	TOTAL: 342
031405-04:00:04,pshrprod1,0,342,	TOTAL: 342
031405-05:00:04,pshrprod1,0,342,	TOTAL: 342
031405-06:00:05,pshrprod1,0,342,	TOTAL: 342
031405-07:00:04,pshrprod1,0,342,	TOTAL: 342
031405-08:00:04,pshrprod1,0,342,	TOTAL: 342
031405-09:00:05,pshrprod1,0,342,	TOTAL: 342
031405-10:00:03,pshrprod1,0,342,	TOTAL: 342
031405-11:00:03,pshrprod1,0,342,	TOTAL: 342
031405-12:00:04,pshrprod1,0,342,	TOTAL: 342
031405-13:00:04,pshrprod1,0,342,	TOTAL: 342
031405-14:00:04,pshrprod1,0,342,	TOTAL: 342
031405-15:00:04,pshrprod1,0,342,	TOTAL: 342
031405-16:00:04,pshrprod1,0,342,	TOTAL: 342
031405-17:00:04,pshrprod1,0,342,	TOTAL: 342
031405-18:00:04,pshrprod1,0,342,	TOTAL: 342
031405-19:00:03,pshrprod1,0,342,	TOTAL: 342
031405-20:00:04,pshrprod1,0,342,	TOTAL: 342
031405-21:00:05,pshrprod1,0,342,	TOTAL: 342
031405-22:00:04,pshrprod1,0,342,	TOTAL: 342
031405-23:00:04,pshrprod1,0,342,	TOTAL: 342
031505-00:00:04,pshrprod1,0,342,	TOTAL: 342
031505-01:00:04,pshrprod1,0,342,	TOTAL: 342
031505-02:00:03,pshrprod1,0,0,	TOTAL: 0
031505-03:00:04,pshrprod1,0,0,	TOTAL: 0
031505-04:00:04,pshrprod1,0,0,	TOTAL: 0
031505-05:00:04,pshrprod1,0,0,	TOTAL: 0
031505-06:00:03,pshrprod1,0,0,	TOTAL: 0
031505-07:00:07,pshrprod1,0,339,	TOTAL: 339
031505-08:00:05,pshrprod1,0,341,	TOTAL: 341
031505-09:00:08,pshrprod1,0,341,	TOTAL: 341
031505-10:00:07,pshrprod1,0,341,	TOTAL: 341
031505-11:00:06,pshrprod1,0,341,	TOTAL: 341
031505-12:00:04,pshrprod1,0,341,	TOTAL: 341
031505-13:00:04,pshrprod1,0,341,	TOTAL: 341
031505-14:00:03,pshrprod1,0,341,	TOTAL: 341
031505-15:00:03,pshrprod1,0,341,	TOTAL: 341
031505-16:00:03,pshrprod1,0,341,	TOTAL: 341
031505-17:00:04,pshrprod1,0,341,	TOTAL: 341
031505-18:00:03,pshrprod1,0,341,	TOTAL: 341
031505-19:00:03,pshrprod1,0,341,	TOTAL: 341
031505-20:00:03,pshrprod1,0,341,	TOTAL: 341
031505-21:00:04,pshrprod1,0,341,	TOTAL: 341
031505-22:00:04,pshrprod1,0,341,	TOTAL: 341
031505-23:00:03,pshrprod1,0,341,	TOTAL: 341
031605-00:00:04,pshrprod1,0,341,	TOTAL: 341
031605-01:00:04,pshrprod1,0,341,	TOTAL: 341
031605-02:00:03,pshrprod1,0,1496118,	TOTAL: 1496118
031605-03:00:03,pshrprod1,0,1011809,	TOTAL: 1011809
031605-04:00:03,pshrprod1,0,542835,	TOTAL: 542835
031605-05:00:04,pshrprod1,0,93355,	TOTAL: 93355
031605-06:00:03,pshrprod1,0,0,	TOTAL: 0
031605-07:00:05,pshrprod1,0,0,	TOTAL: 0
031605-08:00:05,pshrprod1,0,341,	TOTAL: 341
031605-09:00:06,pshrprod1,0,343,	TOTAL: 343
031605-10:00:06,pshrprod1,0,343,	TOTAL: 343
031605-11:00:06,pshrprod1,0,343,	TOTAL: 343
031605-12:00:06,pshrprod1,0,343,	TOTAL: 343
031605-13:00:04,pshrprod1,0,343,	TOTAL: 343
031605-14:00:03,pshrprod1,0,343,	TOTAL: 343
031605-15:00:03,pshrprod1,0,343,	TOTAL: 343
031605-16:00:03,pshrprod1,0,343,	TOTAL: 343
031605-17:00:03,pshrprod1,0,343,	TOTAL: 343
031605-18:00:03,pshrprod1,0,343,	TOTAL: 343
031605-19:00:03,pshrprod1,0,343,	TOTAL: 343
031605-20:00:04,pshrprod1,0,343,	TOTAL: 343
031605-21:00:03,pshrprod1,0,343,	TOTAL: 343
031605-22:00:04,pshrprod1,0,343,	TOTAL: 343
031605-23:00:04,pshrprod1,0,343,	TOTAL: 343
031705-00:00:04,pshrprod1,0,343,	TOTAL: 343
031705-01:00:04,pshrprod1,0,343,	TOTAL: 343
031705-02:00:03,pshrprod1,0,1479854,	TOTAL: 1479854
031705-03:00:03,pshrprod1,0,982245,	TOTAL: 982245
031705-04:00:03,pshrprod1,0,494158,	TOTAL: 494158
031705-05:00:04,pshrprod1,0,141038,	TOTAL: 141038
031705-06:00:03,pshrprod1,0,0,	TOTAL: 0
031705-07:00:04,pshrprod1,0,0,	TOTAL: 0
031705-08:00:05,pshrprod1,0,342,	TOTAL: 342
031705-09:00:08,pshrprod1,0,345,	TOTAL: 345
031705-10:00:06,pshrprod1,0,345,	TOTAL: 345
031705-11:00:08,pshrprod1,0,345,	TOTAL: 345
031705-12:00:06,pshrprod1,0,345,	TOTAL: 345
031705-13:00:04,pshrprod1,0,345,	TOTAL: 345
031705-14:00:03,pshrprod1,0,345,	TOTAL: 345
031705-15:00:03,pshrprod1,0,345,	TOTAL: 345
031705-16:00:03,pshrprod1,0,345,	TOTAL: 345
031705-17:00:04,pshrprod1,0,345,	TOTAL: 345
031705-18:00:04,pshrprod1,0,345,	TOTAL: 345
031705-19:00:03,pshrprod1,0,345,	TOTAL: 345
031705-20:00:03,pshrprod1,0,345,	TOTAL: 345
031705-21:00:03,pshrprod1,0,345,	TOTAL: 345
031705-22:00:04,pshrprod1,0,345,	TOTAL: 345
031705-23:00:05,pshrprod1,0,345,	TOTAL: 345
031805-00:00:04,pshrprod1,0,345,	TOTAL: 345
031805-01:00:05,pshrprod1,0,345,	TOTAL: 345
031805-02:00:04,pshrprod1,0,1501743,	TOTAL: 1501743
031805-03:00:03,pshrprod1,0,1015734,	TOTAL: 1015734
031805-04:00:03,pshrprod1,0,580642,	TOTAL: 580642
031805-05:00:05,pshrprod1,0,171292,	TOTAL: 171292
031805-06:00:04,pshrprod1,0,0,	TOTAL: 0
031805-07:00:04,pshrprod1,0,0,	TOTAL: 0
031805-08:00:05,pshrprod1,0,340,	TOTAL: 340
031805-09:00:05,pshrprod1,0,342,	TOTAL: 342
031805-10:00:06,pshrprod1,0,342,	TOTAL: 342
031805-11:00:06,pshrprod1,0,342,	TOTAL: 342
031805-12:00:06,pshrprod1,0,342,	TOTAL: 342
031805-13:00:06,pshrprod1,0,342,	TOTAL: 342
031805-14:00:04,pshrprod1,0,342,	TOTAL: 342
031805-15:00:03,pshrprod1,0,342,	TOTAL: 342
031805-16:00:03,pshrprod1,0,342,	TOTAL: 342
031805-17:00:03,pshrprod1,0,342,	TOTAL: 342
031805-18:00:03,pshrprod1,0,342,	TOTAL: 342
031805-19:00:03,pshrprod1,0,342,	TOTAL: 342
031805-20:00:03,pshrprod1,0,342,	TOTAL: 342
031805-21:00:04,pshrprod1,0,342,	TOTAL: 342
031805-22:00:05,pshrprod1,0,342,	TOTAL: 342
031805-23:00:06,pshrprod1,0,342,	TOTAL: 342
031905-00:00:05,pshrprod1,0,342,	TOTAL: 342
031905-01:00:04,pshrprod1,0,342,	TOTAL: 342
031905-02:00:04,pshrprod1,0,1495507,	TOTAL: 1495507
031905-03:00:04,pshrprod1,0,987887,	TOTAL: 987887
031905-04:00:04,pshrprod1,0,572058,	TOTAL: 572058
031905-05:00:04,pshrprod1,0,130631,	TOTAL: 130631
031905-06:00:05,pshrprod1,0,0,	TOTAL: 0
031905-07:00:04,pshrprod1,0,0,	TOTAL: 0
031905-08:00:06,pshrprod1,0,255,	TOTAL: 255
031905-09:00:06,pshrprod1,0,255,	TOTAL: 255
031905-10:00:08,pshrprod1,0,255,	TOTAL: 255
031905-11:00:09,pshrprod1,0,340,	TOTAL: 340
031905-12:00:07,pshrprod1,0,342,	TOTAL: 342
031905-13:00:07,pshrprod1,0,342,	TOTAL: 342
031905-14:00:07,pshrprod1,0,342,	TOTAL: 342
031905-15:00:05,pshrprod1,0,342,	TOTAL: 342
031905-16:00:05,pshrprod1,0,342,	TOTAL: 342
031905-17:00:04,pshrprod1,0,342,	TOTAL: 342
031905-18:00:04,pshrprod1,0,342,	TOTAL: 342
031905-19:00:04,pshrprod1,0,342,	TOTAL: 342
031905-20:00:04,pshrprod1,0,342,	TOTAL: 342
031905-21:00:03,pshrprod1,0,342,	TOTAL: 342
031905-22:00:05,pshrprod1,0,342,	TOTAL: 342
031905-23:00:04,pshrprod1,0,342,	TOTAL: 342
032005-00:00:05,pshrprod1,0,342,	TOTAL: 342
032005-01:00:04,pshrprod1,0,342,	TOTAL: 342
032005-02:00:04,pshrprod1,0,1478075,	TOTAL: 1478075
032005-03:00:04,pshrprod1,0,782039,	TOTAL: 782039
032005-04:00:04,pshrprod1,0,259696,	TOTAL: 259696
032005-05:00:05,pshrprod1,0,0,	TOTAL: 0
032005-06:00:05,pshrprod1,0,0,	TOTAL: 0
032005-07:00:04,pshrprod1,0,255,	TOTAL: 255
032005-08:00:04,pshrprod1,0,341,	TOTAL: 341
032005-09:00:05,pshrprod1,0,341,	TOTAL: 341
032005-10:00:05,pshrprod1,0,341,	TOTAL: 341
032005-11:00:05,pshrprod1,0,341,	TOTAL: 341
032005-12:00:05,pshrprod1,0,341,	TOTAL: 341
032005-13:00:04,pshrprod1,0,341,	TOTAL: 341
032005-14:00:03,pshrprod1,0,341,	TOTAL: 341
032005-15:00:03,pshrprod1,0,341,	TOTAL: 341
032005-16:00:03,pshrprod1,0,341,	TOTAL: 341
032005-17:00:04,pshrprod1,0,341,	TOTAL: 341
032005-18:00:03,pshrprod1,0,341,	TOTAL: 341
032005-19:00:03,pshrprod1,0,341,	TOTAL: 341
032005-20:00:04,pshrprod1,0,341,	TOTAL: 341
032005-21:00:03,pshrprod1,0,341,	TOTAL: 341
032005-22:00:03,pshrprod1,0,341,	TOTAL: 341
032005-23:00:03,pshrprod1,0,341,	TOTAL: 341
032105-00:00:03,pshrprod1,0,341,	TOTAL: 341
032105-01:00:04,pshrprod1,0,341,	TOTAL: 341
032105-02:00:03,pshrprod1,0,1502304,	TOTAL: 1502304
032105-03:00:03,pshrprod1,0,964440,	TOTAL: 964440
032105-04:00:03,pshrprod1,0,438603,	TOTAL: 438603
032105-05:00:03,pshrprod1,0,96200,	TOTAL: 96200
032105-06:00:03,pshrprod1,0,0,	TOTAL: 0
032105-07:00:04,pshrprod1,0,0,	TOTAL: 0
032105-08:00:06,pshrprod1,0,341,	TOTAL: 341
032105-09:00:06,pshrprod1,0,343,	TOTAL: 343
032105-10:00:07,pshrprod1,0,343,	TOTAL: 343
032105-11:00:07,pshrprod1,0,343,	TOTAL: 343
032105-12:00:06,pshrprod1,0,343,	TOTAL: 343
032105-13:00:05,pshrprod1,0,343,	TOTAL: 343
032105-14:00:04,pshrprod1,0,343,	TOTAL: 343
032105-15:00:03,pshrprod1,0,343,	TOTAL: 343
032105-16:00:03,pshrprod1,0,343,	TOTAL: 343
032105-17:00:03,pshrprod1,0,343,	TOTAL: 343
032105-18:00:03,pshrprod1,0,343,	TOTAL: 343
032105-19:00:03,pshrprod1,0,343,	TOTAL: 343
032105-20:00:04,pshrprod1,0,343,	TOTAL: 343
032105-21:00:03,pshrprod1,0,343,	TOTAL: 343
032105-22:00:04,pshrprod1,0,343,	TOTAL: 343
032105-23:00:04,pshrprod1,0,343,	TOTAL: 343
032205-00:00:04,pshrprod1,0,343,	TOTAL: 343
032205-01:00:04,pshrprod1,0,343,	TOTAL: 343
032205-02:00:03,pshrprod1,0,1500533,	TOTAL: 1500533
032205-03:00:03,pshrprod1,0,979451,	TOTAL: 979451
032205-04:00:04,pshrprod1,0,553536,	TOTAL: 553536
032205-05:00:05,pshrprod1,0,134144,	TOTAL: 134144
032205-06:00:04,pshrprod1,0,0,	TOTAL: 0
032205-07:00:04,pshrprod1,0,0,	TOTAL: 0
032205-08:00:06,pshrprod1,0,339,	TOTAL: 339
032205-09:00:06,pshrprod1,0,342,	TOTAL: 342
032205-10:00:06,pshrprod1,0,342,	TOTAL: 342
032205-11:00:06,pshrprod1,0,342,	TOTAL: 342
032205-12:00:05,pshrprod1,0,342,	TOTAL: 342
032205-13:00:03,pshrprod1,0,342,	TOTAL: 342
032205-14:00:04,pshrprod1,0,342,	TOTAL: 342
032205-15:00:03,pshrprod1,0,342,	TOTAL: 342
032205-16:00:03,pshrprod1,0,342,	TOTAL: 342
032205-17:00:03,pshrprod1,0,342,	TOTAL: 342
032205-18:00:03,pshrprod1,0,342,	TOTAL: 342
032205-19:00:03,pshrprod1,0,342,	TOTAL: 342
032205-20:00:03,pshrprod1,0,342,	TOTAL: 342
032205-21:00:03,pshrprod1,0,342,	TOTAL: 342
032205-22:00:05,pshrprod1,0,342,	TOTAL: 342
032205-23:00:05,pshrprod1,0,342,	TOTAL: 342
032305-00:00:05,pshrprod1,0,342,	TOTAL: 342
032305-01:00:05,pshrprod1,0,342,	TOTAL: 342
032305-02:00:04,pshrprod1,0,0,	TOTAL: 0
032305-03:00:03,pshrprod1,0,0,	TOTAL: 0
032305-04:00:03,pshrprod1,0,0,	TOTAL: 0
032305-05:00:04,pshrprod1,0,0,	TOTAL: 0
032305-06:00:05,pshrprod1,0,0,	TOTAL: 0
032305-07:00:06,pshrprod1,0,339,	TOTAL: 339
032305-08:00:07,pshrprod1,0,341,	TOTAL: 341
032305-09:00:07,pshrprod1,0,341,	TOTAL: 341
032305-10:00:05,pshrprod1,0,341,	TOTAL: 341
032305-11:00:06,pshrprod1,0,341,	TOTAL: 341
032305-12:00:05,pshrprod1,0,341,	TOTAL: 341
032305-13:00:03,pshrprod1,0,341,	TOTAL: 341
032305-14:00:03,pshrprod1,0,341,	TOTAL: 341
032305-15:00:03,pshrprod1,0,341,	TOTAL: 341
032305-16:00:03,pshrprod1,0,341,	TOTAL: 341
032305-17:00:03,pshrprod1,0,341,	TOTAL: 341
032305-18:00:04,pshrprod1,0,341,	TOTAL: 341
032305-19:00:03,pshrprod1,0,341,	TOTAL: 341
032305-20:00:03,pshrprod1,0,341,	TOTAL: 341
032305-21:00:03,pshrprod1,0,341,	TOTAL: 341
032305-22:00:05,pshrprod1,0,341,	TOTAL: 341
032305-23:00:04,pshrprod1,0,341,	TOTAL: 341
032405-00:00:04,pshrprod1,0,341,	TOTAL: 341
032405-01:00:05,pshrprod1,0,341,	TOTAL: 341
032405-02:00:04,pshrprod1,0,0,	TOTAL: 0
032405-03:00:03,pshrprod1,0,0,	TOTAL: 0
032405-04:00:04,pshrprod1,0,0,	TOTAL: 0
032405-05:00:05,pshrprod1,0,0,	TOTAL: 0
032405-06:00:05,pshrprod1,0,0,	TOTAL: 0
032405-07:00:06,pshrprod1,0,255,	TOTAL: 255
032405-08:00:08,pshrprod1,0,341,	TOTAL: 341
032405-09:00:07,pshrprod1,0,341,	TOTAL: 341
032405-10:00:06,pshrprod1,0,341,	TOTAL: 341
032405-11:00:07,pshrprod1,0,341,	TOTAL: 341
032405-12:00:06,pshrprod1,0,341,	TOTAL: 341
032405-13:00:04,pshrprod1,0,341,	TOTAL: 341
032405-14:00:03,pshrprod1,0,341,	TOTAL: 341
032405-15:00:03,pshrprod1,0,341,	TOTAL: 341
032405-16:00:03,pshrprod1,0,341,	TOTAL: 341
032405-17:00:03,pshrprod1,0,341,	TOTAL: 341
032405-18:00:03,pshrprod1,0,341,	TOTAL: 341
032405-19:00:04,pshrprod1,0,341,	TOTAL: 341
032405-20:00:03,pshrprod1,0,341,	TOTAL: 341
032405-21:00:03,pshrprod1,0,341,	TOTAL: 341
032405-22:00:05,pshrprod1,0,341,	TOTAL: 341
032405-23:00:04,pshrprod1,0,341,	TOTAL: 341
032505-00:00:04,pshrprod1,0,341,	TOTAL: 341
032505-01:00:05,pshrprod1,0,341,	TOTAL: 341
032505-02:00:04,pshrprod1,0,0,	TOTAL: 0
032505-03:00:03,pshrprod1,0,0,	TOTAL: 0
032505-04:00:05,pshrprod1,0,0,	TOTAL: 0
032505-05:00:06,pshrprod1,0,0,	TOTAL: 0
032505-06:00:06,pshrprod1,0,0,	TOTAL: 0
032505-07:00:05,pshrprod1,0,255,	TOTAL: 255
032505-08:00:07,pshrprod1,0,341,	TOTAL: 341
032505-09:00:07,pshrprod1,0,341,	TOTAL: 341
032505-10:00:06,pshrprod1,0,341,	TOTAL: 341
032505-11:00:07,pshrprod1,0,341,	TOTAL: 341
032505-12:00:06,pshrprod1,0,341,	TOTAL: 341
032505-13:00:05,pshrprod1,0,341,	TOTAL: 341
032505-14:00:03,pshrprod1,0,341,	TOTAL: 341
032505-15:00:03,pshrprod1,0,341,	TOTAL: 341
032505-16:00:04,pshrprod1,0,341,	TOTAL: 341
032505-17:00:04,pshrprod1,0,341,	TOTAL: 341
032505-18:00:04,pshrprod1,0,341,	TOTAL: 341
032505-19:00:04,pshrprod1,0,341,	TOTAL: 341
032505-20:00:04,pshrprod1,0,341,	TOTAL: 341
032505-21:00:03,pshrprod1,0,341,	TOTAL: 341
032505-22:00:05,pshrprod1,0,341,	TOTAL: 341
032505-23:00:04,pshrprod1,0,341,	TOTAL: 341
032605-00:00:03,pshrprod1,0,341,	TOTAL: 341
032605-01:00:03,pshrprod1,0,341,	TOTAL: 341
032605-02:00:04,pshrprod1,0,1495944,	TOTAL: 1495944
032605-03:00:04,pshrprod1,0,977171,	TOTAL: 977171
032605-04:00:04,pshrprod1,0,543688,	TOTAL: 543688
032605-05:00:04,pshrprod1,0,124673,	TOTAL: 124673
032605-06:00:05,pshrprod1,0,0,	TOTAL: 0
032605-07:00:04,pshrprod1,0,255,	TOTAL: 255
032605-08:00:05,pshrprod1,0,293,	TOTAL: 293
032605-09:00:08,pshrprod1,0,341,	TOTAL: 341
032605-10:00:08,pshrprod1,0,341,	TOTAL: 341
032605-11:00:07,pshrprod1,0,341,	TOTAL: 341
032605-12:00:06,pshrprod1,0,341,	TOTAL: 341
032605-13:00:08,pshrprod1,0,341,	TOTAL: 341
032605-14:00:05,pshrprod1,0,341,	TOTAL: 341
032605-15:00:04,pshrprod1,0,341,	TOTAL: 341
032605-16:00:04,pshrprod1,0,341,	TOTAL: 341
032605-17:00:04,pshrprod1,0,341,	TOTAL: 341
032605-18:00:04,pshrprod1,0,341,	TOTAL: 341
032605-19:00:03,pshrprod1,0,341,	TOTAL: 341
032605-20:00:04,pshrprod1,0,341,	TOTAL: 341
032605-21:00:03,pshrprod1,0,341,	TOTAL: 341
032605-22:00:04,pshrprod1,0,341,	TOTAL: 341
032605-23:00:04,pshrprod1,0,341,	TOTAL: 341
032705-00:00:04,pshrprod1,0,341,	TOTAL: 341
032705-01:00:04,pshrprod1,0,341,	TOTAL: 341
032705-02:00:04,pshrprod1,0,1495044,	TOTAL: 1495044
032705-03:00:04,pshrprod1,0,949801,	TOTAL: 949801
032705-04:00:05,pshrprod1,0,506111,	TOTAL: 506111
032705-05:00:05,pshrprod1,0,115994,	TOTAL: 115994
032705-06:00:04,pshrprod1,0,0,	TOTAL: 0
032705-07:00:04,pshrprod1,0,0,	TOTAL: 0
032705-08:00:05,pshrprod1,0,255,	TOTAL: 255
032705-09:00:08,pshrprod1,0,340,	TOTAL: 340
032705-10:00:07,pshrprod1,0,343,	TOTAL: 343
032705-11:00:06,pshrprod1,0,343,	TOTAL: 343
032705-12:00:07,pshrprod1,0,343,	TOTAL: 343
032705-13:00:07,pshrprod1,0,343,	TOTAL: 343
032705-14:00:06,pshrprod1,0,343,	TOTAL: 343
032705-15:00:05,pshrprod1,0,343,	TOTAL: 343
032705-16:00:04,pshrprod1,0,343,	TOTAL: 343
032705-17:00:04,pshrprod1,0,343,	TOTAL: 343
032705-18:00:03,pshrprod1,0,343,	TOTAL: 343
032705-19:00:04,pshrprod1,0,343,	TOTAL: 343
032705-20:00:04,pshrprod1,0,343,	TOTAL: 343
032705-21:00:04,pshrprod1,0,343,	TOTAL: 343
032705-22:00:04,pshrprod1,0,343,	TOTAL: 343
032705-23:00:04,pshrprod1,0,343,	TOTAL: 343
032805-00:00:05,pshrprod1,0,343,	TOTAL: 343
032805-01:00:04,pshrprod1,0,343,	TOTAL: 343
032805-02:00:03,pshrprod1,0,0,	TOTAL: 0
032805-03:00:03,pshrprod1,0,0,	TOTAL: 0
032805-04:00:04,pshrprod1,0,0,	TOTAL: 0
032805-05:00:04,pshrprod1,0,0,	TOTAL: 0
032805-06:00:04,pshrprod1,0,0,	TOTAL: 0
032805-07:00:06,pshrprod1,0,339,	TOTAL: 339
032805-08:00:07,pshrprod1,0,341,	TOTAL: 341
032805-09:00:06,pshrprod1,0,341,	TOTAL: 341
032805-10:00:06,pshrprod1,0,341,	TOTAL: 341
032805-11:00:07,pshrprod1,0,341,	TOTAL: 341
032805-12:00:05,pshrprod1,0,341,	TOTAL: 341
032805-13:00:05,pshrprod1,0,341,	TOTAL: 341
032805-14:00:04,pshrprod1,0,341,	TOTAL: 341
032805-15:00:03,pshrprod1,0,341,	TOTAL: 341
032805-16:00:03,pshrprod1,0,341,	TOTAL: 341
032805-17:00:03,pshrprod1,0,341,	TOTAL: 341
032805-18:00:03,pshrprod1,0,341,	TOTAL: 341
032805-19:00:03,pshrprod1,0,341,	TOTAL: 341
032805-20:00:03,pshrprod1,0,341,	TOTAL: 341
032805-21:00:03,pshrprod1,0,341,	TOTAL: 341
032805-22:00:04,pshrprod1,0,341,	TOTAL: 341
032805-23:00:03,pshrprod1,0,341,	TOTAL: 341
032905-00:00:04,pshrprod1,0,341,	TOTAL: 341
032905-01:00:04,pshrprod1,0,341,	TOTAL: 341
032905-02:00:04,pshrprod1,0,0,	TOTAL: 0
032905-03:00:04,pshrprod1,0,0,	TOTAL: 0
032905-04:00:04,pshrprod1,0,0,	TOTAL: 0
032905-05:00:05,pshrprod1,0,0,	TOTAL: 0
032905-06:00:05,pshrprod1,0,0,	TOTAL: 0
032905-07:00:07,pshrprod1,0,338,	TOTAL: 338
032905-08:00:06,pshrprod1,0,341,	TOTAL: 341
032905-09:00:07,pshrprod1,0,341,	TOTAL: 341
032905-10:00:07,pshrprod1,0,341,	TOTAL: 341
032905-11:00:06,pshrprod1,0,341,	TOTAL: 341
032905-12:00:05,pshrprod1,0,341,	TOTAL: 341
032905-13:00:04,pshrprod1,0,341,	TOTAL: 341
032905-14:00:03,pshrprod1,0,341,	TOTAL: 341
032905-15:00:03,pshrprod1,0,341,	TOTAL: 341
032905-16:00:03,pshrprod1,0,341,	TOTAL: 341
032905-17:00:03,pshrprod1,0,341,	TOTAL: 341
032905-18:00:04,pshrprod1,0,341,	TOTAL: 341
032905-19:00:04,pshrprod1,0,341,	TOTAL: 341
032905-20:00:04,pshrprod1,0,341,	TOTAL: 341
032905-21:00:03,pshrprod1,0,341,	TOTAL: 341
032905-22:00:04,pshrprod1,0,341,	TOTAL: 341
032905-23:00:05,pshrprod1,0,341,	TOTAL: 341
033005-00:00:05,pshrprod1,0,341,	TOTAL: 341
033005-01:00:05,pshrprod1,0,341,	TOTAL: 341
033005-02:00:04,pshrprod1,0,764,	TOTAL: 764
033005-03:00:03,pshrprod1,0,0,	TOTAL: 0
033005-04:00:05,pshrprod1,0,0,	TOTAL: 0
033005-05:00:05,pshrprod1,0,0,	TOTAL: 0
033005-06:00:04,pshrprod1,0,0,	TOTAL: 0
033005-07:00:06,pshrprod1,0,255,	TOTAL: 255
033005-08:00:07,pshrprod1,0,255,	TOTAL: 255
033005-09:00:06,pshrprod1,0,255,	TOTAL: 255
033005-10:00:05,pshrprod1,0,341,	TOTAL: 341
033005-11:00:06,pshrprod1,0,341,	TOTAL: 341
033005-12:00:07,pshrprod1,0,341,	TOTAL: 341
033005-13:00:05,pshrprod1,0,341,	TOTAL: 341
033005-14:00:05,pshrprod1,0,341,	TOTAL: 341
033005-15:00:04,pshrprod1,0,341,	TOTAL: 341
033005-16:00:03,pshrprod1,0,341,	TOTAL: 341
033005-17:00:03,pshrprod1,0,341,	TOTAL: 341
033005-18:00:03,pshrprod1,0,341,	TOTAL: 341
033005-19:00:03,pshrprod1,0,341,	TOTAL: 341
033005-20:00:03,pshrprod1,0,341,	TOTAL: 341
033005-21:00:03,pshrprod1,0,341,	TOTAL: 341
033005-22:00:04,pshrprod1,0,341,	TOTAL: 341
033005-23:00:06,pshrprod1,0,341,	TOTAL: 341
033105-00:00:03,pshrprod1,0,341,	TOTAL: 341
033105-01:00:03,pshrprod1,0,341,	TOTAL: 341
033105-02:00:03,pshrprod1,0,846,	TOTAL: 846
033105-03:00:03,pshrprod1,0,0,	TOTAL: 0
033105-04:00:03,pshrprod1,0,0,	TOTAL: 0
033105-05:00:04,pshrprod1,0,0,	TOTAL: 0
033105-06:00:06,pshrprod1,0,0,	TOTAL: 0
033105-07:00:07,pshrprod1,0,339,	TOTAL: 339
033105-08:00:07,pshrprod1,0,341,	TOTAL: 341
033105-09:00:10,pshrprod1,0,341,	TOTAL: 341
033105-10:00:07,pshrprod1,0,341,	TOTAL: 341
033105-11:00:06,pshrprod1,0,341,	TOTAL: 341
033105-12:00:05,pshrprod1,0,341,	TOTAL: 341
033105-13:00:05,pshrprod1,0,341,	TOTAL: 341
033105-14:00:03,pshrprod1,0,341,	TOTAL: 341
033105-15:00:03,pshrprod1,0,341,	TOTAL: 341
033105-16:00:04,pshrprod1,0,341,	TOTAL: 341
033105-17:00:04,pshrprod1,0,341,	TOTAL: 341
033105-18:00:03,pshrprod1,0,341,	TOTAL: 341
033105-19:00:04,pshrprod1,0,341,	TOTAL: 341
033105-20:00:03,pshrprod1,0,341,	TOTAL: 341
033105-21:00:04,pshrprod1,0,341,	TOTAL: 341
033105-22:00:05,pshrprod1,0,341,	TOTAL: 341
033105-23:00:04,pshrprod1,0,341,	TOTAL: 341
040105-00:00:04,pshrprod1,0,341,	TOTAL: 341
040105-01:00:04,pshrprod1,0,341,	TOTAL: 341
040105-02:00:04,pshrprod1,0,0,	TOTAL: 0
040105-03:00:03,pshrprod1,0,0,	TOTAL: 0
040105-04:00:03,pshrprod1,0,0,	TOTAL: 0
040105-05:00:05,pshrprod1,0,0,	TOTAL: 0
040105-06:00:05,pshrprod1,0,0,	TOTAL: 0
040105-07:00:07,pshrprod1,0,339,	TOTAL: 339
040105-08:00:08,pshrprod1,0,342,	TOTAL: 342
040105-09:00:08,pshrprod1,0,342,	TOTAL: 342
040105-10:00:08,pshrprod1,0,342,	TOTAL: 342
040105-11:00:08,pshrprod1,0,342,	TOTAL: 342
040105-12:00:05,pshrprod1,0,342,	TOTAL: 342
040105-13:00:04,pshrprod1,0,342,	TOTAL: 342
040105-14:00:03,pshrprod1,0,342,	TOTAL: 342
040105-15:00:04,pshrprod1,0,342,	TOTAL: 342
040105-16:00:03,pshrprod1,0,342,	TOTAL: 342
040105-17:00:04,pshrprod1,0,342,	TOTAL: 342
040105-18:00:04,pshrprod1,0,342,	TOTAL: 342
040105-19:00:04,pshrprod1,0,342,	TOTAL: 342
040105-20:00:04,pshrprod1,0,342,	TOTAL: 342
040105-21:00:04,pshrprod1,0,342,	TOTAL: 342
040105-22:00:05,pshrprod1,0,342,	TOTAL: 342
040105-23:00:06,pshrprod1,0,342,	TOTAL: 342
040205-00:00:04,pshrprod1,0,342,	TOTAL: 342
040205-01:00:05,pshrprod1,0,342,	TOTAL: 342
040205-02:00:05,pshrprod1,0,1506456,	TOTAL: 1506456
040205-03:00:04,pshrprod1,0,964392,	TOTAL: 964392
040205-04:00:04,pshrprod1,0,560968,	TOTAL: 560968
040205-05:00:05,pshrprod1,0,236674,	TOTAL: 236674
040205-06:00:04,pshrprod1,0,37084,	TOTAL: 37084
040205-07:00:04,pshrprod1,0,0,	TOTAL: 0
040205-08:00:04,pshrprod1,0,256,	TOTAL: 256
040205-09:00:07,pshrprod1,0,340,	TOTAL: 340
040205-10:00:08,pshrprod1,0,341,	TOTAL: 341
040205-11:00:11,pshrprod1,0,341,	TOTAL: 341
040205-12:00:07,pshrprod1,0,341,	TOTAL: 341
040205-13:00:08,pshrprod1,0,341,	TOTAL: 341
040205-14:00:06,pshrprod1,0,341,	TOTAL: 341
040205-15:00:07,pshrprod1,0,341,	TOTAL: 341
040205-16:00:04,pshrprod1,0,341,	TOTAL: 341
040205-17:00:04,pshrprod1,0,341,	TOTAL: 341
040205-18:00:04,pshrprod1,0,341,	TOTAL: 341
040205-19:00:04,pshrprod1,0,341,	TOTAL: 341
040205-20:00:03,pshrprod1,0,341,	TOTAL: 341
040205-21:00:04,pshrprod1,0,341,	TOTAL: 341
040205-22:00:04,pshrprod1,0,341,	TOTAL: 341
040205-23:00:04,pshrprod1,0,341,	TOTAL: 341
040305-00:00:04,pshrprod1,0,341,	TOTAL: 341
040305-01:00:05,pshrprod1,0,341,	TOTAL: 341
040305-03:00:04,pshrprod1,0,1505766,	TOTAL: 1505766
040305-04:00:04,pshrprod1,0,1170156,	TOTAL: 1170156
040305-05:00:05,pshrprod1,0,791751,	TOTAL: 791751
040305-06:00:04,pshrprod1,0,363395,	TOTAL: 363395
040305-07:00:04,pshrprod1,0,60067,	TOTAL: 60067
040305-08:00:05,pshrprod1,0,0,	TOTAL: 0
040305-09:00:08,pshrprod1,0,339,	TOTAL: 339
040305-10:00:10,pshrprod1,0,341,	TOTAL: 341
040305-11:00:07,pshrprod1,0,341,	TOTAL: 341
040305-12:00:07,pshrprod1,0,341,	TOTAL: 341
040305-13:00:08,pshrprod1,0,341,	TOTAL: 341
040305-14:00:07,pshrprod1,0,341,	TOTAL: 341
040305-15:00:05,pshrprod1,0,341,	TOTAL: 341
040305-16:00:03,pshrprod1,0,341,	TOTAL: 341
040305-17:00:04,pshrprod1,0,341,	TOTAL: 341
040305-18:00:03,pshrprod1,0,341,	TOTAL: 341
040305-19:00:03,pshrprod1,0,341,	TOTAL: 341
040305-20:00:04,pshrprod1,0,341,	TOTAL: 341
040305-21:00:03,pshrprod1,0,341,	TOTAL: 341
040305-22:00:04,pshrprod1,0,341,	TOTAL: 341
040305-23:00:04,pshrprod1,0,341,	TOTAL: 341
040405-00:00:04,pshrprod1,0,341,	TOTAL: 341
040405-01:00:05,pshrprod1,0,341,	TOTAL: 341
040405-02:00:04,pshrprod1,0,0,	TOTAL: 0
040405-03:00:03,pshrprod1,0,0,	TOTAL: 0
040405-04:00:04,pshrprod1,0,0,	TOTAL: 0
040405-05:00:04,pshrprod1,0,0,	TOTAL: 0
040405-06:00:04,pshrprod1,0,0,	TOTAL: 0
040405-07:00:06,pshrprod1,0,339,	TOTAL: 339
040405-08:00:07,pshrprod1,0,341,	TOTAL: 341
040405-09:00:06,pshrprod1,0,341,	TOTAL: 341
040405-10:00:08,pshrprod1,0,341,	TOTAL: 341
040405-11:00:07,pshrprod1,0,341,	TOTAL: 341
040405-12:00:05,pshrprod1,0,341,	TOTAL: 341
040405-13:00:04,pshrprod1,0,341,	TOTAL: 341
040405-14:00:03,pshrprod1,0,341,	TOTAL: 341
040405-15:00:04,pshrprod1,0,341,	TOTAL: 341
040405-16:00:03,pshrprod1,0,341,	TOTAL: 341
040405-17:00:04,pshrprod1,0,341,	TOTAL: 341
040405-18:00:03,pshrprod1,0,341,	TOTAL: 341
040405-19:00:04,pshrprod1,0,341,	TOTAL: 341
040405-20:00:03,pshrprod1,0,341,	TOTAL: 341
040405-21:00:04,pshrprod1,0,341,	TOTAL: 341
040405-22:00:05,pshrprod1,0,138394,	TOTAL: 138394
040405-23:00:04,pshrprod1,0,138394,	TOTAL: 138394
040505-00:00:03,pshrprod1,0,138394,	TOTAL: 138394
040505-01:00:04,pshrprod1,0,138394,	TOTAL: 138394
040505-02:00:03,pshrprod1,0,138394,	TOTAL: 138394
040505-03:00:03,pshrprod1,0,138090,	TOTAL: 138090
040505-04:00:04,pshrprod1,0,138090,	TOTAL: 138090
040505-05:00:04,pshrprod1,0,138090,	TOTAL: 138090
040505-06:00:04,pshrprod1,0,138090,	TOTAL: 138090
040505-07:00:04,pshrprod1,0,138090,	TOTAL: 138090
040505-08:00:04,pshrprod1,0,138090,	TOTAL: 138090
040505-09:00:03,pshrprod1,0,138090,	TOTAL: 138090
040505-10:00:03,pshrprod1,0,138090,	TOTAL: 138090
040505-11:00:04,pshrprod1,0,138090,	TOTAL: 138090
040505-12:00:04,pshrprod1,0,138090,	TOTAL: 138090
040505-13:00:05,pshrprod1,0,138090,	TOTAL: 138090
040505-14:00:04,pshrprod1,0,138090,	TOTAL: 138090
040505-15:00:04,pshrprod1,0,138090,	TOTAL: 138090
040505-16:00:03,pshrprod1,0,138090,	TOTAL: 138090
040505-17:00:04,pshrprod1,0,138332,	TOTAL: 138332
040505-18:00:04,pshrprod1,0,138332,	TOTAL: 138332
040505-19:00:04,pshrprod1,0,139088,	TOTAL: 139088
040505-20:00:04,pshrprod1,0,139088,	TOTAL: 139088
040505-21:00:04,pshrprod1,0,139088,	TOTAL: 139088
040505-22:00:04,pshrprod1,0,139088,	TOTAL: 139088
040505-23:00:04,pshrprod1,0,139088,	TOTAL: 139088
040605-00:00:05,pshrprod1,0,139088,	TOTAL: 139088
040605-01:00:04,pshrprod1,0,139088,	TOTAL: 139088
040605-02:00:04,pshrprod1,0,1383565,	TOTAL: 1383565
040605-03:00:03,pshrprod1,0,1134808,	TOTAL: 1134808
040605-04:00:03,pshrprod1,0,778630,	TOTAL: 778630
040605-05:00:04,pshrprod1,0,362488,	TOTAL: 362488
040605-06:00:04,pshrprod1,0,79229,	TOTAL: 79229
040605-07:00:04,pshrprod1,0,0,	TOTAL: 0
040605-08:00:05,pshrprod1,0,340,	TOTAL: 340
040605-09:00:09,pshrprod1,0,342,	TOTAL: 342
040605-10:00:06,pshrprod1,0,342,	TOTAL: 342
040605-11:00:06,pshrprod1,0,342,	TOTAL: 342
040605-12:00:08,pshrprod1,0,342,	TOTAL: 342
040605-13:00:05,pshrprod1,0,342,	TOTAL: 342
040605-14:00:04,pshrprod1,0,342,	TOTAL: 342
040605-15:00:03,pshrprod1,0,342,	TOTAL: 342
040605-16:00:03,pshrprod1,0,342,	TOTAL: 342
040605-17:00:04,pshrprod1,0,342,	TOTAL: 342
040605-18:00:04,pshrprod1,0,342,	TOTAL: 342
040605-19:00:04,pshrprod1,0,342,	TOTAL: 342
040605-20:00:04,pshrprod1,0,342,	TOTAL: 342
040605-21:00:03,pshrprod1,0,342,	TOTAL: 342
040605-22:00:04,pshrprod1,0,342,	TOTAL: 342
040605-23:00:04,pshrprod1,0,342,	TOTAL: 342
040705-00:00:04,pshrprod1,0,342,	TOTAL: 342
040705-01:00:05,pshrprod1,0,342,	TOTAL: 342
040705-02:00:04,pshrprod1,0,309,	TOTAL: 309
040705-03:00:04,pshrprod1,0,0,	TOTAL: 0
040705-04:00:04,pshrprod1,0,0,	TOTAL: 0
040705-05:00:05,pshrprod1,0,0,	TOTAL: 0
040705-06:00:06,pshrprod1,0,0,	TOTAL: 0
040705-07:00:07,pshrprod1,0,339,	TOTAL: 339
040705-08:00:10,pshrprod1,0,341,	TOTAL: 341
040705-09:00:08,pshrprod1,0,341,	TOTAL: 341
040705-10:00:07,pshrprod1,0,341,	TOTAL: 341
040705-11:00:05,pshrprod1,0,341,	TOTAL: 341
040705-12:00:06,pshrprod1,0,341,	TOTAL: 341
040705-13:00:05,pshrprod1,0,341,	TOTAL: 341
040705-14:00:03,pshrprod1,0,341,	TOTAL: 341
040705-15:00:03,pshrprod1,0,341,	TOTAL: 341
040705-16:00:04,pshrprod1,0,341,	TOTAL: 341
040705-17:00:04,pshrprod1,0,341,	TOTAL: 341
040705-18:00:03,pshrprod1,0,341,	TOTAL: 341
040705-19:00:04,pshrprod1,0,341,	TOTAL: 341
040705-20:00:03,pshrprod1,0,341,	TOTAL: 341
040705-21:00:04,pshrprod1,0,341,	TOTAL: 341
040705-22:00:04,pshrprod1,0,341,	TOTAL: 341
040705-23:00:05,pshrprod1,0,341,	TOTAL: 341
040805-00:00:05,pshrprod1,0,341,	TOTAL: 341
040805-01:00:05,pshrprod1,0,341,	TOTAL: 341
040805-02:00:03,pshrprod1,0,0,	TOTAL: 0
040805-03:00:04,pshrprod1,0,0,	TOTAL: 0
040805-04:00:05,pshrprod1,0,0,	TOTAL: 0
040805-05:00:05,pshrprod1,0,0,	TOTAL: 0
040805-06:00:05,pshrprod1,0,0,	TOTAL: 0
040805-07:00:05,pshrprod1,0,256,	TOTAL: 256
040805-08:00:05,pshrprod1,0,256,	TOTAL: 256
040805-09:00:07,pshrprod1,0,340,	TOTAL: 340
040805-10:00:07,pshrprod1,0,341,	TOTAL: 341
040805-11:00:04,pshrprod1,0,341,	TOTAL: 341
040805-12:00:06,pshrprod1,0,359,	TOTAL: 359
040805-13:00:07,pshrprod1,0,359,	TOTAL: 359
040805-14:00:05,pshrprod1,0,359,	TOTAL: 359
040805-15:00:07,pshrprod1,0,359,	TOTAL: 359
040805-16:00:06,pshrprod1,0,359,	TOTAL: 359
040805-17:00:05,pshrprod1,0,359,	TOTAL: 359
040805-18:00:03,pshrprod1,0,359,	TOTAL: 359
040805-19:00:04,pshrprod1,0,359,	TOTAL: 359
040805-20:00:04,pshrprod1,0,359,	TOTAL: 359
040805-21:00:04,pshrprod1,0,359,	TOTAL: 359
040805-22:00:05,pshrprod1,0,359,	TOTAL: 359
040805-23:00:04,pshrprod1,0,359,	TOTAL: 359
040905-00:00:04,pshrprod1,0,359,	TOTAL: 359
040905-01:00:04,pshrprod1,0,359,	TOTAL: 359
040905-02:00:03,pshrprod1,0,1495801,	TOTAL: 1495801
040905-03:00:04,pshrprod1,0,981809,	TOTAL: 981809
040905-04:00:04,pshrprod1,0,543222,	TOTAL: 543222
040905-05:00:04,pshrprod1,0,125140,	TOTAL: 125140
040905-06:00:04,pshrprod1,0,0,	TOTAL: 0
040905-07:00:04,pshrprod1,0,256,	TOTAL: 256
040905-08:00:07,pshrprod1,0,342,	TOTAL: 342
040905-09:00:07,pshrprod1,0,342,	TOTAL: 342
040905-10:00:06,pshrprod1,0,342,	TOTAL: 342
040905-11:00:06,pshrprod1,0,342,	TOTAL: 342
040905-12:00:06,pshrprod1,0,342,	TOTAL: 342
040905-13:00:06,pshrprod1,0,342,	TOTAL: 342
040905-14:00:05,pshrprod1,0,342,	TOTAL: 342
040905-15:00:06,pshrprod1,0,342,	TOTAL: 342
040905-16:00:06,pshrprod1,0,342,	TOTAL: 342
040905-17:00:04,pshrprod1,0,342,	TOTAL: 342
040905-18:00:04,pshrprod1,0,342,	TOTAL: 342
040905-19:00:05,pshrprod1,0,342,	TOTAL: 342
040905-20:00:05,pshrprod1,0,342,	TOTAL: 342
040905-21:00:04,pshrprod1,0,342,	TOTAL: 342
040905-22:00:04,pshrprod1,0,342,	TOTAL: 342
040905-23:00:07,pshrprod1,0,342,	TOTAL: 342
041005-00:00:04,pshrprod1,0,342,	TOTAL: 342
041005-01:00:05,pshrprod1,0,342,	TOTAL: 342
041005-02:00:04,pshrprod1,0,1500913,	TOTAL: 1500913
041005-03:00:03,pshrprod1,0,969590,	TOTAL: 969590
041005-04:00:04,pshrprod1,0,500018,	TOTAL: 500018
041005-05:00:03,pshrprod1,0,130154,	TOTAL: 130154
041005-06:00:03,pshrprod1,0,0,	TOTAL: 0
041005-07:00:04,pshrprod1,0,0,	TOTAL: 0
041005-08:00:04,pshrprod1,0,256,	TOTAL: 256
041005-09:00:06,pshrprod1,0,339,	TOTAL: 339
041005-10:00:06,pshrprod1,0,341,	TOTAL: 341
041005-11:00:06,pshrprod1,0,341,	TOTAL: 341
041005-12:00:05,pshrprod1,0,341,	TOTAL: 341
041005-13:00:05,pshrprod1,0,341,	TOTAL: 341
041005-14:00:06,pshrprod1,0,341,	TOTAL: 341
041005-15:00:06,pshrprod1,0,341,	TOTAL: 341
041005-16:00:06,pshrprod1,0,341,	TOTAL: 341
041005-17:00:05,pshrprod1,0,341,	TOTAL: 341
041005-18:00:05,pshrprod1,0,341,	TOTAL: 341
041005-19:00:04,pshrprod1,0,341,	TOTAL: 341
041005-20:00:05,pshrprod1,0,341,	TOTAL: 341
041005-21:00:04,pshrprod1,0,341,	TOTAL: 341
041005-22:00:05,pshrprod1,0,341,	TOTAL: 341
041005-23:00:04,pshrprod1,0,341,	TOTAL: 341
041105-00:00:04,pshrprod1,0,341,	TOTAL: 341
041105-01:00:04,pshrprod1,0,341,	TOTAL: 341
041105-02:00:03,pshrprod1,0,0,	TOTAL: 0
041105-03:00:03,pshrprod1,0,0,	TOTAL: 0
041105-04:00:04,pshrprod1,0,0,	TOTAL: 0
041105-05:00:05,pshrprod1,0,0,	TOTAL: 0
041105-06:00:05,pshrprod1,0,0,	TOTAL: 0
041105-07:00:07,pshrprod1,0,256,	TOTAL: 256
041105-08:00:08,pshrprod1,0,256,	TOTAL: 256
041105-09:00:06,pshrprod1,0,256,	TOTAL: 256
041105-10:00:09,pshrprod1,0,339,	TOTAL: 339
041105-11:00:06,pshrprod1,0,342,	TOTAL: 342
041105-12:00:07,pshrprod1,0,342,	TOTAL: 342
041105-13:00:08,pshrprod1,0,342,	TOTAL: 342
041105-14:00:05,pshrprod1,0,342,	TOTAL: 342
041105-15:00:03,pshrprod1,0,342,	TOTAL: 342
041105-16:00:03,pshrprod1,0,342,	TOTAL: 342
041105-17:00:03,pshrprod1,0,342,	TOTAL: 342
041105-18:00:04,pshrprod1,0,342,	TOTAL: 342
041105-19:00:03,pshrprod1,0,342,	TOTAL: 342
041105-20:00:04,pshrprod1,0,342,	TOTAL: 342
041105-21:00:04,pshrprod1,0,342,	TOTAL: 342
041105-22:00:04,pshrprod1,0,342,	TOTAL: 342
041105-23:00:05,pshrprod1,0,342,	TOTAL: 342
041205-00:00:04,pshrprod1,0,342,	TOTAL: 342
041205-01:00:06,pshrprod1,0,342,	TOTAL: 342
041205-02:00:04,pshrprod1,0,0,	TOTAL: 0
041205-03:00:04,pshrprod1,0,0,	TOTAL: 0
041205-04:00:04,pshrprod1,0,0,	TOTAL: 0
041205-05:00:04,pshrprod1,0,0,	TOTAL: 0
041205-06:00:04,pshrprod1,0,0,	TOTAL: 0
041205-07:00:05,pshrprod1,0,256,	TOTAL: 256
041205-08:00:04,pshrprod1,0,256,	TOTAL: 256
041205-09:00:04,pshrprod1,0,256,	TOTAL: 256
041205-10:00:07,pshrprod1,0,339,	TOTAL: 339
041205-11:00:08,pshrprod1,0,342,	TOTAL: 342
041205-12:00:08,pshrprod1,0,342,	TOTAL: 342
041205-13:00:06,pshrprod1,0,342,	TOTAL: 342
041205-14:00:09,pshrprod1,0,342,	TOTAL: 342
041205-15:00:05,pshrprod1,0,342,	TOTAL: 342
041205-16:00:04,pshrprod1,0,342,	TOTAL: 342
041205-17:00:04,pshrprod1,0,342,	TOTAL: 342
041205-18:00:04,pshrprod1,0,342,	TOTAL: 342
041205-19:00:03,pshrprod1,0,342,	TOTAL: 342
041205-20:00:04,pshrprod1,0,342,	TOTAL: 342
041205-21:00:04,pshrprod1,0,342,	TOTAL: 342
041205-22:00:05,pshrprod1,0,342,	TOTAL: 342
041205-23:00:05,pshrprod1,0,342,	TOTAL: 342
041305-00:00:04,pshrprod1,0,342,	TOTAL: 342
041305-01:00:05,pshrprod1,0,342,	TOTAL: 342
041305-02:00:05,pshrprod1,0,0,	TOTAL: 0
041305-03:00:05,pshrprod1,0,0,	TOTAL: 0
041305-04:00:04,pshrprod1,0,0,	TOTAL: 0
041305-05:00:05,pshrprod1,0,0,	TOTAL: 0
041305-06:00:06,pshrprod1,0,0,	TOTAL: 0
041305-07:00:06,pshrprod1,0,256,	TOTAL: 256
041305-08:00:06,pshrprod1,0,256,	TOTAL: 256
041305-09:00:07,pshrprod1,0,256,	TOTAL: 256
041305-10:00:06,pshrprod1,0,256,	TOTAL: 256
041305-11:00:06,pshrprod1,0,341,	TOTAL: 341
041305-12:00:05,pshrprod1,0,359,	TOTAL: 359
041305-13:00:07,pshrprod1,0,359,	TOTAL: 359
041305-14:00:05,pshrprod1,0,359,	TOTAL: 359
041305-15:00:05,pshrprod1,0,359,	TOTAL: 359
041305-16:00:05,pshrprod1,0,359,	TOTAL: 359
041305-17:00:05,pshrprod1,0,359,	TOTAL: 359
041305-18:00:04,pshrprod1,0,359,	TOTAL: 359
041305-19:00:04,pshrprod1,0,359,	TOTAL: 359
041305-20:00:04,pshrprod1,0,359,	TOTAL: 359
041305-21:00:03,pshrprod1,0,359,	TOTAL: 359
041305-22:00:04,pshrprod1,0,359,	TOTAL: 359
041305-23:00:05,pshrprod1,0,359,	TOTAL: 359
041405-00:00:04,pshrprod1,0,359,	TOTAL: 359
041405-01:00:05,pshrprod1,0,359,	TOTAL: 359
041405-02:00:04,pshrprod1,0,0,	TOTAL: 0
041405-03:00:05,pshrprod1,0,0,	TOTAL: 0
041405-04:00:06,pshrprod1,0,0,	TOTAL: 0
041405-05:00:04,pshrprod1,0,0,	TOTAL: 0
041405-06:00:06,pshrprod1,0,0,	TOTAL: 0
041405-07:00:07,pshrprod1,0,256,	TOTAL: 256
041405-08:00:07,pshrprod1,0,343,	TOTAL: 343
041405-09:00:07,pshrprod1,0,351,	TOTAL: 351
041405-10:00:06,pshrprod1,0,352,	TOTAL: 352
041405-11:00:04,pshrprod1,0,352,	TOTAL: 352
041405-12:00:05,pshrprod1,0,352,	TOTAL: 352
041405-13:00:06,pshrprod1,0,355,	TOTAL: 355
041405-14:00:07,pshrprod1,0,355,	TOTAL: 355
041405-15:00:07,pshrprod1,0,355,	TOTAL: 355
041405-16:00:06,pshrprod1,0,355,	TOTAL: 355
041405-17:00:05,pshrprod1,0,355,	TOTAL: 355
041405-18:00:03,pshrprod1,0,355,	TOTAL: 355
041405-19:00:04,pshrprod1,0,355,	TOTAL: 355
041405-20:00:04,pshrprod1,0,355,	TOTAL: 355
041405-21:00:04,pshrprod1,0,355,	TOTAL: 355
041405-22:00:06,pshrprod1,0,355,	TOTAL: 355
041405-23:00:06,pshrprod1,0,355,	TOTAL: 355
041505-00:00:06,pshrprod1,0,355,	TOTAL: 355
041505-01:00:06,pshrprod1,0,355,	TOTAL: 355
041505-02:00:04,pshrprod1,0,0,	TOTAL: 0
041505-03:00:04,pshrprod1,0,0,	TOTAL: 0
041505-04:00:04,pshrprod1,0,0,	TOTAL: 0
041505-05:00:05,pshrprod1,0,0,	TOTAL: 0
041505-06:00:06,pshrprod1,0,0,	TOTAL: 0
041505-07:00:12,pshrprod1,0,338,	TOTAL: 338
041505-08:00:11,pshrprod1,0,342,	TOTAL: 342
041505-09:00:07,pshrprod1,0,342,	TOTAL: 342
041505-10:00:06,pshrprod1,0,342,	TOTAL: 342
041505-11:00:06,pshrprod1,0,342,	TOTAL: 342
041505-12:00:06,pshrprod1,0,342,	TOTAL: 342
041505-13:00:04,pshrprod1,0,342,	TOTAL: 342
041505-14:00:03,pshrprod1,0,342,	TOTAL: 342
041505-15:00:04,pshrprod1,0,342,	TOTAL: 342
041505-16:00:03,pshrprod1,0,342,	TOTAL: 342
041505-17:00:04,pshrprod1,0,342,	TOTAL: 342
041505-18:00:04,pshrprod1,0,342,	TOTAL: 342
041505-19:00:04,pshrprod1,0,342,	TOTAL: 342
041505-20:00:04,pshrprod1,0,342,	TOTAL: 342
041505-21:00:03,pshrprod1,0,342,	TOTAL: 342
041505-22:00:05,pshrprod1,0,342,	TOTAL: 342
041505-23:00:05,pshrprod1,0,342,	TOTAL: 342
041605-00:00:05,pshrprod1,0,342,	TOTAL: 342
041605-01:00:04,pshrprod1,0,342,	TOTAL: 342
041605-02:00:04,pshrprod1,0,1530120,	TOTAL: 1530120
041605-03:00:04,pshrprod1,0,1084692,	TOTAL: 1084692
041605-04:00:04,pshrprod1,0,666356,	TOTAL: 666356
041605-05:00:04,pshrprod1,0,215349,	TOTAL: 215349
041605-06:00:04,pshrprod1,0,2251,	TOTAL: 2251
041605-07:00:05,pshrprod1,0,0,	TOTAL: 0
041605-08:00:04,pshrprod1,0,256,	TOTAL: 256
041605-09:00:04,pshrprod1,0,256,	TOTAL: 256
041605-10:00:04,pshrprod1,0,256,	TOTAL: 256
041605-11:00:10,pshrprod1,0,341,	TOTAL: 341
041605-12:00:08,pshrprod1,0,341,	TOTAL: 341
041605-13:00:07,pshrprod1,0,341,	TOTAL: 341
041605-14:00:09,pshrprod1,0,341,	TOTAL: 341
041605-15:00:06,pshrprod1,0,341,	TOTAL: 341
041605-16:00:07,pshrprod1,0,341,	TOTAL: 341
041605-17:00:05,pshrprod1,0,341,	TOTAL: 341
041605-18:00:05,pshrprod1,0,341,	TOTAL: 341
041605-19:00:04,pshrprod1,0,341,	TOTAL: 341
041605-20:00:04,pshrprod1,0,341,	TOTAL: 341
041605-21:00:04,pshrprod1,0,341,	TOTAL: 341
041605-22:00:05,pshrprod1,0,341,	TOTAL: 341
041605-23:00:04,pshrprod1,0,341,	TOTAL: 341
041705-00:00:05,pshrprod1,0,341,	TOTAL: 341
041705-01:00:05,pshrprod1,0,341,	TOTAL: 341
041705-02:00:04,pshrprod1,0,1514326,	TOTAL: 1514326
041705-03:00:04,pshrprod1,0,986659,	TOTAL: 986659
041705-04:00:04,pshrprod1,0,488302,	TOTAL: 488302
041705-05:00:05,pshrprod1,0,143712,	TOTAL: 143712
041705-06:00:05,pshrprod1,0,0,	TOTAL: 0
041705-07:00:04,pshrprod1,0,256,	TOTAL: 256
041705-08:00:10,pshrprod1,0,341,	TOTAL: 341
041705-09:00:05,pshrprod1,0,341,	TOTAL: 341
041705-10:00:07,pshrprod1,0,341,	TOTAL: 341
041705-11:00:08,pshrprod1,0,341,	TOTAL: 341
041705-12:00:07,pshrprod1,0,341,	TOTAL: 341
041705-13:00:04,pshrprod1,0,341,	TOTAL: 341
041705-14:00:03,pshrprod1,0,341,	TOTAL: 341
041705-15:00:03,pshrprod1,0,341,	TOTAL: 341
041705-16:00:03,pshrprod1,0,341,	TOTAL: 341
041705-17:00:03,pshrprod1,0,341,	TOTAL: 341
041705-18:00:04,pshrprod1,0,341,	TOTAL: 341
041705-19:00:03,pshrprod1,0,341,	TOTAL: 341
041705-20:00:04,pshrprod1,0,341,	TOTAL: 341
041705-21:00:04,pshrprod1,0,341,	TOTAL: 341
041705-22:00:05,pshrprod1,0,341,	TOTAL: 341
041705-23:00:04,pshrprod1,0,341,	TOTAL: 341
041805-00:00:04,pshrprod1,0,341,	TOTAL: 341
041805-01:00:04,pshrprod1,0,341,	TOTAL: 341
041805-02:00:04,pshrprod1,0,0,	TOTAL: 0
041805-03:00:04,pshrprod1,0,0,	TOTAL: 0
041805-04:00:06,pshrprod1,0,0,	TOTAL: 0
041805-05:00:05,pshrprod1,0,0,	TOTAL: 0
041805-06:00:05,pshrprod1,0,0,	TOTAL: 0
041805-07:00:05,pshrprod1,0,339,	TOTAL: 339
041805-08:00:08,pshrprod1,0,342,	TOTAL: 342
041805-09:00:06,pshrprod1,0,342,	TOTAL: 342
041805-10:00:06,pshrprod1,0,342,	TOTAL: 342
041805-11:00:06,pshrprod1,0,342,	TOTAL: 342
041805-12:00:05,pshrprod1,0,342,	TOTAL: 342
041805-13:00:06,pshrprod1,0,342,	TOTAL: 342
041805-14:00:04,pshrprod1,0,342,	TOTAL: 342
041805-15:00:04,pshrprod1,0,342,	TOTAL: 342
041805-16:00:04,pshrprod1,0,342,	TOTAL: 342
041805-17:00:05,pshrprod1,0,342,	TOTAL: 342
041805-18:00:04,pshrprod1,0,342,	TOTAL: 342
041805-19:00:05,pshrprod1,0,342,	TOTAL: 342
041805-20:00:05,pshrprod1,0,342,	TOTAL: 342
041805-21:00:05,pshrprod1,0,342,	TOTAL: 342
041805-22:00:05,pshrprod1,0,342,	TOTAL: 342
041805-23:00:04,pshrprod1,0,342,	TOTAL: 342
041905-00:00:04,pshrprod1,0,342,	TOTAL: 342
041905-01:00:04,pshrprod1,0,342,	TOTAL: 342
041905-02:00:04,pshrprod1,0,0,	TOTAL: 0
041905-03:00:05,pshrprod1,0,0,	TOTAL: 0
041905-04:00:05,pshrprod1,0,0,	TOTAL: 0
041905-05:00:05,pshrprod1,0,0,	TOTAL: 0
041905-06:00:13,pshrprod1,0,0,	TOTAL: 0
041905-07:00:05,pshrprod1,0,256,	TOTAL: 256
041905-08:00:05,pshrprod1,0,256,	TOTAL: 256
041905-09:00:06,pshrprod1,0,339,	TOTAL: 339
041905-10:00:07,pshrprod1,0,341,	TOTAL: 341
041905-11:00:06,pshrprod1,0,341,	TOTAL: 341
041905-12:00:08,pshrprod1,0,341,	TOTAL: 341
041905-13:00:07,pshrprod1,0,341,	TOTAL: 341
041905-14:00:06,pshrprod1,0,341,	TOTAL: 341
041905-15:00:05,pshrprod1,0,341,	TOTAL: 341
041905-16:00:06,pshrprod1,0,593,	TOTAL: 593
041905-17:00:04,pshrprod1,0,593,	TOTAL: 593
041905-18:00:05,pshrprod1,0,593,	TOTAL: 593
041905-19:00:04,pshrprod1,0,593,	TOTAL: 593
041905-20:00:03,pshrprod1,0,593,	TOTAL: 593
041905-21:00:04,pshrprod1,0,593,	TOTAL: 593
041905-22:00:05,pshrprod1,0,593,	TOTAL: 593
041905-23:00:04,pshrprod1,0,593,	TOTAL: 593
042005-00:00:04,pshrprod1,0,593,	TOTAL: 593
042005-01:00:05,pshrprod1,0,593,	TOTAL: 593
042005-02:00:03,pshrprod1,0,490,	TOTAL: 490
042005-03:00:04,pshrprod1,0,0,	TOTAL: 0
042005-04:00:04,pshrprod1,0,0,	TOTAL: 0
042005-05:00:04,pshrprod1,0,0,	TOTAL: 0
042005-06:00:04,pshrprod1,0,0,	TOTAL: 0
042005-07:00:04,pshrprod1,0,256,	TOTAL: 256
042005-08:00:04,pshrprod1,0,256,	TOTAL: 256
042005-09:00:05,pshrprod1,0,256,	TOTAL: 256
042005-10:00:05,pshrprod1,0,256,	TOTAL: 256
042005-11:00:05,pshrprod1,0,256,	TOTAL: 256
042005-12:00:06,pshrprod1,0,342,	TOTAL: 342
042005-13:00:06,pshrprod1,0,342,	TOTAL: 342
042005-14:00:05,pshrprod1,0,342,	TOTAL: 342
042005-15:00:05,pshrprod1,0,342,	TOTAL: 342
042005-16:00:05,pshrprod1,0,342,	TOTAL: 342
042005-17:00:04,pshrprod1,0,342,	TOTAL: 342
042005-18:00:03,pshrprod1,0,342,	TOTAL: 342
042005-19:00:03,pshrprod1,0,342,	TOTAL: 342
042005-20:00:03,pshrprod1,0,342,	TOTAL: 342
042005-21:00:03,pshrprod1,0,342,	TOTAL: 342
042005-22:00:04,pshrprod1,0,342,	TOTAL: 342
042005-23:00:03,pshrprod1,0,342,	TOTAL: 342
042105-00:00:03,pshrprod1,0,342,	TOTAL: 342
042105-01:00:04,pshrprod1,0,342,	TOTAL: 342
042105-02:00:03,pshrprod1,0,0,	TOTAL: 0
042105-03:00:03,pshrprod1,0,0,	TOTAL: 0
042105-04:00:04,pshrprod1,0,0,	TOTAL: 0
042105-05:00:04,pshrprod1,0,0,	TOTAL: 0
042105-06:00:05,pshrprod1,0,0,	TOTAL: 0
042105-07:00:05,pshrprod1,0,310,	TOTAL: 310
042105-08:00:05,pshrprod1,0,341,	TOTAL: 341
042105-09:00:04,pshrprod1,0,341,	TOTAL: 341
042105-10:00:05,pshrprod1,0,341,	TOTAL: 341
042105-11:00:04,pshrprod1,0,341,	TOTAL: 341
042105-12:00:04,pshrprod1,0,341,	TOTAL: 341
042105-13:00:04,pshrprod1,0,341,	TOTAL: 341
042105-14:00:05,pshrprod1,0,341,	TOTAL: 341
042105-15:00:04,pshrprod1,0,341,	TOTAL: 341
042105-16:00:03,pshrprod1,0,341,	TOTAL: 341
042105-17:00:03,pshrprod1,0,341,	TOTAL: 341
042105-18:00:03,pshrprod1,0,341,	TOTAL: 341
042105-19:00:03,pshrprod1,0,341,	TOTAL: 341
042105-20:00:04,pshrprod1,0,341,	TOTAL: 341
042105-21:00:04,pshrprod1,0,341,	TOTAL: 341
042105-22:00:05,pshrprod1,0,341,	TOTAL: 341
042105-23:00:06,pshrprod1,0,341,	TOTAL: 341
042205-00:00:04,pshrprod1,0,341,	TOTAL: 341
042205-01:00:04,pshrprod1,0,341,	TOTAL: 341
042205-02:00:03,pshrprod1,0,0,	TOTAL: 0
042205-03:00:04,pshrprod1,0,0,	TOTAL: 0
042205-04:00:04,pshrprod1,0,0,	TOTAL: 0
042205-05:00:05,pshrprod1,0,0,	TOTAL: 0
042205-06:00:04,pshrprod1,0,0,	TOTAL: 0
042205-07:00:04,pshrprod1,0,256,	TOTAL: 256
042205-08:00:03,pshrprod1,0,256,	TOTAL: 256
042205-09:00:04,pshrprod1,0,256,	TOTAL: 256
042205-10:00:03,pshrprod1,0,256,	TOTAL: 256
042205-11:00:03,pshrprod1,0,256,	TOTAL: 256
042205-12:00:04,pshrprod1,0,256,	TOTAL: 256
042205-13:00:04,pshrprod1,0,256,	TOTAL: 256
042205-15:00:03,pshrprod1,0,508,	TOTAL: 508
042205-16:00:03,pshrprod1,0,508,	TOTAL: 508
042205-17:00:07,pshrprod1,0,591,	TOTAL: 591
042205-18:00:06,pshrprod1,0,594,	TOTAL: 594
042205-19:00:06,pshrprod1,0,594,	TOTAL: 594
042205-20:00:07,pshrprod1,0,594,	TOTAL: 594
042205-21:00:05,pshrprod1,0,594,	TOTAL: 594
042205-22:00:06,pshrprod1,0,594,	TOTAL: 594
042205-23:00:07,pshrprod1,0,594,	TOTAL: 594
042305-00:00:04,pshrprod1,0,594,	TOTAL: 594
042305-01:00:04,pshrprod1,0,594,	TOTAL: 594
042305-02:00:04,pshrprod1,0,1527797,	TOTAL: 1527797
042305-03:00:03,pshrprod1,0,1079038,	TOTAL: 1079038
042305-04:00:03,pshrprod1,0,744067,	TOTAL: 744067
042305-05:00:03,pshrprod1,0,336280,	TOTAL: 336280
042305-06:00:03,pshrprod1,0,80943,	TOTAL: 80943
042305-07:00:04,pshrprod1,0,0,	TOTAL: 0
042305-08:00:03,pshrprod1,0,256,	TOTAL: 256
042305-09:00:05,pshrprod1,0,342,	TOTAL: 342
042305-10:00:07,pshrprod1,0,342,	TOTAL: 342
042305-11:00:06,pshrprod1,0,342,	TOTAL: 342
042305-12:00:06,pshrprod1,0,342,	TOTAL: 342
042305-13:00:06,pshrprod1,0,342,	TOTAL: 342
042305-14:00:04,pshrprod1,0,342,	TOTAL: 342
042305-15:00:07,pshrprod1,0,342,	TOTAL: 342
042305-16:00:06,pshrprod1,0,342,	TOTAL: 342
042305-17:00:04,pshrprod1,0,342,	TOTAL: 342
042305-18:00:03,pshrprod1,0,342,	TOTAL: 342
042305-19:00:04,pshrprod1,0,342,	TOTAL: 342
042305-20:00:04,pshrprod1,0,342,	TOTAL: 342
042305-21:00:04,pshrprod1,0,342,	TOTAL: 342
042305-22:00:04,pshrprod1,0,342,	TOTAL: 342
042305-23:00:04,pshrprod1,0,342,	TOTAL: 342
042405-00:00:04,pshrprod1,0,342,	TOTAL: 342
042405-01:00:05,pshrprod1,0,342,	TOTAL: 342
042405-02:00:04,pshrprod1,0,1531348,	TOTAL: 1531348
042405-03:00:03,pshrprod1,0,1071896,	TOTAL: 1071896
042405-04:00:04,pshrprod1,0,667052,	TOTAL: 667052
042405-05:00:03,pshrprod1,0,214523,	TOTAL: 214523
042405-06:00:04,pshrprod1,0,42416,	TOTAL: 42416
042405-07:00:04,pshrprod1,0,0,	TOTAL: 0
042405-08:00:07,pshrprod1,0,340,	TOTAL: 340
042405-09:00:06,pshrprod1,0,341,	TOTAL: 341
042405-10:00:06,pshrprod1,0,341,	TOTAL: 341
042405-11:00:06,pshrprod1,0,341,	TOTAL: 341
042405-12:00:06,pshrprod1,0,341,	TOTAL: 341
042405-13:00:06,pshrprod1,0,341,	TOTAL: 341
042405-14:00:04,pshrprod1,0,341,	TOTAL: 341
042405-15:00:04,pshrprod1,0,341,	TOTAL: 341
042405-16:00:04,pshrprod1,0,341,	TOTAL: 341
042405-17:00:04,pshrprod1,0,341,	TOTAL: 341
042405-18:00:04,pshrprod1,0,341,	TOTAL: 341
042405-19:00:03,pshrprod1,0,341,	TOTAL: 341
042405-20:00:04,pshrprod1,0,341,	TOTAL: 341
042405-21:00:03,pshrprod1,0,341,	TOTAL: 341
042405-22:00:03,pshrprod1,0,341,	TOTAL: 341
042405-23:00:04,pshrprod1,0,341,	TOTAL: 341
042505-00:00:04,pshrprod1,0,341,	TOTAL: 341
042505-01:00:04,pshrprod1,0,341,	TOTAL: 341
042505-02:00:04,pshrprod1,0,0,	TOTAL: 0
042505-03:00:04,pshrprod1,0,0,	TOTAL: 0
042505-04:00:04,pshrprod1,0,0,	TOTAL: 0
042505-05:00:04,pshrprod1,0,0,	TOTAL: 0
042505-06:00:04,pshrprod1,0,0,	TOTAL: 0
042505-07:00:05,pshrprod1,0,339,	TOTAL: 339
042505-08:00:05,pshrprod1,0,341,	TOTAL: 341
042505-09:00:07,pshrprod1,0,341,	TOTAL: 341
042505-10:00:06,pshrprod1,0,341,	TOTAL: 341
042505-11:00:06,pshrprod1,0,341,	TOTAL: 341
042505-12:00:06,pshrprod1,0,341,	TOTAL: 341
042505-13:00:04,pshrprod1,0,341,	TOTAL: 341
042505-14:00:03,pshrprod1,0,341,	TOTAL: 341
042505-15:00:03,pshrprod1,0,341,	TOTAL: 341
042505-16:00:03,pshrprod1,0,341,	TOTAL: 341
042505-17:00:03,pshrprod1,0,341,	TOTAL: 341
042505-18:00:03,pshrprod1,0,341,	TOTAL: 341
042505-19:00:03,pshrprod1,0,341,	TOTAL: 341
042505-20:00:03,pshrprod1,0,341,	TOTAL: 341
042505-21:00:03,pshrprod1,0,341,	TOTAL: 341
042505-22:00:04,pshrprod1,0,341,	TOTAL: 341
042505-23:00:05,pshrprod1,0,341,	TOTAL: 341
042605-00:00:04,pshrprod1,0,341,	TOTAL: 341
042605-01:00:04,pshrprod1,0,341,	TOTAL: 341
042605-02:00:04,pshrprod1,0,0,	TOTAL: 0
042605-03:00:03,pshrprod1,0,0,	TOTAL: 0
042605-04:00:04,pshrprod1,0,0,	TOTAL: 0
042605-05:00:04,pshrprod1,0,0,	TOTAL: 0
042605-06:00:05,pshrprod1,0,0,	TOTAL: 0
042605-07:00:06,pshrprod1,0,311,	TOTAL: 311
042605-08:00:05,pshrprod1,0,341,	TOTAL: 341
042605-09:00:04,pshrprod1,0,341,	TOTAL: 341
042605-10:00:04,pshrprod1,0,341,	TOTAL: 341
042605-11:00:04,pshrprod1,0,341,	TOTAL: 341
042605-12:00:04,pshrprod1,0,341,	TOTAL: 341
042605-13:00:04,pshrprod1,0,341,	TOTAL: 341
042605-14:00:03,pshrprod1,0,341,	TOTAL: 341
042605-15:00:03,pshrprod1,0,341,	TOTAL: 341
042605-17:00:03,pshrprod1,0,593,	TOTAL: 593
042605-18:00:04,pshrprod1,0,593,	TOTAL: 593
042605-19:00:03,pshrprod1,0,593,	TOTAL: 593
042605-20:00:03,pshrprod1,0,593,	TOTAL: 593
042605-21:00:03,pshrprod1,0,593,	TOTAL: 593
042605-22:00:03,pshrprod1,0,593,	TOTAL: 593
042605-23:00:06,pshrprod1,0,593,	TOTAL: 593
042705-00:00:04,pshrprod1,0,593,	TOTAL: 593
042705-01:00:04,pshrprod1,0,593,	TOTAL: 593
042705-02:00:03,pshrprod1,0,0,	TOTAL: 0
042705-03:00:03,pshrprod1,0,0,	TOTAL: 0
042705-04:00:03,pshrprod1,0,0,	TOTAL: 0
042705-05:00:04,pshrprod1,0,0,	TOTAL: 0
042705-06:00:03,pshrprod1,0,0,	TOTAL: 0
042705-07:00:04,pshrprod1,0,256,	TOTAL: 256
042705-08:00:06,pshrprod1,0,341,	TOTAL: 341
042705-09:00:05,pshrprod1,0,341,	TOTAL: 341
042705-10:00:04,pshrprod1,0,341,	TOTAL: 341
042705-11:00:04,pshrprod1,0,341,	TOTAL: 341
042705-12:00:04,pshrprod1,0,341,	TOTAL: 341
042705-13:00:04,pshrprod1,0,341,	TOTAL: 341
042705-14:00:04,pshrprod1,0,341,	TOTAL: 341
042705-15:00:03,pshrprod1,0,341,	TOTAL: 341
042705-16:00:03,pshrprod1,0,341,	TOTAL: 341
042705-17:00:03,pshrprod1,0,341,	TOTAL: 341
042705-18:00:04,pshrprod1,0,341,	TOTAL: 341
042705-19:00:04,pshrprod1,0,341,	TOTAL: 341
042705-20:00:03,pshrprod1,0,341,	TOTAL: 341
042705-21:00:04,pshrprod1,0,341,	TOTAL: 341
042705-22:00:05,pshrprod1,0,341,	TOTAL: 341
042705-23:00:05,pshrprod1,0,341,	TOTAL: 341
042805-00:00:04,pshrprod1,0,341,	TOTAL: 341
042805-01:00:04,pshrprod1,0,341,	TOTAL: 341
042805-02:00:04,pshrprod1,0,0,	TOTAL: 0
042805-03:00:04,pshrprod1,0,0,	TOTAL: 0
042805-04:00:04,pshrprod1,0,0,	TOTAL: 0
042805-05:00:05,pshrprod1,0,0,	TOTAL: 0
042805-06:00:05,pshrprod1,0,0,	TOTAL: 0
042805-07:00:05,pshrprod1,0,339,	TOTAL: 339
042805-08:00:04,pshrprod1,0,342,	TOTAL: 342
042805-09:00:04,pshrprod1,0,342,	TOTAL: 342
042805-10:00:04,pshrprod1,0,342,	TOTAL: 342
042805-11:00:08,pshrprod1,0,342,	TOTAL: 342
042805-12:00:05,pshrprod1,0,342,	TOTAL: 342
042805-13:00:03,pshrprod1,0,342,	TOTAL: 342
042805-15:00:04,pshrprod1,0,594,	TOTAL: 594
042805-16:00:03,pshrprod1,0,594,	TOTAL: 594
042805-17:00:03,pshrprod1,0,594,	TOTAL: 594
042805-18:00:03,pshrprod1,0,594,	TOTAL: 594
042805-19:00:04,pshrprod1,0,594,	TOTAL: 594
042805-20:00:04,pshrprod1,0,594,	TOTAL: 594
042805-21:00:03,pshrprod1,0,594,	TOTAL: 594
042805-22:00:04,pshrprod1,0,594,	TOTAL: 594
042805-23:00:04,pshrprod1,0,594,	TOTAL: 594
042905-00:00:04,pshrprod1,0,594,	TOTAL: 594
042905-01:00:04,pshrprod1,0,594,	TOTAL: 594
042905-02:00:03,pshrprod1,0,0,	TOTAL: 0
042905-03:00:04,pshrprod1,0,0,	TOTAL: 0
042905-04:00:03,pshrprod1,0,0,	TOTAL: 0
042905-05:00:03,pshrprod1,0,0,	TOTAL: 0
042905-06:00:04,pshrprod1,0,0,	TOTAL: 0
042905-07:00:03,pshrprod1,0,256,	TOTAL: 256
042905-08:00:06,pshrprod1,0,339,	TOTAL: 339
042905-09:00:05,pshrprod1,0,341,	TOTAL: 341
042905-10:00:04,pshrprod1,0,341,	TOTAL: 341
042905-11:00:05,pshrprod1,0,341,	TOTAL: 341
042905-12:00:04,pshrprod1,0,341,	TOTAL: 341
042905-13:00:05,pshrprod1,0,341,	TOTAL: 341
042905-14:00:03,pshrprod1,0,341,	TOTAL: 341
042905-17:00:05,pshrprod1,0,593,	TOTAL: 593
042905-18:00:03,pshrprod1,0,593,	TOTAL: 593
042905-19:00:04,pshrprod1,0,593,	TOTAL: 593
042905-20:00:03,pshrprod1,0,593,	TOTAL: 593
042905-21:00:04,pshrprod1,0,593,	TOTAL: 593
042905-22:00:06,pshrprod1,0,593,	TOTAL: 593
042905-23:00:05,pshrprod1,0,593,	TOTAL: 593
043005-00:00:04,pshrprod1,0,593,	TOTAL: 593
043005-01:00:04,pshrprod1,0,593,	TOTAL: 593
043005-02:00:04,pshrprod1,0,1516013,	TOTAL: 1516013
043005-03:00:04,pshrprod1,0,1047630,	TOTAL: 1047630
043005-04:00:04,pshrprod1,0,698486,	TOTAL: 698486
043005-05:00:04,pshrprod1,0,299019,	TOTAL: 299019
043005-06:00:04,pshrprod1,0,45618,	TOTAL: 45618
043005-07:00:04,pshrprod1,0,0,	TOTAL: 0
043005-08:00:05,pshrprod1,0,339,	TOTAL: 339
043005-09:00:06,pshrprod1,0,342,	TOTAL: 342
043005-10:00:07,pshrprod1,0,342,	TOTAL: 342
043005-11:00:07,pshrprod1,0,342,	TOTAL: 342
043005-12:00:08,pshrprod1,0,342,	TOTAL: 342
043005-13:00:07,pshrprod1,0,342,	TOTAL: 342
043005-14:00:06,pshrprod1,0,342,	TOTAL: 342
043005-15:00:04,pshrprod1,0,342,	TOTAL: 342
043005-16:00:03,pshrprod1,0,342,	TOTAL: 342
043005-17:00:03,pshrprod1,0,342,	TOTAL: 342
043005-18:00:04,pshrprod1,0,342,	TOTAL: 342
043005-19:00:04,pshrprod1,0,342,	TOTAL: 342
043005-20:00:03,pshrprod1,0,342,	TOTAL: 342
043005-21:00:04,pshrprod1,0,342,	TOTAL: 342
043005-22:00:04,pshrprod1,0,342,	TOTAL: 342
043005-23:00:05,pshrprod1,0,342,	TOTAL: 342
050105-00:00:04,pshrprod1,0,342,	TOTAL: 342
050105-01:00:04,pshrprod1,0,342,	TOTAL: 342
050105-02:00:03,pshrprod1,0,1524365,	TOTAL: 1524365
050105-03:00:04,pshrprod1,0,1089087,	TOTAL: 1089087
050105-04:00:04,pshrprod1,0,693748,	TOTAL: 693748
050105-05:00:04,pshrprod1,0,205396,	TOTAL: 205396
050105-06:00:04,pshrprod1,0,25168,	TOTAL: 25168
050105-07:00:04,pshrprod1,0,0,	TOTAL: 0
050105-08:00:08,pshrprod1,0,342,	TOTAL: 342
050105-09:00:06,pshrprod1,0,342,	TOTAL: 342
050105-10:00:06,pshrprod1,0,342,	TOTAL: 342
050105-11:00:07,pshrprod1,0,342,	TOTAL: 342
050105-12:00:07,pshrprod1,0,342,	TOTAL: 342
050105-13:00:05,pshrprod1,0,342,	TOTAL: 342
050105-14:00:05,pshrprod1,0,342,	TOTAL: 342
050105-15:00:03,pshrprod1,0,342,	TOTAL: 342
050105-16:00:04,pshrprod1,0,342,	TOTAL: 342
050105-17:00:03,pshrprod1,0,342,	TOTAL: 342
050105-18:00:04,pshrprod1,0,342,	TOTAL: 342
050105-19:00:03,pshrprod1,0,342,	TOTAL: 342
050105-20:00:03,pshrprod1,0,342,	TOTAL: 342
050105-21:00:03,pshrprod1,0,342,	TOTAL: 342
050105-22:00:03,pshrprod1,0,342,	TOTAL: 342
050105-23:00:03,pshrprod1,0,342,	TOTAL: 342
050205-00:00:03,pshrprod1,0,342,	TOTAL: 342
050205-01:00:03,pshrprod1,0,342,	TOTAL: 342
050205-02:00:03,pshrprod1,0,0,	TOTAL: 0
050205-03:00:03,pshrprod1,0,0,	TOTAL: 0
050205-04:00:04,pshrprod1,0,0,	TOTAL: 0
050205-05:00:04,pshrprod1,0,0,	TOTAL: 0
050205-06:00:04,pshrprod1,0,0,	TOTAL: 0
050205-07:00:05,pshrprod1,0,339,	TOTAL: 339
050205-08:00:06,pshrprod1,0,342,	TOTAL: 342
050205-09:00:07,pshrprod1,0,342,	TOTAL: 342
050205-10:00:06,pshrprod1,0,342,	TOTAL: 342
050205-11:00:07,pshrprod1,0,342,	TOTAL: 342
050205-12:00:08,pshrprod1,0,342,	TOTAL: 342
050205-13:00:04,pshrprod1,0,342,	TOTAL: 342
050205-14:00:03,pshrprod1,0,342,	TOTAL: 342
050205-15:00:03,pshrprod1,0,342,	TOTAL: 342
050205-17:00:04,pshrprod1,0,594,	TOTAL: 594
050205-18:00:03,pshrprod1,0,594,	TOTAL: 594
050205-19:00:03,pshrprod1,0,594,	TOTAL: 594
050205-20:00:03,pshrprod1,0,594,	TOTAL: 594
050205-21:00:04,pshrprod1,0,594,	TOTAL: 594
050205-22:00:05,pshrprod1,0,594,	TOTAL: 594
050205-23:00:06,pshrprod1,0,594,	TOTAL: 594
050305-00:00:04,pshrprod1,0,594,	TOTAL: 594
050305-01:00:04,pshrprod1,0,594,	TOTAL: 594
050305-02:00:03,pshrprod1,0,0,	TOTAL: 0
050305-03:00:03,pshrprod1,0,0,	TOTAL: 0
050305-04:00:03,pshrprod1,0,0,	TOTAL: 0
050305-05:00:05,pshrprod1,0,0,	TOTAL: 0
050305-06:00:04,pshrprod1,0,0,	TOTAL: 0
050305-07:00:06,pshrprod1,0,339,	TOTAL: 339
050305-08:00:06,pshrprod1,0,341,	TOTAL: 341
050305-09:00:08,pshrprod1,0,341,	TOTAL: 341
050305-10:00:06,pshrprod1,0,341,	TOTAL: 341
050305-11:00:06,pshrprod1,0,341,	TOTAL: 341
050305-12:00:05,pshrprod1,0,341,	TOTAL: 341
050305-13:00:03,pshrprod1,0,341,	TOTAL: 341
050305-14:00:03,pshrprod1,0,341,	TOTAL: 341
050305-15:00:03,pshrprod1,0,341,	TOTAL: 341
050305-16:00:04,pshrprod1,0,341,	TOTAL: 341
050305-17:00:03,pshrprod1,0,341,	TOTAL: 341
050305-18:00:04,pshrprod1,0,341,	TOTAL: 341
050305-19:00:03,pshrprod1,0,341,	TOTAL: 341
050305-20:00:03,pshrprod1,0,341,	TOTAL: 341
050305-21:00:03,pshrprod1,0,341,	TOTAL: 341
050305-22:00:04,pshrprod1,0,341,	TOTAL: 341
050305-23:00:04,pshrprod1,0,341,	TOTAL: 341
050405-00:00:04,pshrprod1,0,341,	TOTAL: 341
050405-01:00:04,pshrprod1,0,341,	TOTAL: 341
050405-02:00:03,pshrprod1,0,0,	TOTAL: 0
050405-03:00:03,pshrprod1,0,0,	TOTAL: 0
050405-04:00:03,pshrprod1,0,0,	TOTAL: 0
050405-05:00:04,pshrprod1,0,0,	TOTAL: 0
050405-06:00:03,pshrprod1,0,0,	TOTAL: 0
050405-07:00:06,pshrprod1,0,339,	TOTAL: 339
050405-08:00:06,pshrprod1,0,341,	TOTAL: 341
050405-09:00:05,pshrprod1,0,341,	TOTAL: 341
050405-10:00:07,pshrprod1,0,341,	TOTAL: 341
050405-11:00:05,pshrprod1,0,341,	TOTAL: 341
050405-12:00:05,pshrprod1,0,341,	TOTAL: 341
050405-13:00:04,pshrprod1,0,341,	TOTAL: 341
050405-14:00:03,pshrprod1,0,341,	TOTAL: 341
050405-15:00:04,pshrprod1,0,341,	TOTAL: 341
050405-16:00:03,pshrprod1,0,341,	TOTAL: 341
050405-17:00:04,pshrprod1,0,341,	TOTAL: 341
050405-18:00:04,pshrprod1,0,341,	TOTAL: 341
050405-19:00:05,pshrprod1,0,341,	TOTAL: 341
050405-20:00:05,pshrprod1,0,341,	TOTAL: 341
050405-21:00:03,pshrprod1,0,341,	TOTAL: 341
050405-22:00:04,pshrprod1,0,341,	TOTAL: 341
050405-23:00:05,pshrprod1,0,341,	TOTAL: 341
050505-00:00:04,pshrprod1,0,341,	TOTAL: 341
050505-01:00:03,pshrprod1,0,341,	TOTAL: 341
050505-02:00:03,pshrprod1,0,0,	TOTAL: 0
050505-03:00:03,pshrprod1,0,0,	TOTAL: 0
050505-04:00:03,pshrprod1,0,0,	TOTAL: 0
050505-05:00:04,pshrprod1,0,0,	TOTAL: 0
050505-06:00:03,pshrprod1,0,0,	TOTAL: 0
050505-07:00:05,pshrprod1,0,257,	TOTAL: 257
050505-08:00:05,pshrprod1,0,339,	TOTAL: 339
050505-09:00:04,pshrprod1,0,342,	TOTAL: 342
050505-10:00:04,pshrprod1,0,342,	TOTAL: 342
050505-11:00:05,pshrprod1,0,342,	TOTAL: 342
050505-12:00:05,pshrprod1,0,342,	TOTAL: 342
050505-13:00:04,pshrprod1,0,342,	TOTAL: 342
050505-14:00:05,pshrprod1,0,342,	TOTAL: 342
050505-15:00:04,pshrprod1,0,342,	TOTAL: 342
050505-16:00:03,pshrprod1,0,342,	TOTAL: 342
050505-17:00:03,pshrprod1,0,342,	TOTAL: 342
050505-18:00:03,pshrprod1,0,342,	TOTAL: 342
050505-19:00:03,pshrprod1,0,342,	TOTAL: 342
050505-20:00:03,pshrprod1,0,342,	TOTAL: 342
050505-21:00:03,pshrprod1,0,342,	TOTAL: 342
050505-22:00:03,pshrprod1,0,342,	TOTAL: 342
050505-23:00:04,pshrprod1,0,342,	TOTAL: 342
050605-00:00:03,pshrprod1,0,342,	TOTAL: 342
050605-01:00:03,pshrprod1,0,342,	TOTAL: 342
050605-02:00:03,pshrprod1,0,0,	TOTAL: 0
050605-03:00:03,pshrprod1,0,0,	TOTAL: 0
050605-04:00:03,pshrprod1,0,0,	TOTAL: 0
050605-05:00:03,pshrprod1,0,0,	TOTAL: 0
050605-06:00:03,pshrprod1,0,0,	TOTAL: 0
050605-07:00:03,pshrprod1,0,257,	TOTAL: 257
050605-08:00:03,pshrprod1,0,257,	TOTAL: 257
050605-09:00:04,pshrprod1,0,257,	TOTAL: 257
050605-10:00:03,pshrprod1,0,257,	TOTAL: 257
050605-11:00:04,pshrprod1,0,257,	TOTAL: 257
050605-12:00:04,pshrprod1,0,257,	TOTAL: 257
050605-13:00:04,pshrprod1,0,257,	TOTAL: 257
050605-14:00:03,pshrprod1,0,257,	TOTAL: 257
050605-15:00:08,pshrprod1,0,340,	TOTAL: 340
050605-16:00:11,pshrprod1,0,342,	TOTAL: 342
050605-17:00:07,pshrprod1,0,342,	TOTAL: 342
050605-18:00:06,pshrprod1,0,342,	TOTAL: 342
050605-19:00:07,pshrprod1,0,342,	TOTAL: 342
050605-20:00:04,pshrprod1,0,342,	TOTAL: 342
050605-21:00:03,pshrprod1,0,342,	TOTAL: 342
050605-22:00:05,pshrprod1,0,342,	TOTAL: 342
050605-23:00:04,pshrprod1,0,342,	TOTAL: 342
050705-00:00:04,pshrprod1,0,342,	TOTAL: 342
050705-01:00:04,pshrprod1,0,342,	TOTAL: 342
050705-02:00:04,pshrprod1,0,1516632,	TOTAL: 1516632
050705-03:00:04,pshrprod1,0,1078469,	TOTAL: 1078469
050705-04:00:04,pshrprod1,0,712560,	TOTAL: 712560
050705-05:00:04,pshrprod1,0,260046,	TOTAL: 260046
050705-06:00:05,pshrprod1,0,27585,	TOTAL: 27585
050705-07:00:04,pshrprod1,0,0,	TOTAL: 0
050705-08:00:07,pshrprod1,0,341,	TOTAL: 341
050705-09:00:05,pshrprod1,0,341,	TOTAL: 341
050705-10:00:08,pshrprod1,0,341,	TOTAL: 341
050705-11:00:06,pshrprod1,0,341,	TOTAL: 341
050705-12:00:06,pshrprod1,0,341,	TOTAL: 341
050705-13:00:06,pshrprod1,0,341,	TOTAL: 341
050705-14:00:05,pshrprod1,0,341,	TOTAL: 341
050705-15:00:04,pshrprod1,0,341,	TOTAL: 341
050705-16:00:03,pshrprod1,0,341,	TOTAL: 341
050705-17:00:03,pshrprod1,0,341,	TOTAL: 341
050705-18:00:03,pshrprod1,0,341,	TOTAL: 341
050705-19:00:04,pshrprod1,0,341,	TOTAL: 341
050705-20:00:03,pshrprod1,0,341,	TOTAL: 341
050705-21:00:03,pshrprod1,0,341,	TOTAL: 341
050705-22:00:05,pshrprod1,0,341,	TOTAL: 341
050705-23:00:04,pshrprod1,0,341,	TOTAL: 341
050805-00:00:04,pshrprod1,0,341,	TOTAL: 341
050805-01:00:05,pshrprod1,0,341,	TOTAL: 341
050805-02:00:04,pshrprod1,0,1512741,	TOTAL: 1512741
050805-03:00:04,pshrprod1,0,1036769,	TOTAL: 1036769
050805-04:00:05,pshrprod1,0,629132,	TOTAL: 629132
050805-05:00:05,pshrprod1,0,178218,	TOTAL: 178218
050805-06:00:03,pshrprod1,0,4291,	TOTAL: 4291
050805-07:00:04,pshrprod1,0,257,	TOTAL: 257
050805-08:00:08,pshrprod1,0,341,	TOTAL: 341
050805-09:00:07,pshrprod1,0,341,	TOTAL: 341
050805-10:00:06,pshrprod1,0,341,	TOTAL: 341
050805-11:00:05,pshrprod1,0,341,	TOTAL: 341
050805-12:00:06,pshrprod1,0,341,	TOTAL: 341
050805-13:00:05,pshrprod1,0,341,	TOTAL: 341
050805-14:00:03,pshrprod1,0,341,	TOTAL: 341
050805-15:00:03,pshrprod1,0,341,	TOTAL: 341
050805-16:00:03,pshrprod1,0,341,	TOTAL: 341
050805-17:00:03,pshrprod1,0,341,	TOTAL: 341
050805-18:00:04,pshrprod1,0,341,	TOTAL: 341
050805-19:00:03,pshrprod1,0,341,	TOTAL: 341
050805-20:00:03,pshrprod1,0,341,	TOTAL: 341
050805-21:00:03,pshrprod1,0,341,	TOTAL: 341
050805-22:00:04,pshrprod1,0,341,	TOTAL: 341
050805-23:00:03,pshrprod1,0,341,	TOTAL: 341
050905-00:00:04,pshrprod1,0,341,	TOTAL: 341
050905-01:00:03,pshrprod1,0,341,	TOTAL: 341
050905-02:00:04,pshrprod1,0,0,	TOTAL: 0
050905-03:00:03,pshrprod1,0,0,	TOTAL: 0
050905-04:00:03,pshrprod1,0,0,	TOTAL: 0
050905-05:00:05,pshrprod1,0,0,	TOTAL: 0
050905-06:00:04,pshrprod1,0,0,	TOTAL: 0
050905-07:00:05,pshrprod1,0,257,	TOTAL: 257
050905-08:00:07,pshrprod1,0,342,	TOTAL: 342
050905-09:00:07,pshrprod1,0,342,	TOTAL: 342
050905-10:00:08,pshrprod1,0,342,	TOTAL: 342
050905-11:00:07,pshrprod1,0,342,	TOTAL: 342
050905-12:00:06,pshrprod1,0,342,	TOTAL: 342
050905-13:00:04,pshrprod1,0,342,	TOTAL: 342
050905-14:00:03,pshrprod1,0,342,	TOTAL: 342
050905-15:00:04,pshrprod1,0,342,	TOTAL: 342
050905-16:00:04,pshrprod1,0,342,	TOTAL: 342
050905-17:00:04,pshrprod1,0,342,	TOTAL: 342
050905-18:00:03,pshrprod1,0,342,	TOTAL: 342
050905-19:00:04,pshrprod1,0,342,	TOTAL: 342
050905-20:00:04,pshrprod1,0,342,	TOTAL: 342
050905-21:00:03,pshrprod1,0,342,	TOTAL: 342
050905-22:00:03,pshrprod1,0,342,	TOTAL: 342
050905-23:00:04,pshrprod1,0,342,	TOTAL: 342
051005-00:00:04,pshrprod1,0,342,	TOTAL: 342
051005-01:00:04,pshrprod1,0,342,	TOTAL: 342
051005-02:00:03,pshrprod1,0,0,	TOTAL: 0
051005-03:00:04,pshrprod1,0,0,	TOTAL: 0
051005-04:00:03,pshrprod1,0,0,	TOTAL: 0
051005-05:00:04,pshrprod1,0,0,	TOTAL: 0
051005-06:00:05,pshrprod1,0,0,	TOTAL: 0
051005-07:00:06,pshrprod1,0,339,	TOTAL: 339
051005-08:00:08,pshrprod1,0,342,	TOTAL: 342
051005-09:00:08,pshrprod1,0,342,	TOTAL: 342
051005-10:00:07,pshrprod1,0,342,	TOTAL: 342
051005-11:00:07,pshrprod1,0,342,	TOTAL: 342
051005-12:00:05,pshrprod1,0,342,	TOTAL: 342
051005-13:00:05,pshrprod1,0,342,	TOTAL: 342
051005-14:00:04,pshrprod1,0,342,	TOTAL: 342
051005-15:00:04,pshrprod1,0,342,	TOTAL: 342
051005-16:00:03,pshrprod1,0,342,	TOTAL: 342
051005-17:00:03,pshrprod1,0,342,	TOTAL: 342
051005-18:00:03,pshrprod1,0,342,	TOTAL: 342
051005-19:00:04,pshrprod1,0,342,	TOTAL: 342
051005-20:00:03,pshrprod1,0,342,	TOTAL: 342
051005-21:00:04,pshrprod1,0,342,	TOTAL: 342
051005-22:00:04,pshrprod1,0,342,	TOTAL: 342
051005-23:00:04,pshrprod1,0,342,	TOTAL: 342
051105-00:00:04,pshrprod1,0,342,	TOTAL: 342
051105-01:00:04,pshrprod1,0,342,	TOTAL: 342
051105-02:00:04,pshrprod1,0,0,	TOTAL: 0
051105-03:00:04,pshrprod1,0,0,	TOTAL: 0
051105-04:00:04,pshrprod1,0,0,	TOTAL: 0
051105-05:00:05,pshrprod1,0,0,	TOTAL: 0
051105-06:00:04,pshrprod1,0,0,	TOTAL: 0
051105-07:00:07,pshrprod1,0,339,	TOTAL: 339
051105-08:00:07,pshrprod1,0,342,	TOTAL: 342
051105-09:00:07,pshrprod1,0,342,	TOTAL: 342
051105-10:00:04,pshrprod1,0,342,	TOTAL: 342
051105-11:00:04,pshrprod1,0,342,	TOTAL: 342
051105-12:00:06,pshrprod1,0,342,	TOTAL: 342
051105-13:00:05,pshrprod1,0,342,	TOTAL: 342
051105-14:00:04,pshrprod1,0,342,	TOTAL: 342
051105-15:00:03,pshrprod1,0,342,	TOTAL: 342
051105-16:00:03,pshrprod1,0,342,	TOTAL: 342
051105-17:00:03,pshrprod1,0,342,	TOTAL: 342
051105-18:00:03,pshrprod1,0,342,	TOTAL: 342
051105-19:00:03,pshrprod1,0,342,	TOTAL: 342
051105-20:00:03,pshrprod1,0,342,	TOTAL: 342
051105-21:00:03,pshrprod1,0,342,	TOTAL: 342
051105-22:00:05,pshrprod1,0,342,	TOTAL: 342
051105-23:00:05,pshrprod1,0,342,	TOTAL: 342
051205-00:00:03,pshrprod1,0,342,	TOTAL: 342
051205-01:00:03,pshrprod1,0,342,	TOTAL: 342
051205-02:00:04,pshrprod1,0,0,	TOTAL: 0
051205-03:00:03,pshrprod1,0,0,	TOTAL: 0
051205-04:00:04,pshrprod1,0,0,	TOTAL: 0
051205-05:00:04,pshrprod1,0,0,	TOTAL: 0
051205-06:00:05,pshrprod1,0,0,	TOTAL: 0
051205-07:00:06,pshrprod1,0,337,	TOTAL: 337
051205-08:00:07,pshrprod1,0,341,	TOTAL: 341
051205-09:00:07,pshrprod1,0,341,	TOTAL: 341
051205-10:00:05,pshrprod1,0,341,	TOTAL: 341
051205-11:00:05,pshrprod1,0,341,	TOTAL: 341
051205-12:00:03,pshrprod1,0,341,	TOTAL: 341
051205-13:00:03,pshrprod1,0,341,	TOTAL: 341
051205-14:00:04,pshrprod1,0,341,	TOTAL: 341
051205-15:00:05,pshrprod1,0,341,	TOTAL: 341
051205-16:00:04,pshrprod1,0,341,	TOTAL: 341
051205-17:00:05,pshrprod1,0,341,	TOTAL: 341
051205-18:00:05,pshrprod1,0,341,	TOTAL: 341
051205-19:00:06,pshrprod1,0,341,	TOTAL: 341
051205-20:00:05,pshrprod1,0,341,	TOTAL: 341
051205-21:00:04,pshrprod1,0,341,	TOTAL: 341
051205-22:00:03,pshrprod1,0,341,	TOTAL: 341
051205-23:00:06,pshrprod1,0,341,	TOTAL: 341
051305-00:00:04,pshrprod1,0,341,	TOTAL: 341
051305-01:00:05,pshrprod1,0,341,	TOTAL: 341
051305-02:00:04,pshrprod1,0,0,	TOTAL: 0
051305-03:00:04,pshrprod1,0,0,	TOTAL: 0
051305-04:00:05,pshrprod1,0,0,	TOTAL: 0
051305-05:00:06,pshrprod1,0,0,	TOTAL: 0
051305-06:00:05,pshrprod1,0,0,	TOTAL: 0
051305-07:00:07,pshrprod1,0,257,	TOTAL: 257
051305-08:00:06,pshrprod1,0,257,	TOTAL: 257
051305-09:00:05,pshrprod1,0,257,	TOTAL: 257
051305-10:00:07,pshrprod1,0,257,	TOTAL: 257
051305-11:00:06,pshrprod1,0,341,	TOTAL: 341
051305-12:00:06,pshrprod1,0,341,	TOTAL: 341
051305-13:00:06,pshrprod1,0,341,	TOTAL: 341
051305-14:00:04,pshrprod1,0,341,	TOTAL: 341
051305-15:00:06,pshrprod1,0,341,	TOTAL: 341
051305-16:00:06,pshrprod1,0,341,	TOTAL: 341
051305-17:00:04,pshrprod1,0,341,	TOTAL: 341
051305-18:00:03,pshrprod1,0,341,	TOTAL: 341
051305-19:00:03,pshrprod1,0,341,	TOTAL: 341
051305-20:00:03,pshrprod1,0,341,	TOTAL: 341
051305-21:00:03,pshrprod1,0,341,	TOTAL: 341
051305-22:00:04,pshrprod1,0,341,	TOTAL: 341
051305-23:00:04,pshrprod1,0,341,	TOTAL: 341
051405-00:00:06,pshrprod1,0,341,	TOTAL: 341
051405-01:00:04,pshrprod1,0,341,	TOTAL: 341
051405-02:00:03,pshrprod1,0,1528862,	TOTAL: 1528862
051405-03:00:04,pshrprod1,0,1062127,	TOTAL: 1062127
051405-04:00:04,pshrprod1,0,688122,	TOTAL: 688122
051405-05:00:03,pshrprod1,0,252915,	TOTAL: 252915
051405-06:00:04,pshrprod1,0,47098,	TOTAL: 47098
051405-07:00:04,pshrprod1,0,0,	TOTAL: 0
051405-08:00:04,pshrprod1,0,257,	TOTAL: 257
051405-09:00:08,pshrprod1,0,339,	TOTAL: 339
051405-10:00:07,pshrprod1,0,342,	TOTAL: 342
051405-11:00:07,pshrprod1,0,342,	TOTAL: 342
051405-12:00:05,pshrprod1,0,342,	TOTAL: 342
051405-13:00:07,pshrprod1,0,342,	TOTAL: 342
051405-14:00:05,pshrprod1,0,342,	TOTAL: 342
051405-15:00:05,pshrprod1,0,342,	TOTAL: 342
051405-16:00:05,pshrprod1,0,342,	TOTAL: 342
051405-17:00:05,pshrprod1,0,342,	TOTAL: 342
051405-18:00:04,pshrprod1,0,342,	TOTAL: 342
051405-19:00:04,pshrprod1,0,342,	TOTAL: 342
051405-20:00:04,pshrprod1,0,342,	TOTAL: 342
051405-21:00:04,pshrprod1,0,342,	TOTAL: 342
051405-22:00:03,pshrprod1,0,342,	TOTAL: 342
051405-23:00:04,pshrprod1,0,342,	TOTAL: 342
051505-00:00:04,pshrprod1,0,342,	TOTAL: 342
051505-01:00:05,pshrprod1,0,342,	TOTAL: 342
051505-02:00:04,pshrprod1,0,1522470,	TOTAL: 1522470
051505-03:00:04,pshrprod1,0,1032120,	TOTAL: 1032120
051505-04:00:03,pshrprod1,0,639404,	TOTAL: 639404
051505-05:00:05,pshrprod1,0,200840,	TOTAL: 200840
051505-06:00:04,pshrprod1,0,30154,	TOTAL: 30154
051505-07:00:06,pshrprod1,0,257,	TOTAL: 257
051505-08:00:06,pshrprod1,0,342,	TOTAL: 342
051505-09:00:07,pshrprod1,0,342,	TOTAL: 342
051505-10:00:06,pshrprod1,0,342,	TOTAL: 342
051505-11:00:07,pshrprod1,0,342,	TOTAL: 342
051505-12:00:07,pshrprod1,0,342,	TOTAL: 342
051505-13:00:05,pshrprod1,0,342,	TOTAL: 342
051505-14:00:05,pshrprod1,0,342,	TOTAL: 342
051505-15:00:04,pshrprod1,0,342,	TOTAL: 342
051505-16:00:03,pshrprod1,0,342,	TOTAL: 342
051505-17:00:04,pshrprod1,0,342,	TOTAL: 342
051505-18:00:03,pshrprod1,0,342,	TOTAL: 342
051505-19:00:04,pshrprod1,0,342,	TOTAL: 342
051505-20:00:04,pshrprod1,0,342,	TOTAL: 342
051505-21:00:03,pshrprod1,0,342,	TOTAL: 342
051505-22:00:04,pshrprod1,0,342,	TOTAL: 342
051505-23:00:03,pshrprod1,0,342,	TOTAL: 342
051605-00:00:03,pshrprod1,0,342,	TOTAL: 342
051605-01:00:05,pshrprod1,0,342,	TOTAL: 342
051605-02:00:03,pshrprod1,0,0,	TOTAL: 0
051605-03:00:03,pshrprod1,0,0,	TOTAL: 0
051605-04:00:03,pshrprod1,0,0,	TOTAL: 0
051605-05:00:04,pshrprod1,0,0,	TOTAL: 0
051605-06:00:05,pshrprod1,0,0,	TOTAL: 0
051605-07:00:04,pshrprod1,0,340,	TOTAL: 340
051605-08:00:05,pshrprod1,0,343,	TOTAL: 343
051605-09:00:07,pshrprod1,0,343,	TOTAL: 343
051605-10:00:06,pshrprod1,0,343,	TOTAL: 343
051605-11:00:06,pshrprod1,0,343,	TOTAL: 343
051605-12:00:06,pshrprod1,0,343,	TOTAL: 343
051605-13:00:05,pshrprod1,0,343,	TOTAL: 343
051605-14:00:04,pshrprod1,0,343,	TOTAL: 343
051605-15:00:04,pshrprod1,0,343,	TOTAL: 343
051605-16:00:04,pshrprod1,0,343,	TOTAL: 343
051605-17:00:04,pshrprod1,0,343,	TOTAL: 343
051605-18:00:04,pshrprod1,0,343,	TOTAL: 343
051605-19:00:04,pshrprod1,0,343,	TOTAL: 343
051605-20:00:04,pshrprod1,0,343,	TOTAL: 343
051605-21:00:04,pshrprod1,0,343,	TOTAL: 343
051605-22:00:05,pshrprod1,0,343,	TOTAL: 343
051605-23:00:04,pshrprod1,0,343,	TOTAL: 343
051705-00:00:04,pshrprod1,0,343,	TOTAL: 343
051705-01:00:05,pshrprod1,0,343,	TOTAL: 343
051705-02:00:03,pshrprod1,0,0,	TOTAL: 0
051705-03:00:04,pshrprod1,0,0,	TOTAL: 0
051705-04:00:04,pshrprod1,0,0,	TOTAL: 0
051705-05:00:05,pshrprod1,0,0,	TOTAL: 0
051705-06:00:05,pshrprod1,0,0,	TOTAL: 0
051705-07:00:06,pshrprod1,0,339,	TOTAL: 339
051705-08:00:04,pshrprod1,0,342,	TOTAL: 342
051705-09:00:04,pshrprod1,0,342,	TOTAL: 342
051705-10:00:04,pshrprod1,0,342,	TOTAL: 342
051705-11:00:04,pshrprod1,0,342,	TOTAL: 342
051705-12:00:06,pshrprod1,0,342,	TOTAL: 342
051705-13:00:05,pshrprod1,0,342,	TOTAL: 342
051705-14:00:05,pshrprod1,0,342,	TOTAL: 342
051705-15:00:06,pshrprod1,0,342,	TOTAL: 342
051705-16:00:06,pshrprod1,0,342,	TOTAL: 342
051705-17:00:05,pshrprod1,0,342,	TOTAL: 342
051705-18:00:06,pshrprod1,0,342,	TOTAL: 342
051705-19:00:05,pshrprod1,0,342,	TOTAL: 342
051705-20:00:04,pshrprod1,0,342,	TOTAL: 342
051705-21:00:04,pshrprod1,0,342,	TOTAL: 342
051705-22:00:05,pshrprod1,0,342,	TOTAL: 342
051705-23:00:05,pshrprod1,0,342,	TOTAL: 342
051805-00:00:04,pshrprod1,0,342,	TOTAL: 342
051805-01:00:04,pshrprod1,0,342,	TOTAL: 342
051805-02:00:03,pshrprod1,0,0,	TOTAL: 0
051805-03:00:04,pshrprod1,0,0,	TOTAL: 0
051805-04:00:04,pshrprod1,0,0,	TOTAL: 0
051805-05:00:06,pshrprod1,0,0,	TOTAL: 0
051805-06:00:06,pshrprod1,0,0,	TOTAL: 0
051805-07:00:06,pshrprod1,0,257,	TOTAL: 257
051805-08:00:06,pshrprod1,0,257,	TOTAL: 257
051805-09:00:05,pshrprod1,0,257,	TOTAL: 257
051805-10:00:05,pshrprod1,0,257,	TOTAL: 257
051805-11:00:05,pshrprod1,0,257,	TOTAL: 257
051805-12:00:04,pshrprod1,0,257,	TOTAL: 257
051805-13:00:03,pshrprod1,0,257,	TOTAL: 257
051805-14:00:04,pshrprod1,0,257,	TOTAL: 257
051805-15:00:05,pshrprod1,0,257,	TOTAL: 257
051805-16:00:08,pshrprod1,0,340,	TOTAL: 340
051805-17:00:07,pshrprod1,0,343,	TOTAL: 343
051805-18:00:07,pshrprod1,0,343,	TOTAL: 343
051805-19:00:06,pshrprod1,0,343,	TOTAL: 343
051805-20:00:06,pshrprod1,0,343,	TOTAL: 343
051805-21:00:05,pshrprod1,0,343,	TOTAL: 343
051805-22:00:05,pshrprod1,0,343,	TOTAL: 343
051805-23:00:04,pshrprod1,0,343,	TOTAL: 343
051905-00:00:04,pshrprod1,0,343,	TOTAL: 343
051905-01:00:04,pshrprod1,0,343,	TOTAL: 343
051905-02:00:03,pshrprod1,0,0,	TOTAL: 0
051905-03:00:04,pshrprod1,0,0,	TOTAL: 0
051905-04:00:04,pshrprod1,0,0,	TOTAL: 0
051905-05:00:04,pshrprod1,0,0,	TOTAL: 0
051905-06:00:04,pshrprod1,0,0,	TOTAL: 0
051905-07:00:07,pshrprod1,0,340,	TOTAL: 340
051905-08:00:09,pshrprod1,0,342,	TOTAL: 342
051905-09:00:07,pshrprod1,0,342,	TOTAL: 342
051905-10:00:08,pshrprod1,0,342,	TOTAL: 342
051905-11:00:07,pshrprod1,0,342,	TOTAL: 342
051905-12:00:06,pshrprod1,0,342,	TOTAL: 342
051905-13:00:05,pshrprod1,0,342,	TOTAL: 342
051905-14:00:03,pshrprod1,0,342,	TOTAL: 342
051905-15:00:04,pshrprod1,0,342,	TOTAL: 342
051905-16:00:03,pshrprod1,0,342,	TOTAL: 342
051905-17:00:03,pshrprod1,0,342,	TOTAL: 342
051905-18:00:03,pshrprod1,0,342,	TOTAL: 342
051905-19:00:04,pshrprod1,0,342,	TOTAL: 342
051905-20:00:04,pshrprod1,0,342,	TOTAL: 342
051905-21:00:03,pshrprod1,0,342,	TOTAL: 342
051905-22:00:05,pshrprod1,0,342,	TOTAL: 342
051905-23:00:04,pshrprod1,0,342,	TOTAL: 342
052005-00:00:04,pshrprod1,0,342,	TOTAL: 342
052005-01:00:04,pshrprod1,0,342,	TOTAL: 342
052005-02:00:03,pshrprod1,0,0,	TOTAL: 0
052005-03:00:04,pshrprod1,0,0,	TOTAL: 0
052005-04:00:04,pshrprod1,0,0,	TOTAL: 0
052005-05:00:05,pshrprod1,0,0,	TOTAL: 0
052005-06:00:06,pshrprod1,0,0,	TOTAL: 0
052005-07:00:08,pshrprod1,0,339,	TOTAL: 339
052005-08:00:09,pshrprod1,0,341,	TOTAL: 341
052005-09:00:07,pshrprod1,0,341,	TOTAL: 341
052005-10:00:06,pshrprod1,0,341,	TOTAL: 341
052005-11:00:06,pshrprod1,0,341,	TOTAL: 341
052005-12:00:05,pshrprod1,0,341,	TOTAL: 341
052005-13:00:05,pshrprod1,0,341,	TOTAL: 341
052005-14:00:03,pshrprod1,0,341,	TOTAL: 341
052005-15:00:04,pshrprod1,0,341,	TOTAL: 341
052005-16:00:03,pshrprod1,0,341,	TOTAL: 341
052005-17:00:03,pshrprod1,0,341,	TOTAL: 341
052005-18:00:04,pshrprod1,0,341,	TOTAL: 341
052005-19:00:03,pshrprod1,0,341,	TOTAL: 341
052005-20:00:03,pshrprod1,0,341,	TOTAL: 341
052005-21:00:03,pshrprod1,0,341,	TOTAL: 341
052005-22:00:04,pshrprod1,0,341,	TOTAL: 341
052005-23:00:04,pshrprod1,0,341,	TOTAL: 341
052105-00:00:04,pshrprod1,0,341,	TOTAL: 341
052105-01:00:04,pshrprod1,0,341,	TOTAL: 341
052105-02:00:04,pshrprod1,0,1529837,	TOTAL: 1529837
052105-03:00:03,pshrprod1,0,1079779,	TOTAL: 1079779
052105-04:00:04,pshrprod1,0,693124,	TOTAL: 693124
052105-05:00:04,pshrprod1,0,246161,	TOTAL: 246161
052105-06:00:03,pshrprod1,0,44911,	TOTAL: 44911
052105-07:00:03,pshrprod1,0,0,	TOTAL: 0
052105-08:00:05,pshrprod1,0,341,	TOTAL: 341
052105-09:00:05,pshrprod1,0,343,	TOTAL: 343
052105-10:00:07,pshrprod1,0,343,	TOTAL: 343
052105-11:00:05,pshrprod1,0,343,	TOTAL: 343
052105-12:00:08,pshrprod1,0,343,	TOTAL: 343
052105-13:00:06,pshrprod1,0,343,	TOTAL: 343
052105-14:00:06,pshrprod1,0,343,	TOTAL: 343
052105-15:00:05,pshrprod1,0,343,	TOTAL: 343
052105-16:00:05,pshrprod1,0,343,	TOTAL: 343
052105-17:00:03,pshrprod1,0,343,	TOTAL: 343
052105-18:00:03,pshrprod1,0,343,	TOTAL: 343
052105-19:00:03,pshrprod1,0,343,	TOTAL: 343
052105-20:00:04,pshrprod1,0,343,	TOTAL: 343
052105-21:00:04,pshrprod1,0,343,	TOTAL: 343
052105-22:00:05,pshrprod1,0,343,	TOTAL: 343
052105-23:00:04,pshrprod1,0,343,	TOTAL: 343
052205-00:00:04,pshrprod1,0,343,	TOTAL: 343
052205-01:00:04,pshrprod1,0,343,	TOTAL: 343
052205-02:00:03,pshrprod1,0,1524417,	TOTAL: 1524417
052205-03:00:03,pshrprod1,0,1036943,	TOTAL: 1036943
052205-04:00:03,pshrprod1,0,644826,	TOTAL: 644826
052205-05:00:04,pshrprod1,0,225238,	TOTAL: 225238
052205-06:00:04,pshrprod1,0,27674,	TOTAL: 27674
052205-07:00:06,pshrprod1,0,257,	TOTAL: 257
052205-08:00:07,pshrprod1,0,342,	TOTAL: 342
052205-09:00:06,pshrprod1,0,342,	TOTAL: 342
052205-10:00:06,pshrprod1,0,342,	TOTAL: 342
052205-11:00:06,pshrprod1,0,342,	TOTAL: 342
052205-12:00:06,pshrprod1,0,342,	TOTAL: 342
052205-13:00:05,pshrprod1,0,342,	TOTAL: 342
052205-14:00:05,pshrprod1,0,342,	TOTAL: 342
052205-15:00:04,pshrprod1,0,342,	TOTAL: 342
052205-16:00:04,pshrprod1,0,342,	TOTAL: 342
052205-17:00:03,pshrprod1,0,342,	TOTAL: 342
052205-18:00:03,pshrprod1,0,342,	TOTAL: 342
052205-19:00:03,pshrprod1,0,342,	TOTAL: 342
052205-20:00:03,pshrprod1,0,342,	TOTAL: 342
052205-21:00:04,pshrprod1,0,342,	TOTAL: 342
052205-22:00:04,pshrprod1,0,342,	TOTAL: 342
052205-23:00:04,pshrprod1,0,342,	TOTAL: 342
052305-00:00:03,pshrprod1,0,342,	TOTAL: 342
052305-01:00:04,pshrprod1,0,342,	TOTAL: 342
052305-02:00:03,pshrprod1,0,0,	TOTAL: 0
052305-03:00:04,pshrprod1,0,0,	TOTAL: 0
052305-04:00:04,pshrprod1,0,0,	TOTAL: 0
052305-05:00:04,pshrprod1,0,0,	TOTAL: 0
052305-06:00:06,pshrprod1,0,0,	TOTAL: 0
052305-07:00:07,pshrprod1,0,257,	TOTAL: 257
052305-08:00:06,pshrprod1,0,341,	TOTAL: 341
