030805-15:00:06,srvr20u01,0,36,	TOTAL: 36
030805-16:00:05,srvr20u01,0,36,	TOTAL: 36
030805-17:00:05,srvr20u01,0,36,	TOTAL: 36
030805-18:00:05,srvr20u01,0,36,	TOTAL: 36
030805-19:00:04,srvr20u01,0,36,	TOTAL: 36
030805-20:00:04,srvr20u01,0,36,	TOTAL: 36
030805-21:00:04,srvr20u01,0,36,	TOTAL: 36
030805-22:00:05,srvr20u01,0,36,	TOTAL: 36
030805-23:00:06,srvr20u01,0,36,	TOTAL: 36
030905-00:00:05,srvr20u01,0,36,	TOTAL: 36
030905-01:00:05,srvr20u01,0,36,	TOTAL: 36
030905-02:00:04,srvr20u01,0,36,	TOTAL: 36
030905-03:00:05,srvr20u01,0,0,	TOTAL: 0
030905-04:00:04,srvr20u01,0,0,	TOTAL: 0
030905-05:00:06,srvr20u01,0,0,	TOTAL: 0
030905-06:00:05,srvr20u01,0,0,	TOTAL: 0
030905-07:00:07,srvr20u01,0,0,	TOTAL: 0
030905-08:00:09,srvr20u01,0,36,	TOTAL: 36
030905-09:00:08,srvr20u01,0,36,	TOTAL: 36
030905-10:00:08,srvr20u01,0,36,	TOTAL: 36
030905-11:00:08,srvr20u01,0,36,	TOTAL: 36
030905-12:00:08,srvr20u01,0,36,	TOTAL: 36
030905-13:00:07,srvr20u01,0,36,	TOTAL: 36
030905-14:00:07,srvr20u01,0,36,	TOTAL: 36
030905-15:00:05,srvr20u01,0,36,	TOTAL: 36
030905-16:00:04,srvr20u01,0,36,	TOTAL: 36
030905-17:00:04,srvr20u01,0,36,	TOTAL: 36
030905-18:00:04,srvr20u01,0,36,	TOTAL: 36
030905-19:00:04,srvr20u01,0,36,	TOTAL: 36
030905-20:00:04,srvr20u01,0,36,	TOTAL: 36
030905-21:00:04,srvr20u01,0,36,	TOTAL: 36
030905-22:00:05,srvr20u01,0,36,	TOTAL: 36
030905-23:00:06,srvr20u01,0,36,	TOTAL: 36
031005-00:00:04,srvr20u01,0,36,	TOTAL: 36
031005-01:00:05,srvr20u01,0,36,	TOTAL: 36
031005-02:00:04,srvr20u01,0,36,	TOTAL: 36
031005-03:00:05,srvr20u01,0,0,	TOTAL: 0
031005-04:00:04,srvr20u01,0,0,	TOTAL: 0
031005-05:00:06,srvr20u01,0,0,	TOTAL: 0
031005-06:00:05,srvr20u01,0,0,	TOTAL: 0
031005-07:00:08,srvr20u01,0,0,	TOTAL: 0
031005-08:00:08,srvr20u01,0,36,	TOTAL: 36
031005-09:00:08,srvr20u01,0,36,	TOTAL: 36
031005-10:00:09,srvr20u01,0,36,	TOTAL: 36
031005-11:00:09,srvr20u01,0,36,	TOTAL: 36
031005-12:00:06,srvr20u01,0,36,	TOTAL: 36
031005-13:00:05,srvr20u01,0,36,	TOTAL: 36
031005-14:00:05,srvr20u01,0,36,	TOTAL: 36
031005-15:00:04,srvr20u01,0,36,	TOTAL: 36
031005-16:00:05,srvr20u01,0,36,	TOTAL: 36
031005-17:00:05,srvr20u01,0,36,	TOTAL: 36
031005-18:00:05,srvr20u01,0,36,	TOTAL: 36
031005-19:00:04,srvr20u01,0,36,	TOTAL: 36
031005-20:00:05,srvr20u01,0,36,	TOTAL: 36
031005-21:00:04,srvr20u01,0,36,	TOTAL: 36
031005-22:00:05,srvr20u01,0,36,	TOTAL: 36
031005-23:00:05,srvr20u01,0,36,	TOTAL: 36
031105-00:00:06,srvr20u01,0,36,	TOTAL: 36
031105-01:00:06,srvr20u01,0,36,	TOTAL: 36
031105-02:00:04,srvr20u01,0,36,	TOTAL: 36
031105-03:00:04,srvr20u01,0,0,	TOTAL: 0
031105-04:00:05,srvr20u01,0,0,	TOTAL: 0
031105-05:00:06,srvr20u01,0,0,	TOTAL: 0
031105-06:00:06,srvr20u01,0,0,	TOTAL: 0
031105-07:00:05,srvr20u01,0,0,	TOTAL: 0
031105-08:00:07,srvr20u01,0,32,	TOTAL: 32
031105-09:00:08,srvr20u01,0,32,	TOTAL: 32
031105-10:00:06,srvr20u01,0,32,	TOTAL: 32
031105-11:00:06,srvr20u01,0,32,	TOTAL: 32
031105-12:00:06,srvr20u01,0,32,	TOTAL: 32
031105-13:00:05,srvr20u01,0,32,	TOTAL: 32
031105-14:00:05,srvr20u01,0,32,	TOTAL: 32
031105-15:00:08,srvr20u01,0,36,	TOTAL: 36
031105-16:00:08,srvr20u01,0,36,	TOTAL: 36
031105-17:00:06,srvr20u01,0,36,	TOTAL: 36
031105-18:00:06,srvr20u01,0,36,	TOTAL: 36
031105-19:00:23,srvr20u01,0,36,	TOTAL: 36
031105-20:00:06,srvr20u01,0,36,	TOTAL: 36
031105-21:00:05,srvr20u01,0,36,	TOTAL: 36
031105-22:00:07,srvr20u01,0,36,	TOTAL: 36
031105-23:00:30,srvr20u01,0,36,	TOTAL: 36
031205-00:00:13,srvr20u01,0,36,	TOTAL: 36
031205-01:00:12,srvr20u01,0,36,	TOTAL: 36
031205-02:00:05,srvr20u01,0,36,	TOTAL: 36
031205-03:00:05,srvr20u01,0,1013723,	TOTAL: 1013723
031205-04:00:06,srvr20u01,0,504223,	TOTAL: 504223
031205-05:00:06,srvr20u01,0,115794,	TOTAL: 115794
031205-06:00:05,srvr20u01,0,0,	TOTAL: 0
031205-07:00:07,srvr20u01,0,0,	TOTAL: 0
031205-08:00:09,srvr20u01,0,36,	TOTAL: 36
031205-09:00:10,srvr20u01,0,36,	TOTAL: 36
031205-10:00:09,srvr20u01,0,36,	TOTAL: 36
031205-11:00:11,srvr20u01,0,36,	TOTAL: 36
031205-12:00:07,srvr20u01,0,36,	TOTAL: 36
031205-13:00:06,srvr20u01,0,36,	TOTAL: 36
031205-14:00:05,srvr20u01,0,36,	TOTAL: 36
031205-15:00:05,srvr20u01,0,36,	TOTAL: 36
031205-16:00:05,srvr20u01,0,36,	TOTAL: 36
031205-17:00:05,srvr20u01,0,36,	TOTAL: 36
031205-18:00:05,srvr20u01,0,36,	TOTAL: 36
031205-19:00:05,srvr20u01,0,36,	TOTAL: 36
031205-20:00:05,srvr20u01,0,36,	TOTAL: 36
031205-21:00:04,srvr20u01,0,36,	TOTAL: 36
031205-22:00:06,srvr20u01,0,36,	TOTAL: 36
031205-23:00:05,srvr20u01,0,36,	TOTAL: 36
031305-00:00:05,srvr20u01,0,36,	TOTAL: 36
031305-01:00:06,srvr20u01,0,36,	TOTAL: 36
031305-02:00:06,srvr20u01,0,36,	TOTAL: 36
031305-03:00:05,srvr20u01,0,1046801,	TOTAL: 1046801
031305-04:00:06,srvr20u01,0,664824,	TOTAL: 664824
031305-05:00:05,srvr20u01,0,313135,	TOTAL: 313135
031305-06:00:06,srvr20u01,0,15419,	TOTAL: 15419
031305-07:00:06,srvr20u01,0,0,	TOTAL: 0
031305-08:00:14,srvr20u01,0,36,	TOTAL: 36
031305-09:00:11,srvr20u01,0,36,	TOTAL: 36
031305-10:00:09,srvr20u01,0,36,	TOTAL: 36
031305-11:00:09,srvr20u01,0,36,	TOTAL: 36
031305-12:00:08,srvr20u01,0,36,	TOTAL: 36
031305-13:00:06,srvr20u01,0,36,	TOTAL: 36
031305-14:00:04,srvr20u01,0,36,	TOTAL: 36
031305-15:00:04,srvr20u01,0,36,	TOTAL: 36
031305-16:00:04,srvr20u01,0,36,	TOTAL: 36
031305-17:00:04,srvr20u01,0,36,	TOTAL: 36
031305-18:00:05,srvr20u01,0,36,	TOTAL: 36
031305-19:00:04,srvr20u01,0,36,	TOTAL: 36
031305-20:00:04,srvr20u01,0,36,	TOTAL: 36
031305-21:00:05,srvr20u01,0,36,	TOTAL: 36
031305-22:00:05,srvr20u01,0,36,	TOTAL: 36
031305-23:00:05,srvr20u01,0,36,	TOTAL: 36
031405-00:00:07,srvr20u01,0,36,	TOTAL: 36
031405-01:00:06,srvr20u01,0,36,	TOTAL: 36
031405-02:00:04,srvr20u01,0,36,	TOTAL: 36
031405-03:00:04,srvr20u01,0,0,	TOTAL: 0
031405-04:00:06,srvr20u01,0,0,	TOTAL: 0
031405-05:00:05,srvr20u01,0,0,	TOTAL: 0
031405-06:00:06,srvr20u01,0,0,	TOTAL: 0
031405-07:00:05,srvr20u01,0,0,	TOTAL: 0
031405-08:00:06,srvr20u01,0,36,	TOTAL: 36
031405-09:00:06,srvr20u01,0,36,	TOTAL: 36
031405-10:00:04,srvr20u01,0,36,	TOTAL: 36
031405-11:00:05,srvr20u01,0,36,	TOTAL: 36
031405-12:00:05,srvr20u01,0,36,	TOTAL: 36
031405-13:00:05,srvr20u01,0,36,	TOTAL: 36
031405-14:00:05,srvr20u01,0,36,	TOTAL: 36
031405-15:00:05,srvr20u01,0,36,	TOTAL: 36
031405-16:00:05,srvr20u01,0,36,	TOTAL: 36
031405-17:00:05,srvr20u01,0,36,	TOTAL: 36
031405-18:00:05,srvr20u01,0,36,	TOTAL: 36
031405-19:00:05,srvr20u01,0,36,	TOTAL: 36
031405-20:00:05,srvr20u01,0,36,	TOTAL: 36
031405-21:00:06,srvr20u01,0,36,	TOTAL: 36
031405-22:00:06,srvr20u01,0,36,	TOTAL: 36
031405-23:00:06,srvr20u01,0,36,	TOTAL: 36
031505-00:00:05,srvr20u01,0,36,	TOTAL: 36
031505-01:00:06,srvr20u01,0,36,	TOTAL: 36
031505-02:00:05,srvr20u01,0,36,	TOTAL: 36
031505-03:00:05,srvr20u01,0,0,	TOTAL: 0
031505-04:00:06,srvr20u01,0,0,	TOTAL: 0
031505-05:00:06,srvr20u01,0,0,	TOTAL: 0
031505-06:00:05,srvr20u01,0,0,	TOTAL: 0
031505-07:00:08,srvr20u01,0,0,	TOTAL: 0
031505-08:00:07,srvr20u01,0,36,	TOTAL: 36
031505-09:00:10,srvr20u01,0,36,	TOTAL: 36
031505-10:00:10,srvr20u01,0,36,	TOTAL: 36
031505-11:00:08,srvr20u01,0,36,	TOTAL: 36
031505-12:00:05,srvr20u01,0,36,	TOTAL: 36
031505-13:00:05,srvr20u01,0,36,	TOTAL: 36
031505-14:00:04,srvr20u01,0,36,	TOTAL: 36
031505-15:00:05,srvr20u01,0,36,	TOTAL: 36
031505-16:00:04,srvr20u01,0,36,	TOTAL: 36
031505-17:00:05,srvr20u01,0,36,	TOTAL: 36
031505-18:00:05,srvr20u01,0,36,	TOTAL: 36
031505-19:00:04,srvr20u01,0,36,	TOTAL: 36
031505-20:00:05,srvr20u01,0,36,	TOTAL: 36
031505-21:00:05,srvr20u01,0,36,	TOTAL: 36
031505-22:00:06,srvr20u01,0,36,	TOTAL: 36
031505-23:00:05,srvr20u01,0,36,	TOTAL: 36
031605-00:00:06,srvr20u01,0,36,	TOTAL: 36
031605-01:00:05,srvr20u01,0,36,	TOTAL: 36
031605-02:00:04,srvr20u01,0,36,	TOTAL: 36
031605-03:00:04,srvr20u01,0,1042579,	TOTAL: 1042579
031605-04:00:05,srvr20u01,0,641277,	TOTAL: 641277
031605-05:00:05,srvr20u01,0,279142,	TOTAL: 279142
031605-06:00:05,srvr20u01,0,0,	TOTAL: 0
031605-07:00:07,srvr20u01,0,0,	TOTAL: 0
031605-08:00:06,srvr20u01,0,35,	TOTAL: 35
031605-09:00:09,srvr20u01,0,36,	TOTAL: 36
031605-10:00:08,srvr20u01,0,36,	TOTAL: 36
031605-11:00:08,srvr20u01,0,36,	TOTAL: 36
031605-12:00:08,srvr20u01,0,36,	TOTAL: 36
031605-13:00:06,srvr20u01,0,36,	TOTAL: 36
031605-14:00:04,srvr20u01,0,36,	TOTAL: 36
031605-15:00:04,srvr20u01,0,36,	TOTAL: 36
031605-16:00:04,srvr20u01,0,36,	TOTAL: 36
031605-17:00:05,srvr20u01,0,36,	TOTAL: 36
031605-18:00:05,srvr20u01,0,36,	TOTAL: 36
031605-19:00:05,srvr20u01,0,36,	TOTAL: 36
031605-20:00:05,srvr20u01,0,36,	TOTAL: 36
031605-21:00:05,srvr20u01,0,36,	TOTAL: 36
031605-22:00:05,srvr20u01,0,36,	TOTAL: 36
031605-23:00:05,srvr20u01,0,36,	TOTAL: 36
031705-00:00:05,srvr20u01,0,36,	TOTAL: 36
031705-01:00:05,srvr20u01,0,36,	TOTAL: 36
031705-02:00:04,srvr20u01,0,36,	TOTAL: 36
031705-03:00:04,srvr20u01,0,1058413,	TOTAL: 1058413
031705-04:00:04,srvr20u01,0,737462,	TOTAL: 737462
031705-05:00:05,srvr20u01,0,381980,	TOTAL: 381980
031705-06:00:05,srvr20u01,0,0,	TOTAL: 0
031705-07:00:06,srvr20u01,0,0,	TOTAL: 0
031705-08:00:07,srvr20u01,0,35,	TOTAL: 35
031705-09:00:10,srvr20u01,0,36,	TOTAL: 36
031705-10:00:08,srvr20u01,0,36,	TOTAL: 36
031705-11:00:10,srvr20u01,0,36,	TOTAL: 36
031705-12:00:08,srvr20u01,0,36,	TOTAL: 36
031705-13:00:06,srvr20u01,0,36,	TOTAL: 36
031705-14:00:05,srvr20u01,0,36,	TOTAL: 36
031705-15:00:04,srvr20u01,0,36,	TOTAL: 36
031705-16:00:04,srvr20u01,0,36,	TOTAL: 36
031705-17:00:06,srvr20u01,0,36,	TOTAL: 36
031705-18:00:05,srvr20u01,0,36,	TOTAL: 36
031705-19:00:05,srvr20u01,0,36,	TOTAL: 36
031705-20:00:05,srvr20u01,0,36,	TOTAL: 36
031705-21:00:05,srvr20u01,0,36,	TOTAL: 36
031705-22:00:06,srvr20u01,0,36,	TOTAL: 36
031705-23:00:07,srvr20u01,0,36,	TOTAL: 36
031805-00:00:06,srvr20u01,0,36,	TOTAL: 36
031805-01:00:06,srvr20u01,0,36,	TOTAL: 36
031805-02:00:06,srvr20u01,0,36,	TOTAL: 36
031805-03:00:05,srvr20u01,0,1050635,	TOTAL: 1050635
031805-04:00:05,srvr20u01,0,692538,	TOTAL: 692538
031805-05:00:06,srvr20u01,0,351145,	TOTAL: 351145
031805-06:00:06,srvr20u01,0,0,	TOTAL: 0
031805-07:00:06,srvr20u01,0,0,	TOTAL: 0
031805-08:00:07,srvr20u01,0,34,	TOTAL: 34
031805-09:00:07,srvr20u01,0,36,	TOTAL: 36
031805-10:00:08,srvr20u01,0,36,	TOTAL: 36
031805-11:00:08,srvr20u01,0,36,	TOTAL: 36
031805-12:00:08,srvr20u01,0,36,	TOTAL: 36
031805-13:00:07,srvr20u01,0,36,	TOTAL: 36
031805-14:00:06,srvr20u01,0,36,	TOTAL: 36
031805-15:00:05,srvr20u01,0,36,	TOTAL: 36
031805-16:00:04,srvr20u01,0,36,	TOTAL: 36
031805-17:00:04,srvr20u01,0,36,	TOTAL: 36
031805-18:00:05,srvr20u01,0,36,	TOTAL: 36
031805-19:00:04,srvr20u01,0,36,	TOTAL: 36
031805-20:00:04,srvr20u01,0,36,	TOTAL: 36
031805-21:00:05,srvr20u01,0,36,	TOTAL: 36
031805-22:00:07,srvr20u01,0,36,	TOTAL: 36
031805-23:00:08,srvr20u01,0,36,	TOTAL: 36
031905-00:00:07,srvr20u01,0,36,	TOTAL: 36
031905-01:00:06,srvr20u01,0,36,	TOTAL: 36
031905-02:00:06,srvr20u01,0,36,	TOTAL: 36
031905-03:00:06,srvr20u01,0,1045110,	TOTAL: 1045110
031905-04:00:06,srvr20u01,0,739841,	TOTAL: 739841
031905-05:00:06,srvr20u01,0,400808,	TOTAL: 400808
031905-06:00:07,srvr20u01,0,0,	TOTAL: 0
031905-07:00:06,srvr20u01,0,0,	TOTAL: 0
031905-08:00:08,srvr20u01,0,32,	TOTAL: 32
031905-09:00:08,srvr20u01,0,32,	TOTAL: 32
031905-10:00:10,srvr20u01,0,32,	TOTAL: 32
031905-11:00:12,srvr20u01,0,32,	TOTAL: 32
031905-12:00:10,srvr20u01,0,36,	TOTAL: 36
031905-13:00:08,srvr20u01,0,36,	TOTAL: 36
031905-14:00:09,srvr20u01,0,36,	TOTAL: 36
031905-15:00:06,srvr20u01,0,36,	TOTAL: 36
031905-16:00:06,srvr20u01,0,36,	TOTAL: 36
031905-17:00:05,srvr20u01,0,36,	TOTAL: 36
031905-18:00:06,srvr20u01,0,36,	TOTAL: 36
031905-19:00:06,srvr20u01,0,36,	TOTAL: 36
031905-20:00:06,srvr20u01,0,36,	TOTAL: 36
031905-21:00:05,srvr20u01,0,36,	TOTAL: 36
031905-22:00:07,srvr20u01,0,36,	TOTAL: 36
031905-23:00:06,srvr20u01,0,36,	TOTAL: 36
032005-00:00:06,srvr20u01,0,36,	TOTAL: 36
032005-01:00:05,srvr20u01,0,36,	TOTAL: 36
032005-02:00:05,srvr20u01,0,36,	TOTAL: 36
032005-03:00:05,srvr20u01,0,994869,	TOTAL: 994869
032005-04:00:05,srvr20u01,0,473547,	TOTAL: 473547
032005-05:00:07,srvr20u01,0,29745,	TOTAL: 29745
032005-06:00:06,srvr20u01,0,0,	TOTAL: 0
032005-07:00:06,srvr20u01,0,0,	TOTAL: 0
032005-08:00:06,srvr20u01,0,32,	TOTAL: 32
032005-09:00:07,srvr20u01,0,36,	TOTAL: 36
032005-10:00:07,srvr20u01,0,36,	TOTAL: 36
032005-11:00:06,srvr20u01,0,36,	TOTAL: 36
032005-12:00:06,srvr20u01,0,36,	TOTAL: 36
032005-13:00:05,srvr20u01,0,36,	TOTAL: 36
032005-14:00:04,srvr20u01,0,36,	TOTAL: 36
032005-15:00:04,srvr20u01,0,36,	TOTAL: 36
032005-16:00:05,srvr20u01,0,36,	TOTAL: 36
032005-17:00:05,srvr20u01,0,36,	TOTAL: 36
032005-18:00:04,srvr20u01,0,36,	TOTAL: 36
032005-19:00:05,srvr20u01,0,36,	TOTAL: 36
032005-20:00:05,srvr20u01,0,36,	TOTAL: 36
032005-21:00:04,srvr20u01,0,36,	TOTAL: 36
032005-22:00:05,srvr20u01,0,36,	TOTAL: 36
032005-23:00:05,srvr20u01,0,36,	TOTAL: 36
032105-00:00:04,srvr20u01,0,36,	TOTAL: 36
032105-01:00:05,srvr20u01,0,36,	TOTAL: 36
032105-02:00:05,srvr20u01,0,36,	TOTAL: 36
032105-03:00:05,srvr20u01,0,1021575,	TOTAL: 1021575
032105-04:00:05,srvr20u01,0,558840,	TOTAL: 558840
032105-05:00:05,srvr20u01,0,133174,	TOTAL: 133174
032105-06:00:04,srvr20u01,0,0,	TOTAL: 0
032105-07:00:06,srvr20u01,0,0,	TOTAL: 0
032105-08:00:08,srvr20u01,0,34,	TOTAL: 34
032105-09:00:09,srvr20u01,0,36,	TOTAL: 36
032105-10:00:09,srvr20u01,0,36,	TOTAL: 36
032105-11:00:09,srvr20u01,0,36,	TOTAL: 36
032105-12:00:08,srvr20u01,0,36,	TOTAL: 36
032105-13:00:07,srvr20u01,0,36,	TOTAL: 36
032105-14:00:06,srvr20u01,0,36,	TOTAL: 36
032105-15:00:05,srvr20u01,0,36,	TOTAL: 36
032105-16:00:05,srvr20u01,0,36,	TOTAL: 36
032105-17:00:05,srvr20u01,0,36,	TOTAL: 36
032105-18:00:04,srvr20u01,0,36,	TOTAL: 36
032105-19:00:05,srvr20u01,0,36,	TOTAL: 36
032105-20:00:05,srvr20u01,0,36,	TOTAL: 36
032105-21:00:04,srvr20u01,0,36,	TOTAL: 36
032105-22:00:06,srvr20u01,0,36,	TOTAL: 36
032105-23:00:06,srvr20u01,0,36,	TOTAL: 36
032205-00:00:06,srvr20u01,0,36,	TOTAL: 36
032205-01:00:05,srvr20u01,0,36,	TOTAL: 36
032205-02:00:04,srvr20u01,0,36,	TOTAL: 36
032205-03:00:05,srvr20u01,0,1057572,	TOTAL: 1057572
032205-04:00:05,srvr20u01,0,693328,	TOTAL: 693328
032205-05:00:06,srvr20u01,0,384175,	TOTAL: 384175
032205-06:00:06,srvr20u01,0,0,	TOTAL: 0
032205-07:00:06,srvr20u01,0,0,	TOTAL: 0
032205-08:00:08,srvr20u01,0,35,	TOTAL: 35
032205-09:00:08,srvr20u01,0,36,	TOTAL: 36
032205-10:00:08,srvr20u01,0,36,	TOTAL: 36
032205-11:00:07,srvr20u01,0,36,	TOTAL: 36
032205-12:00:06,srvr20u01,0,36,	TOTAL: 36
032205-13:00:05,srvr20u01,0,36,	TOTAL: 36
032205-14:00:05,srvr20u01,0,36,	TOTAL: 36
032205-15:00:04,srvr20u01,0,36,	TOTAL: 36
032205-16:00:04,srvr20u01,0,36,	TOTAL: 36
032205-17:00:04,srvr20u01,0,36,	TOTAL: 36
032205-18:00:04,srvr20u01,0,36,	TOTAL: 36
032205-19:00:05,srvr20u01,0,36,	TOTAL: 36
032205-20:00:04,srvr20u01,0,36,	TOTAL: 36
032205-21:00:04,srvr20u01,0,36,	TOTAL: 36
032205-22:00:06,srvr20u01,0,36,	TOTAL: 36
032205-23:00:07,srvr20u01,0,36,	TOTAL: 36
032305-00:00:06,srvr20u01,0,36,	TOTAL: 36
032305-01:00:07,srvr20u01,0,36,	TOTAL: 36
032305-02:00:05,srvr20u01,0,36,	TOTAL: 36
032305-03:00:05,srvr20u01,0,0,	TOTAL: 0
032305-04:00:05,srvr20u01,0,0,	TOTAL: 0
032305-05:00:06,srvr20u01,0,0,	TOTAL: 0
032305-06:00:07,srvr20u01,0,0,	TOTAL: 0
032305-07:00:08,srvr20u01,0,0,	TOTAL: 0
032305-08:00:09,srvr20u01,0,36,	TOTAL: 36
032305-09:00:10,srvr20u01,0,36,	TOTAL: 36
032305-10:00:07,srvr20u01,0,36,	TOTAL: 36
032305-11:00:08,srvr20u01,0,36,	TOTAL: 36
032305-12:00:07,srvr20u01,0,36,	TOTAL: 36
032305-13:00:05,srvr20u01,0,36,	TOTAL: 36
032305-14:00:04,srvr20u01,0,36,	TOTAL: 36
032305-15:00:04,srvr20u01,0,36,	TOTAL: 36
032305-16:00:05,srvr20u01,0,36,	TOTAL: 36
032305-17:00:04,srvr20u01,0,36,	TOTAL: 36
032305-18:00:05,srvr20u01,0,36,	TOTAL: 36
032305-19:00:05,srvr20u01,0,36,	TOTAL: 36
032305-20:00:04,srvr20u01,0,36,	TOTAL: 36
032305-21:00:04,srvr20u01,0,36,	TOTAL: 36
032305-22:00:06,srvr20u01,0,36,	TOTAL: 36
032305-23:00:05,srvr20u01,0,36,	TOTAL: 36
032405-00:00:05,srvr20u01,0,36,	TOTAL: 36
032405-01:00:07,srvr20u01,0,36,	TOTAL: 36
032405-02:00:05,srvr20u01,0,36,	TOTAL: 36
032405-03:00:04,srvr20u01,0,0,	TOTAL: 0
032405-04:00:05,srvr20u01,0,0,	TOTAL: 0
032405-05:00:07,srvr20u01,0,0,	TOTAL: 0
032405-06:00:07,srvr20u01,0,0,	TOTAL: 0
032405-07:00:08,srvr20u01,0,0,	TOTAL: 0
032405-08:00:10,srvr20u01,0,36,	TOTAL: 36
032405-09:00:09,srvr20u01,0,36,	TOTAL: 36
032405-10:00:09,srvr20u01,0,36,	TOTAL: 36
032405-11:00:09,srvr20u01,0,36,	TOTAL: 36
032405-12:00:08,srvr20u01,0,36,	TOTAL: 36
032405-13:00:05,srvr20u01,0,36,	TOTAL: 36
032405-14:00:05,srvr20u01,0,36,	TOTAL: 36
032405-15:00:05,srvr20u01,0,36,	TOTAL: 36
032405-16:00:05,srvr20u01,0,36,	TOTAL: 36
032405-17:00:05,srvr20u01,0,36,	TOTAL: 36
032405-18:00:04,srvr20u01,0,36,	TOTAL: 36
032405-19:00:05,srvr20u01,0,36,	TOTAL: 36
032405-20:00:04,srvr20u01,0,36,	TOTAL: 36
032405-21:00:05,srvr20u01,0,36,	TOTAL: 36
032405-22:00:06,srvr20u01,0,36,	TOTAL: 36
032405-23:00:06,srvr20u01,0,36,	TOTAL: 36
032505-00:00:05,srvr20u01,0,36,	TOTAL: 36
032505-01:00:07,srvr20u01,0,36,	TOTAL: 36
032505-02:00:05,srvr20u01,0,36,	TOTAL: 36
032505-03:00:05,srvr20u01,0,0,	TOTAL: 0
032505-04:00:07,srvr20u01,0,0,	TOTAL: 0
032505-05:00:07,srvr20u01,0,0,	TOTAL: 0
032505-06:00:07,srvr20u01,0,0,	TOTAL: 0
032505-07:00:07,srvr20u01,0,0,	TOTAL: 0
032505-08:00:10,srvr20u01,0,36,	TOTAL: 36
032505-09:00:09,srvr20u01,0,36,	TOTAL: 36
032505-10:00:08,srvr20u01,0,36,	TOTAL: 36
032505-11:00:08,srvr20u01,0,36,	TOTAL: 36
032505-12:00:08,srvr20u01,0,36,	TOTAL: 36
032505-13:00:06,srvr20u01,0,36,	TOTAL: 36
032505-14:00:05,srvr20u01,0,36,	TOTAL: 36
032505-15:00:05,srvr20u01,0,36,	TOTAL: 36
032505-16:00:05,srvr20u01,0,36,	TOTAL: 36
032505-17:00:05,srvr20u01,0,36,	TOTAL: 36
032505-18:00:05,srvr20u01,0,36,	TOTAL: 36
032505-19:00:06,srvr20u01,0,36,	TOTAL: 36
032505-20:00:06,srvr20u01,0,36,	TOTAL: 36
032505-21:00:05,srvr20u01,0,36,	TOTAL: 36
032505-22:00:06,srvr20u01,0,36,	TOTAL: 36
032505-23:00:06,srvr20u01,0,36,	TOTAL: 36
032605-00:00:05,srvr20u01,0,36,	TOTAL: 36
032605-01:00:05,srvr20u01,0,36,	TOTAL: 36
032605-02:00:06,srvr20u01,0,36,	TOTAL: 36
032605-03:00:06,srvr20u01,0,1040668,	TOTAL: 1040668
032605-04:00:05,srvr20u01,0,682429,	TOTAL: 682429
032605-05:00:05,srvr20u01,0,379562,	TOTAL: 379562
032605-06:00:06,srvr20u01,0,0,	TOTAL: 0
032605-07:00:06,srvr20u01,0,0,	TOTAL: 0
032605-08:00:07,srvr20u01,0,32,	TOTAL: 32
032605-09:00:11,srvr20u01,0,36,	TOTAL: 36
032605-10:00:11,srvr20u01,0,36,	TOTAL: 36
032605-11:00:08,srvr20u01,0,36,	TOTAL: 36
032605-12:00:09,srvr20u01,0,36,	TOTAL: 36
032605-13:00:10,srvr20u01,0,36,	TOTAL: 36
032605-14:00:07,srvr20u01,0,36,	TOTAL: 36
032605-15:00:05,srvr20u01,0,36,	TOTAL: 36
032605-16:00:05,srvr20u01,0,36,	TOTAL: 36
032605-17:00:05,srvr20u01,0,36,	TOTAL: 36
032605-18:00:05,srvr20u01,0,36,	TOTAL: 36
032605-19:00:05,srvr20u01,0,36,	TOTAL: 36
032605-20:00:05,srvr20u01,0,36,	TOTAL: 36
032605-21:00:05,srvr20u01,0,36,	TOTAL: 36
032605-22:00:06,srvr20u01,0,36,	TOTAL: 36
032605-23:00:06,srvr20u01,0,36,	TOTAL: 36
032705-00:00:05,srvr20u01,0,36,	TOTAL: 36
032705-01:00:06,srvr20u01,0,36,	TOTAL: 36
032705-02:00:06,srvr20u01,0,36,	TOTAL: 36
032705-03:00:06,srvr20u01,0,1043116,	TOTAL: 1043116
032705-04:00:07,srvr20u01,0,665692,	TOTAL: 665692
032705-05:00:07,srvr20u01,0,366627,	TOTAL: 366627
032705-06:00:05,srvr20u01,0,0,	TOTAL: 0
032705-07:00:05,srvr20u01,0,0,	TOTAL: 0
032705-08:00:07,srvr20u01,0,32,	TOTAL: 32
032705-09:00:10,srvr20u01,0,32,	TOTAL: 32
032705-10:00:09,srvr20u01,0,32,	TOTAL: 32
032705-11:00:08,srvr20u01,0,32,	TOTAL: 32
032705-12:00:09,srvr20u01,0,34,	TOTAL: 34
032705-13:00:09,srvr20u01,0,36,	TOTAL: 36
032705-14:00:08,srvr20u01,0,36,	TOTAL: 36
032705-15:00:06,srvr20u01,0,36,	TOTAL: 36
032705-16:00:06,srvr20u01,0,36,	TOTAL: 36
032705-17:00:05,srvr20u01,0,36,	TOTAL: 36
032705-18:00:05,srvr20u01,0,36,	TOTAL: 36
032705-19:00:05,srvr20u01,0,36,	TOTAL: 36
032705-20:00:05,srvr20u01,0,36,	TOTAL: 36
032705-21:00:05,srvr20u01,0,36,	TOTAL: 36
032705-22:00:05,srvr20u01,0,36,	TOTAL: 36
032705-23:00:05,srvr20u01,0,36,	TOTAL: 36
032805-00:00:08,srvr20u01,0,36,	TOTAL: 36
032805-01:00:05,srvr20u01,0,36,	TOTAL: 36
032805-02:00:05,srvr20u01,0,36,	TOTAL: 36
032805-03:00:05,srvr20u01,0,0,	TOTAL: 0
032805-04:00:05,srvr20u01,0,0,	TOTAL: 0
032805-05:00:06,srvr20u01,0,0,	TOTAL: 0
032805-06:00:06,srvr20u01,0,0,	TOTAL: 0
032805-07:00:09,srvr20u01,0,0,	TOTAL: 0
032805-08:00:09,srvr20u01,0,36,	TOTAL: 36
032805-09:00:08,srvr20u01,0,36,	TOTAL: 36
032805-10:00:08,srvr20u01,0,36,	TOTAL: 36
032805-11:00:09,srvr20u01,0,36,	TOTAL: 36
032805-12:00:06,srvr20u01,0,36,	TOTAL: 36
032805-13:00:06,srvr20u01,0,36,	TOTAL: 36
032805-14:00:05,srvr20u01,0,36,	TOTAL: 36
032805-15:00:04,srvr20u01,0,36,	TOTAL: 36
032805-16:00:04,srvr20u01,0,36,	TOTAL: 36
032805-17:00:05,srvr20u01,0,36,	TOTAL: 36
032805-18:00:04,srvr20u01,0,36,	TOTAL: 36
032805-19:00:04,srvr20u01,0,36,	TOTAL: 36
032805-20:00:04,srvr20u01,0,36,	TOTAL: 36
032805-21:00:04,srvr20u01,0,36,	TOTAL: 36
032805-22:00:06,srvr20u01,0,36,	TOTAL: 36
032805-23:00:05,srvr20u01,0,36,	TOTAL: 36
032905-00:00:06,srvr20u01,0,36,	TOTAL: 36
032905-01:00:05,srvr20u01,0,36,	TOTAL: 36
032905-02:00:06,srvr20u01,0,36,	TOTAL: 36
032905-03:00:06,srvr20u01,0,0,	TOTAL: 0
032905-04:00:06,srvr20u01,0,0,	TOTAL: 0
032905-05:00:06,srvr20u01,0,0,	TOTAL: 0
032905-06:00:07,srvr20u01,0,0,	TOTAL: 0
032905-07:00:09,srvr20u01,0,0,	TOTAL: 0
032905-08:00:08,srvr20u01,0,36,	TOTAL: 36
032905-09:00:09,srvr20u01,0,36,	TOTAL: 36
032905-10:00:10,srvr20u01,0,36,	TOTAL: 36
032905-11:00:08,srvr20u01,0,36,	TOTAL: 36
032905-12:00:07,srvr20u01,0,36,	TOTAL: 36
032905-13:00:06,srvr20u01,0,36,	TOTAL: 36
032905-14:00:05,srvr20u01,0,36,	TOTAL: 36
032905-15:00:04,srvr20u01,0,36,	TOTAL: 36
032905-16:00:04,srvr20u01,0,36,	TOTAL: 36
032905-17:00:05,srvr20u01,0,36,	TOTAL: 36
032905-18:00:06,srvr20u01,0,36,	TOTAL: 36
032905-19:00:05,srvr20u01,0,36,	TOTAL: 36
032905-20:00:05,srvr20u01,0,36,	TOTAL: 36
032905-21:00:04,srvr20u01,0,36,	TOTAL: 36
032905-22:00:06,srvr20u01,0,36,	TOTAL: 36
032905-23:00:06,srvr20u01,0,36,	TOTAL: 36
033005-00:00:06,srvr20u01,0,36,	TOTAL: 36
033005-01:00:07,srvr20u01,0,36,	TOTAL: 36
033005-02:00:05,srvr20u01,0,36,	TOTAL: 36
033005-03:00:05,srvr20u01,0,0,	TOTAL: 0
033005-04:00:07,srvr20u01,0,0,	TOTAL: 0
033005-05:00:07,srvr20u01,0,0,	TOTAL: 0
033005-06:00:06,srvr20u01,0,0,	TOTAL: 0
033005-07:00:07,srvr20u01,0,0,	TOTAL: 0
033005-08:00:09,srvr20u01,0,32,	TOTAL: 32
033005-09:00:08,srvr20u01,0,32,	TOTAL: 32
033005-10:00:07,srvr20u01,0,32,	TOTAL: 32
033005-11:00:08,srvr20u01,0,36,	TOTAL: 36
033005-12:00:09,srvr20u01,0,36,	TOTAL: 36
033005-13:00:07,srvr20u01,0,36,	TOTAL: 36
033005-14:00:07,srvr20u01,0,36,	TOTAL: 36
033005-15:00:05,srvr20u01,0,36,	TOTAL: 36
033005-16:00:04,srvr20u01,0,36,	TOTAL: 36
033005-17:00:04,srvr20u01,0,36,	TOTAL: 36
033005-18:00:04,srvr20u01,0,36,	TOTAL: 36
033005-19:00:04,srvr20u01,0,36,	TOTAL: 36
033005-20:00:04,srvr20u01,0,36,	TOTAL: 36
033005-21:00:05,srvr20u01,0,36,	TOTAL: 36
033005-22:00:06,srvr20u01,0,36,	TOTAL: 36
033005-23:00:08,srvr20u01,0,36,	TOTAL: 36
033105-00:00:04,srvr20u01,0,36,	TOTAL: 36
033105-01:00:05,srvr20u01,0,36,	TOTAL: 36
033105-02:00:05,srvr20u01,0,36,	TOTAL: 36
033105-03:00:05,srvr20u01,0,0,	TOTAL: 0
033105-04:00:05,srvr20u01,0,0,	TOTAL: 0
033105-05:00:05,srvr20u01,0,0,	TOTAL: 0
033105-06:00:08,srvr20u01,0,0,	TOTAL: 0
033105-07:00:08,srvr20u01,0,0,	TOTAL: 0
033105-08:00:09,srvr20u01,0,36,	TOTAL: 36
033105-09:00:12,srvr20u01,0,36,	TOTAL: 36
033105-10:00:09,srvr20u01,0,36,	TOTAL: 36
033105-11:00:08,srvr20u01,0,36,	TOTAL: 36
033105-12:00:06,srvr20u01,0,36,	TOTAL: 36
033105-13:00:06,srvr20u01,0,36,	TOTAL: 36
033105-14:00:05,srvr20u01,0,36,	TOTAL: 36
033105-15:00:04,srvr20u01,0,36,	TOTAL: 36
033105-16:00:05,srvr20u01,0,36,	TOTAL: 36
033105-17:00:05,srvr20u01,0,36,	TOTAL: 36
033105-18:00:05,srvr20u01,0,36,	TOTAL: 36
033105-19:00:05,srvr20u01,0,36,	TOTAL: 36
033105-20:00:05,srvr20u01,0,36,	TOTAL: 36
033105-21:00:05,srvr20u01,0,36,	TOTAL: 36
033105-22:00:07,srvr20u01,0,36,	TOTAL: 36
033105-23:00:06,srvr20u01,0,36,	TOTAL: 36
040105-00:00:06,srvr20u01,0,36,	TOTAL: 36
040105-01:00:06,srvr20u01,0,36,	TOTAL: 36
040105-02:00:05,srvr20u01,0,36,	TOTAL: 36
040105-03:00:05,srvr20u01,0,0,	TOTAL: 0
040105-04:00:05,srvr20u01,0,0,	TOTAL: 0
040105-05:00:07,srvr20u01,0,0,	TOTAL: 0
040105-06:00:06,srvr20u01,0,0,	TOTAL: 0
040105-07:00:09,srvr20u01,0,0,	TOTAL: 0
040105-08:00:11,srvr20u01,0,36,	TOTAL: 36
040105-09:00:10,srvr20u01,0,36,	TOTAL: 36
040105-10:00:10,srvr20u01,0,36,	TOTAL: 36
040105-11:00:10,srvr20u01,0,36,	TOTAL: 36
040105-12:00:07,srvr20u01,0,36,	TOTAL: 36
040105-13:00:06,srvr20u01,0,36,	TOTAL: 36
040105-14:00:05,srvr20u01,0,36,	TOTAL: 36
040105-15:00:05,srvr20u01,0,36,	TOTAL: 36
040105-16:00:05,srvr20u01,0,36,	TOTAL: 36
040105-17:00:06,srvr20u01,0,36,	TOTAL: 36
040105-18:00:06,srvr20u01,0,36,	TOTAL: 36
040105-19:00:06,srvr20u01,0,36,	TOTAL: 36
040105-20:00:05,srvr20u01,0,36,	TOTAL: 36
040105-21:00:05,srvr20u01,0,36,	TOTAL: 36
040105-22:00:06,srvr20u01,0,36,	TOTAL: 36
040105-23:00:08,srvr20u01,0,36,	TOTAL: 36
040205-00:00:06,srvr20u01,0,36,	TOTAL: 36
040205-01:00:07,srvr20u01,0,36,	TOTAL: 36
040205-02:00:07,srvr20u01,0,36,	TOTAL: 36
040205-03:00:06,srvr20u01,0,1009790,	TOTAL: 1009790
040205-04:00:06,srvr20u01,0,652291,	TOTAL: 652291
040205-05:00:07,srvr20u01,0,446260,	TOTAL: 446260
040205-06:00:05,srvr20u01,0,153802,	TOTAL: 153802
040205-07:00:05,srvr20u01,0,0,	TOTAL: 0
040205-08:00:06,srvr20u01,0,32,	TOTAL: 32
040205-09:00:09,srvr20u01,0,32,	TOTAL: 32
040205-10:00:10,srvr20u01,0,32,	TOTAL: 32
040205-11:00:14,srvr20u01,0,32,	TOTAL: 32
040205-12:00:10,srvr20u01,0,36,	TOTAL: 36
040205-13:00:10,srvr20u01,0,36,	TOTAL: 36
040205-14:00:08,srvr20u01,0,36,	TOTAL: 36
040205-15:00:09,srvr20u01,0,36,	TOTAL: 36
040205-16:00:06,srvr20u01,0,36,	TOTAL: 36
040205-17:00:06,srvr20u01,0,36,	TOTAL: 36
040205-18:00:05,srvr20u01,0,36,	TOTAL: 36
040205-19:00:06,srvr20u01,0,36,	TOTAL: 36
040205-20:00:05,srvr20u01,0,36,	TOTAL: 36
040205-21:00:05,srvr20u01,0,36,	TOTAL: 36
040205-22:00:06,srvr20u01,0,36,	TOTAL: 36
040205-23:00:06,srvr20u01,0,36,	TOTAL: 36
040305-00:00:06,srvr20u01,0,36,	TOTAL: 36
040305-01:00:07,srvr20u01,0,36,	TOTAL: 36
040305-03:00:06,srvr20u01,0,36,	TOTAL: 36
040305-04:00:06,srvr20u01,0,1103171,	TOTAL: 1103171
040305-05:00:06,srvr20u01,0,820041,	TOTAL: 820041
040305-06:00:06,srvr20u01,0,482381,	TOTAL: 482381
040305-07:00:05,srvr20u01,0,171017,	TOTAL: 171017
040305-08:00:06,srvr20u01,0,0,	TOTAL: 0
040305-09:00:11,srvr20u01,0,0,	TOTAL: 0
040305-10:00:14,srvr20u01,0,36,	TOTAL: 36
040305-11:00:09,srvr20u01,0,36,	TOTAL: 36
040305-12:00:09,srvr20u01,0,36,	TOTAL: 36
040305-13:00:11,srvr20u01,0,36,	TOTAL: 36
040305-14:00:10,srvr20u01,0,36,	TOTAL: 36
040305-15:00:06,srvr20u01,0,36,	TOTAL: 36
040305-16:00:05,srvr20u01,0,36,	TOTAL: 36
040305-17:00:05,srvr20u01,0,36,	TOTAL: 36
040305-18:00:05,srvr20u01,0,36,	TOTAL: 36
040305-19:00:05,srvr20u01,0,36,	TOTAL: 36
040305-20:00:05,srvr20u01,0,36,	TOTAL: 36
040305-21:00:05,srvr20u01,0,36,	TOTAL: 36
040305-22:00:06,srvr20u01,0,36,	TOTAL: 36
040305-23:00:05,srvr20u01,0,36,	TOTAL: 36
040405-00:00:05,srvr20u01,0,36,	TOTAL: 36
040405-01:00:06,srvr20u01,0,36,	TOTAL: 36
040405-02:00:05,srvr20u01,0,36,	TOTAL: 36
040405-03:00:05,srvr20u01,0,0,	TOTAL: 0
040405-04:00:05,srvr20u01,0,0,	TOTAL: 0
040405-05:00:05,srvr20u01,0,0,	TOTAL: 0
040405-06:00:05,srvr20u01,0,0,	TOTAL: 0
040405-07:00:08,srvr20u01,0,0,	TOTAL: 0
040405-08:00:09,srvr20u01,0,36,	TOTAL: 36
040405-09:00:08,srvr20u01,0,36,	TOTAL: 36
040405-10:00:10,srvr20u01,0,36,	TOTAL: 36
040405-11:00:09,srvr20u01,0,36,	TOTAL: 36
040405-12:00:06,srvr20u01,0,36,	TOTAL: 36
040405-13:00:05,srvr20u01,0,36,	TOTAL: 36
040405-14:00:05,srvr20u01,0,36,	TOTAL: 36
040405-15:00:05,srvr20u01,0,36,	TOTAL: 36
040405-16:00:04,srvr20u01,0,36,	TOTAL: 36
040405-17:00:05,srvr20u01,0,36,	TOTAL: 36
040405-18:00:05,srvr20u01,0,36,	TOTAL: 36
040405-19:00:05,srvr20u01,0,36,	TOTAL: 36
040405-20:00:05,srvr20u01,0,36,	TOTAL: 36
040405-21:00:06,srvr20u01,0,36,	TOTAL: 36
040405-22:00:06,srvr20u01,0,138119,	TOTAL: 138119
040405-23:00:05,srvr20u01,0,138119,	TOTAL: 138119
040505-00:00:05,srvr20u01,0,138119,	TOTAL: 138119
040505-01:00:05,srvr20u01,0,138119,	TOTAL: 138119
040505-02:00:05,srvr20u01,0,138119,	TOTAL: 138119
040505-03:00:05,srvr20u01,0,138090,	TOTAL: 138090
040505-04:00:05,srvr20u01,0,138090,	TOTAL: 138090
040505-05:00:05,srvr20u01,0,138090,	TOTAL: 138090
040505-06:00:06,srvr20u01,0,138090,	TOTAL: 138090
040505-07:00:05,srvr20u01,0,138090,	TOTAL: 138090
040505-08:00:06,srvr20u01,0,138090,	TOTAL: 138090
040505-09:00:05,srvr20u01,0,138090,	TOTAL: 138090
040505-10:00:04,srvr20u01,0,138090,	TOTAL: 138090
040505-11:00:05,srvr20u01,0,138090,	TOTAL: 138090
040505-12:00:06,srvr20u01,0,138090,	TOTAL: 138090
040505-13:00:06,srvr20u01,0,138090,	TOTAL: 138090
040505-14:00:05,srvr20u01,0,49264,	TOTAL: 49264
040505-15:00:05,srvr20u01,0,0,	TOTAL: 0
040505-16:00:05,srvr20u01,0,32,	TOTAL: 32
040505-17:00:05,srvr20u01,0,32,	TOTAL: 32
040505-18:00:06,srvr20u01,0,32,	TOTAL: 32
040505-19:00:05,srvr20u01,0,32,	TOTAL: 32
040505-20:00:05,srvr20u01,0,32,	TOTAL: 32
040505-21:00:05,srvr20u01,0,32,	TOTAL: 32
040505-22:00:05,srvr20u01,0,32,	TOTAL: 32
040505-23:00:05,srvr20u01,0,32,	TOTAL: 32
040605-00:00:06,srvr20u01,0,32,	TOTAL: 32
040605-01:00:06,srvr20u01,0,32,	TOTAL: 32
040605-02:00:06,srvr20u01,0,32,	TOTAL: 32
040605-03:00:05,srvr20u01,0,1123990,	TOTAL: 1123990
040605-04:00:04,srvr20u01,0,875755,	TOTAL: 875755
040605-05:00:05,srvr20u01,0,527136,	TOTAL: 527136
040605-06:00:06,srvr20u01,0,304529,	TOTAL: 304529
040605-07:00:05,srvr20u01,0,7427,	TOTAL: 7427
040605-08:00:06,srvr20u01,0,33,	TOTAL: 33
040605-09:00:12,srvr20u01,0,36,	TOTAL: 36
040605-10:00:09,srvr20u01,0,36,	TOTAL: 36
040605-11:00:08,srvr20u01,0,36,	TOTAL: 36
040605-12:00:10,srvr20u01,0,36,	TOTAL: 36
040605-13:00:07,srvr20u01,0,36,	TOTAL: 36
040605-14:00:06,srvr20u01,0,36,	TOTAL: 36
040605-15:00:04,srvr20u01,0,36,	TOTAL: 36
040605-16:00:04,srvr20u01,0,36,	TOTAL: 36
040605-17:00:05,srvr20u01,0,36,	TOTAL: 36
040605-18:00:06,srvr20u01,0,36,	TOTAL: 36
040605-19:00:05,srvr20u01,0,36,	TOTAL: 36
040605-20:00:05,srvr20u01,0,36,	TOTAL: 36
040605-21:00:05,srvr20u01,0,36,	TOTAL: 36
040605-22:00:06,srvr20u01,0,36,	TOTAL: 36
040605-23:00:06,srvr20u01,0,36,	TOTAL: 36
040705-00:00:06,srvr20u01,0,36,	TOTAL: 36
040705-01:00:06,srvr20u01,0,36,	TOTAL: 36
040705-02:00:06,srvr20u01,0,36,	TOTAL: 36
040705-03:00:05,srvr20u01,0,0,	TOTAL: 0
040705-04:00:06,srvr20u01,0,0,	TOTAL: 0
040705-05:00:06,srvr20u01,0,0,	TOTAL: 0
040705-06:00:08,srvr20u01,0,0,	TOTAL: 0
040705-07:00:09,srvr20u01,0,0,	TOTAL: 0
040705-08:00:13,srvr20u01,0,36,	TOTAL: 36
040705-09:00:10,srvr20u01,0,36,	TOTAL: 36
040705-10:00:09,srvr20u01,0,36,	TOTAL: 36
040705-11:00:07,srvr20u01,0,36,	TOTAL: 36
040705-12:00:08,srvr20u01,0,36,	TOTAL: 36
040705-13:00:06,srvr20u01,0,36,	TOTAL: 36
040705-14:00:04,srvr20u01,0,36,	TOTAL: 36
040705-15:00:05,srvr20u01,0,36,	TOTAL: 36
040705-16:00:06,srvr20u01,0,36,	TOTAL: 36
040705-17:00:05,srvr20u01,0,36,	TOTAL: 36
040705-18:00:05,srvr20u01,0,36,	TOTAL: 36
040705-19:00:05,srvr20u01,0,36,	TOTAL: 36
040705-20:00:05,srvr20u01,0,36,	TOTAL: 36
040705-21:00:05,srvr20u01,0,36,	TOTAL: 36
040705-22:00:06,srvr20u01,0,36,	TOTAL: 36
040705-23:00:06,srvr20u01,0,36,	TOTAL: 36
040805-00:00:06,srvr20u01,0,36,	TOTAL: 36
040805-01:00:06,srvr20u01,0,36,	TOTAL: 36
040805-02:00:05,srvr20u01,0,36,	TOTAL: 36
040805-03:00:06,srvr20u01,0,0,	TOTAL: 0
040805-04:00:06,srvr20u01,0,0,	TOTAL: 0
040805-05:00:06,srvr20u01,0,0,	TOTAL: 0
040805-06:00:06,srvr20u01,0,0,	TOTAL: 0
040805-07:00:07,srvr20u01,0,0,	TOTAL: 0
040805-08:00:07,srvr20u01,0,32,	TOTAL: 32
040805-09:00:10,srvr20u01,0,32,	TOTAL: 32
040805-10:00:09,srvr20u01,0,36,	TOTAL: 36
040805-11:00:06,srvr20u01,0,36,	TOTAL: 36
040805-12:00:08,srvr20u01,0,39,	TOTAL: 39
040805-13:00:09,srvr20u01,0,39,	TOTAL: 39
040805-14:00:07,srvr20u01,0,39,	TOTAL: 39
040805-15:00:09,srvr20u01,0,39,	TOTAL: 39
040805-16:00:08,srvr20u01,0,39,	TOTAL: 39
040805-17:00:06,srvr20u01,0,39,	TOTAL: 39
040805-18:00:05,srvr20u01,0,39,	TOTAL: 39
040805-19:00:06,srvr20u01,0,39,	TOTAL: 39
040805-20:00:05,srvr20u01,0,39,	TOTAL: 39
040805-21:00:05,srvr20u01,0,39,	TOTAL: 39
040805-22:00:07,srvr20u01,0,39,	TOTAL: 39
040805-23:00:06,srvr20u01,0,39,	TOTAL: 39
040905-00:00:06,srvr20u01,0,39,	TOTAL: 39
040905-01:00:06,srvr20u01,0,39,	TOTAL: 39
040905-02:00:05,srvr20u01,0,39,	TOTAL: 39
040905-03:00:05,srvr20u01,0,1013665,	TOTAL: 1013665
040905-04:00:05,srvr20u01,0,630066,	TOTAL: 630066
040905-05:00:06,srvr20u01,0,364776,	TOTAL: 364776
040905-06:00:06,srvr20u01,0,6852,	TOTAL: 6852
040905-07:00:05,srvr20u01,0,0,	TOTAL: 0
040905-08:00:09,srvr20u01,0,32,	TOTAL: 32
040905-09:00:09,srvr20u01,0,32,	TOTAL: 32
040905-10:00:07,srvr20u01,0,35,	TOTAL: 35
040905-11:00:07,srvr20u01,0,35,	TOTAL: 35
040905-12:00:07,srvr20u01,0,35,	TOTAL: 35
040905-13:00:08,srvr20u01,0,36,	TOTAL: 36
040905-14:00:07,srvr20u01,0,36,	TOTAL: 36
040905-15:00:07,srvr20u01,0,36,	TOTAL: 36
040905-16:00:07,srvr20u01,0,36,	TOTAL: 36
040905-17:00:05,srvr20u01,0,36,	TOTAL: 36
040905-18:00:06,srvr20u01,0,36,	TOTAL: 36
040905-19:00:06,srvr20u01,0,36,	TOTAL: 36
040905-20:00:06,srvr20u01,0,36,	TOTAL: 36
040905-21:00:06,srvr20u01,0,36,	TOTAL: 36
040905-22:00:05,srvr20u01,0,36,	TOTAL: 36
040905-23:00:09,srvr20u01,0,36,	TOTAL: 36
041005-00:00:06,srvr20u01,0,36,	TOTAL: 36
041005-01:00:06,srvr20u01,0,36,	TOTAL: 36
041005-02:00:05,srvr20u01,0,36,	TOTAL: 36
041005-03:00:05,srvr20u01,0,1043115,	TOTAL: 1043115
041005-04:00:05,srvr20u01,0,741217,	TOTAL: 741217
041005-05:00:04,srvr20u01,0,386318,	TOTAL: 386318
041005-06:00:05,srvr20u01,0,0,	TOTAL: 0
041005-07:00:05,srvr20u01,0,0,	TOTAL: 0
041005-08:00:05,srvr20u01,0,32,	TOTAL: 32
041005-09:00:08,srvr20u01,0,32,	TOTAL: 32
041005-10:00:08,srvr20u01,0,32,	TOTAL: 32
041005-11:00:07,srvr20u01,0,32,	TOTAL: 32
041005-12:00:07,srvr20u01,0,33,	TOTAL: 33
041005-13:00:07,srvr20u01,0,36,	TOTAL: 36
041005-14:00:08,srvr20u01,0,36,	TOTAL: 36
041005-15:00:07,srvr20u01,0,36,	TOTAL: 36
041005-16:00:08,srvr20u01,0,36,	TOTAL: 36
041005-17:00:07,srvr20u01,0,36,	TOTAL: 36
041005-18:00:07,srvr20u01,0,36,	TOTAL: 36
041005-19:00:06,srvr20u01,0,36,	TOTAL: 36
041005-20:00:06,srvr20u01,0,36,	TOTAL: 36
041005-21:00:06,srvr20u01,0,36,	TOTAL: 36
041005-22:00:07,srvr20u01,0,36,	TOTAL: 36
041005-23:00:05,srvr20u01,0,36,	TOTAL: 36
041105-00:00:05,srvr20u01,0,36,	TOTAL: 36
041105-01:00:06,srvr20u01,0,36,	TOTAL: 36
041105-02:00:05,srvr20u01,0,36,	TOTAL: 36
041105-03:00:05,srvr20u01,0,0,	TOTAL: 0
041105-04:00:05,srvr20u01,0,0,	TOTAL: 0
041105-05:00:06,srvr20u01,0,0,	TOTAL: 0
041105-06:00:06,srvr20u01,0,0,	TOTAL: 0
041105-07:00:09,srvr20u01,0,0,	TOTAL: 0
041105-08:00:10,srvr20u01,0,33,	TOTAL: 33
041105-09:00:08,srvr20u01,0,36,	TOTAL: 36
041105-10:00:12,srvr20u01,0,36,	TOTAL: 36
041105-11:00:09,srvr20u01,0,36,	TOTAL: 36
041105-12:00:09,srvr20u01,0,36,	TOTAL: 36
041105-13:00:11,srvr20u01,0,36,	TOTAL: 36
041105-14:00:07,srvr20u01,0,36,	TOTAL: 36
041105-15:00:05,srvr20u01,0,36,	TOTAL: 36
041105-16:00:05,srvr20u01,0,36,	TOTAL: 36
041105-17:00:05,srvr20u01,0,36,	TOTAL: 36
041105-18:00:05,srvr20u01,0,36,	TOTAL: 36
041105-19:00:05,srvr20u01,0,36,	TOTAL: 36
041105-20:00:05,srvr20u01,0,36,	TOTAL: 36
041105-21:00:05,srvr20u01,0,36,	TOTAL: 36
041105-22:00:06,srvr20u01,0,36,	TOTAL: 36
041105-23:00:06,srvr20u01,0,36,	TOTAL: 36
041205-00:00:06,srvr20u01,0,36,	TOTAL: 36
041205-01:00:07,srvr20u01,0,36,	TOTAL: 36
041205-02:00:06,srvr20u01,0,36,	TOTAL: 36
041205-03:00:06,srvr20u01,0,0,	TOTAL: 0
041205-04:00:06,srvr20u01,0,0,	TOTAL: 0
041205-05:00:06,srvr20u01,0,0,	TOTAL: 0
041205-06:00:05,srvr20u01,0,0,	TOTAL: 0
041205-07:00:07,srvr20u01,0,0,	TOTAL: 0
041205-08:00:06,srvr20u01,0,32,	TOTAL: 32
041205-09:00:06,srvr20u01,0,32,	TOTAL: 32
041205-10:00:09,srvr20u01,0,32,	TOTAL: 32
041205-11:00:10,srvr20u01,0,36,	TOTAL: 36
041205-12:00:10,srvr20u01,0,36,	TOTAL: 36
041205-13:00:08,srvr20u01,0,36,	TOTAL: 36
041205-14:00:11,srvr20u01,0,36,	TOTAL: 36
041205-15:00:07,srvr20u01,0,36,	TOTAL: 36
041205-16:00:06,srvr20u01,0,36,	TOTAL: 36
041205-17:00:06,srvr20u01,0,36,	TOTAL: 36
041205-18:00:05,srvr20u01,0,36,	TOTAL: 36
041205-19:00:04,srvr20u01,0,36,	TOTAL: 36
041205-20:00:05,srvr20u01,0,36,	TOTAL: 36
041205-21:00:05,srvr20u01,0,36,	TOTAL: 36
041205-22:00:06,srvr20u01,0,36,	TOTAL: 36
041205-23:00:07,srvr20u01,0,36,	TOTAL: 36
041305-00:00:06,srvr20u01,0,36,	TOTAL: 36
041305-01:00:06,srvr20u01,0,36,	TOTAL: 36
041305-02:00:07,srvr20u01,0,36,	TOTAL: 36
041305-03:00:06,srvr20u01,0,0,	TOTAL: 0
041305-04:00:05,srvr20u01,0,0,	TOTAL: 0
041305-05:00:07,srvr20u01,0,0,	TOTAL: 0
041305-06:00:07,srvr20u01,0,0,	TOTAL: 0
041305-07:00:07,srvr20u01,0,0,	TOTAL: 0
041305-08:00:08,srvr20u01,0,32,	TOTAL: 32
041305-09:00:09,srvr20u01,0,36,	TOTAL: 36
041305-10:00:07,srvr20u01,0,36,	TOTAL: 36
041305-11:00:08,srvr20u01,0,36,	TOTAL: 36
041305-12:00:07,srvr20u01,0,36,	TOTAL: 36
041305-13:00:09,srvr20u01,0,36,	TOTAL: 36
041305-14:00:07,srvr20u01,0,36,	TOTAL: 36
041305-15:00:07,srvr20u01,0,36,	TOTAL: 36
041305-16:00:07,srvr20u01,0,36,	TOTAL: 36
041305-17:00:06,srvr20u01,0,36,	TOTAL: 36
041305-18:00:05,srvr20u01,0,36,	TOTAL: 36
041305-19:00:05,srvr20u01,0,36,	TOTAL: 36
041305-20:00:05,srvr20u01,0,36,	TOTAL: 36
041305-21:00:05,srvr20u01,0,36,	TOTAL: 36
041305-22:00:06,srvr20u01,0,36,	TOTAL: 36
041305-23:00:07,srvr20u01,0,36,	TOTAL: 36
041405-00:00:05,srvr20u01,0,36,	TOTAL: 36
041405-01:00:07,srvr20u01,0,36,	TOTAL: 36
041405-02:00:06,srvr20u01,0,36,	TOTAL: 36
041405-03:00:06,srvr20u01,0,0,	TOTAL: 0
041405-04:00:07,srvr20u01,0,0,	TOTAL: 0
041405-05:00:06,srvr20u01,0,0,	TOTAL: 0
041405-06:00:08,srvr20u01,0,0,	TOTAL: 0
041405-07:00:10,srvr20u01,0,0,	TOTAL: 0
041405-08:00:10,srvr20u01,0,36,	TOTAL: 36
041405-09:00:09,srvr20u01,0,36,	TOTAL: 36
041405-10:00:08,srvr20u01,0,36,	TOTAL: 36
041405-11:00:06,srvr20u01,0,36,	TOTAL: 36
041405-12:00:07,srvr20u01,0,36,	TOTAL: 36
041405-13:00:09,srvr20u01,0,36,	TOTAL: 36
041405-14:00:09,srvr20u01,0,36,	TOTAL: 36
041405-15:00:09,srvr20u01,0,36,	TOTAL: 36
041405-16:00:08,srvr20u01,0,36,	TOTAL: 36
041405-17:00:07,srvr20u01,0,36,	TOTAL: 36
041405-18:00:05,srvr20u01,0,36,	TOTAL: 36
041405-19:00:05,srvr20u01,0,36,	TOTAL: 36
041405-20:00:05,srvr20u01,0,36,	TOTAL: 36
041405-21:00:05,srvr20u01,0,36,	TOTAL: 36
041405-22:00:08,srvr20u01,0,36,	TOTAL: 36
041405-23:00:08,srvr20u01,0,36,	TOTAL: 36
041505-00:00:08,srvr20u01,0,36,	TOTAL: 36
041505-01:00:08,srvr20u01,0,36,	TOTAL: 36
041505-02:00:06,srvr20u01,0,36,	TOTAL: 36
041505-03:00:05,srvr20u01,0,0,	TOTAL: 0
041505-04:00:06,srvr20u01,0,0,	TOTAL: 0
041505-05:00:07,srvr20u01,0,0,	TOTAL: 0
041505-06:00:09,srvr20u01,0,0,	TOTAL: 0
041505-07:00:16,srvr20u01,0,0,	TOTAL: 0
041505-08:00:15,srvr20u01,0,36,	TOTAL: 36
041505-09:00:09,srvr20u01,0,36,	TOTAL: 36
041505-10:00:08,srvr20u01,0,36,	TOTAL: 36
041505-11:00:08,srvr20u01,0,36,	TOTAL: 36
041505-12:00:08,srvr20u01,0,36,	TOTAL: 36
041505-13:00:05,srvr20u01,0,36,	TOTAL: 36
041505-14:00:04,srvr20u01,0,36,	TOTAL: 36
041505-15:00:05,srvr20u01,0,36,	TOTAL: 36
041505-16:00:05,srvr20u01,0,36,	TOTAL: 36
041505-17:00:05,srvr20u01,0,36,	TOTAL: 36
041505-18:00:05,srvr20u01,0,36,	TOTAL: 36
041505-19:00:05,srvr20u01,0,36,	TOTAL: 36
041505-20:00:05,srvr20u01,0,36,	TOTAL: 36
041505-21:00:05,srvr20u01,0,36,	TOTAL: 36
041505-22:00:06,srvr20u01,0,36,	TOTAL: 36
041505-23:00:07,srvr20u01,0,36,	TOTAL: 36
041605-00:00:07,srvr20u01,0,36,	TOTAL: 36
041605-01:00:06,srvr20u01,0,36,	TOTAL: 36
041605-02:00:05,srvr20u01,0,36,	TOTAL: 36
041605-03:00:05,srvr20u01,0,1051621,	TOTAL: 1051621
041605-04:00:06,srvr20u01,0,638561,	TOTAL: 638561
041605-05:00:06,srvr20u01,0,346908,	TOTAL: 346908
041605-06:00:06,srvr20u01,0,22012,	TOTAL: 22012
041605-07:00:06,srvr20u01,0,0,	TOTAL: 0
041605-08:00:06,srvr20u01,0,32,	TOTAL: 32
041605-09:00:06,srvr20u01,0,32,	TOTAL: 32
041605-10:00:06,srvr20u01,0,32,	TOTAL: 32
041605-11:00:12,srvr20u01,0,34,	TOTAL: 34
041605-12:00:10,srvr20u01,0,36,	TOTAL: 36
041605-13:00:09,srvr20u01,0,36,	TOTAL: 36
041605-14:00:12,srvr20u01,0,36,	TOTAL: 36
041605-15:00:08,srvr20u01,0,36,	TOTAL: 36
041605-16:00:09,srvr20u01,0,36,	TOTAL: 36
041605-17:00:06,srvr20u01,0,36,	TOTAL: 36
041605-18:00:07,srvr20u01,0,36,	TOTAL: 36
041605-19:00:05,srvr20u01,0,36,	TOTAL: 36
041605-20:00:06,srvr20u01,0,36,	TOTAL: 36
041605-21:00:05,srvr20u01,0,36,	TOTAL: 36
041605-22:00:07,srvr20u01,0,36,	TOTAL: 36
041605-23:00:06,srvr20u01,0,36,	TOTAL: 36
041705-00:00:06,srvr20u01,0,36,	TOTAL: 36
041705-01:00:06,srvr20u01,0,36,	TOTAL: 36
041705-02:00:05,srvr20u01,0,36,	TOTAL: 36
041705-03:00:06,srvr20u01,0,1034503,	TOTAL: 1034503
041705-04:00:06,srvr20u01,0,701741,	TOTAL: 701741
041705-05:00:07,srvr20u01,0,359480,	TOTAL: 359480
041705-06:00:07,srvr20u01,0,12899,	TOTAL: 12899
041705-07:00:06,srvr20u01,0,0,	TOTAL: 0
041705-08:00:12,srvr20u01,0,36,	TOTAL: 36
041705-09:00:07,srvr20u01,0,36,	TOTAL: 36
041705-10:00:10,srvr20u01,0,36,	TOTAL: 36
041705-11:00:11,srvr20u01,0,36,	TOTAL: 36
041705-12:00:09,srvr20u01,0,36,	TOTAL: 36
041705-13:00:06,srvr20u01,0,36,	TOTAL: 36
041705-14:00:04,srvr20u01,0,36,	TOTAL: 36
041705-15:00:04,srvr20u01,0,36,	TOTAL: 36
041705-16:00:05,srvr20u01,0,36,	TOTAL: 36
041705-17:00:05,srvr20u01,0,36,	TOTAL: 36
041705-18:00:05,srvr20u01,0,36,	TOTAL: 36
041705-19:00:05,srvr20u01,0,36,	TOTAL: 36
041705-20:00:05,srvr20u01,0,36,	TOTAL: 36
041705-21:00:05,srvr20u01,0,36,	TOTAL: 36
041705-22:00:07,srvr20u01,0,36,	TOTAL: 36
041705-23:00:06,srvr20u01,0,36,	TOTAL: 36
041805-00:00:06,srvr20u01,0,36,	TOTAL: 36
041805-01:00:06,srvr20u01,0,36,	TOTAL: 36
041805-02:00:05,srvr20u01,0,36,	TOTAL: 36
041805-03:00:06,srvr20u01,0,0,	TOTAL: 0
041805-04:00:07,srvr20u01,0,0,	TOTAL: 0
041805-05:00:07,srvr20u01,0,0,	TOTAL: 0
041805-06:00:07,srvr20u01,0,0,	TOTAL: 0
041805-07:00:06,srvr20u01,0,0,	TOTAL: 0
041805-08:00:11,srvr20u01,0,36,	TOTAL: 36
041805-09:00:09,srvr20u01,0,36,	TOTAL: 36
041805-10:00:08,srvr20u01,0,36,	TOTAL: 36
041805-11:00:09,srvr20u01,0,36,	TOTAL: 36
041805-12:00:07,srvr20u01,0,36,	TOTAL: 36
041805-13:00:08,srvr20u01,0,36,	TOTAL: 36
041805-14:00:05,srvr20u01,0,36,	TOTAL: 36
041805-15:00:06,srvr20u01,0,36,	TOTAL: 36
041805-16:00:05,srvr20u01,0,36,	TOTAL: 36
041805-17:00:07,srvr20u01,0,36,	TOTAL: 36
041805-18:00:06,srvr20u01,0,36,	TOTAL: 36
041805-19:00:07,srvr20u01,0,36,	TOTAL: 36
041805-20:00:06,srvr20u01,0,36,	TOTAL: 36
041805-21:00:07,srvr20u01,0,36,	TOTAL: 36
041805-22:00:06,srvr20u01,0,36,	TOTAL: 36
041805-23:00:06,srvr20u01,0,36,	TOTAL: 36
041905-00:00:06,srvr20u01,0,36,	TOTAL: 36
041905-01:00:06,srvr20u01,0,36,	TOTAL: 36
041905-02:00:05,srvr20u01,0,36,	TOTAL: 36
041905-03:00:07,srvr20u01,0,0,	TOTAL: 0
041905-04:00:07,srvr20u01,0,0,	TOTAL: 0
041905-05:00:06,srvr20u01,0,0,	TOTAL: 0
041905-06:00:15,srvr20u01,0,0,	TOTAL: 0
041905-07:00:06,srvr20u01,0,0,	TOTAL: 0
041905-08:00:07,srvr20u01,0,32,	TOTAL: 32
041905-09:00:09,srvr20u01,0,32,	TOTAL: 32
041905-10:00:09,srvr20u01,0,32,	TOTAL: 32
041905-11:00:08,srvr20u01,0,32,	TOTAL: 32
041905-12:00:11,srvr20u01,0,35,	TOTAL: 35
041905-13:00:09,srvr20u01,0,36,	TOTAL: 36
041905-14:00:08,srvr20u01,0,36,	TOTAL: 36
041905-15:00:07,srvr20u01,0,36,	TOTAL: 36
041905-16:00:07,srvr20u01,0,63,	TOTAL: 63
041905-17:00:06,srvr20u01,0,63,	TOTAL: 63
041905-18:00:07,srvr20u01,0,64,	TOTAL: 64
041905-19:00:06,srvr20u01,0,64,	TOTAL: 64
041905-20:00:05,srvr20u01,0,64,	TOTAL: 64
041905-21:00:06,srvr20u01,0,64,	TOTAL: 64
041905-22:00:06,srvr20u01,0,64,	TOTAL: 64
041905-23:00:06,srvr20u01,0,64,	TOTAL: 64
042005-00:00:05,srvr20u01,0,64,	TOTAL: 64
042005-01:00:07,srvr20u01,0,64,	TOTAL: 64
042005-02:00:05,srvr20u01,0,64,	TOTAL: 64
042005-03:00:05,srvr20u01,0,0,	TOTAL: 0
042005-04:00:05,srvr20u01,0,0,	TOTAL: 0
042005-05:00:06,srvr20u01,0,0,	TOTAL: 0
042005-06:00:06,srvr20u01,0,0,	TOTAL: 0
042005-07:00:05,srvr20u01,0,0,	TOTAL: 0
042005-08:00:06,srvr20u01,0,32,	TOTAL: 32
042005-09:00:07,srvr20u01,0,32,	TOTAL: 32
042005-10:00:06,srvr20u01,0,32,	TOTAL: 32
042005-11:00:07,srvr20u01,0,32,	TOTAL: 32
042005-12:00:07,srvr20u01,0,32,	TOTAL: 32
042005-13:00:07,srvr20u01,0,36,	TOTAL: 36
042005-14:00:07,srvr20u01,0,36,	TOTAL: 36
042005-15:00:07,srvr20u01,0,36,	TOTAL: 36
042005-16:00:06,srvr20u01,0,36,	TOTAL: 36
042005-17:00:06,srvr20u01,0,36,	TOTAL: 36
042005-18:00:05,srvr20u01,0,36,	TOTAL: 36
042005-19:00:04,srvr20u01,0,36,	TOTAL: 36
042005-20:00:05,srvr20u01,0,36,	TOTAL: 36
042005-21:00:05,srvr20u01,0,36,	TOTAL: 36
042005-22:00:05,srvr20u01,0,36,	TOTAL: 36
042005-23:00:04,srvr20u01,0,36,	TOTAL: 36
042105-00:00:05,srvr20u01,0,36,	TOTAL: 36
042105-01:00:06,srvr20u01,0,36,	TOTAL: 36
042105-02:00:05,srvr20u01,0,36,	TOTAL: 36
042105-03:00:04,srvr20u01,0,0,	TOTAL: 0
042105-04:00:06,srvr20u01,0,0,	TOTAL: 0
042105-05:00:05,srvr20u01,0,0,	TOTAL: 0
042105-06:00:06,srvr20u01,0,0,	TOTAL: 0
042105-07:00:06,srvr20u01,0,0,	TOTAL: 0
042105-08:00:06,srvr20u01,0,36,	TOTAL: 36
042105-09:00:05,srvr20u01,0,36,	TOTAL: 36
042105-10:00:07,srvr20u01,0,36,	TOTAL: 36
042105-11:00:06,srvr20u01,0,36,	TOTAL: 36
042105-12:00:06,srvr20u01,0,36,	TOTAL: 36
042105-13:00:06,srvr20u01,0,36,	TOTAL: 36
042105-14:00:07,srvr20u01,0,36,	TOTAL: 36
042105-15:00:05,srvr20u01,0,36,	TOTAL: 36
042105-16:00:05,srvr20u01,0,36,	TOTAL: 36
042105-17:00:04,srvr20u01,0,36,	TOTAL: 36
042105-18:00:04,srvr20u01,0,36,	TOTAL: 36
042105-19:00:05,srvr20u01,0,36,	TOTAL: 36
042105-20:00:05,srvr20u01,0,36,	TOTAL: 36
042105-21:00:05,srvr20u01,0,36,	TOTAL: 36
042105-22:00:07,srvr20u01,0,36,	TOTAL: 36
042105-23:00:08,srvr20u01,0,36,	TOTAL: 36
042205-00:00:06,srvr20u01,0,36,	TOTAL: 36
042205-01:00:06,srvr20u01,0,36,	TOTAL: 36
042205-02:00:05,srvr20u01,0,36,	TOTAL: 36
042205-03:00:05,srvr20u01,0,0,	TOTAL: 0
042205-04:00:05,srvr20u01,0,0,	TOTAL: 0
042205-05:00:06,srvr20u01,0,0,	TOTAL: 0
042205-06:00:06,srvr20u01,0,0,	TOTAL: 0
042205-07:00:05,srvr20u01,0,0,	TOTAL: 0
042205-08:00:05,srvr20u01,0,32,	TOTAL: 32
042205-09:00:06,srvr20u01,0,32,	TOTAL: 32
042205-10:00:05,srvr20u01,0,32,	TOTAL: 32
042205-11:00:05,srvr20u01,0,32,	TOTAL: 32
042205-12:00:05,srvr20u01,0,32,	TOTAL: 32
042205-13:00:05,srvr20u01,0,32,	TOTAL: 32
042205-15:00:05,srvr20u01,0,59,	TOTAL: 59
042205-16:00:04,srvr20u01,0,59,	TOTAL: 59
042205-17:00:08,srvr20u01,0,61,	TOTAL: 61
042205-18:00:08,srvr20u01,0,63,	TOTAL: 63
042205-19:00:08,srvr20u01,0,63,	TOTAL: 63
042205-20:00:09,srvr20u01,0,63,	TOTAL: 63
042205-21:00:07,srvr20u01,0,63,	TOTAL: 63
042205-22:00:08,srvr20u01,0,63,	TOTAL: 63
042205-23:00:09,srvr20u01,0,63,	TOTAL: 63
042305-00:00:05,srvr20u01,0,63,	TOTAL: 63
042305-01:00:06,srvr20u01,0,63,	TOTAL: 63
042305-02:00:06,srvr20u01,0,63,	TOTAL: 63
042305-03:00:05,srvr20u01,0,1063067,	TOTAL: 1063067
042305-04:00:05,srvr20u01,0,741506,	TOTAL: 741506
042305-05:00:05,srvr20u01,0,415238,	TOTAL: 415238
042305-06:00:05,srvr20u01,0,97998,	TOTAL: 97998
042305-07:00:05,srvr20u01,0,0,	TOTAL: 0
042305-08:00:05,srvr20u01,0,32,	TOTAL: 32
042305-09:00:07,srvr20u01,0,32,	TOTAL: 32
042305-10:00:09,srvr20u01,0,32,	TOTAL: 32
042305-11:00:08,srvr20u01,0,32,	TOTAL: 32
042305-12:00:08,srvr20u01,0,34,	TOTAL: 34
042305-13:00:08,srvr20u01,0,36,	TOTAL: 36
042305-14:00:06,srvr20u01,0,36,	TOTAL: 36
042305-15:00:09,srvr20u01,0,36,	TOTAL: 36
042305-16:00:07,srvr20u01,0,36,	TOTAL: 36
042305-17:00:05,srvr20u01,0,36,	TOTAL: 36
042305-18:00:05,srvr20u01,0,36,	TOTAL: 36
042305-19:00:05,srvr20u01,0,36,	TOTAL: 36
042305-20:00:05,srvr20u01,0,36,	TOTAL: 36
042305-21:00:05,srvr20u01,0,36,	TOTAL: 36
042305-22:00:05,srvr20u01,0,36,	TOTAL: 36
042305-23:00:06,srvr20u01,0,36,	TOTAL: 36
042405-00:00:05,srvr20u01,0,36,	TOTAL: 36
042405-01:00:06,srvr20u01,0,36,	TOTAL: 36
042405-02:00:05,srvr20u01,0,36,	TOTAL: 36
042405-03:00:05,srvr20u01,0,1036841,	TOTAL: 1036841
042405-04:00:06,srvr20u01,0,711558,	TOTAL: 711558
042405-05:00:05,srvr20u01,0,374172,	TOTAL: 374172
042405-06:00:06,srvr20u01,0,33457,	TOTAL: 33457
042405-07:00:05,srvr20u01,0,0,	TOTAL: 0
042405-08:00:09,srvr20u01,0,35,	TOTAL: 35
042405-09:00:08,srvr20u01,0,36,	TOTAL: 36
042405-10:00:08,srvr20u01,0,36,	TOTAL: 36
042405-11:00:08,srvr20u01,0,36,	TOTAL: 36
042405-12:00:08,srvr20u01,0,36,	TOTAL: 36
042405-13:00:08,srvr20u01,0,36,	TOTAL: 36
042405-14:00:06,srvr20u01,0,36,	TOTAL: 36
042405-15:00:05,srvr20u01,0,36,	TOTAL: 36
042405-16:00:05,srvr20u01,0,36,	TOTAL: 36
042405-17:00:05,srvr20u01,0,36,	TOTAL: 36
042405-18:00:06,srvr20u01,0,36,	TOTAL: 36
042405-19:00:05,srvr20u01,0,36,	TOTAL: 36
042405-20:00:05,srvr20u01,0,36,	TOTAL: 36
042405-21:00:05,srvr20u01,0,36,	TOTAL: 36
042405-22:00:05,srvr20u01,0,36,	TOTAL: 36
042405-23:00:05,srvr20u01,0,36,	TOTAL: 36
042505-00:00:05,srvr20u01,0,36,	TOTAL: 36
042505-01:00:05,srvr20u01,0,36,	TOTAL: 36
042505-02:00:05,srvr20u01,0,36,	TOTAL: 36
042505-03:00:05,srvr20u01,0,0,	TOTAL: 0
042505-04:00:05,srvr20u01,0,0,	TOTAL: 0
042505-05:00:05,srvr20u01,0,0,	TOTAL: 0
042505-06:00:05,srvr20u01,0,0,	TOTAL: 0
042505-07:00:07,srvr20u01,0,0,	TOTAL: 0
042505-08:00:07,srvr20u01,0,36,	TOTAL: 36
042505-09:00:09,srvr20u01,0,36,	TOTAL: 36
042505-10:00:09,srvr20u01,0,36,	TOTAL: 36
042505-11:00:08,srvr20u01,0,36,	TOTAL: 36
042505-12:00:08,srvr20u01,0,36,	TOTAL: 36
042505-13:00:06,srvr20u01,0,36,	TOTAL: 36
042505-14:00:04,srvr20u01,0,36,	TOTAL: 36
042505-15:00:05,srvr20u01,0,36,	TOTAL: 36
042505-16:00:05,srvr20u01,0,36,	TOTAL: 36
042505-17:00:05,srvr20u01,0,36,	TOTAL: 36
042505-18:00:04,srvr20u01,0,36,	TOTAL: 36
042505-19:00:04,srvr20u01,0,36,	TOTAL: 36
042505-20:00:05,srvr20u01,0,36,	TOTAL: 36
042505-21:00:05,srvr20u01,0,36,	TOTAL: 36
042505-22:00:05,srvr20u01,0,36,	TOTAL: 36
042505-23:00:07,srvr20u01,0,36,	TOTAL: 36
042605-00:00:05,srvr20u01,0,36,	TOTAL: 36
042605-01:00:05,srvr20u01,0,36,	TOTAL: 36
042605-02:00:05,srvr20u01,0,36,	TOTAL: 36
042605-03:00:04,srvr20u01,0,0,	TOTAL: 0
042605-04:00:05,srvr20u01,0,0,	TOTAL: 0
042605-05:00:06,srvr20u01,0,0,	TOTAL: 0
042605-06:00:06,srvr20u01,0,0,	TOTAL: 0
042605-07:00:08,srvr20u01,0,0,	TOTAL: 0
042605-08:00:07,srvr20u01,0,36,	TOTAL: 36
042605-09:00:05,srvr20u01,0,36,	TOTAL: 36
042605-10:00:05,srvr20u01,0,36,	TOTAL: 36
042605-11:00:06,srvr20u01,0,36,	TOTAL: 36
042605-12:00:06,srvr20u01,0,36,	TOTAL: 36
042605-13:00:06,srvr20u01,0,36,	TOTAL: 36
042605-14:00:05,srvr20u01,0,36,	TOTAL: 36
042605-15:00:05,srvr20u01,0,36,	TOTAL: 36
042605-17:00:05,srvr20u01,0,63,	TOTAL: 63
042605-18:00:06,srvr20u01,0,63,	TOTAL: 63
042605-19:00:04,srvr20u01,0,63,	TOTAL: 63
042605-20:00:04,srvr20u01,0,63,	TOTAL: 63
042605-21:00:05,srvr20u01,0,63,	TOTAL: 63
042605-22:00:05,srvr20u01,0,63,	TOTAL: 63
042605-23:00:08,srvr20u01,0,63,	TOTAL: 63
042705-00:00:06,srvr20u01,0,63,	TOTAL: 63
042705-01:00:06,srvr20u01,0,63,	TOTAL: 63
042705-02:00:05,srvr20u01,0,63,	TOTAL: 63
042705-03:00:04,srvr20u01,0,0,	TOTAL: 0
042705-04:00:04,srvr20u01,0,0,	TOTAL: 0
042705-05:00:05,srvr20u01,0,0,	TOTAL: 0
042705-06:00:05,srvr20u01,0,0,	TOTAL: 0
042705-07:00:06,srvr20u01,0,0,	TOTAL: 0
042705-08:00:08,srvr20u01,0,34,	TOTAL: 34
042705-09:00:07,srvr20u01,0,36,	TOTAL: 36
042705-10:00:05,srvr20u01,0,36,	TOTAL: 36
042705-11:00:06,srvr20u01,0,36,	TOTAL: 36
042705-12:00:05,srvr20u01,0,36,	TOTAL: 36
042705-13:00:06,srvr20u01,0,36,	TOTAL: 36
042705-14:00:05,srvr20u01,0,36,	TOTAL: 36
042705-15:00:04,srvr20u01,0,36,	TOTAL: 36
042705-16:00:04,srvr20u01,0,36,	TOTAL: 36
042705-17:00:05,srvr20u01,0,36,	TOTAL: 36
042705-18:00:06,srvr20u01,0,36,	TOTAL: 36
042705-19:00:06,srvr20u01,0,36,	TOTAL: 36
042705-20:00:05,srvr20u01,0,36,	TOTAL: 36
042705-21:00:06,srvr20u01,0,36,	TOTAL: 36
042705-22:00:07,srvr20u01,0,36,	TOTAL: 36
042705-23:00:06,srvr20u01,0,36,	TOTAL: 36
042805-00:00:06,srvr20u01,0,36,	TOTAL: 36
042805-01:00:05,srvr20u01,0,36,	TOTAL: 36
042805-02:00:06,srvr20u01,0,36,	TOTAL: 36
042805-03:00:06,srvr20u01,0,0,	TOTAL: 0
042805-04:00:06,srvr20u01,0,0,	TOTAL: 0
042805-05:00:07,srvr20u01,0,0,	TOTAL: 0
042805-06:00:06,srvr20u01,0,0,	TOTAL: 0
042805-07:00:07,srvr20u01,0,0,	TOTAL: 0
042805-08:00:06,srvr20u01,0,32,	TOTAL: 32
042805-09:00:05,srvr20u01,0,32,	TOTAL: 32
042805-10:00:06,srvr20u01,0,32,	TOTAL: 32
042805-11:00:10,srvr20u01,0,33,	TOTAL: 33
042805-12:00:07,srvr20u01,0,36,	TOTAL: 36
042805-13:00:05,srvr20u01,0,36,	TOTAL: 36
042805-15:00:06,srvr20u01,0,63,	TOTAL: 63
042805-16:00:05,srvr20u01,0,63,	TOTAL: 63
042805-17:00:05,srvr20u01,0,63,	TOTAL: 63
042805-18:00:04,srvr20u01,0,63,	TOTAL: 63
042805-19:00:05,srvr20u01,0,63,	TOTAL: 63
042805-20:00:06,srvr20u01,0,63,	TOTAL: 63
042805-21:00:04,srvr20u01,0,63,	TOTAL: 63
042805-22:00:05,srvr20u01,0,63,	TOTAL: 63
042805-23:00:05,srvr20u01,0,63,	TOTAL: 63
042905-00:00:05,srvr20u01,0,63,	TOTAL: 63
042905-01:00:05,srvr20u01,0,63,	TOTAL: 63
042905-02:00:05,srvr20u01,0,63,	TOTAL: 63
042905-03:00:05,srvr20u01,0,0,	TOTAL: 0
042905-04:00:05,srvr20u01,0,0,	TOTAL: 0
042905-05:00:05,srvr20u01,0,0,	TOTAL: 0
042905-06:00:05,srvr20u01,0,0,	TOTAL: 0
042905-07:00:05,srvr20u01,0,0,	TOTAL: 0
042905-08:00:08,srvr20u01,0,33,	TOTAL: 33
042905-09:00:07,srvr20u01,0,36,	TOTAL: 36
042905-10:00:06,srvr20u01,0,36,	TOTAL: 36
042905-11:00:07,srvr20u01,0,36,	TOTAL: 36
042905-12:00:06,srvr20u01,0,36,	TOTAL: 36
042905-13:00:06,srvr20u01,0,36,	TOTAL: 36
042905-14:00:05,srvr20u01,0,36,	TOTAL: 36
042905-17:00:06,srvr20u01,0,63,	TOTAL: 63
042905-18:00:05,srvr20u01,0,63,	TOTAL: 63
042905-19:00:05,srvr20u01,0,63,	TOTAL: 63
042905-20:00:05,srvr20u01,0,63,	TOTAL: 63
042905-21:00:06,srvr20u01,0,63,	TOTAL: 63
042905-22:00:08,srvr20u01,0,63,	TOTAL: 63
042905-23:00:07,srvr20u01,0,63,	TOTAL: 63
043005-00:00:06,srvr20u01,0,63,	TOTAL: 63
043005-01:00:06,srvr20u01,0,63,	TOTAL: 63
043005-02:00:05,srvr20u01,0,63,	TOTAL: 63
043005-03:00:06,srvr20u01,0,1020259,	TOTAL: 1020259
043005-04:00:05,srvr20u01,0,744276,	TOTAL: 744276
043005-05:00:06,srvr20u01,0,413059,	TOTAL: 413059
043005-06:00:06,srvr20u01,0,46260,	TOTAL: 46260
043005-07:00:05,srvr20u01,0,0,	TOTAL: 0
043005-08:00:07,srvr20u01,0,32,	TOTAL: 32
043005-09:00:08,srvr20u01,0,32,	TOTAL: 32
043005-10:00:10,srvr20u01,0,36,	TOTAL: 36
043005-11:00:09,srvr20u01,0,36,	TOTAL: 36
043005-12:00:11,srvr20u01,0,36,	TOTAL: 36
043005-13:00:10,srvr20u01,0,36,	TOTAL: 36
043005-14:00:07,srvr20u01,0,36,	TOTAL: 36
043005-15:00:06,srvr20u01,0,36,	TOTAL: 36
043005-16:00:05,srvr20u01,0,36,	TOTAL: 36
043005-17:00:05,srvr20u01,0,36,	TOTAL: 36
043005-18:00:05,srvr20u01,0,36,	TOTAL: 36
043005-19:00:05,srvr20u01,0,36,	TOTAL: 36
043005-20:00:05,srvr20u01,0,36,	TOTAL: 36
043005-21:00:05,srvr20u01,0,36,	TOTAL: 36
043005-22:00:06,srvr20u01,0,36,	TOTAL: 36
043005-23:00:06,srvr20u01,0,36,	TOTAL: 36
050105-00:00:05,srvr20u01,0,36,	TOTAL: 36
050105-01:00:06,srvr20u01,0,36,	TOTAL: 36
050105-02:00:05,srvr20u01,0,36,	TOTAL: 36
050105-03:00:05,srvr20u01,0,1038633,	TOTAL: 1038633
050105-04:00:05,srvr20u01,0,715758,	TOTAL: 715758
050105-05:00:05,srvr20u01,0,368773,	TOTAL: 368773
050105-06:00:06,srvr20u01,0,35065,	TOTAL: 35065
050105-07:00:05,srvr20u01,0,0,	TOTAL: 0
050105-08:00:11,srvr20u01,0,36,	TOTAL: 36
050105-09:00:08,srvr20u01,0,36,	TOTAL: 36
050105-10:00:08,srvr20u01,0,36,	TOTAL: 36
050105-11:00:09,srvr20u01,0,36,	TOTAL: 36
050105-12:00:09,srvr20u01,0,36,	TOTAL: 36
050105-13:00:07,srvr20u01,0,36,	TOTAL: 36
050105-14:00:06,srvr20u01,0,36,	TOTAL: 36
050105-15:00:05,srvr20u01,0,36,	TOTAL: 36
050105-16:00:05,srvr20u01,0,36,	TOTAL: 36
050105-17:00:05,srvr20u01,0,36,	TOTAL: 36
050105-18:00:06,srvr20u01,0,36,	TOTAL: 36
050105-19:00:04,srvr20u01,0,36,	TOTAL: 36
050105-20:00:05,srvr20u01,0,36,	TOTAL: 36
050105-21:00:05,srvr20u01,0,36,	TOTAL: 36
050105-22:00:04,srvr20u01,0,36,	TOTAL: 36
050105-23:00:05,srvr20u01,0,36,	TOTAL: 36
050205-00:00:05,srvr20u01,0,36,	TOTAL: 36
050205-01:00:05,srvr20u01,0,36,	TOTAL: 36
050205-02:00:04,srvr20u01,0,36,	TOTAL: 36
050205-03:00:04,srvr20u01,0,0,	TOTAL: 0
050205-04:00:06,srvr20u01,0,0,	TOTAL: 0
050205-05:00:06,srvr20u01,0,0,	TOTAL: 0
050205-06:00:06,srvr20u01,0,0,	TOTAL: 0
050205-07:00:07,srvr20u01,0,0,	TOTAL: 0
050205-08:00:08,srvr20u01,0,36,	TOTAL: 36
050205-09:00:09,srvr20u01,0,36,	TOTAL: 36
050205-10:00:08,srvr20u01,0,36,	TOTAL: 36
050205-11:00:09,srvr20u01,0,36,	TOTAL: 36
050205-12:00:10,srvr20u01,0,36,	TOTAL: 36
050205-13:00:06,srvr20u01,0,36,	TOTAL: 36
050205-14:00:04,srvr20u01,0,36,	TOTAL: 36
050205-15:00:05,srvr20u01,0,36,	TOTAL: 36
050205-17:00:06,srvr20u01,0,63,	TOTAL: 63
050205-18:00:04,srvr20u01,0,63,	TOTAL: 63
050205-19:00:04,srvr20u01,0,63,	TOTAL: 63
050205-20:00:04,srvr20u01,0,63,	TOTAL: 63
050205-21:00:05,srvr20u01,0,63,	TOTAL: 63
050205-22:00:07,srvr20u01,0,63,	TOTAL: 63
050205-23:00:08,srvr20u01,0,63,	TOTAL: 63
050305-00:00:06,srvr20u01,0,63,	TOTAL: 63
050305-01:00:06,srvr20u01,0,63,	TOTAL: 63
050305-02:00:04,srvr20u01,0,63,	TOTAL: 63
050305-03:00:05,srvr20u01,0,0,	TOTAL: 0
050305-04:00:05,srvr20u01,0,0,	TOTAL: 0
050305-05:00:06,srvr20u01,0,0,	TOTAL: 0
050305-06:00:05,srvr20u01,0,0,	TOTAL: 0
050305-07:00:08,srvr20u01,0,0,	TOTAL: 0
050305-08:00:09,srvr20u01,0,35,	TOTAL: 35
050305-09:00:11,srvr20u01,0,36,	TOTAL: 36
050305-10:00:08,srvr20u01,0,36,	TOTAL: 36
050305-11:00:08,srvr20u01,0,36,	TOTAL: 36
050305-12:00:07,srvr20u01,0,36,	TOTAL: 36
050305-13:00:05,srvr20u01,0,36,	TOTAL: 36
050305-14:00:05,srvr20u01,0,36,	TOTAL: 36
050305-15:00:04,srvr20u01,0,36,	TOTAL: 36
050305-16:00:05,srvr20u01,0,36,	TOTAL: 36
050305-17:00:04,srvr20u01,0,36,	TOTAL: 36
050305-18:00:05,srvr20u01,0,36,	TOTAL: 36
050305-19:00:04,srvr20u01,0,36,	TOTAL: 36
050305-20:00:04,srvr20u01,0,36,	TOTAL: 36
050305-21:00:05,srvr20u01,0,36,	TOTAL: 36
050305-22:00:05,srvr20u01,0,36,	TOTAL: 36
050305-23:00:06,srvr20u01,0,36,	TOTAL: 36
050405-00:00:06,srvr20u01,0,36,	TOTAL: 36
050405-01:00:06,srvr20u01,0,36,	TOTAL: 36
050405-02:00:05,srvr20u01,0,36,	TOTAL: 36
050405-03:00:04,srvr20u01,0,0,	TOTAL: 0
050405-04:00:04,srvr20u01,0,0,	TOTAL: 0
050405-05:00:06,srvr20u01,0,0,	TOTAL: 0
050405-06:00:05,srvr20u01,0,0,	TOTAL: 0
050405-07:00:08,srvr20u01,0,0,	TOTAL: 0
050405-08:00:08,srvr20u01,0,35,	TOTAL: 35
050405-09:00:07,srvr20u01,0,36,	TOTAL: 36
050405-10:00:09,srvr20u01,0,36,	TOTAL: 36
050405-11:00:07,srvr20u01,0,36,	TOTAL: 36
050405-12:00:07,srvr20u01,0,36,	TOTAL: 36
050405-13:00:06,srvr20u01,0,36,	TOTAL: 36
050405-14:00:04,srvr20u01,0,36,	TOTAL: 36
050405-15:00:05,srvr20u01,0,36,	TOTAL: 36
050405-16:00:05,srvr20u01,0,36,	TOTAL: 36
050405-17:00:05,srvr20u01,0,36,	TOTAL: 36
050405-18:00:06,srvr20u01,0,36,	TOTAL: 36
050405-19:00:07,srvr20u01,0,36,	TOTAL: 36
050405-20:00:06,srvr20u01,0,36,	TOTAL: 36
050405-21:00:05,srvr20u01,0,36,	TOTAL: 36
050405-22:00:05,srvr20u01,0,36,	TOTAL: 36
050405-23:00:06,srvr20u01,0,36,	TOTAL: 36
050505-00:00:05,srvr20u01,0,36,	TOTAL: 36
050505-01:00:05,srvr20u01,0,36,	TOTAL: 36
050505-02:00:04,srvr20u01,0,36,	TOTAL: 36
050505-03:00:05,srvr20u01,0,0,	TOTAL: 0
050505-04:00:05,srvr20u01,0,0,	TOTAL: 0
050505-05:00:05,srvr20u01,0,0,	TOTAL: 0
050505-06:00:05,srvr20u01,0,0,	TOTAL: 0
050505-07:00:06,srvr20u01,0,0,	TOTAL: 0
050505-08:00:07,srvr20u01,0,32,	TOTAL: 32
050505-09:00:06,srvr20u01,0,32,	TOTAL: 32
050505-10:00:06,srvr20u01,0,34,	TOTAL: 34
050505-11:00:07,srvr20u01,0,36,	TOTAL: 36
050505-12:00:06,srvr20u01,0,36,	TOTAL: 36
050505-13:00:05,srvr20u01,0,36,	TOTAL: 36
050505-14:00:06,srvr20u01,0,36,	TOTAL: 36
050505-15:00:05,srvr20u01,0,36,	TOTAL: 36
050505-16:00:05,srvr20u01,0,36,	TOTAL: 36
050505-17:00:05,srvr20u01,0,36,	TOTAL: 36
050505-18:00:04,srvr20u01,0,36,	TOTAL: 36
050505-19:00:05,srvr20u01,0,36,	TOTAL: 36
050505-20:00:04,srvr20u01,0,36,	TOTAL: 36
050505-21:00:04,srvr20u01,0,36,	TOTAL: 36
050505-22:00:04,srvr20u01,0,36,	TOTAL: 36
050505-23:00:05,srvr20u01,0,36,	TOTAL: 36
050605-00:00:05,srvr20u01,0,36,	TOTAL: 36
050605-01:00:05,srvr20u01,0,36,	TOTAL: 36
050605-02:00:05,srvr20u01,0,36,	TOTAL: 36
050605-03:00:04,srvr20u01,0,0,	TOTAL: 0
050605-04:00:04,srvr20u01,0,0,	TOTAL: 0
050605-05:00:04,srvr20u01,0,0,	TOTAL: 0
050605-06:00:04,srvr20u01,0,0,	TOTAL: 0
050605-07:00:05,srvr20u01,0,0,	TOTAL: 0
050605-08:00:05,srvr20u01,0,32,	TOTAL: 32
050605-09:00:06,srvr20u01,0,32,	TOTAL: 32
050605-10:00:05,srvr20u01,0,32,	TOTAL: 32
050605-11:00:06,srvr20u01,0,32,	TOTAL: 32
050605-12:00:05,srvr20u01,0,32,	TOTAL: 32
050605-13:00:05,srvr20u01,0,32,	TOTAL: 32
050605-14:00:05,srvr20u01,0,32,	TOTAL: 32
050605-15:00:11,srvr20u01,0,36,	TOTAL: 36
050605-16:00:15,srvr20u01,0,36,	TOTAL: 36
050605-17:00:10,srvr20u01,0,36,	TOTAL: 36
050605-18:00:08,srvr20u01,0,36,	TOTAL: 36
050605-19:00:09,srvr20u01,0,36,	TOTAL: 36
050605-20:00:05,srvr20u01,0,36,	TOTAL: 36
050605-21:00:04,srvr20u01,0,36,	TOTAL: 36
050605-22:00:06,srvr20u01,0,36,	TOTAL: 36
050605-23:00:06,srvr20u01,0,36,	TOTAL: 36
050705-00:00:06,srvr20u01,0,36,	TOTAL: 36
050705-01:00:05,srvr20u01,0,36,	TOTAL: 36
050705-02:00:06,srvr20u01,0,36,	TOTAL: 36
050705-03:00:05,srvr20u01,0,1016244,	TOTAL: 1016244
050705-04:00:05,srvr20u01,0,742129,	TOTAL: 742129
050705-05:00:05,srvr20u01,0,395301,	TOTAL: 395301
050705-06:00:07,srvr20u01,0,40217,	TOTAL: 40217
050705-07:00:05,srvr20u01,0,0,	TOTAL: 0
050705-08:00:10,srvr20u01,0,36,	TOTAL: 36
050705-09:00:07,srvr20u01,0,36,	TOTAL: 36
050705-10:00:10,srvr20u01,0,36,	TOTAL: 36
050705-11:00:08,srvr20u01,0,36,	TOTAL: 36
050705-12:00:08,srvr20u01,0,36,	TOTAL: 36
050705-13:00:07,srvr20u01,0,36,	TOTAL: 36
050705-14:00:07,srvr20u01,0,36,	TOTAL: 36
050705-15:00:05,srvr20u01,0,36,	TOTAL: 36
050705-16:00:05,srvr20u01,0,36,	TOTAL: 36
050705-17:00:05,srvr20u01,0,36,	TOTAL: 36
050705-18:00:05,srvr20u01,0,36,	TOTAL: 36
050705-19:00:05,srvr20u01,0,36,	TOTAL: 36
050705-20:00:05,srvr20u01,0,36,	TOTAL: 36
050705-21:00:04,srvr20u01,0,36,	TOTAL: 36
050705-22:00:06,srvr20u01,0,36,	TOTAL: 36
050705-23:00:05,srvr20u01,0,36,	TOTAL: 36
050805-00:00:05,srvr20u01,0,36,	TOTAL: 36
050805-01:00:06,srvr20u01,0,36,	TOTAL: 36
050805-02:00:05,srvr20u01,0,36,	TOTAL: 36
050805-03:00:05,srvr20u01,0,1024772,	TOTAL: 1024772
050805-04:00:06,srvr20u01,0,734516,	TOTAL: 734516
050805-05:00:06,srvr20u01,0,356934,	TOTAL: 356934
050805-06:00:05,srvr20u01,0,27856,	TOTAL: 27856
050805-07:00:06,srvr20u01,0,0,	TOTAL: 0
050805-08:00:11,srvr20u01,0,34,	TOTAL: 34
050805-09:00:09,srvr20u01,0,36,	TOTAL: 36
050805-10:00:08,srvr20u01,0,36,	TOTAL: 36
050805-11:00:07,srvr20u01,0,36,	TOTAL: 36
050805-12:00:08,srvr20u01,0,36,	TOTAL: 36
050805-13:00:07,srvr20u01,0,36,	TOTAL: 36
050805-14:00:04,srvr20u01,0,36,	TOTAL: 36
050805-15:00:05,srvr20u01,0,36,	TOTAL: 36
050805-16:00:04,srvr20u01,0,36,	TOTAL: 36
050805-17:00:05,srvr20u01,0,36,	TOTAL: 36
050805-18:00:05,srvr20u01,0,36,	TOTAL: 36
050805-19:00:04,srvr20u01,0,36,	TOTAL: 36
050805-20:00:05,srvr20u01,0,36,	TOTAL: 36
050805-21:00:04,srvr20u01,0,36,	TOTAL: 36
050805-22:00:05,srvr20u01,0,36,	TOTAL: 36
050805-23:00:05,srvr20u01,0,36,	TOTAL: 36
050905-00:00:05,srvr20u01,0,36,	TOTAL: 36
050905-01:00:04,srvr20u01,0,36,	TOTAL: 36
050905-02:00:05,srvr20u01,0,36,	TOTAL: 36
050905-03:00:05,srvr20u01,0,0,	TOTAL: 0
050905-04:00:04,srvr20u01,0,0,	TOTAL: 0
050905-05:00:06,srvr20u01,0,0,	TOTAL: 0
050905-06:00:05,srvr20u01,0,0,	TOTAL: 0
050905-07:00:07,srvr20u01,0,0,	TOTAL: 0
050905-08:00:08,srvr20u01,0,36,	TOTAL: 36
050905-09:00:09,srvr20u01,0,36,	TOTAL: 36
050905-10:00:10,srvr20u01,0,36,	TOTAL: 36
050905-11:00:09,srvr20u01,0,36,	TOTAL: 36
050905-12:00:08,srvr20u01,0,36,	TOTAL: 36
050905-13:00:06,srvr20u01,0,36,	TOTAL: 36
050905-14:00:05,srvr20u01,0,36,	TOTAL: 36
050905-15:00:05,srvr20u01,0,36,	TOTAL: 36
050905-16:00:05,srvr20u01,0,36,	TOTAL: 36
050905-17:00:05,srvr20u01,0,36,	TOTAL: 36
050905-18:00:05,srvr20u01,0,36,	TOTAL: 36
050905-19:00:05,srvr20u01,0,36,	TOTAL: 36
050905-20:00:05,srvr20u01,0,36,	TOTAL: 36
050905-21:00:04,srvr20u01,0,36,	TOTAL: 36
050905-22:00:05,srvr20u01,0,36,	TOTAL: 36
050905-23:00:06,srvr20u01,0,36,	TOTAL: 36
051005-00:00:05,srvr20u01,0,36,	TOTAL: 36
051005-01:00:06,srvr20u01,0,36,	TOTAL: 36
051005-02:00:05,srvr20u01,0,36,	TOTAL: 36
051005-03:00:05,srvr20u01,0,0,	TOTAL: 0
051005-04:00:05,srvr20u01,0,0,	TOTAL: 0
051005-05:00:06,srvr20u01,0,0,	TOTAL: 0
051005-06:00:07,srvr20u01,0,0,	TOTAL: 0
051005-07:00:09,srvr20u01,0,0,	TOTAL: 0
051005-08:00:11,srvr20u01,0,36,	TOTAL: 36
051005-09:00:10,srvr20u01,0,36,	TOTAL: 36
051005-10:00:09,srvr20u01,0,36,	TOTAL: 36
051005-11:00:09,srvr20u01,0,36,	TOTAL: 36
051005-12:00:06,srvr20u01,0,36,	TOTAL: 36
051005-13:00:07,srvr20u01,0,36,	TOTAL: 36
051005-14:00:05,srvr20u01,0,36,	TOTAL: 36
051005-15:00:05,srvr20u01,0,36,	TOTAL: 36
051005-16:00:05,srvr20u01,0,36,	TOTAL: 36
051005-17:00:05,srvr20u01,0,36,	TOTAL: 36
051005-18:00:04,srvr20u01,0,36,	TOTAL: 36
051005-19:00:05,srvr20u01,0,36,	TOTAL: 36
051005-20:00:05,srvr20u01,0,36,	TOTAL: 36
051005-21:00:06,srvr20u01,0,36,	TOTAL: 36
051005-22:00:06,srvr20u01,0,36,	TOTAL: 36
051005-23:00:06,srvr20u01,0,36,	TOTAL: 36
051105-00:00:05,srvr20u01,0,36,	TOTAL: 36
051105-01:00:05,srvr20u01,0,36,	TOTAL: 36
051105-02:00:06,srvr20u01,0,36,	TOTAL: 36
051105-03:00:05,srvr20u01,0,0,	TOTAL: 0
051105-04:00:05,srvr20u01,0,0,	TOTAL: 0
051105-05:00:07,srvr20u01,0,0,	TOTAL: 0
051105-06:00:06,srvr20u01,0,0,	TOTAL: 0
051105-07:00:10,srvr20u01,0,0,	TOTAL: 0
051105-08:00:10,srvr20u01,0,36,	TOTAL: 36
051105-09:00:09,srvr20u01,0,36,	TOTAL: 36
051105-10:00:06,srvr20u01,0,36,	TOTAL: 36
051105-11:00:06,srvr20u01,0,36,	TOTAL: 36
051105-12:00:08,srvr20u01,0,36,	TOTAL: 36
051105-13:00:07,srvr20u01,0,36,	TOTAL: 36
051105-14:00:05,srvr20u01,0,36,	TOTAL: 36
051105-15:00:04,srvr20u01,0,36,	TOTAL: 36
051105-16:00:04,srvr20u01,0,36,	TOTAL: 36
051105-17:00:04,srvr20u01,0,36,	TOTAL: 36
051105-18:00:05,srvr20u01,0,36,	TOTAL: 36
051105-19:00:05,srvr20u01,0,36,	TOTAL: 36
051105-20:00:05,srvr20u01,0,36,	TOTAL: 36
051105-21:00:04,srvr20u01,0,36,	TOTAL: 36
051105-22:00:06,srvr20u01,0,36,	TOTAL: 36
051105-23:00:07,srvr20u01,0,36,	TOTAL: 36
051205-00:00:05,srvr20u01,0,36,	TOTAL: 36
051205-01:00:05,srvr20u01,0,36,	TOTAL: 36
051205-02:00:05,srvr20u01,0,36,	TOTAL: 36
051205-03:00:05,srvr20u01,0,0,	TOTAL: 0
051205-04:00:05,srvr20u01,0,0,	TOTAL: 0
051205-05:00:05,srvr20u01,0,0,	TOTAL: 0
051205-06:00:06,srvr20u01,0,0,	TOTAL: 0
051205-07:00:08,srvr20u01,0,0,	TOTAL: 0
051205-08:00:09,srvr20u01,0,32,	TOTAL: 32
051205-09:00:09,srvr20u01,0,32,	TOTAL: 32
051205-10:00:07,srvr20u01,0,36,	TOTAL: 36
051205-11:00:07,srvr20u01,0,36,	TOTAL: 36
051205-12:00:05,srvr20u01,0,36,	TOTAL: 36
051205-13:00:04,srvr20u01,0,36,	TOTAL: 36
051205-14:00:06,srvr20u01,0,39,	TOTAL: 39
051205-15:00:06,srvr20u01,0,39,	TOTAL: 39
051205-16:00:06,srvr20u01,0,39,	TOTAL: 39
051205-17:00:07,srvr20u01,0,39,	TOTAL: 39
051205-18:00:07,srvr20u01,0,39,	TOTAL: 39
051205-19:00:08,srvr20u01,0,39,	TOTAL: 39
051205-20:00:07,srvr20u01,0,39,	TOTAL: 39
051205-21:00:06,srvr20u01,0,39,	TOTAL: 39
051205-22:00:05,srvr20u01,0,39,	TOTAL: 39
051205-23:00:08,srvr20u01,0,39,	TOTAL: 39
051305-00:00:05,srvr20u01,0,39,	TOTAL: 39
051305-01:00:07,srvr20u01,0,39,	TOTAL: 39
051305-02:00:05,srvr20u01,0,39,	TOTAL: 39
051305-03:00:06,srvr20u01,0,0,	TOTAL: 0
051305-04:00:07,srvr20u01,0,0,	TOTAL: 0
051305-05:00:07,srvr20u01,0,0,	TOTAL: 0
051305-06:00:07,srvr20u01,0,0,	TOTAL: 0
051305-07:00:09,srvr20u01,0,0,	TOTAL: 0
051305-08:00:08,srvr20u01,0,32,	TOTAL: 32
051305-09:00:08,srvr20u01,0,32,	TOTAL: 32
051305-10:00:10,srvr20u01,0,32,	TOTAL: 32
051305-11:00:08,srvr20u01,0,32,	TOTAL: 32
051305-12:00:07,srvr20u01,0,34,	TOTAL: 34
051305-13:00:07,srvr20u01,0,36,	TOTAL: 36
051305-14:00:06,srvr20u01,0,36,	TOTAL: 36
051305-15:00:08,srvr20u01,0,36,	TOTAL: 36
051305-16:00:08,srvr20u01,0,36,	TOTAL: 36
051305-17:00:05,srvr20u01,0,36,	TOTAL: 36
051305-18:00:05,srvr20u01,0,36,	TOTAL: 36
051305-19:00:05,srvr20u01,0,36,	TOTAL: 36
051305-20:00:04,srvr20u01,0,36,	TOTAL: 36
051305-21:00:04,srvr20u01,0,36,	TOTAL: 36
051305-22:00:06,srvr20u01,0,36,	TOTAL: 36
051305-23:00:06,srvr20u01,0,36,	TOTAL: 36
051405-00:00:07,srvr20u01,0,36,	TOTAL: 36
051405-01:00:05,srvr20u01,0,36,	TOTAL: 36
051405-02:00:05,srvr20u01,0,36,	TOTAL: 36
051405-03:00:06,srvr20u01,0,1028945,	TOTAL: 1028945
051405-04:00:06,srvr20u01,0,745602,	TOTAL: 745602
051405-05:00:05,srvr20u01,0,390311,	TOTAL: 390311
051405-06:00:06,srvr20u01,0,43212,	TOTAL: 43212
051405-07:00:05,srvr20u01,0,0,	TOTAL: 0
051405-08:00:06,srvr20u01,0,32,	TOTAL: 32
051405-09:00:10,srvr20u01,0,34,	TOTAL: 34
051405-10:00:10,srvr20u01,0,36,	TOTAL: 36
051405-11:00:10,srvr20u01,0,36,	TOTAL: 36
051405-12:00:07,srvr20u01,0,36,	TOTAL: 36
051405-13:00:09,srvr20u01,0,36,	TOTAL: 36
051405-14:00:07,srvr20u01,0,36,	TOTAL: 36
051405-15:00:07,srvr20u01,0,36,	TOTAL: 36
051405-16:00:06,srvr20u01,0,36,	TOTAL: 36
051405-17:00:07,srvr20u01,0,36,	TOTAL: 36
051405-18:00:05,srvr20u01,0,36,	TOTAL: 36
051405-19:00:05,srvr20u01,0,36,	TOTAL: 36
051405-20:00:06,srvr20u01,0,36,	TOTAL: 36
051405-21:00:05,srvr20u01,0,36,	TOTAL: 36
051405-22:00:05,srvr20u01,0,36,	TOTAL: 36
051405-23:00:06,srvr20u01,0,36,	TOTAL: 36
051505-00:00:06,srvr20u01,0,36,	TOTAL: 36
051505-01:00:07,srvr20u01,0,36,	TOTAL: 36
051505-02:00:06,srvr20u01,0,36,	TOTAL: 36
051505-03:00:05,srvr20u01,0,1029249,	TOTAL: 1029249
051505-04:00:05,srvr20u01,0,694179,	TOTAL: 694179
051505-05:00:06,srvr20u01,0,371604,	TOTAL: 371604
051505-06:00:06,srvr20u01,0,36059,	TOTAL: 36059
051505-07:00:08,srvr20u01,0,0,	TOTAL: 0
051505-08:00:08,srvr20u01,0,32,	TOTAL: 32
051505-09:00:09,srvr20u01,0,33,	TOTAL: 33
051505-10:00:08,srvr20u01,0,36,	TOTAL: 36
051505-11:00:09,srvr20u01,0,36,	TOTAL: 36
051505-12:00:09,srvr20u01,0,36,	TOTAL: 36
051505-13:00:08,srvr20u01,0,36,	TOTAL: 36
051505-14:00:06,srvr20u01,0,36,	TOTAL: 36
051505-15:00:06,srvr20u01,0,36,	TOTAL: 36
051505-16:00:05,srvr20u01,0,36,	TOTAL: 36
051505-17:00:05,srvr20u01,0,36,	TOTAL: 36
051505-18:00:05,srvr20u01,0,36,	TOTAL: 36
051505-19:00:05,srvr20u01,0,36,	TOTAL: 36
051505-20:00:05,srvr20u01,0,36,	TOTAL: 36
051505-21:00:05,srvr20u01,0,36,	TOTAL: 36
051505-22:00:05,srvr20u01,0,36,	TOTAL: 36
051505-23:00:04,srvr20u01,0,36,	TOTAL: 36
051605-00:00:04,srvr20u01,0,36,	TOTAL: 36
051605-01:00:06,srvr20u01,0,36,	TOTAL: 36
051605-02:00:05,srvr20u01,0,36,	TOTAL: 36
051605-03:00:04,srvr20u01,0,0,	TOTAL: 0
051605-04:00:04,srvr20u01,0,0,	TOTAL: 0
051605-05:00:05,srvr20u01,0,0,	TOTAL: 0
051605-06:00:07,srvr20u01,0,0,	TOTAL: 0
051605-07:00:05,srvr20u01,0,0,	TOTAL: 0
051605-08:00:07,srvr20u01,0,36,	TOTAL: 36
051605-09:00:09,srvr20u01,0,36,	TOTAL: 36
051605-10:00:08,srvr20u01,0,36,	TOTAL: 36
051605-11:00:07,srvr20u01,0,36,	TOTAL: 36
051605-12:00:07,srvr20u01,0,36,	TOTAL: 36
051605-13:00:06,srvr20u01,0,36,	TOTAL: 36
051605-14:00:06,srvr20u01,0,36,	TOTAL: 36
051605-15:00:05,srvr20u01,0,36,	TOTAL: 36
051605-16:00:06,srvr20u01,0,36,	TOTAL: 36
051605-17:00:05,srvr20u01,0,36,	TOTAL: 36
051605-18:00:06,srvr20u01,0,36,	TOTAL: 36
051605-19:00:06,srvr20u01,0,36,	TOTAL: 36
051605-20:00:06,srvr20u01,0,36,	TOTAL: 36
051605-21:00:05,srvr20u01,0,36,	TOTAL: 36
051605-22:00:07,srvr20u01,0,36,	TOTAL: 36
051605-23:00:06,srvr20u01,0,36,	TOTAL: 36
051705-00:00:06,srvr20u01,0,36,	TOTAL: 36
051705-01:00:06,srvr20u01,0,36,	TOTAL: 36
051705-02:00:05,srvr20u01,0,36,	TOTAL: 36
051705-03:00:06,srvr20u01,0,0,	TOTAL: 0
051705-04:00:05,srvr20u01,0,0,	TOTAL: 0
051705-05:00:06,srvr20u01,0,0,	TOTAL: 0
051705-06:00:07,srvr20u01,0,0,	TOTAL: 0
051705-07:00:08,srvr20u01,0,0,	TOTAL: 0
051705-08:00:06,srvr20u01,0,32,	TOTAL: 32
051705-09:00:06,srvr20u01,0,36,	TOTAL: 36
051705-10:00:06,srvr20u01,0,36,	TOTAL: 36
051705-11:00:05,srvr20u01,0,36,	TOTAL: 36
051705-12:00:08,srvr20u01,0,39,	TOTAL: 39
051705-13:00:06,srvr20u01,0,39,	TOTAL: 39
051705-14:00:07,srvr20u01,0,39,	TOTAL: 39
051705-15:00:07,srvr20u01,0,39,	TOTAL: 39
051705-16:00:08,srvr20u01,0,39,	TOTAL: 39
051705-17:00:07,srvr20u01,0,39,	TOTAL: 39
051705-18:00:08,srvr20u01,0,39,	TOTAL: 39
051705-19:00:06,srvr20u01,0,39,	TOTAL: 39
051705-20:00:05,srvr20u01,0,39,	TOTAL: 39
051705-21:00:06,srvr20u01,0,39,	TOTAL: 39
051705-22:00:07,srvr20u01,0,39,	TOTAL: 39
051705-23:00:07,srvr20u01,0,39,	TOTAL: 39
051805-00:00:06,srvr20u01,0,39,	TOTAL: 39
051805-01:00:06,srvr20u01,0,39,	TOTAL: 39
051805-02:00:05,srvr20u01,0,39,	TOTAL: 39
051805-03:00:06,srvr20u01,0,0,	TOTAL: 0
051805-04:00:06,srvr20u01,0,0,	TOTAL: 0
051805-05:00:08,srvr20u01,0,0,	TOTAL: 0
051805-06:00:08,srvr20u01,0,0,	TOTAL: 0
051805-07:00:09,srvr20u01,0,0,	TOTAL: 0
051805-08:00:08,srvr20u01,0,32,	TOTAL: 32
051805-09:00:07,srvr20u01,0,32,	TOTAL: 32
051805-10:00:07,srvr20u01,0,32,	TOTAL: 32
051805-11:00:06,srvr20u01,0,32,	TOTAL: 32
051805-12:00:05,srvr20u01,0,32,	TOTAL: 32
051805-13:00:04,srvr20u01,0,32,	TOTAL: 32
051805-14:00:05,srvr20u01,0,32,	TOTAL: 32
051805-15:00:06,srvr20u01,0,32,	TOTAL: 32
051805-16:00:10,srvr20u01,0,35,	TOTAL: 35
051805-17:00:09,srvr20u01,0,36,	TOTAL: 36
051805-18:00:09,srvr20u01,0,36,	TOTAL: 36
051805-19:00:09,srvr20u01,0,36,	TOTAL: 36
051805-20:00:07,srvr20u01,0,36,	TOTAL: 36
051805-21:00:07,srvr20u01,0,36,	TOTAL: 36
051805-22:00:06,srvr20u01,0,36,	TOTAL: 36
051805-23:00:06,srvr20u01,0,36,	TOTAL: 36
051905-00:00:05,srvr20u01,0,36,	TOTAL: 36
051905-01:00:06,srvr20u01,0,36,	TOTAL: 36
051905-02:00:05,srvr20u01,0,36,	TOTAL: 36
051905-03:00:06,srvr20u01,0,0,	TOTAL: 0
051905-04:00:05,srvr20u01,0,0,	TOTAL: 0
051905-05:00:06,srvr20u01,0,0,	TOTAL: 0
051905-06:00:05,srvr20u01,0,0,	TOTAL: 0
051905-07:00:10,srvr20u01,0,0,	TOTAL: 0
051905-08:00:11,srvr20u01,0,36,	TOTAL: 36
051905-09:00:09,srvr20u01,0,36,	TOTAL: 36
051905-10:00:10,srvr20u01,0,36,	TOTAL: 36
051905-11:00:08,srvr20u01,0,36,	TOTAL: 36
051905-12:00:08,srvr20u01,0,36,	TOTAL: 36
051905-13:00:07,srvr20u01,0,36,	TOTAL: 36
051905-14:00:04,srvr20u01,0,36,	TOTAL: 36
051905-15:00:05,srvr20u01,0,36,	TOTAL: 36
051905-16:00:05,srvr20u01,0,36,	TOTAL: 36
051905-17:00:05,srvr20u01,0,36,	TOTAL: 36
051905-18:00:05,srvr20u01,0,36,	TOTAL: 36
051905-19:00:05,srvr20u01,0,36,	TOTAL: 36
051905-20:00:05,srvr20u01,0,36,	TOTAL: 36
051905-21:00:04,srvr20u01,0,36,	TOTAL: 36
051905-22:00:06,srvr20u01,0,36,	TOTAL: 36
051905-23:00:06,srvr20u01,0,36,	TOTAL: 36
052005-00:00:05,srvr20u01,0,36,	TOTAL: 36
052005-01:00:06,srvr20u01,0,36,	TOTAL: 36
052005-02:00:05,srvr20u01,0,36,	TOTAL: 36
052005-03:00:05,srvr20u01,0,0,	TOTAL: 0
052005-04:00:06,srvr20u01,0,0,	TOTAL: 0
052005-05:00:06,srvr20u01,0,0,	TOTAL: 0
052005-06:00:08,srvr20u01,0,0,	TOTAL: 0
052005-07:00:10,srvr20u01,0,0,	TOTAL: 0
052005-08:00:12,srvr20u01,0,36,	TOTAL: 36
052005-09:00:10,srvr20u01,0,36,	TOTAL: 36
052005-10:00:08,srvr20u01,0,36,	TOTAL: 36
052005-11:00:08,srvr20u01,0,36,	TOTAL: 36
052005-12:00:07,srvr20u01,0,36,	TOTAL: 36
052005-13:00:06,srvr20u01,0,36,	TOTAL: 36
052005-14:00:04,srvr20u01,0,36,	TOTAL: 36
052005-15:00:05,srvr20u01,0,36,	TOTAL: 36
052005-16:00:05,srvr20u01,0,36,	TOTAL: 36
052005-17:00:05,srvr20u01,0,36,	TOTAL: 36
052005-18:00:05,srvr20u01,0,36,	TOTAL: 36
052005-19:00:05,srvr20u01,0,36,	TOTAL: 36
052005-20:00:05,srvr20u01,0,36,	TOTAL: 36
052005-21:00:05,srvr20u01,0,36,	TOTAL: 36
052005-22:00:06,srvr20u01,0,36,	TOTAL: 36
052005-23:00:05,srvr20u01,0,36,	TOTAL: 36
052105-00:00:06,srvr20u01,0,36,	TOTAL: 36
052105-01:00:06,srvr20u01,0,36,	TOTAL: 36
052105-02:00:06,srvr20u01,0,36,	TOTAL: 36
052105-03:00:05,srvr20u01,0,1017694,	TOTAL: 1017694
052105-04:00:05,srvr20u01,0,695605,	TOTAL: 695605
052105-05:00:06,srvr20u01,0,339696,	TOTAL: 339696
052105-06:00:05,srvr20u01,0,35719,	TOTAL: 35719
052105-07:00:05,srvr20u01,0,0,	TOTAL: 0
052105-08:00:06,srvr20u01,0,32,	TOTAL: 32
052105-09:00:07,srvr20u01,0,32,	TOTAL: 32
052105-10:00:10,srvr20u01,0,36,	TOTAL: 36
052105-11:00:07,srvr20u01,0,36,	TOTAL: 36
052105-12:00:10,srvr20u01,0,36,	TOTAL: 36
052105-13:00:08,srvr20u01,0,36,	TOTAL: 36
052105-14:00:08,srvr20u01,0,36,	TOTAL: 36
052105-15:00:06,srvr20u01,0,36,	TOTAL: 36
052105-16:00:07,srvr20u01,0,36,	TOTAL: 36
052105-17:00:05,srvr20u01,0,36,	TOTAL: 36
052105-18:00:04,srvr20u01,0,36,	TOTAL: 36
052105-19:00:05,srvr20u01,0,36,	TOTAL: 36
052105-20:00:05,srvr20u01,0,36,	TOTAL: 36
052105-21:00:05,srvr20u01,0,36,	TOTAL: 36
052105-22:00:06,srvr20u01,0,36,	TOTAL: 36
052105-23:00:05,srvr20u01,0,36,	TOTAL: 36
052205-00:00:06,srvr20u01,0,36,	TOTAL: 36
052205-01:00:06,srvr20u01,0,36,	TOTAL: 36
052205-02:00:05,srvr20u01,0,36,	TOTAL: 36
052205-03:00:05,srvr20u01,0,1043901,	TOTAL: 1043901
052205-04:00:05,srvr20u01,0,757009,	TOTAL: 757009
052205-05:00:06,srvr20u01,0,405769,	TOTAL: 405769
052205-06:00:06,srvr20u01,0,22175,	TOTAL: 22175
052205-07:00:07,srvr20u01,0,0,	TOTAL: 0
052205-08:00:09,srvr20u01,0,36,	TOTAL: 36
052205-09:00:08,srvr20u01,0,36,	TOTAL: 36
052205-10:00:07,srvr20u01,0,36,	TOTAL: 36
052205-11:00:08,srvr20u01,0,36,	TOTAL: 36
052205-12:00:09,srvr20u01,0,36,	TOTAL: 36
052205-13:00:07,srvr20u01,0,36,	TOTAL: 36
052205-14:00:06,srvr20u01,0,36,	TOTAL: 36
052205-15:00:05,srvr20u01,0,36,	TOTAL: 36
052205-16:00:05,srvr20u01,0,36,	TOTAL: 36
052205-17:00:05,srvr20u01,0,36,	TOTAL: 36
052205-18:00:05,srvr20u01,0,36,	TOTAL: 36
052205-19:00:05,srvr20u01,0,36,	TOTAL: 36
052205-20:00:05,srvr20u01,0,36,	TOTAL: 36
052205-21:00:05,srvr20u01,0,36,	TOTAL: 36
052205-22:00:05,srvr20u01,0,36,	TOTAL: 36
052205-23:00:06,srvr20u01,0,36,	TOTAL: 36
052305-00:00:04,srvr20u01,0,36,	TOTAL: 36
052305-01:00:05,srvr20u01,0,36,	TOTAL: 36
052305-02:00:04,srvr20u01,0,36,	TOTAL: 36
052305-03:00:05,srvr20u01,0,0,	TOTAL: 0
052305-04:00:06,srvr20u01,0,0,	TOTAL: 0
052305-05:00:06,srvr20u01,0,0,	TOTAL: 0
052305-06:00:08,srvr20u01,0,0,	TOTAL: 0
052305-07:00:09,srvr20u01,0,0,	TOTAL: 0
052305-08:00:07,srvr20u01,0,36,	TOTAL: 36
