Hot backup BEGIN process for  STARTED at Mon May 23 06:53:29 EDT 2005
Making backup copy of CONTROL FILE

SQL*Plus: Release 9.2.0.2.0 - Production on Mon May 23 06:53:29 2005

Copyright (c) 1982, 2002, Oracle Corporation.  All rights reserved.


Connected to:
Oracle9i Enterprise Edition Release 9.2.0.2.0 - 64bit Production
With the Partitioning, OLAP and Oracle Data Mining options
JServer Release 9.2.0.2.0 - Production

SQL> 
Database altered.

SQL> Database log mode	       Archive Mode
Automatic archival	       Enabled
Archive destination	       /u20/orachive/prod1/
Oldest online log sequence     112735
Next log sequence to archive   112739
Current log sequence	       112739
SQL> Disconnected from Oracle9i Enterprise Edition Release 9.2.0.2.0 - 64bit Production
With the Partitioning, OLAP and Oracle Data Mining options
JServer Release 9.2.0.2.0 - Production
Creating a list of tablespaces.

SQL*Plus: Release 9.2.0.2.0 - Production on Mon May 23 06:53:29 2005

Copyright (c) 1982, 2002, Oracle Corporation.  All rights reserved.


Connected to:
Oracle9i Enterprise Edition Release 9.2.0.2.0 - 64bit Production
With the Partitioning, OLAP and Oracle Data Mining options
JServer Release 9.2.0.2.0 - Production

SQL> SQL> SQL> SQL> SQL> SQL> SQL> SQL>   2    3    4    5    6  alter tablespace BACKPROS end backup;
alter tablespace CIS end backup;
alter tablespace CRYSTAL end backup;
alter tablespace DATASERVICES end backup;
alter tablespace PRECISE_INDEX_TBS end backup;
alter tablespace PRECISE_TBS end backup;
alter tablespace PROS end backup;
alter tablespace PROS3 end backup;
alter tablespace SYSTEM end backup;
alter tablespace TOOLS end backup;
alter tablespace TSKOADMIN end backup;
alter tablespace TSKOADMIN_IDX01 end backup;
alter tablespace TSKOATTR end backup;
alter tablespace TSKOATTR_IDX01 end backup;
alter tablespace TSKOBENE end backup;
alter tablespace TSKOBENE_IDX01 end backup;
alter tablespace TSKOBUSS end backup;
alter tablespace TSKOBUSS_IDX01 end backup;
alter tablespace TSKOCAND end backup;
alter tablespace TSKOCAND_IDX01 end backup;
alter tablespace TSKOCOMP end backup;
alter tablespace TSKOCOMP_IDX01 end backup;
alter tablespace TSKOFLEX end backup;
alter tablespace TSKOFLEX_IDX01 end backup;
alter tablespace TSKOKPIS end backup;
alter tablespace TSKOKPIS_IDX01 end backup;
alter tablespace TSKOMISC end backup;
alter tablespace TSKOMISC_IDX01 end backup;
alter tablespace TSKOPERM end backup;
alter tablespace TSKOPERM_IDX01 end backup;
alter tablespace TSKOPS end backup;
alter tablespace TSKOPS_IDX01 end backup;
alter tablespace UNDOTBS1 end backup;
alter tablespace USERS end backup;
alter tablespace WIZARD end backup;
alter tablespace WIZFOOBARKEY end backup;
alter tablespace WIZTS end backup;
SQL> SQL> SP2-0734: unknown command beginning "SQL> selec..." - rest of line ignored.
  6*
SP2-0734: unknown command beginning "SQL> spool..." - rest of line ignored.
SQL> Disconnected from Oracle9i Enterprise Edition Release 9.2.0.2.0 - 64bit Production
With the Partitioning, OLAP and Oracle Data Mining options
JServer Release 9.2.0.2.0 - Production
Hot backup BEGIN process for prod1 COMPLETED at Mon May 23 06:53:30 EDT 2005
