ALLDGS=5
ALLVGS=7
ALL_GROUPS_SPLIT=5
ALL_GROUPS_START=5
ALL_GROUPS_SYNCED=5
BCVBINDIR=/usr/local/bin/bcvscripts/bin
BCVCFGFILE=/usr/local/bin/bcvscripts/etc/bcv_scripts.conf
BCVDIR=/usr/local/bin/bcvscripts
BCVETCDIR=/usr/local/bin/bcvscripts/etc
BCVLIBDIR=/usr/local/bin/bcvscripts/lib
BCVLOGDIR=/usr/local/bin/bcvscripts/logs
BCVLOGFILE=/usr/local/bin/bcvscripts/logs/server16_BCV_LOG
BCVTMPDIR=/usr/local/bin/bcvscripts/tmp
BCV_DG_ELEMENTS=/usr/local/bin/bcvscripts/tmp/server16_DG_ELEM.vars
BCV_DG_XACT_ELEMENTS=/usr/local/bin/bcvscripts/tmp/server16_DG_ELEM_XACT.vars
BCV_EST_STATUS=/usr/local/bin/bcvscripts/tmp/server16_EST_STATUS
BCV_EXPORT_STATUS=/usr/local/bin/bcvscripts/tmp/server16_EXPORT_STATUS
BCV_IMPORT_STATUS=/usr/local/bin/bcvscripts/tmp/server16_IMPORT_STATUS
BCV_MONITOR_STATUS=/usr/local/bin/bcvscripts/tmp/server16_EST_MONITOR
BCV_RE_MOUNT=/usr/local/bin/bcvscripts/tmp/server16_RE_MOUNT
BCV_SPLIT_STATUS=/usr/local/bin/bcvscripts/tmp/server16_SPLIT_STATUS
BCV_SYNC_STATUS=/usr/local/bin/bcvscripts/tmp/server16_SYNC_STATUS
BCV_UMOUNT_STATUS=/usr/local/bin/bcvscripts/tmp/server16_UMOUNT_STATUS
BCV_VERIFY_VARIABLES=/usr/local/bin/bcvscripts/tmp/server16_Verify_Variables
BCV_VGCHANGE_STATUS=/usr/local/bin/bcvscripts/tmp/server16_VGCHANGE_STATUS
BCV_VG_ELEMENTS=/usr/local/bin/bcvscripts/tmp/server16_VG_ELEM.vars
BCV_VG_MINNUM=/usr/local/bin/bcvscripts/tmp/server16_VG_MINNUM
BCV_VG_XACT_ELEMENTS=/usr/local/bin/bcvscripts/tmp/server16_VG_ELEM_XACT.vars
BINDIR=/usr/bin
BKUPDIR=/usr/local/bin/bcvscripts/Backup
CHG_STAT_1=0
CHG_STAT_2=7
CNTRBDIR=/usr/contrib/bin
COUNT_TIME_3=300
COUNT_TIME_6=600
COUNT_TIME_9=900
COUNT_TIME_S30=30
COUNT_TIME_S60=60
CURRENT_TIME=062116
DBA_NOTIFY[0]=rkommireddy
DBA_NOTIFY[1]=larango
DEBUG_MODE=OFF
DEVG=psfssystem1
DEVGRP=psfssystem1
DG=psfsprod1
DGROUPS=psfssystem1
DGS=psfssystem1
DG_ARRAY_START=4
DG_ARRAY_START_XACT=-1
DG_ELEM=-1
DG_ELEM_0=psfsprod1
DG_ELEM_1=psfsprod2
DG_ELEM_2=apps16
DG_ELEM_3=psfiles1
DG_ELEM_4=psfssystem1
DG_ELEM_NUM=DG_ELEM_0
DG_ELEM_XACT=-1
DG_N=psfssystem1
DVGROUP=psfssystem1
DVGRP=psfssystem1
EMAIL_RPT=/usr/local/bin/bcvscripts/logs/server16_Email_Report
ERRNO=25
ERROR_NOTIFY[0]=dholton
ERROR_NOTIFY[1]=jstenglein
ERROR_NOTIFY[2]=calley
ERROR_NOTIFY[3]=mbmcclos
ERROR_RPT=/usr/local/bin/bcvscripts/logs/server16_Error_Report
EST_TYPE=FULL
EXPORT_COUNT=0
FCEDIT=/usr/bin/ed
FILESYS=/BCV/srvr16/u03
FILESYSTEM=/BCV/srvr16/u01
FILE_NUMBER=4
FINAL_NOTIFY[0]=dholton
FINAL_NOTIFY[1]=jstenglein
FINAL_NOTIFY[2]=calley
FINAL_NOTIFY[3]=mbmcclos
FPATH=/usr/local/bin/bcvscripts/lib
FSCK_OUTPUT=/usr/local/bin/bcvscripts/tmp/server16_FSCK_OUTPUT
FSCK_STAT=0
FSTAB_EXTRACT=/dev/vgfsprod1/lvol1:/BCV/srvr16/u01
FSTAB_XTRACT=/dev/vgfssystem1/lvol1:/BCV/srvr16/u03
FS_MOUNTED=7
F_STATUS=replay complete - marking super-block as CLEAN
GROUP=psfssystem1
GROUPFILE=/dev/vgfssystem1/group
GROUP_COUNT=5
GROUP_COUNT_ORIG=0
HBMDIR=/usr/local/bin/HBM
HBMLOGFILE=/usr/local/bin/bcvscripts/logs/server16-HBM.log
HOME=/root
IFS= 	

IMPORT_COUNT=0
INPROGSTAT=psfssystem1_inprog
INPROG_STAT=28
INSTANCE=2
INSTANCE_FILE=/usr/local/bin/bcvscripts/tmp/INSTANCES
JDATE=2005143
LBINDIR=/usr/local/bin
LINE=psfssystem1=0
LINENO=2
LOG=/usr/local/bin/bcvscripts/logs/server16_ora_stop_backup_fsprod.log
LOGNAME=root
LOG_COMPLETED=Hot backup BEGIN process for fsprod COMPLETED at Mon May 23 06:45:41 EDT 2005
LOG_COMPLETED_DATE=23
LOG_COMPLETED_MONTH=May
LOG_COMPLETED_WKDAY=Mon
LOG_START=Hot backup BEGIN process for  STARTED at Mon May 23 06:45:35 EDT 2005
LOG_START_DATE=23
LOG_START_MONTH=May
LOG_START_WKDAY=Mon
LVM_ERRORS=0
LVOL_NUM=/dev/vgfssystem1
MAILCHECK=600
MANUAL_MONITOR=NO
MAPDIR=/root/disks/vgfssystem1
MAPFILE=/root/disks/vgfssystem1/vgfssystem1.map
MB_CHECK=0.0
MOUNT_CHK=
MOUNT_STAT=/BCV/srvr16/u03
MOUNT_STAT_2=
N_EST_STAT=0
OHBML_DATE=May 23
OHBML_FILE=ora_stop_backup_fsprod.log
OHBML_FILEnPATH=/home/oracle/logs/ora_stop_backup_fsprod.log
OHBML_TIME=06:45
OIFS= 	

OMNIBACK_OBJ=SERVER16
OMNIBACK_SCHED=QBCV_SRVR16
OMNIBINDIR=/opt/omni/bin
OMNIETCDIR=/etc/opt/omni
OMNI_DRV=
OMNI_FILESYSTEMS=/usr/local/bin/bcvscripts/tmp/2005143_FS.OB
OPTARG=wait
OPTIND=1
OPTIONS=FBS server16 s wait
OPTION_I=
OPTION_W=
ORA_ERROR_1=
ORA_ERROR_2=
ORA_ERROR_3=
ORA_ERROR_LOG=/usr/local/bin/bcvscripts/logs/server16_ORACLE_Log
ORA_GENERAL_FILE=ora_st*backup*.log
ORA_LOG_ARRAY[0]=/usr/local/bin/bcvscripts/logs/server16_ora_start_backup_edcprod.log
ORA_LOG_ARRAY[1]=/usr/local/bin/bcvscripts/logs/server16_ora_start_backup_fsprod.log
ORA_LOG_ARRAY[2]=/usr/local/bin/bcvscripts/logs/server16_ora_stop_backup_edcprod.log
ORA_LOG_ARRAY[3]=/usr/local/bin/bcvscripts/logs/server16_ora_stop_backup_fsprod.log
ORA_START_HB=ora_start*backup*.log
ORA_START_HBM=/usr/local/bin/HBM/srvr16-StartHotBackup.sh
ORA_STOP_HB=ora_stop*backup*.log
ORA_STOP_HBM=/usr/local/bin/HBM/srvr16-StopHotBackup.sh
PATH=/usr/bin:/usr/sbin:.
PPID=24184
PS2=> 
PS3=#? 
PS4=+ 
PVPATHFILE=/root/disks/vgfssystem1/vgfssystem1.pvpath
PWD=/root
QEMAIL_RPT=/usr/local/bin/bcvscripts/logs/server16_QEmail_Report
RANDOM=4043
RDY_STAT=0
REMOTE_ORA_LOGDIR=/home/oracle/logs
RE_MOUNT_STAT=0
ROOTDSKDIR=/root/disks
RUN_BACKUP=YES
SBINDIR=/usr/sbin
SECONDS=15300
SERVER=server16
SERVR=server20
SHELL=/usr/bin/sh
SPLIT_HR=06
SPLIT_LOCK_FILE=/usr/local/bin/bcvscripts/tmp/SPLIT_LOCK
SPLIT_LOCK_STATUS=0
SPLIT_MIN=00
SPLIT_MODE=WAIT
SPLIT_SEC=00
SPLIT_STAT=0
SPLIT_TIME=06:00:00
SPLIT_TIME_2=060000
SPLIT_TOT_SEC=21600
SRVR_DGS[0]=psfsprod1
SRVR_DGS[1]=psfsprod2
SRVR_DGS[2]=apps16
SRVR_DGS[3]=psfiles1
SRVR_DGS[4]=psfssystem1
SRVR_VGS[0]=vgfsprod1
SRVR_VGS[1]=vgfsprod2
SRVR_VGS[2]=vgapps16
SRVR_VGS[3]=vgpsfiles1/lvol1
SRVR_VGS[4]=vgpsfiles1/lvol2
SRVR_VGS[5]=vgpsfiles1/lvol3
SRVR_VGS[6]=vgfssystem1
START_MESG=START BCV Establish and Split Script for server16 on Mon May 23 02:30:00 EDT 2005
STAT_1=0
STAT_2=1
STOP_LOOP=0
SYMCLIDIR=/usr/symcli/bin
SYNCHED_STAT=0
SYNCHSTAT=psfssystem1_synched
THIS_MONTH=May
TMOUT=0
TODAY_DATE=23
TOTAL_DG_ARRAY=5
TOTAL_DG_ARRAY_XACT=0
TOTAL_INSTANCES=3
TOTAL_VALID_SERVERS=3
TOTAL_VG_ARRAY=7
TOTAL_VG_ARRAY_XACT=0
TZ=EST5EDT
UMOUNT_STAT=0
UNMOUNT_COUNT=7
USAGE=usage: BCV-Est.sh [-B] [-F] [-M] -S servername [-C new_config_file] [-s split_mode_arguement]  \n
\t The "S" option is NOT optional.  It MUST be supplied with a valid servername following.\n
\t\t	Current valid servers are server09, server16, & server20. \n\n
\t The M, F, B, C options do not have to be used. They are optional. \n
\t By default the Establish will be run in Incremental mode with NO visual monitor, and Backups turned OFF. \n\n
\t -F = Will run a FULL Establish \n
\t -M = Will display information on the screen as the script monitors the establish. \n\n
\t -s = There are four split_modes_arguements at this time: \n
\t\t	wait -	 Will force the Split to wait until the time set in the Config file. \n
\t\t\t		It was designed for use in crontab. Data Services needs the split to happen at specfic times. \n
\t\t    non-stop - The split will take place as soon as the Establish has finished. \n
\t\t\t		This is the default. \n
\t\t	cmd - 	Use this one if you run the script from the commandline, but want it to wait for \n
\t\t\t		a signal from you to begin the split. The signal is typed on the commandline. \n
\t\t	pipe -	Use this mode if you want to start the script, but check it in another location. \n
\t\t\t		It is best to use this one from starting the script in cron.  You must check the \n
\t\t\t		log file and send the script a signal through a named pipe. The log file will have \n
\t\t\t		instructions in it about where to find the pipe and what to signal to send through it. \n\n
\t -B = Should only be used with crontab.  It runs the OmniBack backup job at the end of the script. \n
\t -C = Designate a different Config file to be used. It must be in /usr/local/bin/bcvscripts/etc \n\n
\t As always you can combine command that do not take arguements behind one dash.\n
\t Example:\t -FMC new_config_file -S servername \n
\t OR:\t\t -BFS servername -C new_config_file
\n\n
U_OPTIONS=-FBS server16 -s wait
U_STATUS=0
U_STATUS_2=0
VALID_SERVERS[0]=server09
VALID_SERVERS[1]=server16
VALID_SERVERS[2]=server20
VALID_SRVR=YES
VALUE=0
VG=/dev/vgfssystem1
VGNAME=vgfssystem1
VGS=vgfssystem1
VGS_ACTIVE=7
VG_ACTIVE_STAT=0
VG_ACTIVE_STAT2=0
VG_ACTIVE_STAT3=0
VG_ARRAY_START=6
VG_ARRAY_START_XACT=-1
VG_ELEM=-1
VG_ELEM_0=vgfsprod1
VG_ELEM_1=vgfsprod2
VG_ELEM_2=vgapps16
VG_ELEM_3=vgpsfiles1/lvol1
VG_ELEM_4=vgpsfiles1/lvol2
VG_ELEM_5=vgpsfiles1/lvol3
VG_ELEM_6=vgfssystem1
VG_ELEM_NUM=VG_ELEM_0
VG_ELEM_XACT=-1
VG_LVOL=/dev/vgfssystem1/lvol1
VG_RLVOL=/dev/vgfssystem1/rlvol1
VG_STATUS_0=0
VG_STATUS_1=0
VG_STATUS_2=1
VOLGROUP=vgfsprod1
WEEKDAY_NAME=Mon
_=VV_Total_Xact_DGS
opt=
server16_ALL_DGS=psfsprod1 psfsprod2 apps16 psfiles1 psfssystem1
server16_ALL_DGS_XACT=
server16_ALL_VGS=vgfsprod1 vgfsprod2 vgapps16 vgpsfiles1/lvol1 vgpsfiles1/lvol2 vgpsfiles1/lvol3 vgfssystem1
server16_ALL_VGS_XACT=
server16_TOTAL_DGS=0
server16_TOTAL_NORM_DGS=5
server16_TOTAL_VGS=0
Activate_Em_Now
Activate_VolumeGroups
CHK_ORA_LOGS
CHK_ORA_LOGS_DATE
Check_And_Mount_Em
Check_LVM_Errors
Command_Options
DEactivate_VolumeGroups
Deactivate_Em_Now
Declare_DeviceGroup_Variables
Declare_General_Variables
Declare_OmniBack_Variables
Declare_VolumeGroup_Variables
Define_VG_Variables
EVALUATE_OPTIONS
EXPORT_STATUS_CHECK
Establish_BCVs
Export_VolumeGroups
FSCK_and_Mount_Filesystems
FS_TRACKING_FILES
GET_ENV_VARIABLES
IMPORT_STATUS_CHECK
Import_VolumeGroups
LOOP
Monitor_BCV_Establish
NORMAL_DG_ELEMS
NORMAL_VG_ELEMS
NO_Options
OLD_GRAB_VG_FUNCTION
OOP_Functions
ORA_ERROR_NOTIFY
ORacle_Log_Verify
Print_Start
Pull_LOGFILES
RPT_INSTANCES
START_BACKUP
Split_BCVs
Split_The_BCVs
Start_OmniBack_Job
Start_Oracle_HotBackup_Mode
Stop_Oracle_HotBackup_Mode
Time_Counter
Unmount_Em_Now
Unmount_Filesystems
VERIFY_COMMAND_OPTIONS
VERIFY_DG_VARIABLES
VERIFY_GEN_VARIABLES
VERIFY_OMNIBACK_VARIABLES
VERIFY_ORACLE_VARIABLES
VERIFY_SPLIT
VERIFY_VG_VARIABLES
VERIFY_XACT_DG_VARIABLES
VERIFY_XACT_VG_VARIABLES
VV_Full_Verify_DGs
VV_GET_ALL_DGS
VV_GET_ALL_VGS
VV_Norm_DGS
VV_Total_DGs
VV_Total_Norm_DGS
VV_Total_VGs
VV_Total_Xact_DGS
VV_Total_Xact_VGS
VV_Verify_Full_VGs
VV_Xact_DGS
VV_Xact_VGS
Verify_BCV_Split
Verify_BCV_Sync_Finished
Verify_BCV_Sync_Started
Verify_Variables
Wait_To_Split_Loop
What_Are_The_Variables
XACT_DG_ELEMS
XACT_VG_ELEMS
server16_Full_Verify_DGs
server16_GET_ALL_DGS
server16_GET_ALL_VGS
server16_Norm_DGS
server16_Total_DGs
server16_Total_Norm_DGS
server16_Total_VGs
server16_Total_Xact_DGS
server16_Total_Xact_VGS
server16_Verify_Full_VGs
server16_Xact_DGS
server16_Xact_VGS
