Hot backup BEGIN process for  STARTED at Mon May 23 07:06:23 EDT 2005
Making backup copy of CONTROL FILE

SQL*Plus: Release 9.2.0.2.0 - Production on Mon May 23 07:06:23 2005

Copyright (c) 1982, 2002, Oracle Corporation.  All rights reserved.


Connected to:
Oracle9i Enterprise Edition Release 9.2.0.2.0 - 64bit Production
With the Partitioning, OLAP and Oracle Data Mining options
JServer Release 9.2.0.2.0 - Production

SQL> 
Database altered.

SQL> Database log mode	       Archive Mode
Automatic archival	       Enabled
Archive destination	       /u20/orachive/kprod/
Oldest online log sequence     85599
Next log sequence to archive   85603
Current log sequence	       85603
SQL> Disconnected from Oracle9i Enterprise Edition Release 9.2.0.2.0 - 64bit Production
With the Partitioning, OLAP and Oracle Data Mining options
JServer Release 9.2.0.2.0 - Production
Creating a list of tablespaces.

SQL*Plus: Release 9.2.0.2.0 - Production on Mon May 23 07:06:24 2005

Copyright (c) 1982, 2002, Oracle Corporation.  All rights reserved.


Connected to:
Oracle9i Enterprise Edition Release 9.2.0.2.0 - 64bit Production
With the Partitioning, OLAP and Oracle Data Mining options
JServer Release 9.2.0.2.0 - Production

SQL> SQL> SQL> SQL> SQL> SQL> SQL> SQL>   2    3    4    5    6  alter tablespace APPLYONLN end backup;
alter tablespace APPLYONLN_CLOB end backup;
alter tablespace APPLYONLN_IDX end backup;
alter tablespace INTRAJOB end backup;
alter tablespace INTRAJOB_IDX01 end backup;
alter tablespace SPC_DEMO_TS_01 end backup;
alter tablespace SPC_DEMO_TS_02 end backup;
alter tablespace SURVADMIN end backup;
alter tablespace SYSTEM end backup;
alter tablespace TOOLS end backup;
alter tablespace TRNTBS1 end backup;
alter tablespace TRNTBS_INDX end backup;
alter tablespace TSKFADDR end backup;
alter tablespace TSKFADDR_IDX01 end backup;
alter tablespace TSKFAUDIT end backup;
alter tablespace TSKFAUDIT_IDX01 end backup;
alter tablespace TSKFCAND end backup;
alter tablespace TSKFCAND_IDX01 end backup;
alter tablespace TSKFJO end backup;
alter tablespace TSKFJO_IDX01 end backup;
alter tablespace TSKFORG end backup;
alter tablespace TSKFORG_IDX01 end backup;
alter tablespace TSKFPER end backup;
alter tablespace TSKFPER_IDX01 end backup;
alter tablespace UNDOTBS1 end backup;
alter tablespace USERS end backup;
SQL> SQL> SP2-0734: unknown command beginning "SQL> selec..." - rest of line ignored.
  6*
SP2-0734: unknown command beginning "SQL> spool..." - rest of line ignored.
SQL> Disconnected from Oracle9i Enterprise Edition Release 9.2.0.2.0 - 64bit Production
With the Partitioning, OLAP and Oracle Data Mining options
JServer Release 9.2.0.2.0 - Production
Hot backup BEGIN process for kprod COMPLETED at Mon May 23 07:06:25 EDT 2005
