Hot backup BEGIN process for  STARTED at Mon May 23 06:24:23 EDT 2005
Making backup copy of CONTROL FILE

SQL*Plus: Release 9.2.0.2.0 - Production on Mon May 23 06:24:24 2005

Copyright (c) 1982, 2002, Oracle Corporation.  All rights reserved.


Connected to:
Oracle9i Enterprise Edition Release 9.2.0.2.0 - 64bit Production
With the Partitioning, OLAP and Oracle Data Mining options
JServer Release 9.2.0.2.0 - Production

SQL> 
Database altered.

SQL> 
System altered.

SQL> Database log mode	       Archive Mode
Automatic archival	       Enabled
Archive destination	       /ora_archive_dumps/archive_edcprod/
Oldest online log sequence     225
Next log sequence to archive   231
Current log sequence	       232
SQL> Disconnected from Oracle9i Enterprise Edition Release 9.2.0.2.0 - 64bit Production
With the Partitioning, OLAP and Oracle Data Mining options
JServer Release 9.2.0.2.0 - Production
Creating a list of tablespaces.
alter tablespace EDC begin backup;
alter tablespace EDCARCHIVE begin backup;
alter tablespace EDCINDEX begin backup;
alter tablespace KFORCE begin backup;
alter tablespace FOOBAR begin backup;
alter tablespace HUMANSOFT begin backup;
alter tablespace PSINDEX begin backup;
alter tablespace RECRUITMAX begin backup;
alter tablespace SYSTEM begin backup;
alter tablespace UNDOTBS1 begin backup;
alter tablespace USERS begin backup;
Hot backup BEGIN process for edcprod COMPLETED at Mon May 23 06:24:26 EDT 2005
