ALLDGS=8
ALLVGS=8
ALL_GROUPS_SPLIT=8
ALL_GROUPS_START=8
ALL_GROUPS_SYNCED=8
BCVBINDIR=/usr/local/bin/bcvscripts/bin
BCVCFGFILE=/usr/local/bin/bcvscripts/etc/bcv_scripts.conf
BCVDIR=/usr/local/bin/bcvscripts
BCVETCDIR=/usr/local/bin/bcvscripts/etc
BCVLIBDIR=/usr/local/bin/bcvscripts/lib
BCVLOGDIR=/usr/local/bin/bcvscripts/logs
BCVLOGFILE=/usr/local/bin/bcvscripts/logs/server09_BCV_LOG
BCVTMPDIR=/usr/local/bin/bcvscripts/tmp
BCV_DG_ELEMENTS=/usr/local/bin/bcvscripts/tmp/server09_DG_ELEM.vars
BCV_DG_XACT_ELEMENTS=/usr/local/bin/bcvscripts/tmp/server09_DG_ELEM_XACT.vars
BCV_EST_STATUS=/usr/local/bin/bcvscripts/tmp/server09_EST_STATUS
BCV_EXPORT_STATUS=/usr/local/bin/bcvscripts/tmp/server09_EXPORT_STATUS
BCV_IMPORT_STATUS=/usr/local/bin/bcvscripts/tmp/server09_IMPORT_STATUS
BCV_MONITOR_STATUS=/usr/local/bin/bcvscripts/tmp/server09_EST_MONITOR
BCV_RE_MOUNT=/usr/local/bin/bcvscripts/tmp/server09_RE_MOUNT
BCV_SPLIT_STATUS=/usr/local/bin/bcvscripts/tmp/server09_SPLIT_STATUS
BCV_SYNC_STATUS=/usr/local/bin/bcvscripts/tmp/server09_SYNC_STATUS
BCV_UMOUNT_STATUS=/usr/local/bin/bcvscripts/tmp/server09_UMOUNT_STATUS
BCV_VERIFY_VARIABLES=/usr/local/bin/bcvscripts/tmp/server09_Verify_Variables
BCV_VGCHANGE_STATUS=/usr/local/bin/bcvscripts/tmp/server09_VGCHANGE_STATUS
BCV_VG_ELEMENTS=/usr/local/bin/bcvscripts/tmp/server09_VG_ELEM.vars
BCV_VG_MINNUM=/usr/local/bin/bcvscripts/tmp/server09_VG_MINNUM
BCV_VG_XACT_ELEMENTS=/usr/local/bin/bcvscripts/tmp/server09_VG_ELEM_XACT.vars
BINDIR=/usr/bin
BKUPDIR=/usr/local/bin/bcvscripts/Backup
CHG_STAT_1=0
CHG_STAT_2=8
CNTRBDIR=/usr/contrib/bin
COUNT_TIME=16173
COUNT_TIME_3=300
COUNT_TIME_6=600
COUNT_TIME_9=900
COUNT_TIME_S30=30
COUNT_TIME_S60=60
CURRENT_HR=02
CURRENT_MIN=00
CURRENT_SEC=27
CURRENT_TIME=063000
CURRENT_TIME_2=020027
CURRENT_TOT_SEC=7227
DBA_NOTIFY[0]=rkommireddy
DBA_NOTIFY[1]=larango
DEBUG_MODE=OFF
DEVG=pshrprod1
DEVGRP=pshrprod1
DG=foobar1
DGROUPS=pshrprod1
DGS=pshrprod1
DG_ARRAY_START=7
DG_ARRAY_START_XACT=-1
DG_ELEM=-1
DG_ELEM_0=foobar1
DG_ELEM_1=foobar2
DG_ELEM_2=foobar3
DG_ELEM_3=apps09
DG_ELEM_4=pshr01
DG_ELEM_5=psfiles2
DG_ELEM_6=pshrsystem1
DG_ELEM_7=pshrprod1
DG_ELEM_NUM=DG_ELEM_0
DG_ELEM_XACT=-1
DG_N=pshrprod1
DIFF_TIME=16173
DVGROUP=pshrprod1
DVGRP=pshrprod1
EMAIL_RPT=/usr/local/bin/bcvscripts/logs/server09_Email_Report
ERRNO=25
ERROR_NOTIFY[0]=dholton
ERROR_NOTIFY[1]=jstenglein
ERROR_NOTIFY[2]=calley
ERROR_NOTIFY[3]=mbmcclos
ERROR_RPT=/usr/local/bin/bcvscripts/logs/server09_Error_Report
EST_TYPE=incr
EXPORT_COUNT=0
FCEDIT=/usr/bin/ed
FILESYS=/BCV/srvr09/u02
FILESYSTEM=/BCV/srvr09/u08
FILE_NUMBER=8
FINAL_NOTIFY[0]=dholton
FINAL_NOTIFY[1]=jstenglein
FINAL_NOTIFY[2]=calley
FINAL_NOTIFY[3]=mbmcclos
FPATH=/usr/local/bin/bcvscripts/lib
FSCK_OUTPUT=/usr/local/bin/bcvscripts/tmp/server09_FSCK_OUTPUT
FSCK_STAT=0
FSTAB_EXTRACT=/dev/vgfoobar1/lvol1:/BCV/srvr09/u08
FSTAB_XTRACT=/dev/vghrprod1/lvol1:/BCV/srvr09/u02
FS_MOUNTED=8
F_STATUS=replay complete - marking super-block as CLEAN
GROUP=pshrprod1
GROUPFILE=/dev/vghrprod1/group
GROUP_COUNT=8
GROUP_COUNT_ORIG=0
HBMDIR=/usr/local/bin/HBM
HBMLOGFILE=/usr/local/bin/bcvscripts/logs/server09-HBM.log
HOME=/root
HR_MINUTES=0
HR_SECONDS=7200
IFS= 	

IMPORT_COUNT=0
INPROGSTAT=pshrprod1_inprog
INPROG_STAT=28
INSTANCE=3
INSTANCE_FILE=/usr/local/bin/bcvscripts/tmp/INSTANCES
JDATE=2005143
LBINDIR=/usr/local/bin
LINE=pshrprod1=0
LINENO=2
LOG=/usr/local/bin/bcvscripts/logs/server09_ora_stop_backup_scprod.log
LOGNAME=root
LOG_COMPLETED=Hot backup BEGIN process for scprod COMPLETED at Mon May 23 06:53:33 EDT 2005
LOG_COMPLETED_DATE=23
LOG_COMPLETED_MONTH=May
LOG_COMPLETED_WKDAY=Mon
LOG_START=Hot backup BEGIN process for  STARTED at Mon May 23 06:53:32 EDT 2005
LOG_START_DATE=23
LOG_START_MONTH=May
LOG_START_WKDAY=Mon
LVM_ERRORS=0
LVOL_NUM=/dev/vghrprod1
MAILCHECK=600
MANUAL_MONITOR=NO
MAPDIR=/root/disks/vghrprod1
MAPFILE=/root/disks/vghrprod1/vghrprod1.map
MB_CHECK=0.0
MOUNT_CHK=
MOUNT_STAT=/BCV/srvr09/u02
MOUNT_STAT_2=
N_EST_STAT=0
OHBML_DATE=May 23
OHBML_FILE=ora_stop_backup_scprod.log
OHBML_FILEnPATH=/home/oracle/logs/ora_stop_backup_scprod.log
OHBML_TIME=06:53
OIFS= 	

OMNIBACK_OBJ=SERVER09
OMNIBACK_SCHED=QBCV_SRVR09
OMNIBINDIR=/opt/omni/bin
OMNIETCDIR=/etc/opt/omni
OMNI_DRV=
OMNI_FILESYSTEMS=/usr/local/bin/bcvscripts/tmp/2005143_FS.OB
OPTARG=wait
OPTIND=1
OPTIONS=BS server09 s wait
OPTION_I=
OPTION_W=
ORA_ERROR_1=
ORA_ERROR_2=
ORA_ERROR_3=
ORA_ERROR_LOG=/usr/local/bin/bcvscripts/logs/server09_ORACLE_Log
ORA_GENERAL_FILE=ora_st*backup*.log
ORA_LOG_ARRAY[0]=/usr/local/bin/bcvscripts/logs/server09_ora_start_backup_hrprod.log
ORA_LOG_ARRAY[1]=/usr/local/bin/bcvscripts/logs/server09_ora_start_backup_prgprod.log
ORA_LOG_ARRAY[2]=/usr/local/bin/bcvscripts/logs/server09_ora_start_backup_prod1.log
ORA_LOG_ARRAY[3]=/usr/local/bin/bcvscripts/logs/server09_ora_start_backup_scprod.log
ORA_LOG_ARRAY[4]=/usr/local/bin/bcvscripts/logs/server09_ora_stop_backup_hrprod.log
ORA_LOG_ARRAY[5]=/usr/local/bin/bcvscripts/logs/server09_ora_stop_backup_prgprod.log
ORA_LOG_ARRAY[6]=/usr/local/bin/bcvscripts/logs/server09_ora_stop_backup_prod1.log
ORA_LOG_ARRAY[7]=/usr/local/bin/bcvscripts/logs/server09_ora_stop_backup_scprod.log
ORA_START_HB=ora_start*backup*.log
ORA_START_HBM=/usr/local/bin/HBM/srvr09-StartHotBackup.sh
ORA_STOP_HB=ora_stop*backup*.log
ORA_STOP_HBM=/usr/local/bin/HBM/srvr09-StopHotBackup.sh
PATH=/usr/bin:/usr/sbin:.
PPID=20817
PS2=> 
PS3=#? 
PS4=+ 
PVPATHFILE=/root/disks/vghrprod1/vghrprod1.pvpath
PWD=/root
QEMAIL_RPT=/usr/local/bin/bcvscripts/logs/server09_QEmail_Report
RANDOM=31387
RDY_STAT=0
REMOTE_ORA_LOGDIR=/home/oracle/logs
RE_MOUNT_STAT=0
ROOTDSKDIR=/root/disks
RUN_BACKUP=YES
SBINDIR=/usr/sbin
SECONDS=18793
SERVER=server09
SERVR=server20
SHELL=/usr/bin/sh
SPLIT_HR=06
SPLIT_LOCK_FILE=/usr/local/bin/bcvscripts/tmp/SPLIT_LOCK
SPLIT_LOCK_STATUS=0
SPLIT_MIN=30
SPLIT_MODE=WAIT
SPLIT_SEC=00
SPLIT_STAT=0
SPLIT_TIME=06:30:00
SPLIT_TIME_2=063000
SPLIT_TOT_SEC=23400
SRVR_DGS[0]=foobar1
SRVR_DGS[1]=foobar2
SRVR_DGS[2]=foobar3
SRVR_DGS[3]=apps09
SRVR_DGS[4]=pshr01
SRVR_DGS[5]=psfiles2
SRVR_DGS[6]=pshrsystem1
SRVR_DGS[7]=pshrprod1
SRVR_VGS[0]=vgfoobar1
SRVR_VGS[1]=vgfoobar2
SRVR_VGS[2]=vgfoobar3
SRVR_VGS[3]=vgapps09
SRVR_VGS[4]=vgpshr01
SRVR_VGS[5]=vgpsfiles2
SRVR_VGS[6]=vghrsystem1
SRVR_VGS[7]=vghrprod1
START_MESG=START BCV Establish and Split Script for server09 on Mon May 23 01:40:00 EDT 2005
STAT_1=0
STAT_2=1
STOP_LOOP=0
SYMCLIDIR=/usr/symcli/bin
SYNCHED_STAT=0
SYNCHSTAT=pshrprod1_synched
THIS_MONTH=May
TMOUT=0
TODAY_DATE=23
TOTAL_DG_ARRAY=8
TOTAL_DG_ARRAY_XACT=0
TOTAL_INSTANCES=3
TOTAL_VALID_SERVERS=3
TOTAL_VG_ARRAY=8
TOTAL_VG_ARRAY_XACT=0
TZ=EST5EDT
UMOUNT_STAT=0
UNMOUNT_COUNT=8
USAGE=usage: BCV-Est.sh [-B] [-F] [-M] -S servername [-C new_config_file] [-s split_mode_arguement]  \n
\t The "S" option is NOT optional.  It MUST be supplied with a valid servername following.\n
\t\t	Current valid servers are server09, server16, & server20. \n\n
\t The M, F, B, C options do not have to be used. They are optional. \n
\t By default the Establish will be run in Incremental mode with NO visual monitor, and Backups turned OFF. \n\n
\t -F = Will run a FULL Establish \n
\t -M = Will display information on the screen as the script monitors the establish. \n\n
\t -s = There are four split_modes_arguements at this time: \n
\t\t	wait -	 Will force the Split to wait until the time set in the Config file. \n
\t\t\t		It was designed for use in crontab. Data Services needs the split to happen at specfic times. \n
\t\t    non-stop - The split will take place as soon as the Establish has finished. \n
\t\t\t		This is the default. \n
\t\t	cmd - 	Use this one if you run the script from the commandline, but want it to wait for \n
\t\t\t		a signal from you to begin the split. The signal is typed on the commandline. \n
\t\t	pipe -	Use this mode if you want to start the script, but check it in another location. \n
\t\t\t		It is best to use this one from starting the script in cron.  You must check the \n
\t\t\t		log file and send the script a signal through a named pipe. The log file will have \n
\t\t\t		instructions in it about where to find the pipe and what to signal to send through it. \n\n
\t -B = Should only be used with crontab.  It runs the OmniBack backup job at the end of the script. \n
\t -C = Designate a different Config file to be used. It must be in /usr/local/bin/bcvscripts/etc \n\n
\t As always you can combine command that do not take arguements behind one dash.\n
\t Example:\t -FMC new_config_file -S servername \n
\t OR:\t\t -BFS servername -C new_config_file
\n\n
U_OPTIONS=-BS server09 -s wait
U_STATUS=0
U_STATUS_2=0
VALID_SERVERS[0]=server09
VALID_SERVERS[1]=server16
VALID_SERVERS[2]=server20
VALID_SRVR=YES
VALUE=0
VG=/dev/vghrprod1
VGNAME=vghrprod1
VGS=vghrprod1
VGS_ACTIVE=8
VG_ACTIVE_STAT=0
VG_ACTIVE_STAT2=0
VG_ACTIVE_STAT3=0
VG_ARRAY_START=7
VG_ARRAY_START_XACT=-1
VG_ELEM=-1
VG_ELEM_0=vgfoobar1
VG_ELEM_1=vgfoobar2
VG_ELEM_2=vgfoobar3
VG_ELEM_3=vgapps09
VG_ELEM_4=vgpshr01
VG_ELEM_5=vgpsfiles2
VG_ELEM_6=vghrsystem1
VG_ELEM_7=vghrprod1
VG_ELEM_NUM=VG_ELEM_0
VG_ELEM_XACT=-1
VG_LVOL=/dev/vghrprod1/lvol1
VG_RLVOL=/dev/vghrprod1/rlvol1
VG_STATUS_0=0
VG_STATUS_1=0
VG_STATUS_2=1
VOLGROUP=vgfoobar1
WEEKDAY_NAME=Mon
_=VV_Total_Xact_DGS
opt=
server09_ALL_DGS=foobar1 foobar2 foobar3 apps09 pshr01 psfiles2 pshrsystem1 pshrprod1
server09_ALL_DGS_XACT=
server09_ALL_VGS=vgfoobar1 vgfoobar2 vgfoobar3 vgapps09 vgpshr01 vgpsfiles2 vghrsystem1 vghrprod1
server09_ALL_VGS_XACT=
server09_TOTAL_DGS=0
server09_TOTAL_NORM_DGS=8
server09_TOTAL_VGS=0
Activate_Em_Now
Activate_VolumeGroups
CHK_ORA_LOGS
CHK_ORA_LOGS_DATE
Check_And_Mount_Em
Check_LVM_Errors
Command_Options
DEactivate_VolumeGroups
Deactivate_Em_Now
Declare_DeviceGroup_Variables
Declare_General_Variables
Declare_OmniBack_Variables
Declare_VolumeGroup_Variables
Define_VG_Variables
Determine_Split_Wait
EVALUATE_OPTIONS
EXPORT_STATUS_CHECK
Establish_BCVs
Export_VolumeGroups
FSCK_and_Mount_Filesystems
FS_TRACKING_FILES
GET_ENV_VARIABLES
IMPORT_STATUS_CHECK
Import_VolumeGroups
LOOP
Monitor_BCV_Establish
NORMAL_DG_ELEMS
NORMAL_VG_ELEMS
NO_Options
OLD_GRAB_VG_FUNCTION
OOP_Functions
ORA_ERROR_NOTIFY
ORacle_Log_Verify
Print_Start
Print_Variables
Pull_LOGFILES
RPT_INSTANCES
START_BACKUP
Split_BCVs
Split_The_BCVs
Start_OmniBack_Job
Start_Oracle_HotBackup_Mode
Stop_Oracle_HotBackup_Mode
Time_Counter
Unmount_Em_Now
Unmount_Filesystems
VERIFY_COMMAND_OPTIONS
VERIFY_DG_VARIABLES
VERIFY_GEN_VARIABLES
VERIFY_OMNIBACK_VARIABLES
VERIFY_ORACLE_VARIABLES
VERIFY_SPLIT
VERIFY_VG_VARIABLES
VERIFY_XACT_DG_VARIABLES
VERIFY_XACT_VG_VARIABLES
VV_Full_Verify_DGs
VV_GET_ALL_DGS
VV_GET_ALL_VGS
VV_Norm_DGS
VV_Total_DGs
VV_Total_Norm_DGS
VV_Total_VGs
VV_Total_Xact_DGS
VV_Total_Xact_VGS
VV_Verify_Full_VGs
VV_Xact_DGS
VV_Xact_VGS
Verify_BCV_Split
Verify_BCV_Sync_Finished
Verify_BCV_Sync_Started
Verify_Variables
Wait_To_Split_Loop
What_Are_The_Variables
XACT_DG_ELEMS
XACT_VG_ELEMS
server09_Full_Verify_DGs
server09_GET_ALL_DGS
server09_GET_ALL_VGS
server09_Norm_DGS
server09_Total_DGs
server09_Total_Norm_DGS
server09_Total_VGs
server09_Total_Xact_DGS
server09_Total_Xact_VGS
server09_Verify_Full_VGs
server09_Xact_DGS
server09_Xact_VGS
