Hot backup BEGIN process for  STARTED at Mon May 23 07:03:15 EDT 2005
Making backup copy of CONTROL FILE

SQL*Plus: Release 9.2.0.2.0 - Production on Mon May 23 07:03:16 2005

Copyright (c) 1982, 2002, Oracle Corporation.  All rights reserved.


Connected to:
Oracle9i Enterprise Edition Release 9.2.0.2.0 - 64bit Production
With the Partitioning, OLAP and Oracle Data Mining options
JServer Release 9.2.0.2.0 - Production

SQL> 
Database altered.

SQL> 
System altered.

SQL> Database log mode	       Archive Mode
Automatic archival	       Enabled
Archive destination	       /u21/orachive/mprod/
Oldest online log sequence     4966
Next log sequence to archive   4969
Current log sequence	       4970
SQL> Disconnected from Oracle9i Enterprise Edition Release 9.2.0.2.0 - 64bit Production
With the Partitioning, OLAP and Oracle Data Mining options
JServer Release 9.2.0.2.0 - Production
Creating a list of tablespaces.
alter tablespace MTAX begin backup;
alter tablespace MTAX_I begin backup;
alter tablespace RBS begin backup;
alter tablespace STAX begin backup;
alter tablespace STAX_I begin backup;
alter tablespace SYSTEM begin backup;
alter tablespace TEMP begin backup;
alter tablespace TOOLS begin backup;
alter tablespace USERS begin backup;
Hot backup BEGIN process for mprod COMPLETED at Mon May 23 07:03:17 EDT 2005
