Hot backup BEGIN process for  STARTED at Mon May 23 06:48:09 EDT 2005
Making backup copy of CONTROL FILE

SQL*Plus: Release 9.2.0.2.0 - Production on Mon May 23 06:48:11 2005

Copyright (c) 1982, 2002, Oracle Corporation.  All rights reserved.


Connected to:
Oracle9i Enterprise Edition Release 9.2.0.2.0 - 64bit Production
With the Partitioning, OLAP and Oracle Data Mining options
JServer Release 9.2.0.2.0 - Production

SQL> 
Database altered.

SQL> 
System altered.

SQL> Database log mode	       Archive Mode
Automatic archival	       Enabled
Archive destination	       /u20/orachive/prod1/
Oldest online log sequence     112734
Next log sequence to archive   112737
Current log sequence	       112738
SQL> Disconnected from Oracle9i Enterprise Edition Release 9.2.0.2.0 - 64bit Production
With the Partitioning, OLAP and Oracle Data Mining options
JServer Release 9.2.0.2.0 - Production
Creating a list of tablespaces.
alter tablespace BACKPROS begin backup;
alter tablespace CIS begin backup;
alter tablespace CRYSTAL begin backup;
alter tablespace DATASERVICES begin backup;
alter tablespace PRECISE_INDEX_TBS begin backup;
alter tablespace PRECISE_TBS begin backup;
alter tablespace PROS begin backup;
alter tablespace PROS3 begin backup;
alter tablespace SYSTEM begin backup;
alter tablespace TOOLS begin backup;
alter tablespace TSKOADMIN begin backup;
alter tablespace TSKOADMIN_IDX01 begin backup;
alter tablespace TSKOATTR begin backup;
alter tablespace TSKOATTR_IDX01 begin backup;
alter tablespace TSKOBENE begin backup;
alter tablespace TSKOBENE_IDX01 begin backup;
alter tablespace TSKOBUSS begin backup;
alter tablespace TSKOBUSS_IDX01 begin backup;
alter tablespace TSKOCAND begin backup;
alter tablespace TSKOCAND_IDX01 begin backup;
alter tablespace TSKOCOMP begin backup;
alter tablespace TSKOCOMP_IDX01 begin backup;
alter tablespace TSKOFLEX begin backup;
alter tablespace TSKOFLEX_IDX01 begin backup;
alter tablespace TSKOKPIS begin backup;
alter tablespace TSKOKPIS_IDX01 begin backup;
alter tablespace TSKOMISC begin backup;
alter tablespace TSKOMISC_IDX01 begin backup;
alter tablespace TSKOPERM begin backup;
alter tablespace TSKOPERM_IDX01 begin backup;
alter tablespace TSKOPS begin backup;
alter tablespace TSKOPS_IDX01 begin backup;
alter tablespace UNDOTBS1 begin backup;
alter tablespace USERS begin backup;
alter tablespace WIZARD begin backup;
alter tablespace WIZFOOBARKEY begin backup;
alter tablespace WIZTS begin backup;
Hot backup BEGIN process for prod1 COMPLETED at Mon May 23 06:48:14 EDT 2005
