Hot backup BEGIN process for  STARTED at Mon May 23 07:03:12 EDT 2005
Making backup copy of CONTROL FILE

SQL*Plus: Release 9.2.0.2.0 - Production on Mon May 23 07:03:12 2005

Copyright (c) 1982, 2002, Oracle Corporation.  All rights reserved.


Connected to:
Oracle9i Enterprise Edition Release 9.2.0.2.0 - 64bit Production
With the Partitioning, OLAP and Oracle Data Mining options
JServer Release 9.2.0.2.0 - Production

SQL> 
Database altered.

SQL> 
System altered.

SQL> Database log mode	       Archive Mode
Automatic archival	       Enabled
Archive destination	       /u20/orachive/kprod/
Oldest online log sequence     85598
Next log sequence to archive   85601
Current log sequence	       85602
SQL> Disconnected from Oracle9i Enterprise Edition Release 9.2.0.2.0 - 64bit Production
With the Partitioning, OLAP and Oracle Data Mining options
JServer Release 9.2.0.2.0 - Production
Creating a list of tablespaces.
alter tablespace APPLYONLN begin backup;
alter tablespace APPLYONLN_CLOB begin backup;
alter tablespace APPLYONLN_IDX begin backup;
alter tablespace INTRAJOB begin backup;
alter tablespace INTRAJOB_IDX01 begin backup;
alter tablespace SPC_DEMO_TS_01 begin backup;
alter tablespace SPC_DEMO_TS_02 begin backup;
alter tablespace SURVADMIN begin backup;
alter tablespace SYSTEM begin backup;
alter tablespace TOOLS begin backup;
alter tablespace TRNTBS1 begin backup;
alter tablespace TRNTBS_INDX begin backup;
alter tablespace TSKFADDR begin backup;
alter tablespace TSKFADDR_IDX01 begin backup;
alter tablespace TSKFAUDIT begin backup;
alter tablespace TSKFAUDIT_IDX01 begin backup;
alter tablespace TSKFCAND begin backup;
alter tablespace TSKFCAND_IDX01 begin backup;
alter tablespace TSKFJO begin backup;
alter tablespace TSKFJO_IDX01 begin backup;
alter tablespace TSKFORG begin backup;
alter tablespace TSKFORG_IDX01 begin backup;
alter tablespace TSKFPER begin backup;
alter tablespace TSKFPER_IDX01 begin backup;
alter tablespace UNDOTBS1 begin backup;
alter tablespace USERS begin backup;
Hot backup BEGIN process for kprod COMPLETED at Mon May 23 07:03:15 EDT 2005
