Mon May 23 06:45:00 EDT 2005

ttytype: couldn't open /dev/tty for reading
stty: : Unknown error
(c)Copyright 1983-1997 Hewlett-Packard Co.,  All Rights Reserved.
(c)Copyright 1979, 1980, 1983, 1985-1993 The Regents of the Univ. of California
(c)Copyright 1980, 1984, 1986 Novell, Inc.
(c)Copyright 1986-1992 Sun Microsystems, Inc.
(c)Copyright 1985, 1986, 1988 Massachusetts Institute of Technology
(c)Copyright 1989-1993  The Open Software Foundation, Inc.
(c)Copyright 1986 Digital Equipment Corp.
(c)Copyright 1990 Motorola, Inc.
(c)Copyright 1990, 1991, 1992 Cornell University
(c)Copyright 1989-1991 The University of Maryland
(c)Copyright 1988 Carnegie Mellon University
(c)Copyright 1991-1997 Mentat, Inc.
(c)Copyright 1996 Morning Star Technologies, Inc.
(c)Copyright 1996 Progressive Systems, Inc.
(c)Copyright 1997 Isogon Corporation

  
                           RESTRICTED RIGHTS LEGEND
Use, duplication, or disclosure by the U.S. Government is subject to
restrictions as set forth in sub-paragraph (c)(1)(ii) of the Rights in
Technical Data and Computer Software clause in DFARS 252.227-7013.
  
  
                           Hewlett-Packard Company
                           3000 Hanover Street
                           Palo Alto, CA 94304 U.S.A.
  
Rights for non-DOD U.S. Government Departments and Agencies are as set
forth in FAR 52.227-19(c)(1,2).
You have mail.
stty: : Unknown error
stty: : Unknown error
resize: Can't open terminal /dev/tty
VERIFYING ARCHIVE_LOGS

DONE VERIFYING ARCHIVE_LOGS
MOVING ARCHIVE DIR FROM TODAY TO YESTERDAY FOR DATABASE:prod1
MOVING ARCHIVE DIR FROM TODAY TO YESTERDAY FOR DATABASE:hrprod
MOVING ARCHIVE DIR FROM TODAY TO YESTERDAY FOR DATABASE:scprod
MOVING ARCHIVE DIR FROM TODAY TO YESTERDAY FOR DATABASE:prgprod
DONE MOVING ARCHIVE_LOGS
stty: : Unknown error
stty: : Unknown error
stty: : Unknown error
stty: : Unknown error


ttytype: couldn't open /dev/tty for reading
stty: : Unknown error
(c)Copyright 1983-1997 Hewlett-Packard Co.,  All Rights Reserved.
(c)Copyright 1979, 1980, 1983, 1985-1993 The Regents of the Univ. of California
(c)Copyright 1980, 1984, 1986 Novell, Inc.
(c)Copyright 1986-1992 Sun Microsystems, Inc.
(c)Copyright 1985, 1986, 1988 Massachusetts Institute of Technology
(c)Copyright 1989-1993  The Open Software Foundation, Inc.
(c)Copyright 1986 Digital Equipment Corp.
(c)Copyright 1990 Motorola, Inc.
(c)Copyright 1990, 1991, 1992 Cornell University
(c)Copyright 1989-1991 The University of Maryland
(c)Copyright 1988 Carnegie Mellon University
(c)Copyright 1991-1997 Mentat, Inc.
(c)Copyright 1996 Morning Star Technologies, Inc.
(c)Copyright 1996 Progressive Systems, Inc.
(c)Copyright 1997 Isogon Corporation

  
                           RESTRICTED RIGHTS LEGEND
Use, duplication, or disclosure by the U.S. Government is subject to
restrictions as set forth in sub-paragraph (c)(1)(ii) of the Rights in
Technical Data and Computer Software clause in DFARS 252.227-7013.
  
  
                           Hewlett-Packard Company
                           3000 Hanover Street
                           Palo Alto, CA 94304 U.S.A.
  
Rights for non-DOD U.S. Government Departments and Agencies are as set
forth in FAR 52.227-19(c)(1,2).
You have mail.
stty: : Unknown error
stty: : Unknown error
resize: Can't open terminal /dev/tty
stty: : Unknown error
stty: : Unknown error
stty: : Unknown error
stty: : Unknown error
